output_dir	: stem_log/evaluate_each_state/2021-01-20-21-31-45(30772)
sys.argv	: ['tool/evaluate_each_state.py', '--pretrained-model', 'stem_log/pre_train/2021-01-20-21-20-46(30136)/model-epoch-10-batch-5', '--dicts', 'stem_log/pre_train/2021-01-20-21-20-46(30136)/test_sample_dict.pkl', '--n-samples', '64']
> load model
model_path	: stem_log/pre_train/2021-01-20-21-20-46(30136)/model-epoch-10-batch-5
Model: "model"
_________________________________________________________________
Layer (type)                 Output Shape              Param #   
=================================================================
input_1 (InputLayer)         [(None, 100, 2)]          0         
_________________________________________________________________
LSTM (Model)                 (None, 128)               67072     
_________________________________________________________________
tf.math.l2_normalize (TFOpLa (None, 128)               0         
=================================================================
Total params: 67,072
Trainable params: 67,072
Non-trainable params: 0
_________________________________________________________________
dicts	: ['stem_log/pre_train/2021-01-20-21-20-46(30136)/test_sample_dict.pkl']
> load dicts
sample_dict	: {'inflating': 160, 'shrinking': 160, 'baunded': 160, 'non': 160}
> shuffle
> slice
sample_dict	: {'inflating': 64, 'shrinking': 64, 'baunded': 64, 'non': 64}
frame_sampling_rate	: 50
> embeding
anchor name	: inflating
mean	: 0.04831668362021446	; std	: 0.023038377985358238	; inflating
mean	: 0.10804033279418945	; std	: 0.014299442991614342	; shrinking
mean	: 0.10603354871273041	; std	: 0.011978905647993088	; baunded
mean	: 0.07802364230155945	; std	: 0.05572165921330452	; non
mean	: 0.045631807297468185	; std	: 0.030033053830266	; inflating
mean	: 0.15117867290973663	; std	: 0.015420020557940006	; shrinking
mean	: 0.05603836476802826	; std	: 0.00852516945451498	; baunded
mean	: 0.08256439119577408	; std	: 0.03670119866728783	; non
mean	: 0.04113096743822098	; std	: 0.02344203181564808	; inflating
mean	: 0.14016857743263245	; std	: 0.015836069360375404	; shrinking
mean	: 0.06537163257598877	; std	: 0.0102856969460845	; baunded
mean	: 0.07545953243970871	; std	: 0.04300792142748833	; non
mean	: 0.05365630239248276	; std	: 0.03165009245276451	; inflating
mean	: 0.15811702609062195	; std	: 0.016926314681768417	; shrinking
mean	: 0.051319628953933716	; std	: 0.007954183965921402	; baunded
mean	: 0.08660709857940674	; std	: 0.03177979588508606	; non
mean	: 0.05257731303572655	; std	: 0.02289203181862831	; inflating
mean	: 0.10778089612722397	; std	: 0.01348632201552391	; shrinking
mean	: 0.10989205539226532	; std	: 0.01123041845858097	; baunded
mean	: 0.083476223051548	; std	: 0.05308815464377403	; non
mean	: 0.045631807297468185	; std	: 0.030033053830266	; inflating
mean	: 0.15117867290973663	; std	: 0.015420020557940006	; shrinking
mean	: 0.05603836476802826	; std	: 0.00852516945451498	; baunded
mean	: 0.08256439119577408	; std	: 0.03670119866728783	; non
mean	: 0.05257731303572655	; std	: 0.02289203181862831	; inflating
mean	: 0.10778089612722397	; std	: 0.01348632201552391	; shrinking
mean	: 0.10989205539226532	; std	: 0.01123041845858097	; baunded
mean	: 0.083476223051548	; std	: 0.05308815464377403	; non
mean	: 0.04831668362021446	; std	: 0.023038377985358238	; inflating
mean	: 0.10804033279418945	; std	: 0.014299442991614342	; shrinking
mean	: 0.10603354871273041	; std	: 0.011978905647993088	; baunded
mean	: 0.07802364230155945	; std	: 0.05572165921330452	; non
mean	: 0.045631807297468185	; std	: 0.030033053830266	; inflating
mean	: 0.15117867290973663	; std	: 0.015420020557940006	; shrinking
mean	: 0.05603836476802826	; std	: 0.00852516945451498	; baunded
mean	: 0.08256439119577408	; std	: 0.03670119866728783	; non
mean	: 0.049640584737062454	; std	: 0.03615711256861687	; inflating
mean	: 0.1602848619222641	; std	: 0.01565106213092804	; shrinking
mean	: 0.049235835671424866	; std	: 0.0076156300492584705	; baunded
mean	: 0.08795543015003204	; std	: 0.03231531381607056	; non
mean	: 0.04375390708446503	; std	: 0.02157970704138279	; inflating
mean	: 0.13692301511764526	; std	: 0.01653517410159111	; shrinking
mean	: 0.07035965472459793	; std	: 0.012421291321516037	; baunded
mean	: 0.07585850358009338	; std	: 0.04273398220539093	; non
mean	: 0.0844898670911789	; std	: 0.03965521603822708	; inflating
mean	: 0.08406537771224976	; std	: 0.015090202912688255	; shrinking
mean	: 0.15398648381233215	; std	: 0.014796772971749306	; baunded
mean	: 0.10542649030685425	; std	: 0.06266754120588303	; non
mean	: 0.049640584737062454	; std	: 0.03615711256861687	; inflating
mean	: 0.1602848619222641	; std	: 0.01565106213092804	; shrinking
mean	: 0.049235835671424866	; std	: 0.0076156300492584705	; baunded
mean	: 0.08795543015003204	; std	: 0.03231531381607056	; non
mean	: 0.0797836184501648	; std	: 0.03844830393791199	; inflating
mean	: 0.08762671798467636	; std	: 0.015515871345996857	; shrinking
mean	: 0.14789526164531708	; std	: 0.014911961741745472	; baunded
mean	: 0.10106195509433746	; std	: 0.06199159100651741	; non
mean	: 0.049640584737062454	; std	: 0.03615711256861687	; inflating
mean	: 0.1602848619222641	; std	: 0.01565106213092804	; shrinking
mean	: 0.049235835671424866	; std	: 0.0076156300492584705	; baunded
mean	: 0.08795543015003204	; std	: 0.03231531381607056	; non
mean	: 0.04241132363677025	; std	: 0.019604098051786423	; inflating
mean	: 0.12869207561016083	; std	: 0.014853631146252155	; shrinking
mean	: 0.08113819360733032	; std	: 0.010649649426341057	; baunded
mean	: 0.0761275440454483	; std	: 0.04737444967031479	; non
mean	: 0.04652009159326553	; std	: 0.02829337865114212	; inflating
mean	: 0.14901408553123474	; std	: 0.01668250933289528	; shrinking
mean	: 0.05932610109448433	; std	: 0.009607644751667976	; baunded
mean	: 0.082040935754776	; std	: 0.03539867699146271	; non
mean	: 0.04395247623324394	; std	: 0.02120399661362171	; inflating
mean	: 0.11965842545032501	; std	: 0.01639479398727417	; shrinking
mean	: 0.08879617601633072	; std	: 0.014218591153621674	; baunded
mean	: 0.0678834468126297	; std	: 0.057018931955099106	; non
mean	: 0.04395247623324394	; std	: 0.02120399661362171	; inflating
mean	: 0.11965842545032501	; std	: 0.01639479398727417	; shrinking
mean	: 0.08879617601633072	; std	: 0.014218591153621674	; baunded
mean	: 0.0678834468126297	; std	: 0.057018931955099106	; non
mean	: 0.04113096743822098	; std	: 0.02344203181564808	; inflating
mean	: 0.14016857743263245	; std	: 0.015836069360375404	; shrinking
mean	: 0.06537163257598877	; std	: 0.0102856969460845	; baunded
mean	: 0.07545953243970871	; std	: 0.04300792142748833	; non
mean	: 0.04113096743822098	; std	: 0.02344203181564808	; inflating
mean	: 0.14016857743263245	; std	: 0.015836069360375404	; shrinking
mean	: 0.06537163257598877	; std	: 0.0102856969460845	; baunded
mean	: 0.07545953243970871	; std	: 0.04300792142748833	; non
mean	: 0.049640584737062454	; std	: 0.03615711256861687	; inflating
mean	: 0.1602848619222641	; std	: 0.01565106213092804	; shrinking
mean	: 0.049235835671424866	; std	: 0.0076156300492584705	; baunded
mean	: 0.08795543015003204	; std	: 0.03231531381607056	; non
mean	: 0.04375390708446503	; std	: 0.02157970704138279	; inflating
mean	: 0.13692301511764526	; std	: 0.01653517410159111	; shrinking
mean	: 0.07035965472459793	; std	: 0.012421291321516037	; baunded
mean	: 0.07585850358009338	; std	: 0.04273398220539093	; non
mean	: 0.05363316461443901	; std	: 0.03634371981024742	; inflating
mean	: 0.16340088844299316	; std	: 0.015168377198278904	; shrinking
mean	: 0.048304006457328796	; std	: 0.007796439342200756	; baunded
mean	: 0.09040278196334839	; std	: 0.032040130347013474	; non
mean	: 0.049640584737062454	; std	: 0.03615711256861687	; inflating
mean	: 0.1602848619222641	; std	: 0.01565106213092804	; shrinking
mean	: 0.049235835671424866	; std	: 0.0076156300492584705	; baunded
mean	: 0.08795543015003204	; std	: 0.03231531381607056	; non
mean	: 0.05363316461443901	; std	: 0.03634371981024742	; inflating
mean	: 0.16340088844299316	; std	: 0.015168377198278904	; shrinking
mean	: 0.048304006457328796	; std	: 0.007796439342200756	; baunded
mean	: 0.09040278196334839	; std	: 0.032040130347013474	; non
mean	: 0.0797836184501648	; std	: 0.03844830393791199	; inflating
mean	: 0.08762671798467636	; std	: 0.015515871345996857	; shrinking
mean	: 0.14789526164531708	; std	: 0.014911961741745472	; baunded
mean	: 0.10106195509433746	; std	: 0.06199159100651741	; non
mean	: 0.04212915897369385	; std	: 0.020883679389953613	; inflating
mean	: 0.11678098142147064	; std	: 0.01516392920166254	; shrinking
mean	: 0.09270118176937103	; std	: 0.012217318639159203	; baunded
mean	: 0.07158100605010986	; std	: 0.05511961504817009	; non
mean	: 0.08570089936256409	; std	: 0.039838243275880814	; inflating
mean	: 0.08595027029514313	; std	: 0.01506014820188284	; shrinking
mean	: 0.15501725673675537	; std	: 0.01489828061312437	; baunded
mean	: 0.10680948942899704	; std	: 0.06243722513318062	; non
mean	: 0.049640584737062454	; std	: 0.03615711256861687	; inflating
mean	: 0.1602848619222641	; std	: 0.01565106213092804	; shrinking
mean	: 0.049235835671424866	; std	: 0.0076156300492584705	; baunded
mean	: 0.08795543015003204	; std	: 0.03231531381607056	; non
mean	: 0.04212915897369385	; std	: 0.020883679389953613	; inflating
mean	: 0.11678098142147064	; std	: 0.01516392920166254	; shrinking
mean	: 0.09270118176937103	; std	: 0.012217318639159203	; baunded
mean	: 0.07158100605010986	; std	: 0.05511961504817009	; non
mean	: 0.04212915897369385	; std	: 0.020883679389953613	; inflating
mean	: 0.11678098142147064	; std	: 0.01516392920166254	; shrinking
mean	: 0.09270118176937103	; std	: 0.012217318639159203	; baunded
mean	: 0.07158100605010986	; std	: 0.05511961504817009	; non
mean	: 0.05586019158363342	; std	: 0.03600314259529114	; inflating
mean	: 0.16588903963565826	; std	: 0.015240713953971863	; shrinking
mean	: 0.04723029211163521	; std	: 0.007709244266152382	; baunded
mean	: 0.09120996296405792	; std	: 0.032154571264982224	; non
mean	: 0.05150727555155754	; std	: 0.0319221206009388	; inflating
mean	: 0.1590416133403778	; std	: 0.016930464655160904	; shrinking
mean	: 0.04857506975531578	; std	: 0.007871047593653202	; baunded
mean	: 0.0851176306605339	; std	: 0.03268852457404137	; non
mean	: 0.04652009159326553	; std	: 0.02829337865114212	; inflating
mean	: 0.14901408553123474	; std	: 0.01668250933289528	; shrinking
mean	: 0.05932610109448433	; std	: 0.009607644751667976	; baunded
mean	: 0.082040935754776	; std	: 0.03539867699146271	; non
mean	: 0.04212915897369385	; std	: 0.020883679389953613	; inflating
mean	: 0.11678098142147064	; std	: 0.01516392920166254	; shrinking
mean	: 0.09270118176937103	; std	: 0.012217318639159203	; baunded
mean	: 0.07158100605010986	; std	: 0.05511961504817009	; non
mean	: 0.044514015316963196	; std	: 0.022130025550723076	; inflating
mean	: 0.1141575425863266	; std	: 0.01607135497033596	; shrinking
mean	: 0.09516023844480515	; std	: 0.014017347246408463	; baunded
mean	: 0.06862449645996094	; std	: 0.05917535722255707	; non
mean	: 0.05415372550487518	; std	: 0.0365711934864521	; inflating
mean	: 0.16531947255134583	; std	: 0.015482929535210133	; shrinking
mean	: 0.04381244257092476	; std	: 0.00768704479560256	; baunded
mean	: 0.08968386054039001	; std	: 0.03233003616333008	; non
mean	: 0.04395247623324394	; std	: 0.02120399661362171	; inflating
mean	: 0.11965842545032501	; std	: 0.01639479398727417	; shrinking
mean	: 0.08879617601633072	; std	: 0.014218591153621674	; baunded
mean	: 0.0678834468126297	; std	: 0.057018931955099106	; non
mean	: 0.0844898670911789	; std	: 0.03965521603822708	; inflating
mean	: 0.08406537771224976	; std	: 0.015090202912688255	; shrinking
mean	: 0.15398648381233215	; std	: 0.014796772971749306	; baunded
mean	: 0.10542649030685425	; std	: 0.06266754120588303	; non
mean	: 0.07429979741573334	; std	: 0.03913119435310364	; inflating
mean	: 0.18660099804401398	; std	: 0.016576966270804405	; shrinking
mean	: 0.03530906140804291	; std	: 0.009178060106933117	; baunded
mean	: 0.0995982438325882	; std	: 0.0360017865896225	; non
mean	: 0.060877475887537	; std	: 0.037111036479473114	; inflating
mean	: 0.17006820440292358	; std	: 0.01568148098886013	; shrinking
mean	: 0.055729418992996216	; std	: 0.007092449348419905	; baunded
mean	: 0.09739501774311066	; std	: 0.02981577068567276	; non
mean	: 0.05257624387741089	; std	: 0.023847337812185287	; inflating
mean	: 0.10586902499198914	; std	: 0.013591362163424492	; shrinking
mean	: 0.11166408658027649	; std	: 0.01160129252821207	; baunded
mean	: 0.08290129899978638	; std	: 0.05450212210416794	; non
mean	: 0.04980889707803726	; std	: 0.02530311606824398	; inflating
mean	: 0.10978757590055466	; std	: 0.016803346574306488	; shrinking
mean	: 0.1031200960278511	; std	: 0.014682973735034466	; baunded
mean	: 0.06953299045562744	; std	: 0.061895910650491714	; non
mean	: 0.061430368572473526	; std	: 0.029357710853219032	; inflating
mean	: 0.09981054067611694	; std	: 0.016377201303839684	; shrinking
mean	: 0.12189172208309174	; std	: 0.01489725336432457	; baunded
mean	: 0.08176005631685257	; std	: 0.06130887567996979	; non
mean	: 0.060877475887537	; std	: 0.037111036479473114	; inflating
mean	: 0.17006820440292358	; std	: 0.01568148098886013	; shrinking
mean	: 0.055729418992996216	; std	: 0.007092449348419905	; baunded
mean	: 0.09739501774311066	; std	: 0.02981577068567276	; non
mean	: 0.04375390708446503	; std	: 0.02157970704138279	; inflating
mean	: 0.13692301511764526	; std	: 0.01653517410159111	; shrinking
mean	: 0.07035965472459793	; std	: 0.012421291321516037	; baunded
mean	: 0.07585850358009338	; std	: 0.04273398220539093	; non
mean	: 0.09031790494918823	; std	: 0.03980960324406624	; inflating
mean	: 0.08171173930168152	; std	: 0.014631428755819798	; shrinking
mean	: 0.16074222326278687	; std	: 0.014669663272798061	; baunded
mean	: 0.1107519268989563	; std	: 0.06342462450265884	; non
mean	: 0.04652009159326553	; std	: 0.02829337865114212	; inflating
mean	: 0.14901408553123474	; std	: 0.01668250933289528	; shrinking
mean	: 0.05932610109448433	; std	: 0.009607644751667976	; baunded
mean	: 0.082040935754776	; std	: 0.03539867699146271	; non
mean	: 0.04652009159326553	; std	: 0.02829337865114212	; inflating
mean	: 0.14901408553123474	; std	: 0.01668250933289528	; shrinking
mean	: 0.05932610109448433	; std	: 0.009607644751667976	; baunded
mean	: 0.082040935754776	; std	: 0.03539867699146271	; non
mean	: 0.06372576951980591	; std	: 0.024254057556390762	; inflating
mean	: 0.11618375778198242	; std	: 0.016130954027175903	; shrinking
mean	: 0.11262503266334534	; std	: 0.015659470111131668	; baunded
mean	: 0.08477803319692612	; std	: 0.05428501218557358	; non
mean	: 0.060877475887537	; std	: 0.037111036479473114	; inflating
mean	: 0.17006820440292358	; std	: 0.01568148098886013	; shrinking
mean	: 0.055729418992996216	; std	: 0.007092449348419905	; baunded
mean	: 0.09739501774311066	; std	: 0.02981577068567276	; non
mean	: 0.05257624387741089	; std	: 0.023847337812185287	; inflating
mean	: 0.10586902499198914	; std	: 0.013591362163424492	; shrinking
mean	: 0.11166408658027649	; std	: 0.01160129252821207	; baunded
mean	: 0.08290129899978638	; std	: 0.05450212210416794	; non
mean	: 0.044514015316963196	; std	: 0.022130025550723076	; inflating
mean	: 0.1141575425863266	; std	: 0.01607135497033596	; shrinking
mean	: 0.09516023844480515	; std	: 0.014017347246408463	; baunded
mean	: 0.06862449645996094	; std	: 0.05917535722255707	; non
mean	: 0.045631807297468185	; std	: 0.030033053830266	; inflating
mean	: 0.15117867290973663	; std	: 0.015420020557940006	; shrinking
mean	: 0.05603836476802826	; std	: 0.00852516945451498	; baunded
mean	: 0.08256439119577408	; std	: 0.03670119866728783	; non
mean	: 0.04922739416360855	; std	: 0.023600919172167778	; inflating
mean	: 0.11335907876491547	; std	: 0.016876522451639175	; shrinking
mean	: 0.09844240546226501	; std	: 0.014799792319536209	; baunded
mean	: 0.06892640143632889	; std	: 0.06051056087017059	; non
mean	: 0.04980889707803726	; std	: 0.02530311606824398	; inflating
mean	: 0.10978757590055466	; std	: 0.016803346574306488	; shrinking
mean	: 0.1031200960278511	; std	: 0.014682973735034466	; baunded
mean	: 0.06953299045562744	; std	: 0.061895910650491714	; non
mean	: 0.05257624387741089	; std	: 0.023847337812185287	; inflating
mean	: 0.10586902499198914	; std	: 0.013591362163424492	; shrinking
mean	: 0.11166408658027649	; std	: 0.01160129252821207	; baunded
mean	: 0.08290129899978638	; std	: 0.05450212210416794	; non
mean	: 0.04803861677646637	; std	: 0.030783001333475113	; inflating
mean	: 0.15578240156173706	; std	: 0.016362156718969345	; shrinking
mean	: 0.04707116633653641	; std	: 0.009299500845372677	; baunded
mean	: 0.08198043704032898	; std	: 0.03477073833346367	; non
mean	: 0.04980889707803726	; std	: 0.02530311606824398	; inflating
mean	: 0.10978757590055466	; std	: 0.016803346574306488	; shrinking
mean	: 0.1031200960278511	; std	: 0.014682973735034466	; baunded
mean	: 0.06953299045562744	; std	: 0.061895910650491714	; non
mean	: 0.05586019158363342	; std	: 0.03600314259529114	; inflating
mean	: 0.16588903963565826	; std	: 0.015240713953971863	; shrinking
mean	: 0.04723029211163521	; std	: 0.007709244266152382	; baunded
mean	: 0.09120996296405792	; std	: 0.032154571264982224	; non
mean	: 0.04980889707803726	; std	: 0.02530311606824398	; inflating
mean	: 0.10978757590055466	; std	: 0.016803346574306488	; shrinking
mean	: 0.1031200960278511	; std	: 0.014682973735034466	; baunded
mean	: 0.06953299045562744	; std	: 0.061895910650491714	; non
mean	: 0.047947030514478683	; std	: 0.019463086500763893	; inflating
mean	: 0.120953768491745	; std	: 0.016253022477030754	; shrinking
mean	: 0.09330511093139648	; std	: 0.01432240754365921	; baunded
mean	: 0.0740138441324234	; std	: 0.05300988256931305	; non
mean	: 0.0797836184501648	; std	: 0.03844830393791199	; inflating
mean	: 0.08762671798467636	; std	: 0.015515871345996857	; shrinking
mean	: 0.14789526164531708	; std	: 0.014911961741745472	; baunded
mean	: 0.10106195509433746	; std	: 0.06199159100651741	; non
anchor name	: shrinking
mean	: 0.139422208070755	; std	: 0.021971972659230232	; inflating
mean	: 0.06379019469022751	; std	: 0.03096301667392254	; shrinking
mean	: 0.1968233585357666	; std	: 0.012544061988592148	; baunded
mean	: 0.14746935665607452	; std	: 0.06456955522298813	; non
mean	: 0.1394137293100357	; std	: 0.029392536729574203	; inflating
mean	: 0.036474861204624176	; std	: 0.02936878800392151	; shrinking
mean	: 0.20242220163345337	; std	: 0.013629545457661152	; baunded
mean	: 0.14507687091827393	; std	: 0.07459700107574463	; non
mean	: 0.1394137293100357	; std	: 0.029392536729574203	; inflating
mean	: 0.036474861204624176	; std	: 0.02936878800392151	; shrinking
mean	: 0.20242220163345337	; std	: 0.013629545457661152	; baunded
mean	: 0.14507687091827393	; std	: 0.07459700107574463	; non
mean	: 0.139422208070755	; std	: 0.021971972659230232	; inflating
mean	: 0.06379019469022751	; std	: 0.03096301667392254	; shrinking
mean	: 0.1968233585357666	; std	: 0.012544061988592148	; baunded
mean	: 0.14746935665607452	; std	: 0.06456955522298813	; non
mean	: 0.12497581541538239	; std	: 0.029321027919650078	; inflating
mean	: 0.03299039974808693	; std	: 0.028767673298716545	; shrinking
mean	: 0.18718299269676208	; std	: 0.013860782608389854	; baunded
mean	: 0.1309918761253357	; std	: 0.07241326570510864	; non
mean	: 0.13948149979114532	; std	: 0.029876045882701874	; inflating
mean	: 0.03826957941055298	; std	: 0.03178687021136284	; shrinking
mean	: 0.20258589088916779	; std	: 0.01367801334708929	; baunded
mean	: 0.14579308032989502	; std	: 0.07369650900363922	; non
mean	: 0.12294020503759384	; std	: 0.02046770229935646	; inflating
mean	: 0.0659852996468544	; std	: 0.028845125809311867	; shrinking
mean	: 0.1777723729610443	; std	: 0.012592554092407227	; baunded
mean	: 0.13220280408859253	; std	: 0.059775467962026596	; non
mean	: 0.11905235052108765	; std	: 0.029412096366286278	; inflating
mean	: 0.03683966398239136	; std	: 0.029140984639525414	; shrinking
mean	: 0.18043693900108337	; std	: 0.013975544832646847	; baunded
mean	: 0.12588699162006378	; std	: 0.0701105147600174	; non
mean	: 0.12294020503759384	; std	: 0.02046770229935646	; inflating
mean	: 0.0659852996468544	; std	: 0.028845125809311867	; shrinking
mean	: 0.1777723729610443	; std	: 0.012592554092407227	; baunded
mean	: 0.13220280408859253	; std	: 0.059775467962026596	; non
mean	: 0.1394137293100357	; std	: 0.029392536729574203	; inflating
mean	: 0.036474861204624176	; std	: 0.02936878800392151	; shrinking
mean	: 0.20242220163345337	; std	: 0.013629545457661152	; baunded
mean	: 0.14507687091827393	; std	: 0.07459700107574463	; non
mean	: 0.1488725244998932	; std	: 0.02490246295928955	; inflating
mean	: 0.05964113771915436	; std	: 0.021711543202400208	; shrinking
mean	: 0.21000182628631592	; std	: 0.012815545313060284	; baunded
mean	: 0.15555784106254578	; std	: 0.07088233530521393	; non
mean	: 0.139422208070755	; std	: 0.021971972659230232	; inflating
mean	: 0.06379019469022751	; std	: 0.03096301667392254	; shrinking
mean	: 0.1968233585357666	; std	: 0.012544061988592148	; baunded
mean	: 0.14746935665607452	; std	: 0.06456955522298813	; non
mean	: 0.139422208070755	; std	: 0.021971972659230232	; inflating
mean	: 0.06379019469022751	; std	: 0.03096301667392254	; shrinking
mean	: 0.1968233585357666	; std	: 0.012544061988592148	; baunded
mean	: 0.14746935665607452	; std	: 0.06456955522298813	; non
mean	: 0.13948149979114532	; std	: 0.029876045882701874	; inflating
mean	: 0.03826957941055298	; std	: 0.03178687021136284	; shrinking
mean	: 0.20258589088916779	; std	: 0.01367801334708929	; baunded
mean	: 0.14579308032989502	; std	: 0.07369650900363922	; non
mean	: 0.12072549760341644	; std	: 0.030078507959842682	; inflating
mean	: 0.0358596034348011	; std	: 0.029072828590869904	; shrinking
mean	: 0.18310829997062683	; std	: 0.014011877588927746	; baunded
mean	: 0.12758049368858337	; std	: 0.07104591280221939	; non
mean	: 0.11905235052108765	; std	: 0.029412096366286278	; inflating
mean	: 0.03683966398239136	; std	: 0.029140984639525414	; shrinking
mean	: 0.18043693900108337	; std	: 0.013975544832646847	; baunded
mean	: 0.12588699162006378	; std	: 0.0701105147600174	; non
mean	: 0.11905235052108765	; std	: 0.029412096366286278	; inflating
mean	: 0.03683966398239136	; std	: 0.029140984639525414	; shrinking
mean	: 0.18043693900108337	; std	: 0.013975544832646847	; baunded
mean	: 0.12588699162006378	; std	: 0.0701105147600174	; non
mean	: 0.1488725244998932	; std	: 0.02490246295928955	; inflating
mean	: 0.05964113771915436	; std	: 0.021711543202400208	; shrinking
mean	: 0.21000182628631592	; std	: 0.012815545313060284	; baunded
mean	: 0.15555784106254578	; std	: 0.07088233530521393	; non
mean	: 0.12497581541538239	; std	: 0.029321027919650078	; inflating
mean	: 0.03299039974808693	; std	: 0.028767673298716545	; shrinking
mean	: 0.18718299269676208	; std	: 0.013860782608389854	; baunded
mean	: 0.1309918761253357	; std	: 0.07241326570510864	; non
mean	: 0.11905235052108765	; std	: 0.029412096366286278	; inflating
mean	: 0.03683966398239136	; std	: 0.029140984639525414	; shrinking
mean	: 0.18043693900108337	; std	: 0.013975544832646847	; baunded
mean	: 0.12588699162006378	; std	: 0.0701105147600174	; non
mean	: 0.13893911242485046	; std	: 0.029880063608288765	; inflating
mean	: 0.04076894372701645	; std	: 0.0328352153301239	; shrinking
mean	: 0.20149558782577515	; std	: 0.013677605427801609	; baunded
mean	: 0.14563113451004028	; std	: 0.07262001931667328	; non
mean	: 0.11905235052108765	; std	: 0.029412096366286278	; inflating
mean	: 0.03683966398239136	; std	: 0.029140984639525414	; shrinking
mean	: 0.18043693900108337	; std	: 0.013975544832646847	; baunded
mean	: 0.12588699162006378	; std	: 0.0701105147600174	; non
mean	: 0.1339217573404312	; std	: 0.021318187937140465	; inflating
mean	: 0.06578149646520615	; std	: 0.031330566853284836	; shrinking
mean	: 0.19031697511672974	; std	: 0.012525921687483788	; baunded
mean	: 0.1426641345024109	; std	: 0.0623018778860569	; non
mean	: 0.139422208070755	; std	: 0.021971972659230232	; inflating
mean	: 0.06379019469022751	; std	: 0.03096301667392254	; shrinking
mean	: 0.1968233585357666	; std	: 0.012544061988592148	; baunded
mean	: 0.14746935665607452	; std	: 0.06456955522298813	; non
mean	: 0.12497581541538239	; std	: 0.029321027919650078	; inflating
mean	: 0.03299039974808693	; std	: 0.028767673298716545	; shrinking
mean	: 0.18718299269676208	; std	: 0.013860782608389854	; baunded
mean	: 0.1309918761253357	; std	: 0.07241326570510864	; non
mean	: 0.12497581541538239	; std	: 0.029321027919650078	; inflating
mean	: 0.03299039974808693	; std	: 0.028767673298716545	; shrinking
mean	: 0.18718299269676208	; std	: 0.013860782608389854	; baunded
mean	: 0.1309918761253357	; std	: 0.07241326570510864	; non
mean	: 0.13948149979114532	; std	: 0.029876045882701874	; inflating
mean	: 0.03826957941055298	; std	: 0.03178687021136284	; shrinking
mean	: 0.20258589088916779	; std	: 0.01367801334708929	; baunded
mean	: 0.14579308032989502	; std	: 0.07369650900363922	; non
mean	: 0.10984053462743759	; std	: 0.028891408815979958	; inflating
mean	: 0.04317177087068558	; std	: 0.024671275168657303	; shrinking
mean	: 0.17024752497673035	; std	: 0.014081915840506554	; baunded
mean	: 0.1173834502696991	; std	: 0.06767360866069794	; non
mean	: 0.1425841897726059	; std	: 0.0223825816065073	; inflating
mean	: 0.06471327692270279	; std	: 0.029921013861894608	; shrinking
mean	: 0.2007073014974594	; std	: 0.012516217306256294	; baunded
mean	: 0.15058386325836182	; std	: 0.06549090147018433	; non
mean	: 0.13948149979114532	; std	: 0.029876045882701874	; inflating
mean	: 0.03826957941055298	; std	: 0.03178687021136284	; shrinking
mean	: 0.20258589088916779	; std	: 0.01367801334708929	; baunded
mean	: 0.14579308032989502	; std	: 0.07369650900363922	; non
mean	: 0.11862325668334961	; std	: 0.030015645548701286	; inflating
mean	: 0.037165917456150055	; std	: 0.0287941861897707	; shrinking
mean	: 0.1806887835264206	; std	: 0.014041607268154621	; baunded
mean	: 0.12568220496177673	; std	: 0.07034700363874435	; non
mean	: 0.12497581541538239	; std	: 0.029321027919650078	; inflating
mean	: 0.03299039974808693	; std	: 0.028767673298716545	; shrinking
mean	: 0.18718299269676208	; std	: 0.013860782608389854	; baunded
mean	: 0.1309918761253357	; std	: 0.07241326570510864	; non
mean	: 0.15672218799591064	; std	: 0.03021719492971897	; inflating
mean	: 0.05201297253370285	; std	: 0.03161162510514259	; shrinking
mean	: 0.22097203135490417	; std	: 0.01342583168298006	; baunded
mean	: 0.1636938750743866	; std	: 0.07462701946496964	; non
mean	: 0.1339217573404312	; std	: 0.021318187937140465	; inflating
mean	: 0.06578149646520615	; std	: 0.031330566853284836	; shrinking
mean	: 0.19031697511672974	; std	: 0.012525921687483788	; baunded
mean	: 0.1426641345024109	; std	: 0.0623018778860569	; non
mean	: 0.13893911242485046	; std	: 0.029880063608288765	; inflating
mean	: 0.04076894372701645	; std	: 0.0328352153301239	; shrinking
mean	: 0.20149558782577515	; std	: 0.013677605427801609	; baunded
mean	: 0.14563113451004028	; std	: 0.07262001931667328	; non
mean	: 0.12072549760341644	; std	: 0.030078507959842682	; inflating
mean	: 0.0358596034348011	; std	: 0.029072828590869904	; shrinking
mean	: 0.18310829997062683	; std	: 0.014011877588927746	; baunded
mean	: 0.12758049368858337	; std	: 0.07104591280221939	; non
mean	: 0.10098621249198914	; std	: 0.02861674129962921	; inflating
mean	: 0.04895473271608353	; std	: 0.02161381021142006	; shrinking
mean	: 0.16146868467330933	; std	: 0.01405300572514534	; baunded
mean	: 0.10993951559066772	; std	: 0.06580284237861633	; non
mean	: 0.14935941994190216	; std	: 0.02442047744989395	; inflating
mean	: 0.06203979253768921	; std	: 0.02373766340315342	; shrinking
mean	: 0.21007128059864044	; std	: 0.012722152285277843	; baunded
mean	: 0.15646342933177948	; std	: 0.06980673223733902	; non
mean	: 0.13930323719978333	; std	: 0.02951899543404579	; inflating
mean	: 0.03617188334465027	; std	: 0.027963602915406227	; shrinking
mean	: 0.2027016431093216	; std	: 0.013664904981851578	; baunded
mean	: 0.1448233723640442	; std	: 0.07514828443527222	; non
mean	: 0.150650754570961	; std	: 0.025295760482549667	; inflating
mean	: 0.060274913907051086	; std	: 0.020442543551325798	; shrinking
mean	: 0.2123175710439682	; std	: 0.012821282260119915	; baunded
mean	: 0.15738004446029663	; std	: 0.07147486507892609	; non
mean	: 0.12499544024467468	; std	: 0.029818637296557426	; inflating
mean	: 0.03476618975400925	; std	: 0.030534502118825912	; shrinking
mean	: 0.1872621774673462	; std	: 0.013906490057706833	; baunded
mean	: 0.13156536221504211	; std	: 0.07167156785726547	; non
mean	: 0.10098621249198914	; std	: 0.02861674129962921	; inflating
mean	: 0.04895473271608353	; std	: 0.02161381021142006	; shrinking
mean	: 0.16146868467330933	; std	: 0.01405300572514534	; baunded
mean	: 0.10993951559066772	; std	: 0.06580284237861633	; non
mean	: 0.12499544024467468	; std	: 0.029818637296557426	; inflating
mean	: 0.03476618975400925	; std	: 0.030534502118825912	; shrinking
mean	: 0.1872621774673462	; std	: 0.013906490057706833	; baunded
mean	: 0.13156536221504211	; std	: 0.07167156785726547	; non
mean	: 0.14413468539714813	; std	: 0.029775377362966537	; inflating
mean	: 0.03925195336341858	; std	: 0.029279276728630066	; shrinking
mean	: 0.20792753994464874	; std	: 0.013599967584013939	; baunded
mean	: 0.15001638233661652	; std	: 0.07526994496583939	; non
mean	: 0.12622830271720886	; std	: 0.029302196577191353	; inflating
mean	: 0.033072613179683685	; std	: 0.028567248955368996	; shrinking
mean	: 0.18853038549423218	; std	: 0.01383367832750082	; baunded
mean	: 0.1321732997894287	; std	: 0.07272204756736755	; non
mean	: 0.15672218799591064	; std	: 0.03021719492971897	; inflating
mean	: 0.05201297253370285	; std	: 0.03161162510514259	; shrinking
mean	: 0.22097203135490417	; std	: 0.01342583168298006	; baunded
mean	: 0.1636938750743866	; std	: 0.07462701946496964	; non
mean	: 0.1151772141456604	; std	: 0.020016172900795937	; inflating
mean	: 0.0669291540980339	; std	: 0.025983763858675957	; shrinking
mean	: 0.16901400685310364	; std	: 0.012690859846770763	; baunded
mean	: 0.12486115097999573	; std	: 0.05816318839788437	; non
mean	: 0.12461307644844055	; std	: 0.029837077483534813	; inflating
mean	: 0.03489089384675026	; std	: 0.03042200207710266	; shrinking
mean	: 0.18685969710350037	; std	: 0.013919652439653873	; baunded
mean	: 0.13119545578956604	; std	: 0.07158377766609192	; non
mean	: 0.12622830271720886	; std	: 0.029302196577191353	; inflating
mean	: 0.033072613179683685	; std	: 0.028567248955368996	; shrinking
mean	: 0.18853038549423218	; std	: 0.01383367832750082	; baunded
mean	: 0.1321732997894287	; std	: 0.07272204756736755	; non
mean	: 0.14413468539714813	; std	: 0.029775377362966537	; inflating
mean	: 0.03925195336341858	; std	: 0.029279276728630066	; shrinking
mean	: 0.20792753994464874	; std	: 0.013599967584013939	; baunded
mean	: 0.15001638233661652	; std	: 0.07526994496583939	; non
mean	: 0.15366607904434204	; std	: 0.030147992074489594	; inflating
mean	: 0.048718541860580444	; std	: 0.03156352788209915	; shrinking
mean	: 0.21780312061309814	; std	: 0.013448486104607582	; baunded
mean	: 0.16044488549232483	; std	: 0.0747404396533966	; non
mean	: 0.08382119983434677	; std	: 0.02052585408091545	; inflating
mean	: 0.0746326893568039	; std	: 0.019457366317510605	; shrinking
mean	: 0.13536110520362854	; std	: 0.013633137568831444	; baunded
mean	: 0.09527241438627243	; std	: 0.05547811836004257	; non
mean	: 0.12472021579742432	; std	: 0.021112030372023582	; inflating
mean	: 0.06261097639799118	; std	: 0.027307631447911263	; shrinking
mean	: 0.1802813708782196	; std	: 0.012725179083645344	; baunded
mean	: 0.13325092196464539	; std	: 0.06161225959658623	; non
mean	: 0.12499544024467468	; std	: 0.029818637296557426	; inflating
mean	: 0.03476618975400925	; std	: 0.030534502118825912	; shrinking
mean	: 0.1872621774673462	; std	: 0.013906490057706833	; baunded
mean	: 0.13156536221504211	; std	: 0.07167156785726547	; non
mean	: 0.15640127658843994	; std	: 0.030153296887874603	; inflating
mean	: 0.051344458013772964	; std	: 0.030758347362279892	; shrinking
mean	: 0.22073404490947723	; std	: 0.013436702080070972	; baunded
mean	: 0.16324210166931152	; std	: 0.07485536485910416	; non
mean	: 0.1394137293100357	; std	: 0.029392536729574203	; inflating
mean	: 0.036474861204624176	; std	: 0.02936878800392151	; shrinking
mean	: 0.20242220163345337	; std	: 0.013629545457661152	; baunded
mean	: 0.14507687091827393	; std	: 0.07459700107574463	; non
mean	: 0.1339217573404312	; std	: 0.021318187937140465	; inflating
mean	: 0.06578149646520615	; std	: 0.031330566853284836	; shrinking
mean	: 0.19031697511672974	; std	: 0.012525921687483788	; baunded
mean	: 0.1426641345024109	; std	: 0.0623018778860569	; non
mean	: 0.14535486698150635	; std	: 0.029922768473625183	; inflating
mean	: 0.04051586613059044	; std	: 0.028876803815364838	; shrinking
mean	: 0.20944535732269287	; std	: 0.013587351888418198	; baunded
mean	: 0.15135477483272552	; std	: 0.07542742788791656	; non
mean	: 0.12622830271720886	; std	: 0.029302196577191353	; inflating
mean	: 0.033072613179683685	; std	: 0.028567248955368996	; shrinking
mean	: 0.18853038549423218	; std	: 0.01383367832750082	; baunded
mean	: 0.1321732997894287	; std	: 0.07272204756736755	; non
mean	: 0.12497581541538239	; std	: 0.029321027919650078	; inflating
mean	: 0.03299039974808693	; std	: 0.028767673298716545	; shrinking
mean	: 0.18718299269676208	; std	: 0.013860782608389854	; baunded
mean	: 0.1309918761253357	; std	: 0.07241326570510864	; non
mean	: 0.08975652605295181	; std	: 0.02216199040412903	; inflating
mean	: 0.06867831200361252	; std	: 0.018673652783036232	; shrinking
mean	: 0.1443948745727539	; std	: 0.013581295497715473	; baunded
mean	: 0.10109950602054596	; std	: 0.057448990643024445	; non
mean	: 0.14275223016738892	; std	: 0.029570184648036957	; inflating
mean	: 0.03846359997987747	; std	: 0.026400934904813766	; shrinking
mean	: 0.20664826035499573	; std	: 0.01359848864376545	; baunded
mean	: 0.14825832843780518	; std	: 0.07588466256856918	; non
mean	: 0.15640127658843994	; std	: 0.030153296887874603	; inflating
mean	: 0.051344458013772964	; std	: 0.030758347362279892	; shrinking
mean	: 0.22073404490947723	; std	: 0.013436702080070972	; baunded
mean	: 0.16324210166931152	; std	: 0.07485536485910416	; non
mean	: 0.12497581541538239	; std	: 0.029321027919650078	; inflating
mean	: 0.03299039974808693	; std	: 0.028767673298716545	; shrinking
mean	: 0.18718299269676208	; std	: 0.013860782608389854	; baunded
mean	: 0.1309918761253357	; std	: 0.07241326570510864	; non
anchor name	: baunded
mean	: 0.08824700862169266	; std	: 0.035308096557855606	; inflating
mean	: 0.19876162707805634	; std	: 0.0168040469288826	; shrinking
mean	: 0.017090409994125366	; std	: 0.01402206253260374	; baunded
mean	: 0.10052770376205444	; std	: 0.04478248581290245	; non
mean	: 0.09510097652673721	; std	: 0.03625570610165596	; inflating
mean	: 0.20779551565647125	; std	: 0.01672484166920185	; shrinking
mean	: 0.021346259862184525	; std	: 0.01641983911395073	; baunded
mean	: 0.10480459779500961	; std	: 0.049762263894081116	; non
mean	: 0.08824700862169266	; std	: 0.035308096557855606	; inflating
mean	: 0.19876162707805634	; std	: 0.0168040469288826	; shrinking
mean	: 0.017090409994125366	; std	: 0.01402206253260374	; baunded
mean	: 0.10052770376205444	; std	: 0.04478248581290245	; non
mean	: 0.08868958055973053	; std	: 0.03641648218035698	; inflating
mean	: 0.20052874088287354	; std	: 0.01666480489075184	; shrinking
mean	: 0.017132313922047615	; std	: 0.015576677396893501	; baunded
mean	: 0.10180485248565674	; std	: 0.04540915787220001	; non
mean	: 0.09541397541761398	; std	: 0.0364341177046299	; inflating
mean	: 0.20658574998378754	; std	: 0.016674797981977463	; shrinking
mean	: 0.020609688013792038	; std	: 0.017023881897330284	; baunded
mean	: 0.10478883981704712	; std	: 0.04939562454819679	; non
mean	: 0.09628022462129593	; std	: 0.03543025255203247	; inflating
mean	: 0.20699192583560944	; std	: 0.016676833853125572	; shrinking
mean	: 0.020766444504261017	; std	: 0.016135631129145622	; baunded
mean	: 0.10446751862764359	; std	: 0.049719639122486115	; non
mean	: 0.09510097652673721	; std	: 0.03625570610165596	; inflating
mean	: 0.20779551565647125	; std	: 0.01672484166920185	; shrinking
mean	: 0.021346259862184525	; std	: 0.01641983911395073	; baunded
mean	: 0.10480459779500961	; std	: 0.049762263894081116	; non
mean	: 0.08777222782373428	; std	: 0.03680772706866264	; inflating
mean	: 0.19916456937789917	; std	: 0.016247453168034554	; shrinking
mean	: 0.020121725276112556	; std	: 0.01531127467751503	; baunded
mean	: 0.10251578688621521	; std	: 0.04366176575422287	; non
mean	: 0.06892116367816925	; std	: 0.03666143864393234	; inflating
mean	: 0.18107855319976807	; std	: 0.01619441993534565	; shrinking
mean	: 0.026000529527664185	; std	: 0.009698757901787758	; baunded
mean	: 0.09385255724191666	; std	: 0.03541073575615883	; non
mean	: 0.09628022462129593	; std	: 0.03543025255203247	; inflating
mean	: 0.20699192583560944	; std	: 0.016676833853125572	; shrinking
mean	: 0.020766444504261017	; std	: 0.016135631129145622	; baunded
mean	: 0.10446751862764359	; std	: 0.049719639122486115	; non
mean	: 0.08868958055973053	; std	: 0.03641648218035698	; inflating
mean	: 0.20052874088287354	; std	: 0.01666480489075184	; shrinking
mean	: 0.017132313922047615	; std	: 0.015576677396893501	; baunded
mean	: 0.10180485248565674	; std	: 0.04540915787220001	; non
mean	: 0.08868958055973053	; std	: 0.03641648218035698	; inflating
mean	: 0.20052874088287354	; std	: 0.01666480489075184	; shrinking
mean	: 0.017132313922047615	; std	: 0.015576677396893501	; baunded
mean	: 0.10180485248565674	; std	: 0.04540915787220001	; non
mean	: 0.09541397541761398	; std	: 0.0364341177046299	; inflating
mean	: 0.20658574998378754	; std	: 0.016674797981977463	; shrinking
mean	: 0.020609688013792038	; std	: 0.017023881897330284	; baunded
mean	: 0.10478883981704712	; std	: 0.04939562454819679	; non
mean	: 0.08001598715782166	; std	: 0.035388197749853134	; inflating
mean	: 0.19101369380950928	; std	: 0.016637522727251053	; shrinking
mean	: 0.016636047512292862	; std	: 0.012101532891392708	; baunded
mean	: 0.0970928966999054	; std	: 0.040259573608636856	; non
mean	: 0.07342231273651123	; std	: 0.026796212419867516	; inflating
mean	: 0.1756306290626526	; std	: 0.017542915418744087	; shrinking
mean	: 0.03504189848899841	; std	: 0.012837429530918598	; baunded
mean	: 0.09003186225891113	; std	: 0.034402672201395035	; non
mean	: 0.09496141970157623	; std	: 0.03544175624847412	; inflating
mean	: 0.20546597242355347	; std	: 0.016560401767492294	; shrinking
mean	: 0.02036767080426216	; std	: 0.015829989686608315	; baunded
mean	: 0.10405026376247406	; std	: 0.048506613820791245	; non
mean	: 0.08868958055973053	; std	: 0.03641648218035698	; inflating
mean	: 0.20052874088287354	; std	: 0.01666480489075184	; shrinking
mean	: 0.017132313922047615	; std	: 0.015576677396893501	; baunded
mean	: 0.10180485248565674	; std	: 0.04540915787220001	; non
mean	: 0.0814245194196701	; std	: 0.03560672700405121	; inflating
mean	: 0.1924578845500946	; std	: 0.0165224839001894	; shrinking
mean	: 0.01657416857779026	; std	: 0.012857290916144848	; baunded
mean	: 0.09805593639612198	; std	: 0.04080578684806824	; non
mean	: 0.07342231273651123	; std	: 0.026796212419867516	; inflating
mean	: 0.1756306290626526	; std	: 0.017542915418744087	; shrinking
mean	: 0.03504189848899841	; std	: 0.012837429530918598	; baunded
mean	: 0.09003186225891113	; std	: 0.034402672201395035	; non
mean	: 0.0814245194196701	; std	: 0.03560672700405121	; inflating
mean	: 0.1924578845500946	; std	: 0.0165224839001894	; shrinking
mean	: 0.01657416857779026	; std	: 0.012857290916144848	; baunded
mean	: 0.09805593639612198	; std	: 0.04080578684806824	; non
mean	: 0.07342231273651123	; std	: 0.026796212419867516	; inflating
mean	: 0.1756306290626526	; std	: 0.017542915418744087	; shrinking
mean	: 0.03504189848899841	; std	: 0.012837429530918598	; baunded
mean	: 0.09003186225891113	; std	: 0.034402672201395035	; non
mean	: 0.08822660893201828	; std	: 0.03648005425930023	; inflating
mean	: 0.20011694729328156	; std	: 0.01639394834637642	; shrinking
mean	: 0.01813463307917118	; std	: 0.015375979244709015	; baunded
mean	: 0.10200652480125427	; std	: 0.04475419595837593	; non
mean	: 0.08822660893201828	; std	: 0.03648005425930023	; inflating
mean	: 0.20011694729328156	; std	: 0.01639394834637642	; shrinking
mean	: 0.01813463307917118	; std	: 0.015375979244709015	; baunded
mean	: 0.10200652480125427	; std	: 0.04475419595837593	; non
mean	: 0.08001598715782166	; std	: 0.035388197749853134	; inflating
mean	: 0.19101369380950928	; std	: 0.016637522727251053	; shrinking
mean	: 0.016636047512292862	; std	: 0.012101532891392708	; baunded
mean	: 0.0970928966999054	; std	: 0.040259573608636856	; non
mean	: 0.06633135676383972	; std	: 0.03296634554862976	; inflating
mean	: 0.17143777012825012	; std	: 0.015877854079008102	; shrinking
mean	: 0.03644701465964317	; std	: 0.008087575435638428	; baunded
mean	: 0.09126610308885574	; std	: 0.032767366617918015	; non
mean	: 0.0742948055267334	; std	: 0.03632837533950806	; inflating
mean	: 0.18585795164108276	; std	: 0.016375593841075897	; shrinking
mean	: 0.020746450871229172	; std	: 0.010761545039713383	; baunded
mean	: 0.09555967152118683	; std	: 0.037470631301403046	; non
mean	: 0.09510097652673721	; std	: 0.03625570610165596	; inflating
mean	: 0.20779551565647125	; std	: 0.01672484166920185	; shrinking
mean	: 0.021346259862184525	; std	: 0.01641983911395073	; baunded
mean	: 0.10480459779500961	; std	: 0.049762263894081116	; non
mean	: 0.09336544573307037	; std	: 0.03498298302292824	; inflating
mean	: 0.20359927415847778	; std	: 0.01659352332353592	; shrinking
mean	: 0.019840706139802933	; std	: 0.014717982150614262	; baunded
mean	: 0.10303288698196411	; std	: 0.04733562469482422	; non
mean	: 0.09541397541761398	; std	: 0.0364341177046299	; inflating
mean	: 0.20658574998378754	; std	: 0.016674797981977463	; shrinking
mean	: 0.020609688013792038	; std	: 0.017023881897330284	; baunded
mean	: 0.10478883981704712	; std	: 0.04939562454819679	; non
mean	: 0.09496141970157623	; std	: 0.03544175624847412	; inflating
mean	: 0.20546597242355347	; std	: 0.016560401767492294	; shrinking
mean	: 0.02036767080426216	; std	: 0.015829989686608315	; baunded
mean	: 0.10405026376247406	; std	: 0.048506613820791245	; non
mean	: 0.08500680327415466	; std	: 0.03482414036989212	; inflating
mean	: 0.1950109452009201	; std	: 0.01685490272939205	; shrinking
mean	: 0.017129313200712204	; std	: 0.012223800644278526	; baunded
mean	: 0.09868272393941879	; std	: 0.04271464794874191	; non
mean	: 0.09541397541761398	; std	: 0.0364341177046299	; inflating
mean	: 0.20658574998378754	; std	: 0.016674797981977463	; shrinking
mean	: 0.020609688013792038	; std	: 0.017023881897330284	; baunded
mean	: 0.10478883981704712	; std	: 0.04939562454819679	; non
mean	: 0.08418863266706467	; std	: 0.03619535639882088	; inflating
mean	: 0.19568932056427002	; std	: 0.016505813226103783	; shrinking
mean	: 0.017370205372571945	; std	: 0.013952474109828472	; baunded
mean	: 0.0996498167514801	; std	: 0.04251190647482872	; non
mean	: 0.0814245194196701	; std	: 0.03560672700405121	; inflating
mean	: 0.1924578845500946	; std	: 0.0165224839001894	; shrinking
mean	: 0.01657416857779026	; std	: 0.012857290916144848	; baunded
mean	: 0.09805593639612198	; std	: 0.04080578684806824	; non
mean	: 0.08418863266706467	; std	: 0.03619535639882088	; inflating
mean	: 0.19568932056427002	; std	: 0.016505813226103783	; shrinking
mean	: 0.017370205372571945	; std	: 0.013952474109828472	; baunded
mean	: 0.0996498167514801	; std	: 0.04251190647482872	; non
mean	: 0.06892116367816925	; std	: 0.03666143864393234	; inflating
mean	: 0.18107855319976807	; std	: 0.01619441993534565	; shrinking
mean	: 0.026000529527664185	; std	: 0.009698757901787758	; baunded
mean	: 0.09385255724191666	; std	: 0.03541073575615883	; non
mean	: 0.07816752791404724	; std	: 0.033703673630952835	; inflating
mean	: 0.18589931726455688	; std	: 0.016910530626773834	; shrinking
mean	: 0.02145451307296753	; std	: 0.008250534534454346	; baunded
mean	: 0.09511400759220123	; std	: 0.03800264000892639	; non
mean	: 0.055976368486881256	; std	: 0.020299486815929413	; inflating
mean	: 0.14830613136291504	; std	: 0.016797373071312904	; shrinking
mean	: 0.05670266970992088	; std	: 0.015495666302740574	; baunded
mean	: 0.07848947495222092	; std	: 0.0384950265288353	; non
mean	: 0.07329551875591278	; std	: 0.029078690335154533	; inflating
mean	: 0.17767958343029022	; std	: 0.017342349514365196	; shrinking
mean	: 0.030491214245557785	; std	: 0.009681055322289467	; baunded
mean	: 0.09083400666713715	; std	: 0.03495056554675102	; non
mean	: 0.06972378492355347	; std	: 0.028846077620983124	; inflating
mean	: 0.17405536770820618	; std	: 0.017267068848013878	; shrinking
mean	: 0.03157448023557663	; std	: 0.010417219251394272	; baunded
mean	: 0.08891228586435318	; std	: 0.03427585959434509	; non
mean	: 0.08747845888137817	; std	: 0.0367850624024868	; inflating
mean	: 0.19932879507541656	; std	: 0.01660449430346489	; shrinking
mean	: 0.01768701896071434	; std	: 0.01542474515736103	; baunded
mean	: 0.10166573524475098	; std	: 0.04449547082185745	; non
mean	: 0.0742948055267334	; std	: 0.03632837533950806	; inflating
mean	: 0.18585795164108276	; std	: 0.016375593841075897	; shrinking
mean	: 0.020746450871229172	; std	: 0.010761545039713383	; baunded
mean	: 0.09555967152118683	; std	: 0.037470631301403046	; non
mean	: 0.08413931727409363	; std	: 0.034940481185913086	; inflating
mean	: 0.19451682269573212	; std	: 0.016775056719779968	; shrinking
mean	: 0.016722572967410088	; std	: 0.012370449490845203	; baunded
mean	: 0.09853541851043701	; std	: 0.042267899960279465	; non
mean	: 0.09496141970157623	; std	: 0.03544175624847412	; inflating
mean	: 0.20546597242355347	; std	: 0.016560401767492294	; shrinking
mean	: 0.02036767080426216	; std	: 0.015829989686608315	; baunded
mean	: 0.10405026376247406	; std	: 0.048506613820791245	; non
mean	: 0.08001598715782166	; std	: 0.035388197749853134	; inflating
mean	: 0.19101369380950928	; std	: 0.016637522727251053	; shrinking
mean	: 0.016636047512292862	; std	: 0.012101532891392708	; baunded
mean	: 0.0970928966999054	; std	: 0.040259573608636856	; non
mean	: 0.06545008718967438	; std	: 0.02535615861415863	; inflating
mean	: 0.16702145338058472	; std	: 0.01728592999279499	; shrinking
mean	: 0.038839202374219894	; std	: 0.012914872728288174	; baunded
mean	: 0.08517095446586609	; std	: 0.03423557057976723	; non
mean	: 0.08356864750385284	; std	: 0.03465498611330986	; inflating
mean	: 0.1933644711971283	; std	: 0.016696888953447342	; shrinking
mean	: 0.01826440915465355	; std	: 0.011653613299131393	; baunded
mean	: 0.0985691100358963	; std	: 0.041273050010204315	; non
mean	: 0.0814245194196701	; std	: 0.03560672700405121	; inflating
mean	: 0.1924578845500946	; std	: 0.0165224839001894	; shrinking
mean	: 0.01657416857779026	; std	: 0.012857290916144848	; baunded
mean	: 0.09805593639612198	; std	: 0.04080578684806824	; non
mean	: 0.09539967775344849	; std	: 0.036523718386888504	; inflating
mean	: 0.2073935717344284	; std	: 0.016586145386099815	; shrinking
mean	: 0.02084149420261383	; std	: 0.017076842486858368	; baunded
mean	: 0.10507941246032715	; std	: 0.049561191350221634	; non
mean	: 0.07342231273651123	; std	: 0.026796212419867516	; inflating
mean	: 0.1756306290626526	; std	: 0.017542915418744087	; shrinking
mean	: 0.03504189848899841	; std	: 0.012837429530918598	; baunded
mean	: 0.09003186225891113	; std	: 0.034402672201395035	; non
mean	: 0.08747845888137817	; std	: 0.0367850624024868	; inflating
mean	: 0.19932879507541656	; std	: 0.01660449430346489	; shrinking
mean	: 0.01768701896071434	; std	: 0.01542474515736103	; baunded
mean	: 0.10166573524475098	; std	: 0.04449547082185745	; non
mean	: 0.06696267426013947	; std	: 0.02377128042280674	; inflating
mean	: 0.1647917926311493	; std	: 0.01725165918469429	; shrinking
mean	: 0.04274018853902817	; std	: 0.014195255935192108	; baunded
mean	: 0.08530978858470917	; std	: 0.03396258503198624	; non
mean	: 0.09364432841539383	; std	: 0.032007843255996704	; inflating
mean	: 0.2023918628692627	; std	: 0.017051616683602333	; shrinking
mean	: 0.025350218638777733	; std	: 0.010549668222665787	; baunded
mean	: 0.10210464149713516	; std	: 0.04596535488963127	; non
mean	: 0.08418863266706467	; std	: 0.03619535639882088	; inflating
mean	: 0.19568932056427002	; std	: 0.016505813226103783	; shrinking
mean	: 0.017370205372571945	; std	: 0.013952474109828472	; baunded
mean	: 0.0996498167514801	; std	: 0.04251190647482872	; non
mean	: 0.08777222782373428	; std	: 0.03680772706866264	; inflating
mean	: 0.19916456937789917	; std	: 0.016247453168034554	; shrinking
mean	: 0.020121725276112556	; std	: 0.01531127467751503	; baunded
mean	: 0.10251578688621521	; std	: 0.04366176575422287	; non
mean	: 0.08284784853458405	; std	: 0.026962831616401672	; inflating
mean	: 0.18581153452396393	; std	: 0.017658356577157974	; shrinking
mean	: 0.034934282302856445	; std	: 0.010042846202850342	; baunded
mean	: 0.09473688155412674	; std	: 0.03737390786409378	; non
mean	: 0.08001598715782166	; std	: 0.035388197749853134	; inflating
mean	: 0.19101369380950928	; std	: 0.016637522727251053	; shrinking
mean	: 0.016636047512292862	; std	: 0.012101532891392708	; baunded
mean	: 0.0970928966999054	; std	: 0.040259573608636856	; non
mean	: 0.05850035697221756	; std	: 0.024742837995290756	; inflating
mean	: 0.1576852798461914	; std	: 0.01688646897673607	; shrinking
mean	: 0.04487737640738487	; std	: 0.013596739619970322	; baunded
mean	: 0.08164559304714203	; std	: 0.03499184176325798	; non
mean	: 0.06696267426013947	; std	: 0.02377128042280674	; inflating
mean	: 0.1647917926311493	; std	: 0.01725165918469429	; shrinking
mean	: 0.04274018853902817	; std	: 0.014195255935192108	; baunded
mean	: 0.08530978858470917	; std	: 0.03396258503198624	; non
mean	: 0.08418863266706467	; std	: 0.03619535639882088	; inflating
mean	: 0.19568932056427002	; std	: 0.016505813226103783	; shrinking
mean	: 0.017370205372571945	; std	: 0.013952474109828472	; baunded
mean	: 0.0996498167514801	; std	: 0.04251190647482872	; non
mean	: 0.08001598715782166	; std	: 0.035388197749853134	; inflating
mean	: 0.19101369380950928	; std	: 0.016637522727251053	; shrinking
mean	: 0.016636047512292862	; std	: 0.012101532891392708	; baunded
mean	: 0.0970928966999054	; std	: 0.040259573608636856	; non
mean	: 0.08838658779859543	; std	: 0.031115666031837463	; inflating
mean	: 0.19656862318515778	; std	: 0.017295055091381073	; shrinking
mean	: 0.025414450094103813	; std	: 0.00860838033258915	; baunded
mean	: 0.09860873222351074	; std	: 0.043208662420511246	; non
mean	: 0.08868958055973053	; std	: 0.03641648218035698	; inflating
mean	: 0.20052874088287354	; std	: 0.01666480489075184	; shrinking
mean	: 0.017132313922047615	; std	: 0.015576677396893501	; baunded
mean	: 0.10180485248565674	; std	: 0.04540915787220001	; non
mean	: 0.08838658779859543	; std	: 0.031115666031837463	; inflating
mean	: 0.19656862318515778	; std	: 0.017295055091381073	; shrinking
mean	: 0.025414450094103813	; std	: 0.00860838033258915	; baunded
mean	: 0.09860873222351074	; std	: 0.043208662420511246	; non
anchor name	: non
mean	: 0.13825920224189758	; std	: 0.03478800132870674	; inflating
mean	: 0.24717015027999878	; std	: 0.017302144318819046	; shrinking
mean	: 0.06457893550395966	; std	: 0.0139631237834692	; baunded
mean	: 0.12350694090127945	; std	: 0.08035358786582947	; non
mean	: 0.13825920224189758	; std	: 0.03478800132870674	; inflating
mean	: 0.24717015027999878	; std	: 0.017302144318819046	; shrinking
mean	: 0.06457893550395966	; std	: 0.0139631237834692	; baunded
mean	: 0.12350694090127945	; std	: 0.08035358786582947	; non
mean	: 0.0419192761182785	; std	: 0.01787538081407547	; inflating
mean	: 0.12303456664085388	; std	: 0.016374344006180763	; shrinking
mean	: 0.07926568388938904	; std	: 0.012636975385248661	; baunded
mean	: 0.06600363552570343	; std	: 0.053804706782102585	; non
mean	: 0.13184493780136108	; std	: 0.035033032298088074	; inflating
mean	: 0.24016672372817993	; std	: 0.0173222366720438	; shrinking
mean	: 0.05839285999536514	; std	: 0.014093820936977863	; baunded
mean	: 0.1187400370836258	; std	: 0.07781635224819183	; non
mean	: 0.04893925040960312	; std	: 0.020567862316966057	; inflating
mean	: 0.11151483654975891	; std	: 0.01749115251004696	; shrinking
mean	: 0.09425878524780273	; std	: 0.014405867084860802	; baunded
mean	: 0.06295092403888702	; std	: 0.06234722584486008	; non
mean	: 0.0419192761182785	; std	: 0.01787538081407547	; inflating
mean	: 0.12303456664085388	; std	: 0.016374344006180763	; shrinking
mean	: 0.07926568388938904	; std	: 0.012636975385248661	; baunded
mean	: 0.06600363552570343	; std	: 0.053804706782102585	; non
mean	: 0.13184493780136108	; std	: 0.035033032298088074	; inflating
mean	: 0.24016672372817993	; std	: 0.0173222366720438	; shrinking
mean	: 0.05839285999536514	; std	: 0.014093820936977863	; baunded
mean	: 0.1187400370836258	; std	: 0.07781635224819183	; non
mean	: 0.13509702682495117	; std	: 0.03503616526722908	; inflating
mean	: 0.24407505989074707	; std	: 0.017356423661112785	; shrinking
mean	: 0.061768874526023865	; std	: 0.014023259282112122	; baunded
mean	: 0.12116312980651855	; std	: 0.0794428363442421	; non
mean	: 0.0419192761182785	; std	: 0.01787538081407547	; inflating
mean	: 0.12303456664085388	; std	: 0.016374344006180763	; shrinking
mean	: 0.07926568388938904	; std	: 0.012636975385248661	; baunded
mean	: 0.06600363552570343	; std	: 0.053804706782102585	; non
mean	: 0.047287873923778534	; std	: 0.020180677995085716	; inflating
mean	: 0.108422189950943	; std	: 0.01702006347477436	; shrinking
mean	: 0.09471789002418518	; std	: 0.014224464073777199	; baunded
mean	: 0.06244930624961853	; std	: 0.06253167241811752	; non
mean	: 0.13825920224189758	; std	: 0.03478800132870674	; inflating
mean	: 0.24717015027999878	; std	: 0.017302144318819046	; shrinking
mean	: 0.06457893550395966	; std	: 0.0139631237834692	; baunded
mean	: 0.12350694090127945	; std	: 0.08035358786582947	; non
mean	: 0.05074245482683182	; std	: 0.02227769047021866	; inflating
mean	: 0.10883429646492004	; std	: 0.017479626461863518	; shrinking
mean	: 0.0991852656006813	; std	: 0.014578488655388355	; baunded
mean	: 0.06554317474365234	; std	: 0.06321515142917633	; non
mean	: 0.046447306871414185	; std	: 0.02052689902484417	; inflating
mean	: 0.1102675050497055	; std	: 0.016834886744618416	; shrinking
mean	: 0.09513643383979797	; std	: 0.014152558520436287	; baunded
mean	: 0.06337344646453857	; std	: 0.06180937588214874	; non
mean	: 0.047287873923778534	; std	: 0.020180677995085716	; inflating
mean	: 0.108422189950943	; std	: 0.01702006347477436	; shrinking
mean	: 0.09471789002418518	; std	: 0.014224464073777199	; baunded
mean	: 0.06244930624961853	; std	: 0.06253167241811752	; non
mean	: 0.047287873923778534	; std	: 0.020180677995085716	; inflating
mean	: 0.108422189950943	; std	: 0.01702006347477436	; shrinking
mean	: 0.09471789002418518	; std	: 0.014224464073777199	; baunded
mean	: 0.06244930624961853	; std	: 0.06253167241811752	; non
mean	: 0.0419192761182785	; std	: 0.01787538081407547	; inflating
mean	: 0.12303456664085388	; std	: 0.016374344006180763	; shrinking
mean	: 0.07926568388938904	; std	: 0.012636975385248661	; baunded
mean	: 0.06600363552570343	; std	: 0.053804706782102585	; non
mean	: 0.13509702682495117	; std	: 0.03503616526722908	; inflating
mean	: 0.24407505989074707	; std	: 0.017356423661112785	; shrinking
mean	: 0.061768874526023865	; std	: 0.014023259282112122	; baunded
mean	: 0.12116312980651855	; std	: 0.0794428363442421	; non
mean	: 0.12544673681259155	; std	: 0.027921779081225395	; inflating
mean	: 0.041710443794727325	; std	: 0.007229444105178118	; shrinking
mean	: 0.18872280418872833	; std	: 0.013460698537528515	; baunded
mean	: 0.1298033595085144	; std	: 0.07622245699167252	; non
mean	: 0.13184493780136108	; std	: 0.035033032298088074	; inflating
mean	: 0.24016672372817993	; std	: 0.0173222366720438	; shrinking
mean	: 0.05839285999536514	; std	: 0.014093820936977863	; baunded
mean	: 0.1187400370836258	; std	: 0.07781635224819183	; non
mean	: 0.1307273805141449	; std	: 0.03474795073270798	; inflating
mean	: 0.23900577425956726	; std	: 0.01736791431903839	; shrinking
mean	: 0.057452231645584106	; std	: 0.01386141125112772	; baunded
mean	: 0.1179247573018074	; std	: 0.07706932723522186	; non
mean	: 0.05204835906624794	; std	: 0.022857800126075745	; inflating
mean	: 0.10746219754219055	; std	: 0.01763550564646721	; shrinking
mean	: 0.10103460401296616	; std	: 0.014792786911129951	; baunded
mean	: 0.06545382738113403	; std	: 0.06389708817005157	; non
mean	: 0.0419192761182785	; std	: 0.01787538081407547	; inflating
mean	: 0.12303456664085388	; std	: 0.016374344006180763	; shrinking
mean	: 0.07926568388938904	; std	: 0.012636975385248661	; baunded
mean	: 0.06600363552570343	; std	: 0.053804706782102585	; non
mean	: 0.047133199870586395	; std	: 0.018665311858057976	; inflating
mean	: 0.11200116574764252	; std	: 0.017298787832260132	; shrinking
mean	: 0.09040939807891846	; std	: 0.014006639830768108	; baunded
mean	: 0.06204305961728096	; std	: 0.06076483428478241	; non
mean	: 0.12963029742240906	; std	: 0.029397491365671158	; inflating
mean	: 0.03828486055135727	; std	: 0.014123053289949894	; shrinking
mean	: 0.19424141943454742	; std	: 0.0135662741959095	; baunded
mean	: 0.13418838381767273	; std	: 0.0776006206870079	; non
mean	: 0.05204835906624794	; std	: 0.022857800126075745	; inflating
mean	: 0.10746219754219055	; std	: 0.01763550564646721	; shrinking
mean	: 0.10103460401296616	; std	: 0.014792786911129951	; baunded
mean	: 0.06545382738113403	; std	: 0.06389708817005157	; non
mean	: 0.05068144202232361	; std	: 0.020435215905308723	; inflating
mean	: 0.10796625912189484	; std	: 0.017619531601667404	; shrinking
mean	: 0.09686699509620667	; std	: 0.014552964828908443	; baunded
mean	: 0.06363102048635483	; std	: 0.06228070333600044	; non
mean	: 0.05190928280353546	; std	: 0.021869918331503868	; inflating
mean	: 0.10977970063686371	; std	: 0.017697911709547043	; shrinking
mean	: 0.09812252223491669	; std	: 0.014867417514324188	; baunded
mean	: 0.06515847146511078	; std	: 0.0627911165356636	; non
mean	: 0.13509702682495117	; std	: 0.03503616526722908	; inflating
mean	: 0.24407505989074707	; std	: 0.017356423661112785	; shrinking
mean	: 0.061768874526023865	; std	: 0.014023259282112122	; baunded
mean	: 0.12116312980651855	; std	: 0.0794428363442421	; non
mean	: 0.12870468199253082	; std	: 0.03317692503333092	; inflating
mean	: 0.23657172918319702	; std	: 0.017601465806365013	; shrinking
mean	: 0.057274676859378815	; std	: 0.01223901566118002	; baunded
mean	: 0.11772486567497253	; std	: 0.07274527847766876	; non
mean	: 0.05204835906624794	; std	: 0.022857800126075745	; inflating
mean	: 0.10746219754219055	; std	: 0.01763550564646721	; shrinking
mean	: 0.10103460401296616	; std	: 0.014792786911129951	; baunded
mean	: 0.06545382738113403	; std	: 0.06389708817005157	; non
mean	: 0.05159585177898407	; std	: 0.022451117634773254	; inflating
mean	: 0.10358799993991852	; std	: 0.01743968203663826	; shrinking
mean	: 0.10251212120056152	; std	: 0.014613742008805275	; baunded
mean	: 0.06547147035598755	; std	: 0.06351801007986069	; non
mean	: 0.046447306871414185	; std	: 0.02052689902484417	; inflating
mean	: 0.1102675050497055	; std	: 0.016834886744618416	; shrinking
mean	: 0.09513643383979797	; std	: 0.014152558520436287	; baunded
mean	: 0.06337344646453857	; std	: 0.06180937588214874	; non
mean	: 0.13184493780136108	; std	: 0.035033032298088074	; inflating
mean	: 0.24016672372817993	; std	: 0.0173222366720438	; shrinking
mean	: 0.05839285999536514	; std	: 0.014093820936977863	; baunded
mean	: 0.1187400370836258	; std	: 0.07781635224819183	; non
mean	: 0.1307273805141449	; std	: 0.03474795073270798	; inflating
mean	: 0.23900577425956726	; std	: 0.01736791431903839	; shrinking
mean	: 0.057452231645584106	; std	: 0.01386141125112772	; baunded
mean	: 0.1179247573018074	; std	: 0.07706932723522186	; non
mean	: 0.12544673681259155	; std	: 0.027921779081225395	; inflating
mean	: 0.041710443794727325	; std	: 0.007229444105178118	; shrinking
mean	: 0.18872280418872833	; std	: 0.013460698537528515	; baunded
mean	: 0.1298033595085144	; std	: 0.07622245699167252	; non
mean	: 0.047287873923778534	; std	: 0.020180677995085716	; inflating
mean	: 0.108422189950943	; std	: 0.01702006347477436	; shrinking
mean	: 0.09471789002418518	; std	: 0.014224464073777199	; baunded
mean	: 0.06244930624961853	; std	: 0.06253167241811752	; non
mean	: 0.13184493780136108	; std	: 0.035033032298088074	; inflating
mean	: 0.24016672372817993	; std	: 0.0173222366720438	; shrinking
mean	: 0.05839285999536514	; std	: 0.014093820936977863	; baunded
mean	: 0.1187400370836258	; std	: 0.07781635224819183	; non
mean	: 0.05204835906624794	; std	: 0.022857800126075745	; inflating
mean	: 0.10746219754219055	; std	: 0.01763550564646721	; shrinking
mean	: 0.10103460401296616	; std	: 0.014792786911129951	; baunded
mean	: 0.06545382738113403	; std	: 0.06389708817005157	; non
mean	: 0.052731953561306	; std	: 0.022096190601587296	; inflating
mean	: 0.10581852495670319	; std	: 0.01770031824707985	; shrinking
mean	: 0.10099338740110397	; std	: 0.014844677411019802	; baunded
mean	: 0.06548166275024414	; std	: 0.06306345760822296	; non
mean	: 0.12560005486011505	; std	: 0.028611646965146065	; inflating
mean	: 0.039621420204639435	; std	: 0.01044283714145422	; shrinking
mean	: 0.18941456079483032	; std	: 0.013514818623661995	; baunded
mean	: 0.13008442521095276	; std	: 0.07664397358894348	; non
mean	: 0.046447306871414185	; std	: 0.02052689902484417	; inflating
mean	: 0.1102675050497055	; std	: 0.016834886744618416	; shrinking
mean	: 0.09513643383979797	; std	: 0.014152558520436287	; baunded
mean	: 0.06337344646453857	; std	: 0.06180937588214874	; non
mean	: 0.13825920224189758	; std	: 0.03478800132870674	; inflating
mean	: 0.24717015027999878	; std	: 0.017302144318819046	; shrinking
mean	: 0.06457893550395966	; std	: 0.0139631237834692	; baunded
mean	: 0.12350694090127945	; std	: 0.08035358786582947	; non
mean	: 0.1307273805141449	; std	: 0.03474795073270798	; inflating
mean	: 0.23900577425956726	; std	: 0.01736791431903839	; shrinking
mean	: 0.057452231645584106	; std	: 0.01386141125112772	; baunded
mean	: 0.1179247573018074	; std	: 0.07706932723522186	; non
mean	: 0.042404524981975555	; std	: 0.01840808056294918	; inflating
mean	: 0.11761394143104553	; std	: 0.015932001173496246	; shrinking
mean	: 0.08552467823028564	; std	: 0.012685200199484825	; baunded
mean	: 0.06699129939079285	; std	: 0.05528321862220764	; non
mean	: 0.13825920224189758	; std	: 0.03478800132870674	; inflating
mean	: 0.24717015027999878	; std	: 0.017302144318819046	; shrinking
mean	: 0.06457893550395966	; std	: 0.0139631237834692	; baunded
mean	: 0.12350694090127945	; std	: 0.08035358786582947	; non
mean	: 0.12963029742240906	; std	: 0.029397491365671158	; inflating
mean	: 0.03828486055135727	; std	: 0.014123053289949894	; shrinking
mean	: 0.19424141943454742	; std	: 0.0135662741959095	; baunded
mean	: 0.13418838381767273	; std	: 0.0776006206870079	; non
mean	: 0.046498410403728485	; std	: 0.01964157447218895	; inflating
mean	: 0.11155534535646439	; std	: 0.017106112092733383	; shrinking
mean	: 0.09218113124370575	; std	: 0.014125071465969086	; baunded
mean	: 0.06197851896286011	; std	: 0.06175395846366882	; non
mean	: 0.05074245482683182	; std	: 0.02227769047021866	; inflating
mean	: 0.10883429646492004	; std	: 0.017479626461863518	; shrinking
mean	: 0.0991852656006813	; std	: 0.014578488655388355	; baunded
mean	: 0.06554317474365234	; std	: 0.06321515142917633	; non
mean	: 0.047133199870586395	; std	: 0.018665311858057976	; inflating
mean	: 0.11200116574764252	; std	: 0.017298787832260132	; shrinking
mean	: 0.09040939807891846	; std	: 0.014006639830768108	; baunded
mean	: 0.06204305961728096	; std	: 0.06076483428478241	; non
mean	: 0.12565815448760986	; std	: 0.027969472110271454	; inflating
mean	: 0.04105856269598007	; std	: 0.00782422348856926	; shrinking
mean	: 0.18899691104888916	; std	: 0.013463661074638367	; baunded
mean	: 0.12996810674667358	; std	: 0.07642051577568054	; non
mean	: 0.04636232554912567	; std	: 0.01862465590238571	; inflating
mean	: 0.11629383265972137	; std	: 0.01722986437380314	; shrinking
mean	: 0.08710572123527527	; std	: 0.014307308942079544	; baunded
mean	: 0.06233027204871178	; std	: 0.05945184454321861	; non
mean	: 0.04889767989516258	; std	: 0.02118937112390995	; inflating
mean	: 0.11042503267526627	; std	: 0.017367105931043625	; shrinking
mean	: 0.09587742388248444	; std	: 0.014336793683469296	; baunded
mean	: 0.0638272613286972	; std	: 0.06284091621637344	; non
mean	: 0.04889767989516258	; std	: 0.02118937112390995	; inflating
mean	: 0.11042503267526627	; std	: 0.017367105931043625	; shrinking
mean	: 0.09587742388248444	; std	: 0.014336793683469296	; baunded
mean	: 0.0638272613286972	; std	: 0.06284091621637344	; non
mean	: 0.12955963611602783	; std	: 0.02962745539844036	; inflating
mean	: 0.03745048865675926	; std	: 0.016611827537417412	; shrinking
mean	: 0.19426801800727844	; std	: 0.013566918671131134	; baunded
mean	: 0.1344815492630005	; std	: 0.0771850049495697	; non
mean	: 0.05204835906624794	; std	: 0.022857800126075745	; inflating
mean	: 0.10746219754219055	; std	: 0.01763550564646721	; shrinking
mean	: 0.10103460401296616	; std	: 0.014792786911129951	; baunded
mean	: 0.06545382738113403	; std	: 0.06389708817005157	; non
mean	: 0.046498410403728485	; std	: 0.01964157447218895	; inflating
mean	: 0.11155534535646439	; std	: 0.017106112092733383	; shrinking
mean	: 0.09218113124370575	; std	: 0.014125071465969086	; baunded
mean	: 0.06197851896286011	; std	: 0.06175395846366882	; non
mean	: 0.04711281135678291	; std	: 0.01990082487463951	; inflating
mean	: 0.11137882620096207	; std	: 0.017215384170413017	; shrinking
mean	: 0.09237978607416153	; std	: 0.014314522035419941	; baunded
mean	: 0.0618881918489933	; std	: 0.06200601905584335	; non
mean	: 0.1250402182340622	; std	: 0.027825159952044487	; inflating
mean	: 0.041897937655448914	; std	: 0.007054200395941734	; shrinking
mean	: 0.18822741508483887	; std	: 0.013452040031552315	; baunded
mean	: 0.12948454916477203	; std	: 0.0759819820523262	; non
mean	: 0.1288086473941803	; std	: 0.027802152559161186	; inflating
mean	: 0.043802157044410706	; std	: 0.006313918624073267	; shrinking
mean	: 0.19257141649723053	; std	: 0.013342230580747128	; baunded
mean	: 0.13380493223667145	; std	: 0.07606438547372818	; non
mean	: 0.13825920224189758	; std	: 0.03478800132870674	; inflating
mean	: 0.24717015027999878	; std	: 0.017302144318819046	; shrinking
mean	: 0.06457893550395966	; std	: 0.0139631237834692	; baunded
mean	: 0.12350694090127945	; std	: 0.08035358786582947	; non
mean	: 0.05068144202232361	; std	: 0.020435215905308723	; inflating
mean	: 0.10796625912189484	; std	: 0.017619531601667404	; shrinking
mean	: 0.09686699509620667	; std	: 0.014552964828908443	; baunded
mean	: 0.06363102048635483	; std	: 0.06228070333600044	; non
mean	: 0.05204835906624794	; std	: 0.022857800126075745	; inflating
mean	: 0.10746219754219055	; std	: 0.01763550564646721	; shrinking
mean	: 0.10103460401296616	; std	: 0.014792786911129951	; baunded
mean	: 0.06545382738113403	; std	: 0.06389708817005157	; non
mean	: 0.04636232554912567	; std	: 0.01862465590238571	; inflating
mean	: 0.11629383265972137	; std	: 0.01722986437380314	; shrinking
mean	: 0.08710572123527527	; std	: 0.014307308942079544	; baunded
mean	: 0.06233027204871178	; std	: 0.05945184454321861	; non
mean	: 0.047287873923778534	; std	: 0.020180677995085716	; inflating
mean	: 0.108422189950943	; std	: 0.01702006347477436	; shrinking
mean	: 0.09471789002418518	; std	: 0.014224464073777199	; baunded
mean	: 0.06244930624961853	; std	: 0.06253167241811752	; non
> end program
