output_dir	: stem_log/evaluate_each_state/2021-01-20-21-40-17(31284)
sys.argv	: ['tool/evaluate_each_state.py', '--pretrained-model', 'stem_log/pre_train/2021-01-20-21-33-46(30907)/model-epoch-1-batch-5', '--dicts', 'stem_log/pre_train/2021-01-20-21-33-46(30907)/train_sample_dict.pkl', '--n-samples', '64']
> load model
model_path	: stem_log/pre_train/2021-01-20-21-33-46(30907)/model-epoch-1-batch-5
Model: "model"
_________________________________________________________________
Layer (type)                 Output Shape              Param #   
=================================================================
input_1 (InputLayer)         [(None, 100, 2)]          0         
_________________________________________________________________
LSTM (Model)                 (None, 128)               67072     
_________________________________________________________________
tf.math.l2_normalize (TFOpLa (None, 128)               0         
=================================================================
Total params: 67,072
Trainable params: 67,072
Non-trainable params: 0
_________________________________________________________________
dicts	: ['stem_log/pre_train/2021-01-20-21-33-46(30907)/train_sample_dict.pkl']
> load dicts
sample_dict	: {'inflating': 160, 'shrinking': 160, 'baunded': 160, 'non': 160}
> shuffle
> slice
sample_dict	: {'inflating': 64, 'shrinking': 64, 'baunded': 64, 'non': 64}
frame_sampling_rate	: 50
> embeding
anchor name	: inflating
mean	: 0.011605222709476948	; std	: 0.011199971660971642	; inflating
mean	: 0.14717453718185425	; std	: 0.0024531129747629166	; shrinking
mean	: 0.052824053913354874	; std	: 0.008609544485807419	; baunded
mean	: 0.10152675211429596	; std	: 0.004476490430533886	; non
mean	: 0.011605222709476948	; std	: 0.011199971660971642	; inflating
mean	: 0.14717453718185425	; std	: 0.0024531129747629166	; shrinking
mean	: 0.052824053913354874	; std	: 0.008609544485807419	; baunded
mean	: 0.10152675211429596	; std	: 0.004476490430533886	; non
mean	: 0.013818154111504555	; std	: 0.01086929626762867	; inflating
mean	: 0.14960764348506927	; std	: 0.0021976064890623093	; shrinking
mean	: 0.04929240047931671	; std	: 0.00865011103451252	; baunded
mean	: 0.09780390560626984	; std	: 0.004451883491128683	; non
mean	: 0.013818154111504555	; std	: 0.01086929626762867	; inflating
mean	: 0.14960764348506927	; std	: 0.0021976064890623093	; shrinking
mean	: 0.04929240047931671	; std	: 0.00865011103451252	; baunded
mean	: 0.09780390560626984	; std	: 0.004451883491128683	; non
mean	: 0.011605222709476948	; std	: 0.011199971660971642	; inflating
mean	: 0.14717453718185425	; std	: 0.0024531129747629166	; shrinking
mean	: 0.052824053913354874	; std	: 0.008609544485807419	; baunded
mean	: 0.10152675211429596	; std	: 0.004476490430533886	; non
mean	: 0.011605222709476948	; std	: 0.011199971660971642	; inflating
mean	: 0.14717453718185425	; std	: 0.0024531129747629166	; shrinking
mean	: 0.052824053913354874	; std	: 0.008609544485807419	; baunded
mean	: 0.10152675211429596	; std	: 0.004476490430533886	; non
mean	: 0.011605222709476948	; std	: 0.011199971660971642	; inflating
mean	: 0.14717453718185425	; std	: 0.0024531129747629166	; shrinking
mean	: 0.052824053913354874	; std	: 0.008609544485807419	; baunded
mean	: 0.10152675211429596	; std	: 0.004476490430533886	; non
mean	: 0.011605222709476948	; std	: 0.011199971660971642	; inflating
mean	: 0.14717453718185425	; std	: 0.0024531129747629166	; shrinking
mean	: 0.052824053913354874	; std	: 0.008609544485807419	; baunded
mean	: 0.10152675211429596	; std	: 0.004476490430533886	; non
mean	: 0.014190522953867912	; std	: 0.010205524042248726	; inflating
mean	: 0.14508368074893951	; std	: 0.0017031882889568806	; shrinking
mean	: 0.053254224359989166	; std	: 0.0069891600869596004	; baunded
mean	: 0.10334648191928864	; std	: 0.004665937274694443	; non
mean	: 0.011605222709476948	; std	: 0.011199971660971642	; inflating
mean	: 0.14717453718185425	; std	: 0.0024531129747629166	; shrinking
mean	: 0.052824053913354874	; std	: 0.008609544485807419	; baunded
mean	: 0.10152675211429596	; std	: 0.004476490430533886	; non
mean	: 0.011605222709476948	; std	: 0.011199971660971642	; inflating
mean	: 0.14717453718185425	; std	: 0.0024531129747629166	; shrinking
mean	: 0.052824053913354874	; std	: 0.008609544485807419	; baunded
mean	: 0.10152675211429596	; std	: 0.004476490430533886	; non
mean	: 0.02105983905494213	; std	: 0.01007318776100874	; inflating
mean	: 0.14439398050308228	; std	: 0.008831245824694633	; shrinking
mean	: 0.06428984552621841	; std	: 0.01586891897022724	; baunded
mean	: 0.11226558685302734	; std	: 0.0044913883320987225	; non
mean	: 0.011605222709476948	; std	: 0.011199971660971642	; inflating
mean	: 0.14717453718185425	; std	: 0.0024531129747629166	; shrinking
mean	: 0.052824053913354874	; std	: 0.008609544485807419	; baunded
mean	: 0.10152675211429596	; std	: 0.004476490430533886	; non
mean	: 0.013818154111504555	; std	: 0.01086929626762867	; inflating
mean	: 0.14960764348506927	; std	: 0.0021976064890623093	; shrinking
mean	: 0.04929240047931671	; std	: 0.00865011103451252	; baunded
mean	: 0.09780390560626984	; std	: 0.004451883491128683	; non
mean	: 0.011605222709476948	; std	: 0.011199971660971642	; inflating
mean	: 0.14717453718185425	; std	: 0.0024531129747629166	; shrinking
mean	: 0.052824053913354874	; std	: 0.008609544485807419	; baunded
mean	: 0.10152675211429596	; std	: 0.004476490430533886	; non
mean	: 0.015182583592832088	; std	: 0.008769617415964603	; inflating
mean	: 0.14023804664611816	; std	: 0.002414482180029154	; shrinking
mean	: 0.05560687929391861	; std	: 0.007222240325063467	; baunded
mean	: 0.10841777920722961	; std	: 0.0045857359655201435	; non
mean	: 0.020196035504341125	; std	: 0.009100494906306267	; inflating
mean	: 0.151539608836174	; std	: 0.0076576657593250275	; shrinking
mean	: 0.0564773827791214	; std	: 0.01623300090432167	; baunded
mean	: 0.1020452231168747	; std	: 0.00444702198728919	; non
mean	: 0.015182583592832088	; std	: 0.008769617415964603	; inflating
mean	: 0.14023804664611816	; std	: 0.002414482180029154	; shrinking
mean	: 0.05560687929391861	; std	: 0.007222240325063467	; baunded
mean	: 0.10841777920722961	; std	: 0.0045857359655201435	; non
mean	: 0.011605222709476948	; std	: 0.011199971660971642	; inflating
mean	: 0.14717453718185425	; std	: 0.0024531129747629166	; shrinking
mean	: 0.052824053913354874	; std	: 0.008609544485807419	; baunded
mean	: 0.10152675211429596	; std	: 0.004476490430533886	; non
mean	: 0.015182583592832088	; std	: 0.008769617415964603	; inflating
mean	: 0.14023804664611816	; std	: 0.002414482180029154	; shrinking
mean	: 0.05560687929391861	; std	: 0.007222240325063467	; baunded
mean	: 0.10841777920722961	; std	: 0.0045857359655201435	; non
mean	: 0.011605222709476948	; std	: 0.011199971660971642	; inflating
mean	: 0.14717453718185425	; std	: 0.0024531129747629166	; shrinking
mean	: 0.052824053913354874	; std	: 0.008609544485807419	; baunded
mean	: 0.10152675211429596	; std	: 0.004476490430533886	; non
mean	: 0.023780571296811104	; std	: 0.01095637772232294	; inflating
mean	: 0.14531749486923218	; std	: 0.010424474254250526	; shrinking
mean	: 0.06764709949493408	; std	: 0.01634502410888672	; baunded
mean	: 0.11397170275449753	; std	: 0.00464874180033803	; non
mean	: 0.011605222709476948	; std	: 0.011199971660971642	; inflating
mean	: 0.14717453718185425	; std	: 0.0024531129747629166	; shrinking
mean	: 0.052824053913354874	; std	: 0.008609544485807419	; baunded
mean	: 0.10152675211429596	; std	: 0.004476490430533886	; non
mean	: 0.011605222709476948	; std	: 0.011199971660971642	; inflating
mean	: 0.14717453718185425	; std	: 0.0024531129747629166	; shrinking
mean	: 0.052824053913354874	; std	: 0.008609544485807419	; baunded
mean	: 0.10152675211429596	; std	: 0.004476490430533886	; non
mean	: 0.020721647888422012	; std	: 0.008809369057416916	; inflating
mean	: 0.1411045342683792	; std	: 0.007942994125187397	; shrinking
mean	: 0.065397709608078	; std	: 0.014803381636738777	; baunded
mean	: 0.11495350301265717	; std	: 0.0043691592290997505	; non
mean	: 0.022800341248512268	; std	: 0.010865958407521248	; inflating
mean	: 0.14735956490039825	; std	: 0.010304530151188374	; shrinking
mean	: 0.06399352103471756	; std	: 0.016871431842446327	; baunded
mean	: 0.11028528213500977	; std	: 0.004631134681403637	; non
mean	: 0.015182583592832088	; std	: 0.008769617415964603	; inflating
mean	: 0.14023804664611816	; std	: 0.002414482180029154	; shrinking
mean	: 0.05560687929391861	; std	: 0.007222240325063467	; baunded
mean	: 0.10841777920722961	; std	: 0.0045857359655201435	; non
mean	: 0.014190522953867912	; std	: 0.010205524042248726	; inflating
mean	: 0.14508368074893951	; std	: 0.0017031882889568806	; shrinking
mean	: 0.053254224359989166	; std	: 0.0069891600869596004	; baunded
mean	: 0.10334648191928864	; std	: 0.004665937274694443	; non
mean	: 0.011605222709476948	; std	: 0.011199971660971642	; inflating
mean	: 0.14717453718185425	; std	: 0.0024531129747629166	; shrinking
mean	: 0.052824053913354874	; std	: 0.008609544485807419	; baunded
mean	: 0.10152675211429596	; std	: 0.004476490430533886	; non
mean	: 0.014830694533884525	; std	: 0.009420937858521938	; inflating
mean	: 0.14128872752189636	; std	: 0.0018894904060289264	; shrinking
mean	: 0.05561257526278496	; std	: 0.00677334563806653	; baunded
mean	: 0.10755579173564911	; std	: 0.004721777979284525	; non
mean	: 0.013818154111504555	; std	: 0.01086929626762867	; inflating
mean	: 0.14960764348506927	; std	: 0.0021976064890623093	; shrinking
mean	: 0.04929240047931671	; std	: 0.00865011103451252	; baunded
mean	: 0.09780390560626984	; std	: 0.004451883491128683	; non
mean	: 0.011605222709476948	; std	: 0.011199971660971642	; inflating
mean	: 0.14717453718185425	; std	: 0.0024531129747629166	; shrinking
mean	: 0.052824053913354874	; std	: 0.008609544485807419	; baunded
mean	: 0.10152675211429596	; std	: 0.004476490430533886	; non
mean	: 0.013818154111504555	; std	: 0.01086929626762867	; inflating
mean	: 0.14960764348506927	; std	: 0.0021976064890623093	; shrinking
mean	: 0.04929240047931671	; std	: 0.00865011103451252	; baunded
mean	: 0.09780390560626984	; std	: 0.004451883491128683	; non
mean	: 0.011605222709476948	; std	: 0.011199971660971642	; inflating
mean	: 0.14717453718185425	; std	: 0.0024531129747629166	; shrinking
mean	: 0.052824053913354874	; std	: 0.008609544485807419	; baunded
mean	: 0.10152675211429596	; std	: 0.004476490430533886	; non
mean	: 0.014830694533884525	; std	: 0.009420937858521938	; inflating
mean	: 0.14128872752189636	; std	: 0.0018894904060289264	; shrinking
mean	: 0.05561257526278496	; std	: 0.00677334563806653	; baunded
mean	: 0.10755579173564911	; std	: 0.004721777979284525	; non
mean	: 0.02113918960094452	; std	: 0.00628287997096777	; inflating
mean	: 0.13560903072357178	; std	: 0.0061914329417049885	; shrinking
mean	: 0.06689194589853287	; std	: 0.012573692947626114	; baunded
mean	: 0.11884962022304535	; std	: 0.004189022351056337	; non
mean	: 0.025830764323472977	; std	: 0.008481426164507866	; inflating
mean	: 0.136566162109375	; std	: 0.008868598379194736	; shrinking
mean	: 0.0689343512058258	; std	: 0.015067333355545998	; baunded
mean	: 0.12021752446889877	; std	: 0.004398290067911148	; non
mean	: 0.011605222709476948	; std	: 0.011199971660971642	; inflating
mean	: 0.14717453718185425	; std	: 0.0024531129747629166	; shrinking
mean	: 0.052824053913354874	; std	: 0.008609544485807419	; baunded
mean	: 0.10152675211429596	; std	: 0.004476490430533886	; non
mean	: 0.020359095185995102	; std	: 0.00768771767616272	; inflating
mean	: 0.14662013947963715	; std	: 0.007009568158537149	; shrinking
mean	: 0.05693336948752403	; std	: 0.015902983024716377	; baunded
mean	: 0.10615130513906479	; std	: 0.00433061458170414	; non
mean	: 0.022800341248512268	; std	: 0.010865958407521248	; inflating
mean	: 0.14735956490039825	; std	: 0.010304530151188374	; shrinking
mean	: 0.06399352103471756	; std	: 0.016871431842446327	; baunded
mean	: 0.11028528213500977	; std	: 0.004631134681403637	; non
mean	: 0.022800341248512268	; std	: 0.010865958407521248	; inflating
mean	: 0.14735956490039825	; std	: 0.010304530151188374	; shrinking
mean	: 0.06399352103471756	; std	: 0.016871431842446327	; baunded
mean	: 0.11028528213500977	; std	: 0.004631134681403637	; non
mean	: 0.014830694533884525	; std	: 0.009420937858521938	; inflating
mean	: 0.14128872752189636	; std	: 0.0018894904060289264	; shrinking
mean	: 0.05561257526278496	; std	: 0.00677334563806653	; baunded
mean	: 0.10755579173564911	; std	: 0.004721777979284525	; non
mean	: 0.015182583592832088	; std	: 0.008769617415964603	; inflating
mean	: 0.14023804664611816	; std	: 0.002414482180029154	; shrinking
mean	: 0.05560687929391861	; std	: 0.007222240325063467	; baunded
mean	: 0.10841777920722961	; std	: 0.0045857359655201435	; non
mean	: 0.018552035093307495	; std	: 0.0075772423297166824	; inflating
mean	: 0.1349373459815979	; std	: 0.002664608880877495	; shrinking
mean	: 0.0656631663441658	; std	: 0.007599002681672573	; baunded
mean	: 0.11778022348880768	; std	: 0.004586898721754551	; non
mean	: 0.035450831055641174	; std	: 0.01012343354523182	; inflating
mean	: 0.13137900829315186	; std	: 0.0036757413763552904	; shrinking
mean	: 0.06347215175628662	; std	: 0.0070251356810331345	; baunded
mean	: 0.11980055272579193	; std	: 0.005902248900383711	; non
mean	: 0.011605222709476948	; std	: 0.011199971660971642	; inflating
mean	: 0.14717453718185425	; std	: 0.0024531129747629166	; shrinking
mean	: 0.052824053913354874	; std	: 0.008609544485807419	; baunded
mean	: 0.10152675211429596	; std	: 0.004476490430533886	; non
mean	: 0.011605222709476948	; std	: 0.011199971660971642	; inflating
mean	: 0.14717453718185425	; std	: 0.0024531129747629166	; shrinking
mean	: 0.052824053913354874	; std	: 0.008609544485807419	; baunded
mean	: 0.10152675211429596	; std	: 0.004476490430533886	; non
mean	: 0.020721647888422012	; std	: 0.008809369057416916	; inflating
mean	: 0.1411045342683792	; std	: 0.007942994125187397	; shrinking
mean	: 0.065397709608078	; std	: 0.014803381636738777	; baunded
mean	: 0.11495350301265717	; std	: 0.0043691592290997505	; non
mean	: 0.013818154111504555	; std	: 0.01086929626762867	; inflating
mean	: 0.14960764348506927	; std	: 0.0021976064890623093	; shrinking
mean	: 0.04929240047931671	; std	: 0.00865011103451252	; baunded
mean	: 0.09780390560626984	; std	: 0.004451883491128683	; non
mean	: 0.018552035093307495	; std	: 0.0075772423297166824	; inflating
mean	: 0.1349373459815979	; std	: 0.002664608880877495	; shrinking
mean	: 0.0656631663441658	; std	: 0.007599002681672573	; baunded
mean	: 0.11778022348880768	; std	: 0.004586898721754551	; non
mean	: 0.011605222709476948	; std	: 0.011199971660971642	; inflating
mean	: 0.14717453718185425	; std	: 0.0024531129747629166	; shrinking
mean	: 0.052824053913354874	; std	: 0.008609544485807419	; baunded
mean	: 0.10152675211429596	; std	: 0.004476490430533886	; non
mean	: 0.023780571296811104	; std	: 0.01095637772232294	; inflating
mean	: 0.14531749486923218	; std	: 0.010424474254250526	; shrinking
mean	: 0.06764709949493408	; std	: 0.01634502410888672	; baunded
mean	: 0.11397170275449753	; std	: 0.00464874180033803	; non
mean	: 0.02105983905494213	; std	: 0.01007318776100874	; inflating
mean	: 0.14439398050308228	; std	: 0.008831245824694633	; shrinking
mean	: 0.06428984552621841	; std	: 0.01586891897022724	; baunded
mean	: 0.11226558685302734	; std	: 0.0044913883320987225	; non
mean	: 0.020196035504341125	; std	: 0.009100494906306267	; inflating
mean	: 0.151539608836174	; std	: 0.0076576657593250275	; shrinking
mean	: 0.0564773827791214	; std	: 0.01623300090432167	; baunded
mean	: 0.1020452231168747	; std	: 0.00444702198728919	; non
mean	: 0.043994754552841187	; std	: 0.010755307972431183	; inflating
mean	: 0.12389155477285385	; std	: 0.0058295694179832935	; shrinking
mean	: 0.07276350259780884	; std	: 0.007819142192602158	; baunded
mean	: 0.13002073764801025	; std	: 0.006044426001608372	; non
mean	: 0.011605222709476948	; std	: 0.011199971660971642	; inflating
mean	: 0.14717453718185425	; std	: 0.0024531129747629166	; shrinking
mean	: 0.052824053913354874	; std	: 0.008609544485807419	; baunded
mean	: 0.10152675211429596	; std	: 0.004476490430533886	; non
mean	: 0.020196035504341125	; std	: 0.009100494906306267	; inflating
mean	: 0.151539608836174	; std	: 0.0076576657593250275	; shrinking
mean	: 0.0564773827791214	; std	: 0.01623300090432167	; baunded
mean	: 0.1020452231168747	; std	: 0.00444702198728919	; non
mean	: 0.018285974860191345	; std	: 0.0060099340043962	; inflating
mean	: 0.1358449012041092	; std	: 0.004415560979396105	; shrinking
mean	: 0.06051374226808548	; std	: 0.008631433360278606	; baunded
mean	: 0.11441680043935776	; std	: 0.004306908696889877	; non
mean	: 0.018552035093307495	; std	: 0.0075772423297166824	; inflating
mean	: 0.1349373459815979	; std	: 0.002664608880877495	; shrinking
mean	: 0.0656631663441658	; std	: 0.007599002681672573	; baunded
mean	: 0.11778022348880768	; std	: 0.004586898721754551	; non
mean	: 0.02221888303756714	; std	: 0.005780807230621576	; inflating
mean	: 0.13132277131080627	; std	: 0.006432703230530024	; shrinking
mean	: 0.06964413076639175	; std	: 0.010005260817706585	; baunded
mean	: 0.1229611486196518	; std	: 0.004229133948683739	; non
mean	: 0.019057946279644966	; std	: 0.007314877584576607	; inflating
mean	: 0.13362976908683777	; std	: 0.003405872266739607	; shrinking
mean	: 0.06595446169376373	; std	: 0.007834980264306068	; baunded
mean	: 0.1188623234629631	; std	: 0.004528260324150324	; non
mean	: 0.019057946279644966	; std	: 0.007314877584576607	; inflating
mean	: 0.13362976908683777	; std	: 0.003405872266739607	; shrinking
mean	: 0.06595446169376373	; std	: 0.007834980264306068	; baunded
mean	: 0.1188623234629631	; std	: 0.004528260324150324	; non
mean	: 0.023780571296811104	; std	: 0.01095637772232294	; inflating
mean	: 0.14531749486923218	; std	: 0.010424474254250526	; shrinking
mean	: 0.06764709949493408	; std	: 0.01634502410888672	; baunded
mean	: 0.11397170275449753	; std	: 0.00464874180033803	; non
mean	: 0.02105983905494213	; std	: 0.01007318776100874	; inflating
mean	: 0.14439398050308228	; std	: 0.008831245824694633	; shrinking
mean	: 0.06428984552621841	; std	: 0.01586891897022724	; baunded
mean	: 0.11226558685302734	; std	: 0.0044913883320987225	; non
anchor name	: shrinking
mean	: 0.14595812559127808	; std	: 0.006952474359422922	; inflating
mean	: 0.054783787578344345	; std	: 0.05861024558544159	; shrinking
mean	: 0.17629748582839966	; std	: 0.006630806718021631	; baunded
mean	: 0.22959911823272705	; std	: 0.005046293139457703	; non
mean	: 0.14595812559127808	; std	: 0.006952474359422922	; inflating
mean	: 0.054783787578344345	; std	: 0.05861024558544159	; shrinking
mean	: 0.17629748582839966	; std	: 0.006630806718021631	; baunded
mean	: 0.22959911823272705	; std	: 0.005046293139457703	; non
mean	: 0.14595812559127808	; std	: 0.006952474359422922	; inflating
mean	: 0.054783787578344345	; std	: 0.05861024558544159	; shrinking
mean	: 0.17629748582839966	; std	: 0.006630806718021631	; baunded
mean	: 0.22959911823272705	; std	: 0.005046293139457703	; non
mean	: 0.14183436334133148	; std	: 0.0063704513013362885	; inflating
mean	: 0.07737324386835098	; std	: 0.06186392158269882	; shrinking
mean	: 0.1798820048570633	; std	: 0.009812750853598118	; baunded
mean	: 0.23132318258285522	; std	: 0.003961616195738316	; non
mean	: 0.14595812559127808	; std	: 0.006952474359422922	; inflating
mean	: 0.054783787578344345	; std	: 0.05861024558544159	; shrinking
mean	: 0.17629748582839966	; std	: 0.006630806718021631	; baunded
mean	: 0.22959911823272705	; std	: 0.005046293139457703	; non
mean	: 0.1449129432439804	; std	: 0.006957478355616331	; inflating
mean	: 0.05500704422593117	; std	: 0.0583801195025444	; shrinking
mean	: 0.17487147450447083	; std	: 0.006637626327574253	; baunded
mean	: 0.22811678051948547	; std	: 0.005055888555943966	; non
mean	: 0.14595812559127808	; std	: 0.006952474359422922	; inflating
mean	: 0.054783787578344345	; std	: 0.05861024558544159	; shrinking
mean	: 0.17629748582839966	; std	: 0.006630806718021631	; baunded
mean	: 0.22959911823272705	; std	: 0.005046293139457703	; non
mean	: 0.1450532078742981	; std	: 0.006930713541805744	; inflating
mean	: 0.054645899683237076	; std	: 0.05692125856876373	; shrinking
mean	: 0.17561420798301697	; std	: 0.006528047379106283	; baunded
mean	: 0.2290402352809906	; std	: 0.0050078826025128365	; non
mean	: 0.1405886858701706	; std	: 0.006342465057969093	; inflating
mean	: 0.07489585876464844	; std	: 0.06022298336029053	; shrinking
mean	: 0.17874182760715485	; std	: 0.009568999521434307	; baunded
mean	: 0.2305329293012619	; std	: 0.003938593901693821	; non
mean	: 0.14595812559127808	; std	: 0.006952474359422922	; inflating
mean	: 0.054783787578344345	; std	: 0.05861024558544159	; shrinking
mean	: 0.17629748582839966	; std	: 0.006630806718021631	; baunded
mean	: 0.22959911823272705	; std	: 0.005046293139457703	; non
mean	: 0.14595812559127808	; std	: 0.006952474359422922	; inflating
mean	: 0.054783787578344345	; std	: 0.05861024558544159	; shrinking
mean	: 0.17629748582839966	; std	: 0.006630806718021631	; baunded
mean	: 0.22959911823272705	; std	: 0.005046293139457703	; non
mean	: 0.1467883139848709	; std	: 0.0070123374462127686	; inflating
mean	: 0.05693750083446503	; std	: 0.06018642336130142	; shrinking
mean	: 0.17606863379478455	; std	: 0.006870497949421406	; baunded
mean	: 0.2290402352809906	; std	: 0.005147355608642101	; non
mean	: 0.1412091702222824	; std	: 0.006343444809317589	; inflating
mean	: 0.07653068006038666	; std	: 0.061511218547821045	; shrinking
mean	: 0.17905539274215698	; std	: 0.009739215485751629	; baunded
mean	: 0.23056314885616302	; std	: 0.003952400758862495	; non
mean	: 0.14183436334133148	; std	: 0.0063704513013362885	; inflating
mean	: 0.07737324386835098	; std	: 0.06186392158269882	; shrinking
mean	: 0.1798820048570633	; std	: 0.009812750853598118	; baunded
mean	: 0.23132318258285522	; std	: 0.003961616195738316	; non
mean	: 0.1405886858701706	; std	: 0.006342465057969093	; inflating
mean	: 0.07489585876464844	; std	: 0.06022298336029053	; shrinking
mean	: 0.17874182760715485	; std	: 0.009568999521434307	; baunded
mean	: 0.2305329293012619	; std	: 0.003938593901693821	; non
mean	: 0.13885560631752014	; std	: 0.006307373289018869	; inflating
mean	: 0.07405705749988556	; std	: 0.05908580124378204	; shrinking
mean	: 0.17673227190971375	; std	: 0.009513484314084053	; baunded
mean	: 0.22859075665473938	; std	: 0.003929130733013153	; non
mean	: 0.14183436334133148	; std	: 0.0063704513013362885	; inflating
mean	: 0.07737324386835098	; std	: 0.06186392158269882	; shrinking
mean	: 0.1798820048570633	; std	: 0.009812750853598118	; baunded
mean	: 0.23132318258285522	; std	: 0.003961616195738316	; non
mean	: 0.14595812559127808	; std	: 0.006952474359422922	; inflating
mean	: 0.054783787578344345	; std	: 0.05861024558544159	; shrinking
mean	: 0.17629748582839966	; std	: 0.006630806718021631	; baunded
mean	: 0.22959911823272705	; std	: 0.005046293139457703	; non
mean	: 0.1449129432439804	; std	: 0.006957478355616331	; inflating
mean	: 0.05500704422593117	; std	: 0.0583801195025444	; shrinking
mean	: 0.17487147450447083	; std	: 0.006637626327574253	; baunded
mean	: 0.22811678051948547	; std	: 0.005055888555943966	; non
mean	: 0.1489412784576416	; std	: 0.007018745876848698	; inflating
mean	: 0.05885251238942146	; std	: 0.06088712066411972	; shrinking
mean	: 0.17790862917900085	; std	: 0.0069754705764353275	; baunded
mean	: 0.23069444298744202	; std	: 0.0051903254352509975	; non
mean	: 0.14073574542999268	; std	: 0.006344912573695183	; inflating
mean	: 0.07648405432701111	; std	: 0.06167859956622124	; shrinking
mean	: 0.17855927348136902	; std	: 0.009781943634152412	; baunded
mean	: 0.23002740740776062	; std	: 0.003955020569264889	; non
mean	: 0.1449129432439804	; std	: 0.006957478355616331	; inflating
mean	: 0.05500704422593117	; std	: 0.0583801195025444	; shrinking
mean	: 0.17487147450447083	; std	: 0.006637626327574253	; baunded
mean	: 0.22811678051948547	; std	: 0.005055888555943966	; non
mean	: 0.13885560631752014	; std	: 0.006307373289018869	; inflating
mean	: 0.07405705749988556	; std	: 0.05908580124378204	; shrinking
mean	: 0.17673227190971375	; std	: 0.009513484314084053	; baunded
mean	: 0.22859075665473938	; std	: 0.003929130733013153	; non
mean	: 0.1450532078742981	; std	: 0.006930713541805744	; inflating
mean	: 0.054645899683237076	; std	: 0.05692125856876373	; shrinking
mean	: 0.17561420798301697	; std	: 0.006528047379106283	; baunded
mean	: 0.2290402352809906	; std	: 0.0050078826025128365	; non
mean	: 0.1450532078742981	; std	: 0.006930713541805744	; inflating
mean	: 0.054645899683237076	; std	: 0.05692125856876373	; shrinking
mean	: 0.17561420798301697	; std	: 0.006528047379106283	; baunded
mean	: 0.2290402352809906	; std	: 0.0050078826025128365	; non
mean	: 0.147978276014328	; std	: 0.007006183732300997	; inflating
mean	: 0.05763030797243118	; std	: 0.060515232384204865	; shrinking
mean	: 0.17721037566661835	; std	: 0.006896213162690401	; baunded
mean	: 0.23011520504951477	; std	: 0.005158740561455488	; non
mean	: 0.14595812559127808	; std	: 0.006952474359422922	; inflating
mean	: 0.054783787578344345	; std	: 0.05861024558544159	; shrinking
mean	: 0.17629748582839966	; std	: 0.006630806718021631	; baunded
mean	: 0.22959911823272705	; std	: 0.005046293139457703	; non
mean	: 0.14183436334133148	; std	: 0.0063704513013362885	; inflating
mean	: 0.07737324386835098	; std	: 0.06186392158269882	; shrinking
mean	: 0.1798820048570633	; std	: 0.009812750853598118	; baunded
mean	: 0.23132318258285522	; std	: 0.003961616195738316	; non
mean	: 0.14595812559127808	; std	: 0.006952474359422922	; inflating
mean	: 0.054783787578344345	; std	: 0.05861024558544159	; shrinking
mean	: 0.17629748582839966	; std	: 0.006630806718021631	; baunded
mean	: 0.22959911823272705	; std	: 0.005046293139457703	; non
mean	: 0.14183436334133148	; std	: 0.0063704513013362885	; inflating
mean	: 0.07737324386835098	; std	: 0.06186392158269882	; shrinking
mean	: 0.1798820048570633	; std	: 0.009812750853598118	; baunded
mean	: 0.23132318258285522	; std	: 0.003961616195738316	; non
mean	: 0.14073574542999268	; std	: 0.006344912573695183	; inflating
mean	: 0.07648405432701111	; std	: 0.06167859956622124	; shrinking
mean	: 0.17855927348136902	; std	: 0.009781943634152412	; baunded
mean	: 0.23002740740776062	; std	: 0.003955020569264889	; non
mean	: 0.1489412784576416	; std	: 0.007018745876848698	; inflating
mean	: 0.05885251238942146	; std	: 0.06088712066411972	; shrinking
mean	: 0.17790862917900085	; std	: 0.0069754705764353275	; baunded
mean	: 0.23069444298744202	; std	: 0.0051903254352509975	; non
mean	: 0.14595812559127808	; std	: 0.006952474359422922	; inflating
mean	: 0.054783787578344345	; std	: 0.05861024558544159	; shrinking
mean	: 0.17629748582839966	; std	: 0.006630806718021631	; baunded
mean	: 0.22959911823272705	; std	: 0.005046293139457703	; non
mean	: 0.14595812559127808	; std	: 0.006952474359422922	; inflating
mean	: 0.054783787578344345	; std	: 0.05861024558544159	; shrinking
mean	: 0.17629748582839966	; std	: 0.006630806718021631	; baunded
mean	: 0.22959911823272705	; std	: 0.005046293139457703	; non
mean	: 0.1368597149848938	; std	: 0.006263420917093754	; inflating
mean	: 0.07245412468910217	; std	: 0.05533479526638985	; shrinking
mean	: 0.17470945417881012	; std	: 0.009198248386383057	; baunded
mean	: 0.22696572542190552	; std	: 0.0039035107474774122	; non
mean	: 0.1449129432439804	; std	: 0.006957478355616331	; inflating
mean	: 0.05500704422593117	; std	: 0.0583801195025444	; shrinking
mean	: 0.17487147450447083	; std	: 0.006637626327574253	; baunded
mean	: 0.22811678051948547	; std	: 0.005055888555943966	; non
mean	: 0.1489412784576416	; std	: 0.007018745876848698	; inflating
mean	: 0.05885251238942146	; std	: 0.06088712066411972	; shrinking
mean	: 0.17790862917900085	; std	: 0.0069754705764353275	; baunded
mean	: 0.23069444298744202	; std	: 0.0051903254352509975	; non
mean	: 0.15068908035755157	; std	: 0.007151891011744738	; inflating
mean	: 0.06744641065597534	; std	: 0.06157940626144409	; shrinking
mean	: 0.17742770910263062	; std	: 0.007591043133288622	; baunded
mean	: 0.22939878702163696	; std	: 0.005426808726042509	; non
mean	: 0.14969339966773987	; std	: 0.00705996947363019	; inflating
mean	: 0.0625060573220253	; std	: 0.06108357384800911	; shrinking
mean	: 0.17763911187648773	; std	: 0.00718946848064661	; baunded
mean	: 0.23006528615951538	; std	: 0.005276392214000225	; non
mean	: 0.14595812559127808	; std	: 0.006952474359422922	; inflating
mean	: 0.054783787578344345	; std	: 0.05861024558544159	; shrinking
mean	: 0.17629748582839966	; std	: 0.006630806718021631	; baunded
mean	: 0.22959911823272705	; std	: 0.005046293139457703	; non
mean	: 0.1497352123260498	; std	: 0.0070799570530653	; inflating
mean	: 0.06361006200313568	; std	: 0.061248455196619034	; shrinking
mean	: 0.1773379147052765	; std	: 0.007279216777533293	; baunded
mean	: 0.2296445667743683	; std	: 0.005310041829943657	; non
mean	: 0.1515752524137497	; std	: 0.007117614150047302	; inflating
mean	: 0.06554366648197174	; std	: 0.06161491200327873	; shrinking
mean	: 0.17898255586624146	; std	: 0.007440514396876097	; baunded
mean	: 0.23117999732494354	; std	: 0.005370681639760733	; non
mean	: 0.1368597149848938	; std	: 0.006263420917093754	; inflating
mean	: 0.07245412468910217	; std	: 0.05533479526638985	; shrinking
mean	: 0.17470945417881012	; std	: 0.009198248386383057	; baunded
mean	: 0.22696572542190552	; std	: 0.0039035107474774122	; non
mean	: 0.14595812559127808	; std	: 0.006952474359422922	; inflating
mean	: 0.054783787578344345	; std	: 0.05861024558544159	; shrinking
mean	: 0.17629748582839966	; std	: 0.006630806718021631	; baunded
mean	: 0.22959911823272705	; std	: 0.005046293139457703	; non
mean	: 0.1368597149848938	; std	: 0.006263420917093754	; inflating
mean	: 0.07245412468910217	; std	: 0.05533479526638985	; shrinking
mean	: 0.17470945417881012	; std	: 0.009198248386383057	; baunded
mean	: 0.22696572542190552	; std	: 0.0039035107474774122	; non
mean	: 0.14057494699954987	; std	: 0.006354963406920433	; inflating
mean	: 0.07770746946334839	; std	: 0.060657572001218796	; shrinking
mean	: 0.17823877930641174	; std	: 0.009951755404472351	; baunded
mean	: 0.2295880913734436	; std	: 0.003976164851337671	; non
mean	: 0.14777055382728577	; std	: 0.0071150679141283035	; inflating
mean	: 0.06383678317070007	; std	: 0.06091509386897087	; shrinking
mean	: 0.1750613898038864	; std	: 0.007345886435359716	; baunded
mean	: 0.22735874354839325	; std	: 0.005343712400645018	; non
mean	: 0.14816924929618835	; std	: 0.0070004151202738285	; inflating
mean	: 0.05811815708875656	; std	: 0.06022784858942032	; shrinking
mean	: 0.17728286981582642	; std	: 0.006888729520142078	; baunded
mean	: 0.2301570475101471	; std	: 0.00516020692884922	; non
mean	: 0.1467883139848709	; std	: 0.0070123374462127686	; inflating
mean	: 0.05693750083446503	; std	: 0.06018642336130142	; shrinking
mean	: 0.17606863379478455	; std	: 0.006870497949421406	; baunded
mean	: 0.2290402352809906	; std	: 0.005147355608642101	; non
mean	: 0.14073574542999268	; std	: 0.006344912573695183	; inflating
mean	: 0.07648405432701111	; std	: 0.06167859956622124	; shrinking
mean	: 0.17855927348136902	; std	: 0.009781943634152412	; baunded
mean	: 0.23002740740776062	; std	: 0.003955020569264889	; non
mean	: 0.14595812559127808	; std	: 0.006952474359422922	; inflating
mean	: 0.054783787578344345	; std	: 0.05861024558544159	; shrinking
mean	: 0.17629748582839966	; std	: 0.006630806718021631	; baunded
mean	: 0.22959911823272705	; std	: 0.005046293139457703	; non
mean	: 0.14073574542999268	; std	: 0.006344912573695183	; inflating
mean	: 0.07648405432701111	; std	: 0.06167859956622124	; shrinking
mean	: 0.17855927348136902	; std	: 0.009781943634152412	; baunded
mean	: 0.23002740740776062	; std	: 0.003955020569264889	; non
mean	: 0.14183436334133148	; std	: 0.0063704513013362885	; inflating
mean	: 0.07737324386835098	; std	: 0.06186392158269882	; shrinking
mean	: 0.1798820048570633	; std	: 0.009812750853598118	; baunded
mean	: 0.23132318258285522	; std	: 0.003961616195738316	; non
mean	: 0.14816924929618835	; std	: 0.0070004151202738285	; inflating
mean	: 0.05811815708875656	; std	: 0.06022784858942032	; shrinking
mean	: 0.17728286981582642	; std	: 0.006888729520142078	; baunded
mean	: 0.2301570475101471	; std	: 0.00516020692884922	; non
mean	: 0.1368597149848938	; std	: 0.006263420917093754	; inflating
mean	: 0.07245412468910217	; std	: 0.05533479526638985	; shrinking
mean	: 0.17470945417881012	; std	: 0.009198248386383057	; baunded
mean	: 0.22696572542190552	; std	: 0.0039035107474774122	; non
mean	: 0.1467883139848709	; std	: 0.0070123374462127686	; inflating
mean	: 0.05693750083446503	; std	: 0.06018642336130142	; shrinking
mean	: 0.17606863379478455	; std	: 0.006870497949421406	; baunded
mean	: 0.2290402352809906	; std	: 0.005147355608642101	; non
mean	: 0.13823017477989197	; std	: 0.006294583436101675	; inflating
mean	: 0.07434727996587753	; std	: 0.05830898508429527	; shrinking
mean	: 0.17594197392463684	; std	: 0.009528854861855507	; baunded
mean	: 0.22779670357704163	; std	: 0.003929643426090479	; non
mean	: 0.14074036478996277	; std	: 0.006348395720124245	; inflating
mean	: 0.07555657625198364	; std	: 0.06102679297327995	; shrinking
mean	: 0.1787717342376709	; std	: 0.009697428904473782	; baunded
mean	: 0.23039764165878296	; std	: 0.003949474543333054	; non
mean	: 0.13823017477989197	; std	: 0.006294583436101675	; inflating
mean	: 0.07434727996587753	; std	: 0.05830898508429527	; shrinking
mean	: 0.17594197392463684	; std	: 0.009528854861855507	; baunded
mean	: 0.22779670357704163	; std	: 0.003929643426090479	; non
mean	: 0.1405886858701706	; std	: 0.006342465057969093	; inflating
mean	: 0.07489585876464844	; std	: 0.06022298336029053	; shrinking
mean	: 0.17874182760715485	; std	: 0.009568999521434307	; baunded
mean	: 0.2305329293012619	; std	: 0.003938593901693821	; non
mean	: 0.14183436334133148	; std	: 0.0063704513013362885	; inflating
mean	: 0.07737324386835098	; std	: 0.06186392158269882	; shrinking
mean	: 0.1798820048570633	; std	: 0.009812750853598118	; baunded
mean	: 0.23132318258285522	; std	: 0.003961616195738316	; non
mean	: 0.1368597149848938	; std	: 0.006263420917093754	; inflating
mean	: 0.07245412468910217	; std	: 0.05533479526638985	; shrinking
mean	: 0.17470945417881012	; std	: 0.009198248386383057	; baunded
mean	: 0.22696572542190552	; std	: 0.0039035107474774122	; non
mean	: 0.1405886858701706	; std	: 0.006342465057969093	; inflating
mean	: 0.07489585876464844	; std	: 0.06022298336029053	; shrinking
mean	: 0.17874182760715485	; std	: 0.009568999521434307	; baunded
mean	: 0.2305329293012619	; std	: 0.003938593901693821	; non
mean	: 0.14777055382728577	; std	: 0.0071150679141283035	; inflating
mean	: 0.06383678317070007	; std	: 0.06091509386897087	; shrinking
mean	: 0.1750613898038864	; std	: 0.007345886435359716	; baunded
mean	: 0.22735874354839325	; std	: 0.005343712400645018	; non
anchor name	: baunded
mean	: 0.056415677070617676	; std	: 0.00673216488212347	; inflating
mean	: 0.18183401226997375	; std	: 0.003917858470231295	; shrinking
mean	: 0.029972562566399574	; std	: 0.02141016721725464	; baunded
mean	: 0.06275489926338196	; std	: 0.0038321795873343945	; non
mean	: 0.06926267594099045	; std	: 0.008508478291332722	; inflating
mean	: 0.18238016963005066	; std	: 0.005902181379497051	; shrinking
mean	: 0.030857913196086884	; std	: 0.022748984396457672	; baunded
mean	: 0.06769406795501709	; std	: 0.009565528482198715	; non
mean	: 0.06926267594099045	; std	: 0.008508478291332722	; inflating
mean	: 0.18238016963005066	; std	: 0.005902181379497051	; shrinking
mean	: 0.030857913196086884	; std	: 0.022748984396457672	; baunded
mean	: 0.06769406795501709	; std	: 0.009565528482198715	; non
mean	: 0.0550650916993618	; std	: 0.006737410556524992	; inflating
mean	: 0.18081682920455933	; std	: 0.004274560138583183	; shrinking
mean	: 0.02977227419614792	; std	: 0.02198212221264839	; baunded
mean	: 0.06400571018457413	; std	: 0.0039221784099936485	; non
mean	: 0.06926267594099045	; std	: 0.008508478291332722	; inflating
mean	: 0.18238016963005066	; std	: 0.005902181379497051	; shrinking
mean	: 0.030857913196086884	; std	: 0.022748984396457672	; baunded
mean	: 0.06769406795501709	; std	: 0.009565528482198715	; non
mean	: 0.056415677070617676	; std	: 0.00673216488212347	; inflating
mean	: 0.18183401226997375	; std	: 0.003917858470231295	; shrinking
mean	: 0.029972562566399574	; std	: 0.02141016721725464	; baunded
mean	: 0.06275489926338196	; std	: 0.0038321795873343945	; non
mean	: 0.0550650916993618	; std	: 0.006737410556524992	; inflating
mean	: 0.18081682920455933	; std	: 0.004274560138583183	; shrinking
mean	: 0.02977227419614792	; std	: 0.02198212221264839	; baunded
mean	: 0.06400571018457413	; std	: 0.0039221784099936485	; non
mean	: 0.05149887502193451	; std	: 0.00683634402230382	; inflating
mean	: 0.17798089981079102	; std	: 0.005388899240642786	; shrinking
mean	: 0.03128528222441673	; std	: 0.023780377581715584	; baunded
mean	: 0.06838163733482361	; std	: 0.004380601923912764	; non
mean	: 0.053066350519657135	; std	: 0.006795573513954878	; inflating
mean	: 0.17931710183620453	; std	: 0.004755901172757149	; shrinking
mean	: 0.03030925989151001	; std	: 0.023131970316171646	; baunded
mean	: 0.06630653887987137	; std	: 0.004161324817687273	; non
mean	: 0.05556807667016983	; std	: 0.009116055443882942	; inflating
mean	: 0.1691792607307434	; std	: 0.006302029360085726	; shrinking
mean	: 0.03193849325180054	; std	: 0.019972579553723335	; baunded
mean	: 0.07925952970981598	; std	: 0.008600767701864243	; non
mean	: 0.05149887502193451	; std	: 0.00683634402230382	; inflating
mean	: 0.17798089981079102	; std	: 0.005388899240642786	; shrinking
mean	: 0.03128528222441673	; std	: 0.023780377581715584	; baunded
mean	: 0.06838163733482361	; std	: 0.004380601923912764	; non
mean	: 0.056415677070617676	; std	: 0.00673216488212347	; inflating
mean	: 0.18183401226997375	; std	: 0.003917858470231295	; shrinking
mean	: 0.029972562566399574	; std	: 0.02141016721725464	; baunded
mean	: 0.06275489926338196	; std	: 0.0038321795873343945	; non
mean	: 0.06926267594099045	; std	: 0.008508478291332722	; inflating
mean	: 0.18238016963005066	; std	: 0.005902181379497051	; shrinking
mean	: 0.030857913196086884	; std	: 0.022748984396457672	; baunded
mean	: 0.06769406795501709	; std	: 0.009565528482198715	; non
mean	: 0.05149887502193451	; std	: 0.00683634402230382	; inflating
mean	: 0.17798089981079102	; std	: 0.005388899240642786	; shrinking
mean	: 0.03128528222441673	; std	: 0.023780377581715584	; baunded
mean	: 0.06838163733482361	; std	: 0.004380601923912764	; non
mean	: 0.0550650916993618	; std	: 0.006737410556524992	; inflating
mean	: 0.18081682920455933	; std	: 0.004274560138583183	; shrinking
mean	: 0.02977227419614792	; std	: 0.02198212221264839	; baunded
mean	: 0.06400571018457413	; std	: 0.0039221784099936485	; non
mean	: 0.06926267594099045	; std	: 0.008508478291332722	; inflating
mean	: 0.18238016963005066	; std	: 0.005902181379497051	; shrinking
mean	: 0.030857913196086884	; std	: 0.022748984396457672	; baunded
mean	: 0.06769406795501709	; std	: 0.009565528482198715	; non
mean	: 0.04060095548629761	; std	: 0.006924071814864874	; inflating
mean	: 0.16875556111335754	; std	: 0.006220729555934668	; shrinking
mean	: 0.034279439598321915	; std	: 0.022899392992258072	; baunded
mean	: 0.07812169939279556	; std	: 0.0043655927293002605	; non
mean	: 0.056415677070617676	; std	: 0.00673216488212347	; inflating
mean	: 0.18183401226997375	; std	: 0.003917858470231295	; shrinking
mean	: 0.029972562566399574	; std	: 0.02141016721725464	; baunded
mean	: 0.06275489926338196	; std	: 0.0038321795873343945	; non
mean	: 0.05149887502193451	; std	: 0.00683634402230382	; inflating
mean	: 0.17798089981079102	; std	: 0.005388899240642786	; shrinking
mean	: 0.03128528222441673	; std	: 0.023780377581715584	; baunded
mean	: 0.06838163733482361	; std	: 0.004380601923912764	; non
mean	: 0.06490878015756607	; std	: 0.009285418316721916	; inflating
mean	: 0.17431402206420898	; std	: 0.008144257590174675	; shrinking
mean	: 0.03432340919971466	; std	: 0.025238685309886932	; baunded
mean	: 0.07884842157363892	; std	: 0.009889942593872547	; non
mean	: 0.04060095548629761	; std	: 0.006924071814864874	; inflating
mean	: 0.16875556111335754	; std	: 0.006220729555934668	; shrinking
mean	: 0.034279439598321915	; std	: 0.022899392992258072	; baunded
mean	: 0.07812169939279556	; std	: 0.0043655927293002605	; non
mean	: 0.056415677070617676	; std	: 0.00673216488212347	; inflating
mean	: 0.18183401226997375	; std	: 0.003917858470231295	; shrinking
mean	: 0.029972562566399574	; std	: 0.02141016721725464	; baunded
mean	: 0.06275489926338196	; std	: 0.0038321795873343945	; non
mean	: 0.04060095548629761	; std	: 0.006924071814864874	; inflating
mean	: 0.16875556111335754	; std	: 0.006220729555934668	; shrinking
mean	: 0.034279439598321915	; std	: 0.022899392992258072	; baunded
mean	: 0.07812169939279556	; std	: 0.0043655927293002605	; non
mean	: 0.06926267594099045	; std	: 0.008508478291332722	; inflating
mean	: 0.18238016963005066	; std	: 0.005902181379497051	; shrinking
mean	: 0.030857913196086884	; std	: 0.022748984396457672	; baunded
mean	: 0.06769406795501709	; std	: 0.009565528482198715	; non
mean	: 0.07122308015823364	; std	: 0.00863141193985939	; inflating
mean	: 0.1833193004131317	; std	: 0.006600215565413237	; shrinking
mean	: 0.032374877482652664	; std	: 0.023751074448227882	; baunded
mean	: 0.06815319508314133	; std	: 0.010019659996032715	; non
mean	: 0.07122308015823364	; std	: 0.00863141193985939	; inflating
mean	: 0.1833193004131317	; std	: 0.006600215565413237	; shrinking
mean	: 0.032374877482652664	; std	: 0.023751074448227882	; baunded
mean	: 0.06815319508314133	; std	: 0.010019659996032715	; non
mean	: 0.0550650916993618	; std	: 0.006737410556524992	; inflating
mean	: 0.18081682920455933	; std	: 0.004274560138583183	; shrinking
mean	: 0.02977227419614792	; std	: 0.02198212221264839	; baunded
mean	: 0.06400571018457413	; std	: 0.0039221784099936485	; non
mean	: 0.06490878015756607	; std	: 0.009285418316721916	; inflating
mean	: 0.17431402206420898	; std	: 0.008144257590174675	; shrinking
mean	: 0.03432340919971466	; std	: 0.025238685309886932	; baunded
mean	: 0.07884842157363892	; std	: 0.009889942593872547	; non
mean	: 0.057921238243579865	; std	: 0.0091530941426754	; inflating
mean	: 0.17126110196113586	; std	: 0.0072368900291621685	; shrinking
mean	: 0.03160088509321213	; std	: 0.021244952455163002	; baunded
mean	: 0.07763990759849548	; std	: 0.008888992480933666	; non
mean	: 0.06490878015756607	; std	: 0.009285418316721916	; inflating
mean	: 0.17431402206420898	; std	: 0.008144257590174675	; shrinking
mean	: 0.03432340919971466	; std	: 0.025238685309886932	; baunded
mean	: 0.07884842157363892	; std	: 0.009889942593872547	; non
mean	: 0.06913639605045319	; std	: 0.008520660921931267	; inflating
mean	: 0.18334351480007172	; std	: 0.006345982197672129	; shrinking
mean	: 0.030914638191461563	; std	: 0.021590305492281914	; baunded
mean	: 0.0657288059592247	; std	: 0.009541094303131104	; non
mean	: 0.06490878015756607	; std	: 0.009285418316721916	; inflating
mean	: 0.17431402206420898	; std	: 0.008144257590174675	; shrinking
mean	: 0.03432340919971466	; std	: 0.025238685309886932	; baunded
mean	: 0.07884842157363892	; std	: 0.009889942593872547	; non
mean	: 0.053066350519657135	; std	: 0.006795573513954878	; inflating
mean	: 0.17931710183620453	; std	: 0.004755901172757149	; shrinking
mean	: 0.03030925989151001	; std	: 0.023131970316171646	; baunded
mean	: 0.06630653887987137	; std	: 0.004161324817687273	; non
mean	: 0.057921238243579865	; std	: 0.0091530941426754	; inflating
mean	: 0.17126110196113586	; std	: 0.0072368900291621685	; shrinking
mean	: 0.03160088509321213	; std	: 0.021244952455163002	; baunded
mean	: 0.07763990759849548	; std	: 0.008888992480933666	; non
mean	: 0.057921238243579865	; std	: 0.0091530941426754	; inflating
mean	: 0.17126110196113586	; std	: 0.0072368900291621685	; shrinking
mean	: 0.03160088509321213	; std	: 0.021244952455163002	; baunded
mean	: 0.07763990759849548	; std	: 0.008888992480933666	; non
mean	: 0.04060095548629761	; std	: 0.006924071814864874	; inflating
mean	: 0.16875556111335754	; std	: 0.006220729555934668	; shrinking
mean	: 0.034279439598321915	; std	: 0.022899392992258072	; baunded
mean	: 0.07812169939279556	; std	: 0.0043655927293002605	; non
mean	: 0.06926267594099045	; std	: 0.008508478291332722	; inflating
mean	: 0.18238016963005066	; std	: 0.005902181379497051	; shrinking
mean	: 0.030857913196086884	; std	: 0.022748984396457672	; baunded
mean	: 0.06769406795501709	; std	: 0.009565528482198715	; non
mean	: 0.053066350519657135	; std	: 0.006795573513954878	; inflating
mean	: 0.17931710183620453	; std	: 0.004755901172757149	; shrinking
mean	: 0.03030925989151001	; std	: 0.023131970316171646	; baunded
mean	: 0.06630653887987137	; std	: 0.004161324817687273	; non
mean	: 0.046568289399147034	; std	: 0.00704684155061841	; inflating
mean	: 0.17358984053134918	; std	: 0.007728636730462313	; shrinking
mean	: 0.03598231449723244	; std	: 0.024805482476949692	; baunded
mean	: 0.07552991807460785	; std	: 0.0048673502169549465	; non
mean	: 0.06913639605045319	; std	: 0.008520660921931267	; inflating
mean	: 0.18334351480007172	; std	: 0.006345982197672129	; shrinking
mean	: 0.030914638191461563	; std	: 0.021590305492281914	; baunded
mean	: 0.0657288059592247	; std	: 0.009541094303131104	; non
mean	: 0.046568289399147034	; std	: 0.00704684155061841	; inflating
mean	: 0.17358984053134918	; std	: 0.007728636730462313	; shrinking
mean	: 0.03598231449723244	; std	: 0.024805482476949692	; baunded
mean	: 0.07552991807460785	; std	: 0.0048673502169549465	; non
mean	: 0.046568289399147034	; std	: 0.00704684155061841	; inflating
mean	: 0.17358984053134918	; std	: 0.007728636730462313	; shrinking
mean	: 0.03598231449723244	; std	: 0.024805482476949692	; baunded
mean	: 0.07552991807460785	; std	: 0.0048673502169549465	; non
mean	: 0.07006143033504486	; std	: 0.0090737110003829	; inflating
mean	: 0.18026435375213623	; std	: 0.008395319804549217	; shrinking
mean	: 0.03462725877761841	; std	: 0.0249614454805851	; baunded
mean	: 0.0732852965593338	; std	: 0.010349387302994728	; non
mean	: 0.05556807667016983	; std	: 0.009116055443882942	; inflating
mean	: 0.1691792607307434	; std	: 0.006302029360085726	; shrinking
mean	: 0.03193849325180054	; std	: 0.019972579553723335	; baunded
mean	: 0.07925952970981598	; std	: 0.008600767701864243	; non
mean	: 0.053066350519657135	; std	: 0.006795573513954878	; inflating
mean	: 0.17931710183620453	; std	: 0.004755901172757149	; shrinking
mean	: 0.03030925989151001	; std	: 0.023131970316171646	; baunded
mean	: 0.06630653887987137	; std	: 0.004161324817687273	; non
mean	: 0.056415677070617676	; std	: 0.00673216488212347	; inflating
mean	: 0.18183401226997375	; std	: 0.003917858470231295	; shrinking
mean	: 0.029972562566399574	; std	: 0.02141016721725464	; baunded
mean	: 0.06275489926338196	; std	: 0.0038321795873343945	; non
mean	: 0.06913639605045319	; std	: 0.008520660921931267	; inflating
mean	: 0.18334351480007172	; std	: 0.006345982197672129	; shrinking
mean	: 0.030914638191461563	; std	: 0.021590305492281914	; baunded
mean	: 0.0657288059592247	; std	: 0.009541094303131104	; non
mean	: 0.06598146259784698	; std	: 0.00872517004609108	; inflating
mean	: 0.17865212261676788	; std	: 0.006209368351846933	; shrinking
mean	: 0.030590999871492386	; std	: 0.022901304066181183	; baunded
mean	: 0.07130265235900879	; std	: 0.0094703184440732	; non
mean	: 0.056415677070617676	; std	: 0.00673216488212347	; inflating
mean	: 0.18183401226997375	; std	: 0.003917858470231295	; shrinking
mean	: 0.029972562566399574	; std	: 0.02141016721725464	; baunded
mean	: 0.06275489926338196	; std	: 0.0038321795873343945	; non
mean	: 0.06913639605045319	; std	: 0.008520660921931267	; inflating
mean	: 0.18334351480007172	; std	: 0.006345982197672129	; shrinking
mean	: 0.030914638191461563	; std	: 0.021590305492281914	; baunded
mean	: 0.0657288059592247	; std	: 0.009541094303131104	; non
mean	: 0.057921238243579865	; std	: 0.0091530941426754	; inflating
mean	: 0.17126110196113586	; std	: 0.0072368900291621685	; shrinking
mean	: 0.03160088509321213	; std	: 0.021244952455163002	; baunded
mean	: 0.07763990759849548	; std	: 0.008888992480933666	; non
mean	: 0.04060095548629761	; std	: 0.006924071814864874	; inflating
mean	: 0.16875556111335754	; std	: 0.006220729555934668	; shrinking
mean	: 0.034279439598321915	; std	: 0.022899392992258072	; baunded
mean	: 0.07812169939279556	; std	: 0.0043655927293002605	; non
mean	: 0.03670300543308258	; std	: 0.006810744293034077	; inflating
mean	: 0.1655646562576294	; std	: 0.006614163052290678	; shrinking
mean	: 0.035904061049222946	; std	: 0.021121013909578323	; baunded
mean	: 0.08121070265769958	; std	: 0.004232469014823437	; non
mean	: 0.046568289399147034	; std	: 0.00704684155061841	; inflating
mean	: 0.17358984053134918	; std	: 0.007728636730462313	; shrinking
mean	: 0.03598231449723244	; std	: 0.024805482476949692	; baunded
mean	: 0.07552991807460785	; std	: 0.0048673502169549465	; non
mean	: 0.03670300543308258	; std	: 0.006810744293034077	; inflating
mean	: 0.1655646562576294	; std	: 0.006614163052290678	; shrinking
mean	: 0.035904061049222946	; std	: 0.021121013909578323	; baunded
mean	: 0.08121070265769958	; std	: 0.004232469014823437	; non
mean	: 0.053299468010663986	; std	: 0.009399828501045704	; inflating
mean	: 0.16655948758125305	; std	: 0.007152247708290815	; shrinking
mean	: 0.03424317389726639	; std	: 0.019079793244600296	; baunded
mean	: 0.0820457935333252	; std	: 0.00854671373963356	; non
mean	: 0.04410263150930405	; std	: 0.007583008613437414	; inflating
mean	: 0.17077156901359558	; std	: 0.008559629321098328	; shrinking
mean	: 0.04135838896036148	; std	: 0.02518247626721859	; baunded
mean	: 0.08129383623600006	; std	: 0.005360876210033894	; non
mean	: 0.06490878015756607	; std	: 0.009285418316721916	; inflating
mean	: 0.17431402206420898	; std	: 0.008144257590174675	; shrinking
mean	: 0.03432340919971466	; std	: 0.025238685309886932	; baunded
mean	: 0.07884842157363892	; std	: 0.009889942593872547	; non
mean	: 0.06490878015756607	; std	: 0.009285418316721916	; inflating
mean	: 0.17431402206420898	; std	: 0.008144257590174675	; shrinking
mean	: 0.03432340919971466	; std	: 0.025238685309886932	; baunded
mean	: 0.07884842157363892	; std	: 0.009889942593872547	; non
mean	: 0.053066350519657135	; std	: 0.006795573513954878	; inflating
mean	: 0.17931710183620453	; std	: 0.004755901172757149	; shrinking
mean	: 0.03030925989151001	; std	: 0.023131970316171646	; baunded
mean	: 0.06630653887987137	; std	: 0.004161324817687273	; non
mean	: 0.06598146259784698	; std	: 0.00872517004609108	; inflating
mean	: 0.17865212261676788	; std	: 0.006209368351846933	; shrinking
mean	: 0.030590999871492386	; std	: 0.022901304066181183	; baunded
mean	: 0.07130265235900879	; std	: 0.0094703184440732	; non
mean	: 0.06490878015756607	; std	: 0.009285418316721916	; inflating
mean	: 0.17431402206420898	; std	: 0.008144257590174675	; shrinking
mean	: 0.03432340919971466	; std	: 0.025238685309886932	; baunded
mean	: 0.07884842157363892	; std	: 0.009889942593872547	; non
mean	: 0.06769263744354248	; std	: 0.008813285268843174	; inflating
mean	: 0.17972150444984436	; std	: 0.0068462807685136795	; shrinking
mean	: 0.03145056217908859	; std	: 0.02391962520778179	; baunded
mean	: 0.07125388085842133	; std	: 0.009817652404308319	; non
mean	: 0.06802132725715637	; std	: 0.00887193251401186	; inflating
mean	: 0.18057194352149963	; std	: 0.007461298257112503	; shrinking
mean	: 0.032304950058460236	; std	: 0.02307388000190258	; baunded
mean	: 0.07029365748167038	; std	: 0.00984648335725069	; non
anchor name	: non
mean	: 0.10457275807857513	; std	: 0.007725502364337444	; inflating
mean	: 0.22664165496826172	; std	: 0.0019798260182142258	; shrinking
mean	: 0.0675654262304306	; std	: 0.006463965866714716	; baunded
mean	: 0.012768581509590149	; std	: 0.01543261669576168	; non
mean	: 0.10457275807857513	; std	: 0.007725502364337444	; inflating
mean	: 0.22664165496826172	; std	: 0.0019798260182142258	; shrinking
mean	: 0.0675654262304306	; std	: 0.006463965866714716	; baunded
mean	: 0.012768581509590149	; std	: 0.01543261669576168	; non
mean	: 0.10457275807857513	; std	: 0.007725502364337444	; inflating
mean	: 0.22664165496826172	; std	: 0.0019798260182142258	; shrinking
mean	: 0.0675654262304306	; std	: 0.006463965866714716	; baunded
mean	: 0.012768581509590149	; std	: 0.01543261669576168	; non
mean	: 0.1126088798046112	; std	: 0.007656544912606478	; inflating
mean	: 0.2334458827972412	; std	: 0.0023119437973946333	; shrinking
mean	: 0.07391585409641266	; std	: 0.007002863101661205	; baunded
mean	: 0.01593921147286892	; std	: 0.014647207222878933	; non
mean	: 0.1126088798046112	; std	: 0.007656544912606478	; inflating
mean	: 0.2334458827972412	; std	: 0.0023119437973946333	; shrinking
mean	: 0.07391585409641266	; std	: 0.007002863101661205	; baunded
mean	: 0.01593921147286892	; std	: 0.014647207222878933	; non
mean	: 0.10553312301635742	; std	: 0.007701386231929064	; inflating
mean	: 0.22754622995853424	; std	: 0.0018924328032881021	; shrinking
mean	: 0.0683300793170929	; std	: 0.006442826706916094	; baunded
mean	: 0.01248883455991745	; std	: 0.014809327200055122	; non
mean	: 0.10270395874977112	; std	: 0.007640827912837267	; inflating
mean	: 0.2270001620054245	; std	: 0.0037032016552984715	; shrinking
mean	: 0.07180384546518326	; std	: 0.011695969849824905	; baunded
mean	: 0.026795972138643265	; std	: 0.012235919944941998	; non
mean	: 0.1183309406042099	; std	: 0.007473853882402182	; inflating
mean	: 0.24083249270915985	; std	: 0.002963457489386201	; shrinking
mean	: 0.08392947912216187	; std	: 0.0101621113717556	; baunded
mean	: 0.0286022387444973	; std	: 0.011433815583586693	; non
mean	: 0.1183309406042099	; std	: 0.007473853882402182	; inflating
mean	: 0.24083249270915985	; std	: 0.002963457489386201	; shrinking
mean	: 0.08392947912216187	; std	: 0.0101621113717556	; baunded
mean	: 0.0286022387444973	; std	: 0.011433815583586693	; non
mean	: 0.1126088798046112	; std	: 0.007656544912606478	; inflating
mean	: 0.2334458827972412	; std	: 0.0023119437973946333	; shrinking
mean	: 0.07391585409641266	; std	: 0.007002863101661205	; baunded
mean	: 0.01593921147286892	; std	: 0.014647207222878933	; non
mean	: 0.10457275807857513	; std	: 0.007725502364337444	; inflating
mean	: 0.22664165496826172	; std	: 0.0019798260182142258	; shrinking
mean	: 0.0675654262304306	; std	: 0.006463965866714716	; baunded
mean	: 0.012768581509590149	; std	: 0.01543261669576168	; non
mean	: 0.10553312301635742	; std	: 0.007701386231929064	; inflating
mean	: 0.22754622995853424	; std	: 0.0018924328032881021	; shrinking
mean	: 0.0683300793170929	; std	: 0.006442826706916094	; baunded
mean	: 0.01248883455991745	; std	: 0.014809327200055122	; non
mean	: 0.10553312301635742	; std	: 0.007701386231929064	; inflating
mean	: 0.22754622995853424	; std	: 0.0018924328032881021	; shrinking
mean	: 0.0683300793170929	; std	: 0.006442826706916094	; baunded
mean	: 0.01248883455991745	; std	: 0.014809327200055122	; non
mean	: 0.1126088798046112	; std	: 0.007656544912606478	; inflating
mean	: 0.2334458827972412	; std	: 0.0023119437973946333	; shrinking
mean	: 0.07391585409641266	; std	: 0.007002863101661205	; baunded
mean	: 0.01593921147286892	; std	: 0.014647207222878933	; non
mean	: 0.10700954496860504	; std	: 0.007668938022106886	; inflating
mean	: 0.23092684149742126	; std	: 0.003931358922272921	; shrinking
mean	: 0.07642842829227448	; std	: 0.01255347765982151	; baunded
mean	: 0.02977508120238781	; std	: 0.01493436936289072	; non
mean	: 0.10457275807857513	; std	: 0.007725502364337444	; inflating
mean	: 0.22664165496826172	; std	: 0.0019798260182142258	; shrinking
mean	: 0.0675654262304306	; std	: 0.006463965866714716	; baunded
mean	: 0.012768581509590149	; std	: 0.01543261669576168	; non
mean	: 0.10553312301635742	; std	: 0.007701386231929064	; inflating
mean	: 0.22754622995853424	; std	: 0.0018924328032881021	; shrinking
mean	: 0.0683300793170929	; std	: 0.006442826706916094	; baunded
mean	: 0.01248883455991745	; std	: 0.014809327200055122	; non
mean	: 0.10457275807857513	; std	: 0.007725502364337444	; inflating
mean	: 0.22664165496826172	; std	: 0.0019798260182142258	; shrinking
mean	: 0.0675654262304306	; std	: 0.006463965866714716	; baunded
mean	: 0.012768581509590149	; std	: 0.01543261669576168	; non
mean	: 0.10700954496860504	; std	: 0.007668938022106886	; inflating
mean	: 0.23092684149742126	; std	: 0.003931358922272921	; shrinking
mean	: 0.07642842829227448	; std	: 0.01255347765982151	; baunded
mean	: 0.02977508120238781	; std	: 0.01493436936289072	; non
mean	: 0.10457275807857513	; std	: 0.007725502364337444	; inflating
mean	: 0.22664165496826172	; std	: 0.0019798260182142258	; shrinking
mean	: 0.0675654262304306	; std	: 0.006463965866714716	; baunded
mean	: 0.012768581509590149	; std	: 0.01543261669576168	; non
mean	: 0.10457275807857513	; std	: 0.007725502364337444	; inflating
mean	: 0.22664165496826172	; std	: 0.0019798260182142258	; shrinking
mean	: 0.0675654262304306	; std	: 0.006463965866714716	; baunded
mean	: 0.012768581509590149	; std	: 0.01543261669576168	; non
mean	: 0.10457275807857513	; std	: 0.007725502364337444	; inflating
mean	: 0.22664165496826172	; std	: 0.0019798260182142258	; shrinking
mean	: 0.0675654262304306	; std	: 0.006463965866714716	; baunded
mean	: 0.012768581509590149	; std	: 0.01543261669576168	; non
mean	: 0.10457275807857513	; std	: 0.007725502364337444	; inflating
mean	: 0.22664165496826172	; std	: 0.0019798260182142258	; shrinking
mean	: 0.0675654262304306	; std	: 0.006463965866714716	; baunded
mean	: 0.012768581509590149	; std	: 0.01543261669576168	; non
mean	: 0.10518594086170197	; std	: 0.007728503085672855	; inflating
mean	: 0.2267197072505951	; std	: 0.002108217915520072	; shrinking
mean	: 0.06770960986614227	; std	: 0.006784465629607439	; baunded
mean	: 0.01397080160677433	; std	: 0.015793846920132637	; non
mean	: 0.1183309406042099	; std	: 0.007473853882402182	; inflating
mean	: 0.24083249270915985	; std	: 0.002963457489386201	; shrinking
mean	: 0.08392947912216187	; std	: 0.0101621113717556	; baunded
mean	: 0.0286022387444973	; std	: 0.011433815583586693	; non
mean	: 0.10270395874977112	; std	: 0.007640827912837267	; inflating
mean	: 0.2270001620054245	; std	: 0.0037032016552984715	; shrinking
mean	: 0.07180384546518326	; std	: 0.011695969849824905	; baunded
mean	: 0.026795972138643265	; std	: 0.012235919944941998	; non
mean	: 0.10457275807857513	; std	: 0.007725502364337444	; inflating
mean	: 0.22664165496826172	; std	: 0.0019798260182142258	; shrinking
mean	: 0.0675654262304306	; std	: 0.006463965866714716	; baunded
mean	: 0.012768581509590149	; std	: 0.01543261669576168	; non
mean	: 0.10553312301635742	; std	: 0.007701386231929064	; inflating
mean	: 0.22754622995853424	; std	: 0.0018924328032881021	; shrinking
mean	: 0.0683300793170929	; std	: 0.006442826706916094	; baunded
mean	: 0.01248883455991745	; std	: 0.014809327200055122	; non
mean	: 0.10270395874977112	; std	: 0.007640827912837267	; inflating
mean	: 0.2270001620054245	; std	: 0.0037032016552984715	; shrinking
mean	: 0.07180384546518326	; std	: 0.011695969849824905	; baunded
mean	: 0.026795972138643265	; std	: 0.012235919944941998	; non
mean	: 0.10553312301635742	; std	: 0.007701386231929064	; inflating
mean	: 0.22754622995853424	; std	: 0.0018924328032881021	; shrinking
mean	: 0.0683300793170929	; std	: 0.006442826706916094	; baunded
mean	: 0.01248883455991745	; std	: 0.014809327200055122	; non
mean	: 0.10457275807857513	; std	: 0.007725502364337444	; inflating
mean	: 0.22664165496826172	; std	: 0.0019798260182142258	; shrinking
mean	: 0.0675654262304306	; std	: 0.006463965866714716	; baunded
mean	: 0.012768581509590149	; std	: 0.01543261669576168	; non
mean	: 0.1126088798046112	; std	: 0.007656544912606478	; inflating
mean	: 0.2334458827972412	; std	: 0.0023119437973946333	; shrinking
mean	: 0.07391585409641266	; std	: 0.007002863101661205	; baunded
mean	: 0.01593921147286892	; std	: 0.014647207222878933	; non
mean	: 0.1126088798046112	; std	: 0.007656544912606478	; inflating
mean	: 0.2334458827972412	; std	: 0.0023119437973946333	; shrinking
mean	: 0.07391585409641266	; std	: 0.007002863101661205	; baunded
mean	: 0.01593921147286892	; std	: 0.014647207222878933	; non
mean	: 0.10780712962150574	; std	: 0.007689883932471275	; inflating
mean	: 0.22907370328903198	; std	: 0.002002377761527896	; shrinking
mean	: 0.06999096274375916	; std	: 0.006793029606342316	; baunded
mean	: 0.013998370617628098	; std	: 0.015460388734936714	; non
mean	: 0.10518594086170197	; std	: 0.007728503085672855	; inflating
mean	: 0.2267197072505951	; std	: 0.002108217915520072	; shrinking
mean	: 0.06770960986614227	; std	: 0.006784465629607439	; baunded
mean	: 0.01397080160677433	; std	: 0.015793846920132637	; non
mean	: 0.10700954496860504	; std	: 0.007668938022106886	; inflating
mean	: 0.23092684149742126	; std	: 0.003931358922272921	; shrinking
mean	: 0.07642842829227448	; std	: 0.01255347765982151	; baunded
mean	: 0.02977508120238781	; std	: 0.01493436936289072	; non
mean	: 0.10457275807857513	; std	: 0.007725502364337444	; inflating
mean	: 0.22664165496826172	; std	: 0.0019798260182142258	; shrinking
mean	: 0.0675654262304306	; std	: 0.006463965866714716	; baunded
mean	: 0.012768581509590149	; std	: 0.01543261669576168	; non
mean	: 0.10478705167770386	; std	: 0.007747129537165165	; inflating
mean	: 0.2263144552707672	; std	: 0.002178708091378212	; shrinking
mean	: 0.06728996336460114	; std	: 0.0069145928137004375	; baunded
mean	: 0.014796916395425797	; std	: 0.01584707573056221	; non
mean	: 0.10853385925292969	; std	: 0.007588303182274103	; inflating
mean	: 0.2321007251739502	; std	: 0.0038136641960591078	; shrinking
mean	: 0.07670951634645462	; std	: 0.011607260443270206	; baunded
mean	: 0.027522850781679153	; std	: 0.013286037370562553	; non
mean	: 0.10503523051738739	; std	: 0.007607642561197281	; inflating
mean	: 0.22906458377838135	; std	: 0.0035096467472612858	; shrinking
mean	: 0.07338085770606995	; std	: 0.011320211924612522	; baunded
mean	: 0.025985414162278175	; std	: 0.011902972124516964	; non
mean	: 0.10553312301635742	; std	: 0.007701386231929064	; inflating
mean	: 0.22754622995853424	; std	: 0.0018924328032881021	; shrinking
mean	: 0.0683300793170929	; std	: 0.006442826706916094	; baunded
mean	: 0.01248883455991745	; std	: 0.014809327200055122	; non
mean	: 0.10553312301635742	; std	: 0.007701386231929064	; inflating
mean	: 0.22754622995853424	; std	: 0.0018924328032881021	; shrinking
mean	: 0.0683300793170929	; std	: 0.006442826706916094	; baunded
mean	: 0.01248883455991745	; std	: 0.014809327200055122	; non
mean	: 0.10437963902950287	; std	: 0.007692439015954733	; inflating
mean	: 0.2285989224910736	; std	: 0.0037192951422184706	; shrinking
mean	: 0.0741407722234726	; std	: 0.012602061033248901	; baunded
mean	: 0.029439013451337814	; std	: 0.01413226779550314	; non
mean	: 0.10971968621015549	; std	: 0.007639069575816393	; inflating
mean	: 0.23105160892009735	; std	: 0.0017821482615545392	; shrinking
mean	: 0.07177183777093887	; std	: 0.0066007873974740505	; baunded
mean	: 0.014114467427134514	; std	: 0.013976110145449638	; non
mean	: 0.10017064213752747	; std	: 0.007665114477276802	; inflating
mean	: 0.22376680374145508	; std	: 0.0012361714616417885	; shrinking
mean	: 0.06495502591133118	; std	: 0.006320648826658726	; baunded
mean	: 0.016052458435297012	; std	: 0.008454038761556149	; non
mean	: 0.10780712962150574	; std	: 0.007689883932471275	; inflating
mean	: 0.22907370328903198	; std	: 0.002002377761527896	; shrinking
mean	: 0.06999096274375916	; std	: 0.006793029606342316	; baunded
mean	: 0.013998370617628098	; std	: 0.015460388734936714	; non
mean	: 0.10457275807857513	; std	: 0.007725502364337444	; inflating
mean	: 0.22664165496826172	; std	: 0.0019798260182142258	; shrinking
mean	: 0.0675654262304306	; std	: 0.006463965866714716	; baunded
mean	: 0.012768581509590149	; std	: 0.01543261669576168	; non
mean	: 0.1126088798046112	; std	: 0.007656544912606478	; inflating
mean	: 0.2334458827972412	; std	: 0.0023119437973946333	; shrinking
mean	: 0.07391585409641266	; std	: 0.007002863101661205	; baunded
mean	: 0.01593921147286892	; std	: 0.014647207222878933	; non
mean	: 0.10933125019073486	; std	: 0.007666977122426033	; inflating
mean	: 0.2313496172428131	; std	: 0.0019418862648308277	; shrinking
mean	: 0.07202732563018799	; std	: 0.0063684722408652306	; baunded
mean	: 0.01441333070397377	; std	: 0.012015409767627716	; non
mean	: 0.10457275807857513	; std	: 0.007725502364337444	; inflating
mean	: 0.22664165496826172	; std	: 0.0019798260182142258	; shrinking
mean	: 0.0675654262304306	; std	: 0.006463965866714716	; baunded
mean	: 0.012768581509590149	; std	: 0.01543261669576168	; non
mean	: 0.10017064213752747	; std	: 0.007665114477276802	; inflating
mean	: 0.22376680374145508	; std	: 0.0012361714616417885	; shrinking
mean	: 0.06495502591133118	; std	: 0.006320648826658726	; baunded
mean	: 0.016052458435297012	; std	: 0.008454038761556149	; non
mean	: 0.10486923158168793	; std	: 0.007712287828326225	; inflating
mean	: 0.22892948985099792	; std	: 0.00440516322851181	; shrinking
mean	: 0.07535122334957123	; std	: 0.013317878358066082	; baunded
mean	: 0.03184449300169945	; std	: 0.015152763575315475	; non
mean	: 0.1183309406042099	; std	: 0.007473853882402182	; inflating
mean	: 0.24083249270915985	; std	: 0.002963457489386201	; shrinking
mean	: 0.08392947912216187	; std	: 0.0101621113717556	; baunded
mean	: 0.0286022387444973	; std	: 0.011433815583586693	; non
mean	: 0.10457275807857513	; std	: 0.007725502364337444	; inflating
mean	: 0.22664165496826172	; std	: 0.0019798260182142258	; shrinking
mean	: 0.0675654262304306	; std	: 0.006463965866714716	; baunded
mean	: 0.012768581509590149	; std	: 0.01543261669576168	; non
mean	: 0.10853385925292969	; std	: 0.007588303182274103	; inflating
mean	: 0.2321007251739502	; std	: 0.0038136641960591078	; shrinking
mean	: 0.07670951634645462	; std	: 0.011607260443270206	; baunded
mean	: 0.027522850781679153	; std	: 0.013286037370562553	; non
mean	: 0.10553312301635742	; std	: 0.007701386231929064	; inflating
mean	: 0.22754622995853424	; std	: 0.0018924328032881021	; shrinking
mean	: 0.0683300793170929	; std	: 0.006442826706916094	; baunded
mean	: 0.01248883455991745	; std	: 0.014809327200055122	; non
mean	: 0.10700954496860504	; std	: 0.007668938022106886	; inflating
mean	: 0.23092684149742126	; std	: 0.003931358922272921	; shrinking
mean	: 0.07642842829227448	; std	: 0.01255347765982151	; baunded
mean	: 0.02977508120238781	; std	: 0.01493436936289072	; non
mean	: 0.10553312301635742	; std	: 0.007701386231929064	; inflating
mean	: 0.22754622995853424	; std	: 0.0018924328032881021	; shrinking
mean	: 0.0683300793170929	; std	: 0.006442826706916094	; baunded
mean	: 0.01248883455991745	; std	: 0.014809327200055122	; non
mean	: 0.11779716610908508	; std	: 0.007528588641434908	; inflating
mean	: 0.24050243198871613	; std	: 0.0032263349276036024	; shrinking
mean	: 0.08443648368120193	; std	: 0.011019659228622913	; baunded
mean	: 0.030884377658367157	; std	: 0.012704232707619667	; non
mean	: 0.10518594086170197	; std	: 0.007728503085672855	; inflating
mean	: 0.2267197072505951	; std	: 0.002108217915520072	; shrinking
mean	: 0.06770960986614227	; std	: 0.006784465629607439	; baunded
mean	: 0.01397080160677433	; std	: 0.015793846920132637	; non
mean	: 0.10782676190137863	; std	: 0.007657438516616821	; inflating
mean	: 0.2290751039981842	; std	: 0.001758059486746788	; shrinking
mean	: 0.0698373094201088	; std	: 0.0067785861901938915	; baunded
mean	: 0.014606391079723835	; std	: 0.014790874905884266	; non
mean	: 0.10486923158168793	; std	: 0.007712287828326225	; inflating
mean	: 0.22892948985099792	; std	: 0.00440516322851181	; shrinking
mean	: 0.07535122334957123	; std	: 0.013317878358066082	; baunded
mean	: 0.03184449300169945	; std	: 0.015152763575315475	; non
mean	: 0.10780712962150574	; std	: 0.007689883932471275	; inflating
mean	: 0.22907370328903198	; std	: 0.002002377761527896	; shrinking
mean	: 0.06999096274375916	; std	: 0.006793029606342316	; baunded
mean	: 0.013998370617628098	; std	: 0.015460388734936714	; non
mean	: 0.10971968621015549	; std	: 0.007639069575816393	; inflating
mean	: 0.23105160892009735	; std	: 0.0017821482615545392	; shrinking
mean	: 0.07177183777093887	; std	: 0.0066007873974740505	; baunded
mean	: 0.014114467427134514	; std	: 0.013976110145449638	; non
> end program
