output_dir	: stem_log/evaluate_each_state/2021-01-21-02-38-15(16504)
sys.argv	: ['tool/evaluate_each_state.py', '--pretrained-model', 'stem_log/pre_train/2021-01-20-22-56-11(7299)/model-epoch-10-batch-10', '--dicts', 'stem_log/pre_train/2021-01-20-22-56-11(7299)/test_sample_dict.pkl', '--n-samples', '64']
> load model
model_path	: stem_log/pre_train/2021-01-20-22-56-11(7299)/model-epoch-10-batch-10
Model: "model"
_________________________________________________________________
Layer (type)                 Output Shape              Param #   
=================================================================
input_1 (InputLayer)         [(None, 100, 2)]          0         
_________________________________________________________________
LSTM (Model)                 (None, 128)               67072     
_________________________________________________________________
tf.math.l2_normalize (TFOpLa (None, 128)               0         
=================================================================
Total params: 67,072
Trainable params: 67,072
Non-trainable params: 0
_________________________________________________________________
dicts	: ['stem_log/pre_train/2021-01-20-22-56-11(7299)/test_sample_dict.pkl']
> load dicts
sample_dict	: {'inflating': 320, 'shrinking': 320, 'baunded': 320}
> shuffle
> slice
sample_dict	: {'inflating': 64, 'shrinking': 64, 'baunded': 64}
frame_sampling_rate	: 50
> dump sample dict
> embeding
anchor name	: inflating
mean	: 0.03092021308839321	; std	: 0.015844104811549187	; inflating
mean	: 0.06257709860801697	; std	: 0.008201781660318375	; shrinking
mean	: 0.06561397761106491	; std	: 0.008897393941879272	; baunded
mean	: 0.03092021308839321	; std	: 0.015844104811549187	; inflating
mean	: 0.06257709860801697	; std	: 0.008201781660318375	; shrinking
mean	: 0.06561397761106491	; std	: 0.008897393941879272	; baunded
mean	: 0.03092021308839321	; std	: 0.015844104811549187	; inflating
mean	: 0.06257709860801697	; std	: 0.008201781660318375	; shrinking
mean	: 0.06561397761106491	; std	: 0.008897393941879272	; baunded
mean	: 0.03516219183802605	; std	: 0.018363289535045624	; inflating
mean	: 0.05948235094547272	; std	: 0.01598210074007511	; shrinking
mean	: 0.043044038116931915	; std	: 0.00854463316500187	; baunded
mean	: 0.03092021308839321	; std	: 0.015844104811549187	; inflating
mean	: 0.06257709860801697	; std	: 0.008201781660318375	; shrinking
mean	: 0.06561397761106491	; std	: 0.008897393941879272	; baunded
mean	: 0.048165153712034225	; std	: 0.024569731205701828	; inflating
mean	: 0.09698635339736938	; std	: 0.01618439517915249	; shrinking
mean	: 0.03835533186793327	; std	: 0.00618235906586051	; baunded
mean	: 0.03833185136318207	; std	: 0.01976517029106617	; inflating
mean	: 0.08929672092199326	; std	: 0.007730972953140736	; shrinking
mean	: 0.06726222485303879	; std	: 0.007538501638919115	; baunded
mean	: 0.03092021308839321	; std	: 0.015844104811549187	; inflating
mean	: 0.06257709860801697	; std	: 0.008201781660318375	; shrinking
mean	: 0.06561397761106491	; std	: 0.008897393941879272	; baunded
mean	: 0.03092021308839321	; std	: 0.015844104811549187	; inflating
mean	: 0.06257709860801697	; std	: 0.008201781660318375	; shrinking
mean	: 0.06561397761106491	; std	: 0.008897393941879272	; baunded
mean	: 0.04303434491157532	; std	: 0.023290876299142838	; inflating
mean	: 0.0950208529829979	; std	: 0.012516413815319538	; shrinking
mean	: 0.05116402357816696	; std	: 0.006553687155246735	; baunded
mean	: 0.03171217069029808	; std	: 0.014768178574740887	; inflating
mean	: 0.07429052144289017	; std	: 0.008128325454890728	; shrinking
mean	: 0.06231522187590599	; std	: 0.008666519075632095	; baunded
mean	: 0.03516219183802605	; std	: 0.018363289535045624	; inflating
mean	: 0.05948235094547272	; std	: 0.01598210074007511	; shrinking
mean	: 0.043044038116931915	; std	: 0.00854463316500187	; baunded
mean	: 0.04288358613848686	; std	: 0.015483100898563862	; inflating
mean	: 0.044982414692640305	; std	: 0.011381332762539387	; shrinking
mean	: 0.06627582013607025	; std	: 0.008270107209682465	; baunded
mean	: 0.036492496728897095	; std	: 0.02000064216554165	; inflating
mean	: 0.06285692006349564	; std	: 0.017286526039242744	; shrinking
mean	: 0.03846396133303642	; std	: 0.008073252625763416	; baunded
mean	: 0.03677694499492645	; std	: 0.020400285720825195	; inflating
mean	: 0.08939534425735474	; std	: 0.008793804794549942	; shrinking
mean	: 0.061396390199661255	; std	: 0.007522428873926401	; baunded
mean	: 0.03183671832084656	; std	: 0.016704687848687172	; inflating
mean	: 0.0727880597114563	; std	: 0.013568091206252575	; shrinking
mean	: 0.04259326681494713	; std	: 0.008784608915448189	; baunded
mean	: 0.036492496728897095	; std	: 0.02000064216554165	; inflating
mean	: 0.06285692006349564	; std	: 0.017286526039242744	; shrinking
mean	: 0.03846396133303642	; std	: 0.008073252625763416	; baunded
mean	: 0.05167840048670769	; std	: 0.022461282089352608	; inflating
mean	: 0.04303779825568199	; std	: 0.01600460708141327	; shrinking
mean	: 0.092399962246418	; std	: 0.008509156294167042	; baunded
mean	: 0.03092021308839321	; std	: 0.015844104811549187	; inflating
mean	: 0.06257709860801697	; std	: 0.008201781660318375	; shrinking
mean	: 0.06561397761106491	; std	: 0.008897393941879272	; baunded
mean	: 0.03214350342750549	; std	: 0.015783702954649925	; inflating
mean	: 0.07880669087171555	; std	: 0.009653846733272076	; shrinking
mean	: 0.056929025799036026	; std	: 0.008076629601418972	; baunded
mean	: 0.03092021308839321	; std	: 0.015844104811549187	; inflating
mean	: 0.06257709860801697	; std	: 0.008201781660318375	; shrinking
mean	: 0.06561397761106491	; std	: 0.008897393941879272	; baunded
mean	: 0.05167840048670769	; std	: 0.022461282089352608	; inflating
mean	: 0.04303779825568199	; std	: 0.01600460708141327	; shrinking
mean	: 0.092399962246418	; std	: 0.008509156294167042	; baunded
mean	: 0.03638207167387009	; std	: 0.020523587241768837	; inflating
mean	: 0.07305574417114258	; std	: 0.017746204510331154	; shrinking
mean	: 0.030478106811642647	; std	: 0.008222735486924648	; baunded
mean	: 0.04056977853178978	; std	: 0.02363375388085842	; inflating
mean	: 0.08972710371017456	; std	: 0.016093352809548378	; shrinking
mean	: 0.03448650985956192	; std	: 0.00698372907936573	; baunded
mean	: 0.04056977853178978	; std	: 0.02363375388085842	; inflating
mean	: 0.08972710371017456	; std	: 0.016093352809548378	; shrinking
mean	: 0.03448650985956192	; std	: 0.00698372907936573	; baunded
mean	: 0.063966304063797	; std	: 0.02368466928601265	; inflating
mean	: 0.054060179740190506	; std	: 0.0207285825163126	; shrinking
mean	: 0.10849223285913467	; std	: 0.008153263479471207	; baunded
mean	: 0.036492496728897095	; std	: 0.02000064216554165	; inflating
mean	: 0.06285692006349564	; std	: 0.017286526039242744	; shrinking
mean	: 0.03846396133303642	; std	: 0.008073252625763416	; baunded
mean	: 0.03677694499492645	; std	: 0.020400285720825195	; inflating
mean	: 0.08939534425735474	; std	: 0.008793804794549942	; shrinking
mean	: 0.061396390199661255	; std	: 0.007522428873926401	; baunded
mean	: 0.03744462877511978	; std	: 0.018181392922997475	; inflating
mean	: 0.08610091358423233	; std	: 0.007220020517706871	; shrinking
mean	: 0.06815022230148315	; std	: 0.008047560229897499	; baunded
mean	: 0.03638207167387009	; std	: 0.020523587241768837	; inflating
mean	: 0.07305574417114258	; std	: 0.017746204510331154	; shrinking
mean	: 0.030478106811642647	; std	: 0.008222735486924648	; baunded
mean	: 0.03162459284067154	; std	: 0.015124209225177765	; inflating
mean	: 0.05979367345571518	; std	: 0.009550497867166996	; shrinking
mean	: 0.0597098283469677	; std	: 0.00898866169154644	; baunded
mean	: 0.03780627250671387	; std	: 0.01999257318675518	; inflating
mean	: 0.08908511698246002	; std	: 0.007995233871042728	; shrinking
mean	: 0.0658312737941742	; std	: 0.007668396458029747	; baunded
mean	: 0.03335827589035034	; std	: 0.019319679588079453	; inflating
mean	: 0.08281934261322021	; std	: 0.012492276728153229	; shrinking
mean	: 0.0462249293923378	; std	: 0.0077655380591750145	; baunded
mean	: 0.03780627250671387	; std	: 0.01999257318675518	; inflating
mean	: 0.08908511698246002	; std	: 0.007995233871042728	; shrinking
mean	: 0.0658312737941742	; std	: 0.007668396458029747	; baunded
mean	: 0.04303434491157532	; std	: 0.023290876299142838	; inflating
mean	: 0.0950208529829979	; std	: 0.012516413815319538	; shrinking
mean	: 0.05116402357816696	; std	: 0.006553687155246735	; baunded
mean	: 0.05167840048670769	; std	: 0.022461282089352608	; inflating
mean	: 0.04303779825568199	; std	: 0.01600460708141327	; shrinking
mean	: 0.092399962246418	; std	: 0.008509156294167042	; baunded
mean	: 0.036492496728897095	; std	: 0.02000064216554165	; inflating
mean	: 0.06285692006349564	; std	: 0.017286526039242744	; shrinking
mean	: 0.03846396133303642	; std	: 0.008073252625763416	; baunded
mean	: 0.03162459284067154	; std	: 0.015124209225177765	; inflating
mean	: 0.05979367345571518	; std	: 0.009550497867166996	; shrinking
mean	: 0.0597098283469677	; std	: 0.00898866169154644	; baunded
mean	: 0.03516219183802605	; std	: 0.018363289535045624	; inflating
mean	: 0.05948235094547272	; std	: 0.01598210074007511	; shrinking
mean	: 0.043044038116931915	; std	: 0.00854463316500187	; baunded
mean	: 0.04056977853178978	; std	: 0.02363375388085842	; inflating
mean	: 0.08972710371017456	; std	: 0.016093352809548378	; shrinking
mean	: 0.03448650985956192	; std	: 0.00698372907936573	; baunded
mean	: 0.035322099924087524	; std	: 0.019877523183822632	; inflating
mean	: 0.07013297080993652	; std	: 0.01733243465423584	; shrinking
mean	: 0.03296631574630737	; std	: 0.008331064134836197	; baunded
mean	: 0.03833185136318207	; std	: 0.01976517029106617	; inflating
mean	: 0.08929672092199326	; std	: 0.007730972953140736	; shrinking
mean	: 0.06726222485303879	; std	: 0.007538501638919115	; baunded
mean	: 0.03744462877511978	; std	: 0.018181392922997475	; inflating
mean	: 0.08610091358423233	; std	: 0.007220020517706871	; shrinking
mean	: 0.06815022230148315	; std	: 0.008047560229897499	; baunded
mean	: 0.036492496728897095	; std	: 0.02000064216554165	; inflating
mean	: 0.06285692006349564	; std	: 0.017286526039242744	; shrinking
mean	: 0.03846396133303642	; std	: 0.008073252625763416	; baunded
mean	: 0.06279253214597702	; std	: 0.025428539142012596	; inflating
mean	: 0.04394667595624924	; std	: 0.022038428112864494	; shrinking
mean	: 0.10575816035270691	; std	: 0.008349333889782429	; baunded
mean	: 0.03638207167387009	; std	: 0.020523587241768837	; inflating
mean	: 0.07305574417114258	; std	: 0.017746204510331154	; shrinking
mean	: 0.030478106811642647	; std	: 0.008222735486924648	; baunded
mean	: 0.036382295191287994	; std	: 0.021165916696190834	; inflating
mean	: 0.08925776183605194	; std	: 0.010596919804811478	; shrinking
mean	: 0.054104894399642944	; std	: 0.007373228203505278	; baunded
mean	: 0.04647425189614296	; std	: 0.0244346521794796	; inflating
mean	: 0.0982426106929779	; std	: 0.01400698721408844	; shrinking
mean	: 0.04654166102409363	; std	: 0.006143298931419849	; baunded
mean	: 0.03707881271839142	; std	: 0.021211938932538033	; inflating
mean	: 0.09002570807933807	; std	: 0.010489295236766338	; shrinking
mean	: 0.05468903109431267	; std	: 0.007268426939845085	; baunded
mean	: 0.03934589773416519	; std	: 0.0164413433521986	; inflating
mean	: 0.06278626620769501	; std	: 0.008285542950034142	; shrinking
mean	: 0.07894451171159744	; std	: 0.00908342283219099	; baunded
mean	: 0.044037699699401855	; std	: 0.024134287610650063	; inflating
mean	: 0.09734876453876495	; std	: 0.0126393623650074	; shrinking
mean	: 0.05075953155755997	; std	: 0.006332627031952143	; baunded
mean	: 0.035716913640499115	; std	: 0.019383929669857025	; inflating
mean	: 0.08692393451929092	; std	: 0.00828683003783226	; shrinking
mean	: 0.06349469721317291	; std	: 0.007802831009030342	; baunded
mean	: 0.038270480930805206	; std	: 0.02289070375263691	; inflating
mean	: 0.09103520214557648	; std	: 0.012838459573686123	; shrinking
mean	: 0.046849094331264496	; std	: 0.006950082257390022	; baunded
mean	: 0.036492496728897095	; std	: 0.02000064216554165	; inflating
mean	: 0.06285692006349564	; std	: 0.017286526039242744	; shrinking
mean	: 0.03846396133303642	; std	: 0.008073252625763416	; baunded
mean	: 0.0362681970000267	; std	: 0.02129986695945263	; inflating
mean	: 0.08773884177207947	; std	: 0.013032269664108753	; shrinking
mean	: 0.04447389766573906	; std	: 0.007191681768745184	; baunded
mean	: 0.036355890333652496	; std	: 0.021173827350139618	; inflating
mean	: 0.08624190837144852	; std	: 0.014109485782682896	; shrinking
mean	: 0.040422987192869186	; std	: 0.007583382539451122	; baunded
mean	: 0.05167840048670769	; std	: 0.022461282089352608	; inflating
mean	: 0.04303779825568199	; std	: 0.01600460708141327	; shrinking
mean	: 0.092399962246418	; std	: 0.008509156294167042	; baunded
mean	: 0.03514833375811577	; std	: 0.019897112622857094	; inflating
mean	: 0.07347233593463898	; std	: 0.01711772195994854	; shrinking
mean	: 0.031812962144613266	; std	: 0.00864139012992382	; baunded
mean	: 0.03934589773416519	; std	: 0.0164413433521986	; inflating
mean	: 0.06278626620769501	; std	: 0.008285542950034142	; shrinking
mean	: 0.07894451171159744	; std	: 0.00908342283219099	; baunded
mean	: 0.06279253214597702	; std	: 0.025428539142012596	; inflating
mean	: 0.04394667595624924	; std	: 0.022038428112864494	; shrinking
mean	: 0.10575816035270691	; std	: 0.008349333889782429	; baunded
mean	: 0.03934589773416519	; std	: 0.0164413433521986	; inflating
mean	: 0.06278626620769501	; std	: 0.008285542950034142	; shrinking
mean	: 0.07894451171159744	; std	: 0.00908342283219099	; baunded
mean	: 0.03162459284067154	; std	: 0.015124209225177765	; inflating
mean	: 0.05979367345571518	; std	: 0.009550497867166996	; shrinking
mean	: 0.0597098283469677	; std	: 0.00898866169154644	; baunded
mean	: 0.07051888108253479	; std	: 0.026081884279847145	; inflating
mean	: 0.04901544749736786	; std	: 0.024918973445892334	; shrinking
mean	: 0.11478343605995178	; std	: 0.008446997962892056	; baunded
mean	: 0.063966304063797	; std	: 0.02368466928601265	; inflating
mean	: 0.054060179740190506	; std	: 0.0207285825163126	; shrinking
mean	: 0.10849223285913467	; std	: 0.008153263479471207	; baunded
anchor name	: shrinking
mean	: 0.061072006821632385	; std	: 0.016080491244792938	; inflating
mean	: 0.03316323086619377	; std	: 0.015394194051623344	; shrinking
mean	: 0.08138013631105423	; std	: 0.0074340361170470715	; baunded
mean	: 0.06057371199131012	; std	: 0.014378448016941547	; inflating
mean	: 0.04651280492544174	; std	: 0.024585403501987457	; shrinking
mean	: 0.056443244218826294	; std	: 0.008697300218045712	; baunded
mean	: 0.061072006821632385	; std	: 0.016080491244792938	; inflating
mean	: 0.03316323086619377	; std	: 0.015394194051623344	; shrinking
mean	: 0.08138013631105423	; std	: 0.0074340361170470715	; baunded
mean	: 0.061072006821632385	; std	: 0.016080491244792938	; inflating
mean	: 0.03316323086619377	; std	: 0.015394194051623344	; shrinking
mean	: 0.08138013631105423	; std	: 0.0074340361170470715	; baunded
mean	: 0.06057371199131012	; std	: 0.014378448016941547	; inflating
mean	: 0.04651280492544174	; std	: 0.024585403501987457	; shrinking
mean	: 0.056443244218826294	; std	: 0.008697300218045712	; baunded
mean	: 0.06057371199131012	; std	: 0.014378448016941547	; inflating
mean	: 0.04651280492544174	; std	: 0.024585403501987457	; shrinking
mean	: 0.056443244218826294	; std	: 0.008697300218045712	; baunded
mean	: 0.06656540930271149	; std	: 0.016549622640013695	; inflating
mean	: 0.03133302181959152	; std	: 0.013372027315199375	; shrinking
mean	: 0.086265429854393	; std	: 0.008682296611368656	; baunded
mean	: 0.06057371199131012	; std	: 0.014378448016941547	; inflating
mean	: 0.04651280492544174	; std	: 0.024585403501987457	; shrinking
mean	: 0.056443244218826294	; std	: 0.008697300218045712	; baunded
mean	: 0.07403436303138733	; std	: 0.021835001185536385	; inflating
mean	: 0.030875511467456818	; std	: 0.022129716351628304	; shrinking
mean	: 0.10568544268608093	; std	: 0.008321222849190235	; baunded
mean	: 0.061072006821632385	; std	: 0.016080491244792938	; inflating
mean	: 0.03316323086619377	; std	: 0.015394194051623344	; shrinking
mean	: 0.08138013631105423	; std	: 0.0074340361170470715	; baunded
mean	: 0.06057371199131012	; std	: 0.014378448016941547	; inflating
mean	: 0.04651280492544174	; std	: 0.024585403501987457	; shrinking
mean	: 0.056443244218826294	; std	: 0.008697300218045712	; baunded
mean	: 0.07528789341449738	; std	: 0.015025637112557888	; inflating
mean	: 0.06336668133735657	; std	: 0.029040342196822166	; shrinking
mean	: 0.053522851318120956	; std	: 0.006910514086484909	; baunded
mean	: 0.06416629254817963	; std	: 0.019608139991760254	; inflating
mean	: 0.03169965744018555	; std	: 0.01708635687828064	; shrinking
mean	: 0.09534303098917007	; std	: 0.008701066486537457	; baunded
mean	: 0.06656540930271149	; std	: 0.016549622640013695	; inflating
mean	: 0.03133302181959152	; std	: 0.013372027315199375	; shrinking
mean	: 0.086265429854393	; std	: 0.008682296611368656	; baunded
mean	: 0.06713312864303589	; std	: 0.017258476465940475	; inflating
mean	: 0.031025327742099762	; std	: 0.014469204470515251	; shrinking
mean	: 0.08634890615940094	; std	: 0.008051659911870956	; baunded
mean	: 0.07811197638511658	; std	: 0.024303361773490906	; inflating
mean	: 0.04033944755792618	; std	: 0.027330858632922173	; shrinking
mean	: 0.11644167453050613	; std	: 0.00825690571218729	; baunded
mean	: 0.08028809726238251	; std	: 0.023998407647013664	; inflating
mean	: 0.03763018921017647	; std	: 0.027545422315597534	; shrinking
mean	: 0.1170545369386673	; std	: 0.008573923259973526	; baunded
mean	: 0.07275799661874771	; std	: 0.015768172219395638	; inflating
mean	: 0.06555289030075073	; std	: 0.029105426743626595	; shrinking
mean	: 0.04816266894340515	; std	: 0.006630010902881622	; baunded
mean	: 0.061072006821632385	; std	: 0.016080491244792938	; inflating
mean	: 0.03316323086619377	; std	: 0.015394194051623344	; shrinking
mean	: 0.08138013631105423	; std	: 0.0074340361170470715	; baunded
mean	: 0.06057371199131012	; std	: 0.014378448016941547	; inflating
mean	: 0.04651280492544174	; std	: 0.024585403501987457	; shrinking
mean	: 0.056443244218826294	; std	: 0.008697300218045712	; baunded
mean	: 0.08641481399536133	; std	: 0.02434486337006092	; inflating
mean	: 0.04545252397656441	; std	: 0.02768346667289734	; shrinking
mean	: 0.12382082641124725	; std	: 0.008594922721385956	; baunded
mean	: 0.07550963014364243	; std	: 0.023566005751490593	; inflating
mean	: 0.03322255238890648	; std	: 0.02544303424656391	; shrinking
mean	: 0.11040128767490387	; std	: 0.00825692992657423	; baunded
mean	: 0.07602962851524353	; std	: 0.024057675153017044	; inflating
mean	: 0.03445203974843025	; std	: 0.026756007224321365	; shrinking
mean	: 0.1124405711889267	; std	: 0.008314233273267746	; baunded
mean	: 0.06713312864303589	; std	: 0.017258476465940475	; inflating
mean	: 0.031025327742099762	; std	: 0.014469204470515251	; shrinking
mean	: 0.08634890615940094	; std	: 0.008051659911870956	; baunded
mean	: 0.06713312864303589	; std	: 0.017258476465940475	; inflating
mean	: 0.031025327742099762	; std	: 0.014469204470515251	; shrinking
mean	: 0.08634890615940094	; std	: 0.008051659911870956	; baunded
mean	: 0.06176929548382759	; std	: 0.018719930201768875	; inflating
mean	: 0.030781863257288933	; std	: 0.015557779930531979	; shrinking
mean	: 0.08830755949020386	; std	: 0.007955419830977917	; baunded
mean	: 0.07663865387439728	; std	: 0.014262051321566105	; inflating
mean	: 0.05890124291181564	; std	: 0.027553344145417213	; shrinking
mean	: 0.06041136384010315	; std	: 0.007545208092778921	; baunded
mean	: 0.07121682167053223	; std	: 0.021563759073615074	; inflating
mean	: 0.031496286392211914	; std	: 0.02023899182677269	; shrinking
mean	: 0.10203120112419128	; std	: 0.007978759706020355	; baunded
mean	: 0.06656540930271149	; std	: 0.016549622640013695	; inflating
mean	: 0.03133302181959152	; std	: 0.013372027315199375	; shrinking
mean	: 0.086265429854393	; std	: 0.008682296611368656	; baunded
mean	: 0.0825616717338562	; std	: 0.02422521263360977	; inflating
mean	: 0.040164485573768616	; std	: 0.027314763516187668	; shrinking
mean	: 0.11914613842964172	; std	: 0.008513376116752625	; baunded
mean	: 0.07826101779937744	; std	: 0.024815527722239494	; inflating
mean	: 0.03752749413251877	; std	: 0.028121231123805046	; shrinking
mean	: 0.11629843711853027	; std	: 0.008365849032998085	; baunded
mean	: 0.07663865387439728	; std	: 0.014262051321566105	; inflating
mean	: 0.05890124291181564	; std	: 0.027553344145417213	; shrinking
mean	: 0.06041136384010315	; std	: 0.007545208092778921	; baunded
mean	: 0.07811197638511658	; std	: 0.024303361773490906	; inflating
mean	: 0.04033944755792618	; std	: 0.027330858632922173	; shrinking
mean	: 0.11644167453050613	; std	: 0.00825690571218729	; baunded
mean	: 0.07602962851524353	; std	: 0.024057675153017044	; inflating
mean	: 0.03445203974843025	; std	: 0.026756007224321365	; shrinking
mean	: 0.1124405711889267	; std	: 0.008314233273267746	; baunded
mean	: 0.07403436303138733	; std	: 0.021835001185536385	; inflating
mean	: 0.030875511467456818	; std	: 0.022129716351628304	; shrinking
mean	: 0.10568544268608093	; std	: 0.008321222849190235	; baunded
mean	: 0.06416629254817963	; std	: 0.019608139991760254	; inflating
mean	: 0.03169965744018555	; std	: 0.01708635687828064	; shrinking
mean	: 0.09534303098917007	; std	: 0.008701066486537457	; baunded
mean	: 0.0732448399066925	; std	: 0.01806323044002056	; inflating
mean	: 0.03318296745419502	; std	: 0.013730709441006184	; shrinking
mean	: 0.0935419425368309	; std	: 0.008293064311146736	; baunded
mean	: 0.05271201580762863	; std	: 0.014951278455555439	; inflating
mean	: 0.040387868881225586	; std	: 0.016522441059350967	; shrinking
mean	: 0.06269783526659012	; std	: 0.007600472308695316	; baunded
mean	: 0.07328899204730988	; std	: 0.02027839608490467	; inflating
mean	: 0.030435457825660706	; std	: 0.01789790205657482	; shrinking
mean	: 0.10019098222255707	; std	: 0.008217955939471722	; baunded
mean	: 0.07403436303138733	; std	: 0.021835001185536385	; inflating
mean	: 0.030875511467456818	; std	: 0.022129716351628304	; shrinking
mean	: 0.10568544268608093	; std	: 0.008321222849190235	; baunded
mean	: 0.07602962851524353	; std	: 0.024057675153017044	; inflating
mean	: 0.03445203974843025	; std	: 0.026756007224321365	; shrinking
mean	: 0.1124405711889267	; std	: 0.008314233273267746	; baunded
mean	: 0.056649912148714066	; std	: 0.013670460321009159	; inflating
mean	: 0.043854720890522	; std	: 0.019075505435466766	; shrinking
mean	: 0.05997458100318909	; std	: 0.007249773479998112	; baunded
mean	: 0.056649912148714066	; std	: 0.013670460321009159	; inflating
mean	: 0.043854720890522	; std	: 0.019075505435466766	; shrinking
mean	: 0.05997458100318909	; std	: 0.007249773479998112	; baunded
mean	: 0.07550963014364243	; std	: 0.023566005751490593	; inflating
mean	: 0.03322255238890648	; std	: 0.02544303424656391	; shrinking
mean	: 0.11040128767490387	; std	: 0.00825692992657423	; baunded
mean	: 0.07825332880020142	; std	: 0.025066543370485306	; inflating
mean	: 0.04183163866400719	; std	: 0.027262618765234947	; shrinking
mean	: 0.1173265278339386	; std	: 0.008314750157296658	; baunded
mean	: 0.06057371199131012	; std	: 0.014378448016941547	; inflating
mean	: 0.04651280492544174	; std	: 0.024585403501987457	; shrinking
mean	: 0.056443244218826294	; std	: 0.008697300218045712	; baunded
mean	: 0.07811197638511658	; std	: 0.024303361773490906	; inflating
mean	: 0.04033944755792618	; std	: 0.027330858632922173	; shrinking
mean	: 0.11644167453050613	; std	: 0.00825690571218729	; baunded
mean	: 0.09052406251430511	; std	: 0.012584435753524303	; inflating
mean	: 0.06241584196686745	; std	: 0.02182266116142273	; shrinking
mean	: 0.08129945397377014	; std	: 0.008354678750038147	; baunded
mean	: 0.07811197638511658	; std	: 0.024303361773490906	; inflating
mean	: 0.04033944755792618	; std	: 0.027330858632922173	; shrinking
mean	: 0.11644167453050613	; std	: 0.00825690571218729	; baunded
mean	: 0.07423461228609085	; std	: 0.02052534744143486	; inflating
mean	: 0.030690334737300873	; std	: 0.018442995846271515	; shrinking
mean	: 0.10170678794384003	; std	: 0.00829998031258583	; baunded
mean	: 0.07550963014364243	; std	: 0.023566005751490593	; inflating
mean	: 0.03322255238890648	; std	: 0.02544303424656391	; shrinking
mean	: 0.11040128767490387	; std	: 0.00825692992657423	; baunded
mean	: 0.07645142078399658	; std	: 0.023940488696098328	; inflating
mean	: 0.03432142734527588	; std	: 0.026257021352648735	; shrinking
mean	: 0.11217379570007324	; std	: 0.008297937922179699	; baunded
mean	: 0.07034903764724731	; std	: 0.014574066735804081	; inflating
mean	: 0.03738512471318245	; std	: 0.01427814643830061	; shrinking
mean	: 0.07970473170280457	; std	: 0.007481597363948822	; baunded
mean	: 0.06404662132263184	; std	: 0.017123401165008545	; inflating
mean	: 0.034247878938913345	; std	: 0.013809301890432835	; shrinking
mean	: 0.08280372619628906	; std	: 0.007664109114557505	; baunded
mean	: 0.08028809726238251	; std	: 0.023998407647013664	; inflating
mean	: 0.03763018921017647	; std	: 0.027545422315597534	; shrinking
mean	: 0.1170545369386673	; std	: 0.008573923259973526	; baunded
mean	: 0.0825827419757843	; std	: 0.02323591336607933	; inflating
mean	: 0.04137236624956131	; std	: 0.02599114179611206	; shrinking
mean	: 0.11886651068925858	; std	: 0.008730854839086533	; baunded
mean	: 0.07916606962680817	; std	: 0.025305097922682762	; inflating
mean	: 0.04199235886335373	; std	: 0.027972424402832985	; shrinking
mean	: 0.1185879111289978	; std	: 0.008342656306922436	; baunded
mean	: 0.07864870876073837	; std	: 0.02304733172059059	; inflating
mean	: 0.03409388288855553	; std	: 0.02518693171441555	; shrinking
mean	: 0.11271132528781891	; std	: 0.008548048324882984	; baunded
mean	: 0.07528789341449738	; std	: 0.015025637112557888	; inflating
mean	: 0.06336668133735657	; std	: 0.029040342196822166	; shrinking
mean	: 0.053522851318120956	; std	: 0.006910514086484909	; baunded
mean	: 0.08641481399536133	; std	: 0.02434486337006092	; inflating
mean	: 0.04545252397656441	; std	: 0.02768346667289734	; shrinking
mean	: 0.12382082641124725	; std	: 0.008594922721385956	; baunded
mean	: 0.07812313735485077	; std	: 0.021242231130599976	; inflating
mean	: 0.03266854211688042	; std	: 0.020741742104291916	; shrinking
mean	: 0.10782843828201294	; std	: 0.008552578277885914	; baunded
mean	: 0.08122141659259796	; std	: 0.023939223960042	; inflating
mean	: 0.03758556395769119	; std	: 0.027212461456656456	; shrinking
mean	: 0.11736467480659485	; std	: 0.008621697314083576	; baunded
mean	: 0.06368932873010635	; std	: 0.018240030854940414	; inflating
mean	: 0.03094719722867012	; std	: 0.015520215965807438	; shrinking
mean	: 0.08823879063129425	; std	: 0.007726761978119612	; baunded
mean	: 0.06673050671815872	; std	: 0.014859943650662899	; inflating
mean	: 0.04330189526081085	; std	: 0.019932525232434273	; shrinking
mean	: 0.06668238341808319	; std	: 0.007790283299982548	; baunded
anchor name	: baunded
mean	: 0.05875087529420853	; std	: 0.021962838247418404	; inflating
mean	: 0.08953002095222473	; std	: 0.023646926507353783	; shrinking
mean	: 0.013871164992451668	; std	: 0.007035622838884592	; baunded
mean	: 0.05875087529420853	; std	: 0.021962838247418404	; inflating
mean	: 0.08953002095222473	; std	: 0.023646926507353783	; shrinking
mean	: 0.013871164992451668	; std	: 0.007035622838884592	; baunded
mean	: 0.05875087529420853	; std	: 0.021962838247418404	; inflating
mean	: 0.08953002095222473	; std	: 0.023646926507353783	; shrinking
mean	: 0.013871164992451668	; std	: 0.007035622838884592	; baunded
mean	: 0.06065332517027855	; std	: 0.022324509918689728	; inflating
mean	: 0.09531368315219879	; std	: 0.02223973535001278	; shrinking
mean	: 0.01781020686030388	; std	: 0.009275606833398342	; baunded
mean	: 0.06065332517027855	; std	: 0.022324509918689728	; inflating
mean	: 0.09531368315219879	; std	: 0.02223973535001278	; shrinking
mean	: 0.01781020686030388	; std	: 0.009275606833398342	; baunded
mean	: 0.0559983104467392	; std	: 0.021556546911597252	; inflating
mean	: 0.08807079493999481	; std	: 0.02290070801973343	; shrinking
mean	: 0.01528413500636816	; std	: 0.006711124442517757	; baunded
mean	: 0.06065332517027855	; std	: 0.022324509918689728	; inflating
mean	: 0.09531368315219879	; std	: 0.02223973535001278	; shrinking
mean	: 0.01781020686030388	; std	: 0.009275606833398342	; baunded
mean	: 0.05875087529420853	; std	: 0.021962838247418404	; inflating
mean	: 0.08953002095222473	; std	: 0.023646926507353783	; shrinking
mean	: 0.013871164992451668	; std	: 0.007035622838884592	; baunded
mean	: 0.052274927496910095	; std	: 0.021828044205904007	; inflating
mean	: 0.08624975383281708	; std	: 0.02219436876475811	; shrinking
mean	: 0.016457226127386093	; std	: 0.007542876061052084	; baunded
mean	: 0.06782568991184235	; std	: 0.02220642752945423	; inflating
mean	: 0.09888719022274017	; std	: 0.024075288325548172	; shrinking
mean	: 0.01784673146903515	; std	: 0.008040776476264	; baunded
mean	: 0.05449921265244484	; std	: 0.022429311648011208	; inflating
mean	: 0.08987308293581009	; std	: 0.022292906418442726	; shrinking
mean	: 0.013890568166971207	; std	: 0.0071985418908298016	; baunded
mean	: 0.06065332517027855	; std	: 0.022324509918689728	; inflating
mean	: 0.09531368315219879	; std	: 0.02223973535001278	; shrinking
mean	: 0.01781020686030388	; std	: 0.009275606833398342	; baunded
mean	: 0.052274927496910095	; std	: 0.021828044205904007	; inflating
mean	: 0.08624975383281708	; std	: 0.02219436876475811	; shrinking
mean	: 0.016457226127386093	; std	: 0.007542876061052084	; baunded
mean	: 0.052274927496910095	; std	: 0.021828044205904007	; inflating
mean	: 0.08624975383281708	; std	: 0.02219436876475811	; shrinking
mean	: 0.016457226127386093	; std	: 0.007542876061052084	; baunded
mean	: 0.05449921265244484	; std	: 0.022429311648011208	; inflating
mean	: 0.08987308293581009	; std	: 0.022292906418442726	; shrinking
mean	: 0.013890568166971207	; std	: 0.0071985418908298016	; baunded
mean	: 0.06065332517027855	; std	: 0.022324509918689728	; inflating
mean	: 0.09531368315219879	; std	: 0.02223973535001278	; shrinking
mean	: 0.01781020686030388	; std	: 0.009275606833398342	; baunded
mean	: 0.06001591682434082	; std	: 0.022515375167131424	; inflating
mean	: 0.09527160227298737	; std	: 0.02260645665228367	; shrinking
mean	: 0.015321457758545876	; std	: 0.006889052223414183	; baunded
mean	: 0.06782568991184235	; std	: 0.02220642752945423	; inflating
mean	: 0.09888719022274017	; std	: 0.024075288325548172	; shrinking
mean	: 0.01784673146903515	; std	: 0.008040776476264	; baunded
mean	: 0.05209975317120552	; std	: 0.01951523870229721	; inflating
mean	: 0.08072474598884583	; std	: 0.022203562781214714	; shrinking
mean	: 0.024024896323680878	; std	: 0.010089482180774212	; baunded
mean	: 0.05721297115087509	; std	: 0.021007254719734192	; inflating
mean	: 0.08629348129034042	; std	: 0.02367527037858963	; shrinking
mean	: 0.01681302860379219	; std	: 0.007484678644686937	; baunded
mean	: 0.05209975317120552	; std	: 0.01951523870229721	; inflating
mean	: 0.08072474598884583	; std	: 0.022203562781214714	; shrinking
mean	: 0.024024896323680878	; std	: 0.010089482180774212	; baunded
mean	: 0.05875087529420853	; std	: 0.021962838247418404	; inflating
mean	: 0.08953002095222473	; std	: 0.023646926507353783	; shrinking
mean	: 0.013871164992451668	; std	: 0.007035622838884592	; baunded
mean	: 0.06409791111946106	; std	: 0.021929234266281128	; inflating
mean	: 0.09685226529836655	; std	: 0.022770974785089493	; shrinking
mean	: 0.019445711746811867	; std	: 0.007534001488238573	; baunded
mean	: 0.07633901387453079	; std	: 0.02217806503176689	; inflating
mean	: 0.10599091649055481	; std	: 0.024726901203393936	; shrinking
mean	: 0.024691233411431313	; std	: 0.008924943394958973	; baunded
mean	: 0.05721297115087509	; std	: 0.021007254719734192	; inflating
mean	: 0.08629348129034042	; std	: 0.02367527037858963	; shrinking
mean	: 0.01681302860379219	; std	: 0.007484678644686937	; baunded
mean	: 0.05637285113334656	; std	: 0.021815940737724304	; inflating
mean	: 0.08913096785545349	; std	: 0.02280348166823387	; shrinking
mean	: 0.014696609228849411	; std	: 0.006402583792805672	; baunded
mean	: 0.05480620265007019	; std	: 0.02071186900138855	; inflating
mean	: 0.08130240440368652	; std	: 0.02384653128683567	; shrinking
mean	: 0.017477771267294884	; std	: 0.007940557785332203	; baunded
mean	: 0.05711214244365692	; std	: 0.02106393873691559	; inflating
mean	: 0.0838070809841156	; std	: 0.024184254929423332	; shrinking
mean	: 0.015945449471473694	; std	: 0.0067949616350233555	; baunded
mean	: 0.06388293951749802	; std	: 0.02280639298260212	; inflating
mean	: 0.09893091022968292	; std	: 0.022981327027082443	; shrinking
mean	: 0.016562778502702713	; std	: 0.008027974516153336	; baunded
mean	: 0.05449921265244484	; std	: 0.022429311648011208	; inflating
mean	: 0.08987308293581009	; std	: 0.022292906418442726	; shrinking
mean	: 0.013890568166971207	; std	: 0.0071985418908298016	; baunded
mean	: 0.053390275686979294	; std	: 0.021447526291012764	; inflating
mean	: 0.08560551702976227	; std	: 0.02275453694164753	; shrinking
mean	: 0.015658624470233917	; std	: 0.007749148644506931	; baunded
mean	: 0.05875087529420853	; std	: 0.021962838247418404	; inflating
mean	: 0.08953002095222473	; std	: 0.023646926507353783	; shrinking
mean	: 0.013871164992451668	; std	: 0.007035622838884592	; baunded
mean	: 0.06295095384120941	; std	: 0.02249390259385109	; inflating
mean	: 0.09648779034614563	; std	: 0.023193856701254845	; shrinking
mean	: 0.015413230285048485	; std	: 0.008008001372218132	; baunded
mean	: 0.05405232310295105	; std	: 0.02069130912423134	; inflating
mean	: 0.08088447898626328	; std	: 0.02375301532447338	; shrinking
mean	: 0.01787426695227623	; std	: 0.008180634118616581	; baunded
mean	: 0.050277069211006165	; std	: 0.020097484812140465	; inflating
mean	: 0.08024471998214722	; std	: 0.022180121392011642	; shrinking
mean	: 0.02117137424647808	; std	: 0.009562273509800434	; baunded
mean	: 0.057372547686100006	; std	: 0.019761543720960617	; inflating
mean	: 0.0812516063451767	; std	: 0.024487309157848358	; shrinking
mean	: 0.021961642429232597	; std	: 0.008520743809640408	; baunded
mean	: 0.06295095384120941	; std	: 0.02249390259385109	; inflating
mean	: 0.09648779034614563	; std	: 0.023193856701254845	; shrinking
mean	: 0.015413230285048485	; std	: 0.008008001372218132	; baunded
mean	: 0.059394098818302155	; std	: 0.021286431699991226	; inflating
mean	: 0.08949108421802521	; std	: 0.023424778133630753	; shrinking
mean	: 0.017245778813958168	; std	: 0.006452406290918589	; baunded
mean	: 0.07768945395946503	; std	: 0.020709678530693054	; inflating
mean	: 0.09931613504886627	; std	: 0.027239376679062843	; shrinking
mean	: 0.028834065422415733	; std	: 0.006366125773638487	; baunded
mean	: 0.0752386599779129	; std	: 0.023129280656576157	; inflating
mean	: 0.11085057258605957	; std	: 0.02304653264582157	; shrinking
mean	: 0.027423536404967308	; std	: 0.010386833921074867	; baunded
mean	: 0.05329248309135437	; std	: 0.017755959182977676	; inflating
mean	: 0.07485483586788177	; std	: 0.022722424939274788	; shrinking
mean	: 0.03044743277132511	; std	: 0.01078497152775526	; baunded
mean	: 0.08081777393817902	; std	: 0.021729357540607452	; inflating
mean	: 0.10570085048675537	; std	: 0.02676795795559883	; shrinking
mean	: 0.02824428677558899	; std	: 0.006630460266023874	; baunded
mean	: 0.057372547686100006	; std	: 0.019761543720960617	; inflating
mean	: 0.0812516063451767	; std	: 0.024487309157848358	; shrinking
mean	: 0.021961642429232597	; std	: 0.008520743809640408	; baunded
mean	: 0.053390275686979294	; std	: 0.021447526291012764	; inflating
mean	: 0.08560551702976227	; std	: 0.02275453694164753	; shrinking
mean	: 0.015658624470233917	; std	: 0.007749148644506931	; baunded
mean	: 0.059394098818302155	; std	: 0.021286431699991226	; inflating
mean	: 0.08949108421802521	; std	: 0.023424778133630753	; shrinking
mean	: 0.017245778813958168	; std	: 0.006452406290918589	; baunded
mean	: 0.05449921265244484	; std	: 0.022429311648011208	; inflating
mean	: 0.08987308293581009	; std	: 0.022292906418442726	; shrinking
mean	: 0.013890568166971207	; std	: 0.0071985418908298016	; baunded
mean	: 0.06371493637561798	; std	: 0.021274855360388756	; inflating
mean	: 0.09073211997747421	; std	: 0.024951757863163948	; shrinking
mean	: 0.017209306359291077	; std	: 0.005467025097459555	; baunded
mean	: 0.0742557942867279	; std	: 0.023136546835303307	; inflating
mean	: 0.11004607379436493	; std	: 0.023002535104751587	; shrinking
mean	: 0.026507090777158737	; std	: 0.010166038759052753	; baunded
mean	: 0.06679761409759521	; std	: 0.02221042849123478	; inflating
mean	: 0.09886887669563293	; std	: 0.023515012115240097	; shrinking
mean	: 0.018175935372710228	; std	: 0.008432137779891491	; baunded
mean	: 0.05405232310295105	; std	: 0.02069130912423134	; inflating
mean	: 0.08088447898626328	; std	: 0.02375301532447338	; shrinking
mean	: 0.01787426695227623	; std	: 0.008180634118616581	; baunded
mean	: 0.04757092148065567	; std	: 0.021567771211266518	; inflating
mean	: 0.08384454250335693	; std	: 0.020753175020217896	; shrinking
mean	: 0.018434327095746994	; std	: 0.008372312411665916	; baunded
mean	: 0.058460038155317307	; std	: 0.022784516215324402	; inflating
mean	: 0.09467679262161255	; std	: 0.02218586951494217	; shrinking
mean	: 0.016039498150348663	; std	: 0.008002436719834805	; baunded
mean	: 0.06743614375591278	; std	: 0.022280270233750343	; inflating
mean	: 0.09883183240890503	; std	: 0.024069255217909813	; shrinking
mean	: 0.01726541295647621	; std	: 0.007470991928130388	; baunded
mean	: 0.04757092148065567	; std	: 0.021567771211266518	; inflating
mean	: 0.08384454250335693	; std	: 0.020753175020217896	; shrinking
mean	: 0.018434327095746994	; std	: 0.008372312411665916	; baunded
mean	: 0.07314406335353851	; std	: 0.02018623612821102	; inflating
mean	: 0.09476444870233536	; std	: 0.026725932955741882	; shrinking
mean	: 0.02799859084188938	; std	: 0.0066760811023414135	; baunded
mean	: 0.05405232310295105	; std	: 0.02069130912423134	; inflating
mean	: 0.08088447898626328	; std	: 0.02375301532447338	; shrinking
mean	: 0.01787426695227623	; std	: 0.008180634118616581	; baunded
mean	: 0.04757092148065567	; std	: 0.021567771211266518	; inflating
mean	: 0.08384454250335693	; std	: 0.020753175020217896	; shrinking
mean	: 0.018434327095746994	; std	: 0.008372312411665916	; baunded
mean	: 0.05874858796596527	; std	: 0.021631961688399315	; inflating
mean	: 0.08799576759338379	; std	: 0.023934772238135338	; shrinking
mean	: 0.0140300951898098	; std	: 0.005933764390647411	; baunded
mean	: 0.04856514930725098	; std	: 0.02114311046898365	; inflating
mean	: 0.08264502882957458	; std	: 0.02128857932984829	; shrinking
mean	: 0.01875961758196354	; std	: 0.008598248474299908	; baunded
mean	: 0.05509056895971298	; std	: 0.02267209254205227	; inflating
mean	: 0.09233672171831131	; std	: 0.02148771844804287	; shrinking
mean	: 0.017573516815900803	; std	: 0.0078002759255468845	; baunded
mean	: 0.06782568991184235	; std	: 0.02220642752945423	; inflating
mean	: 0.09888719022274017	; std	: 0.024075288325548172	; shrinking
mean	: 0.01784673146903515	; std	: 0.008040776476264	; baunded
mean	: 0.058460038155317307	; std	: 0.022784516215324402	; inflating
mean	: 0.09467679262161255	; std	: 0.02218586951494217	; shrinking
mean	: 0.016039498150348663	; std	: 0.008002436719834805	; baunded
mean	: 0.08057448267936707	; std	: 0.022946035489439964	; inflating
mean	: 0.11340384930372238	; std	: 0.02414516918361187	; shrinking
mean	: 0.030151521787047386	; std	: 0.010347750969231129	; baunded
mean	: 0.06001591682434082	; std	: 0.022515375167131424	; inflating
mean	: 0.09527160227298737	; std	: 0.02260645665228367	; shrinking
mean	: 0.015321457758545876	; std	: 0.006889052223414183	; baunded
> end program
