output_dir	: stem_log/evaluate_each_state/2021-01-20-21-49-04(32009)
sys.argv	: ['tool/evaluate_each_state.py', '--pretrained-model', 'stem_log/pre_train/2021-01-20-21-42-13(31528)/model-epoch-5-batch-5', '--dicts', 'stem_log/pre_train/2021-01-20-21-42-13(31528)/train_sample_dict.pkl', '--n-samples', '64']
> load model
model_path	: stem_log/pre_train/2021-01-20-21-42-13(31528)/model-epoch-5-batch-5
Model: "model"
_________________________________________________________________
Layer (type)                 Output Shape              Param #   
=================================================================
input_1 (InputLayer)         [(None, 100, 2)]          0         
_________________________________________________________________
LSTM (Model)                 (None, 128)               67072     
_________________________________________________________________
tf.math.l2_normalize (TFOpLa (None, 128)               0         
=================================================================
Total params: 67,072
Trainable params: 67,072
Non-trainable params: 0
_________________________________________________________________
dicts	: ['stem_log/pre_train/2021-01-20-21-42-13(31528)/train_sample_dict.pkl']
> load dicts
sample_dict	: {'inflating': 160, 'shrinking': 160, 'baunded': 160, 'non': 160}
> shuffle
> slice
sample_dict	: {'inflating': 64, 'shrinking': 64, 'baunded': 64, 'non': 64}
frame_sampling_rate	: 50
> embeding
anchor name	: inflating
mean	: 0.013378646224737167	; std	: 0.007217721547931433	; inflating
mean	: 0.052620429545640945	; std	: 0.013810774311423302	; shrinking
mean	: 0.024689042940735817	; std	: 0.005313909612596035	; baunded
mean	: 0.04238143563270569	; std	: 0.016501719132065773	; non
mean	: 0.015744319185614586	; std	: 0.008440188132226467	; inflating
mean	: 0.046566858887672424	; std	: 0.015551744028925896	; shrinking
mean	: 0.012323671020567417	; std	: 0.004490424878895283	; baunded
mean	: 0.03870884329080582	; std	: 0.020078426226973534	; non
mean	: 0.015744319185614586	; std	: 0.008440188132226467	; inflating
mean	: 0.046566858887672424	; std	: 0.015551744028925896	; shrinking
mean	: 0.012323671020567417	; std	: 0.004490424878895283	; baunded
mean	: 0.03870884329080582	; std	: 0.020078426226973534	; non
mean	: 0.014181587845087051	; std	: 0.007975486107170582	; inflating
mean	: 0.05620819702744484	; std	: 0.014604157768189907	; shrinking
mean	: 0.02387257292866707	; std	: 0.007390255574136972	; baunded
mean	: 0.045295193791389465	; std	: 0.01821008510887623	; non
mean	: 0.012873399071395397	; std	: 0.008173666894435883	; inflating
mean	: 0.054648663848638535	; std	: 0.014353529550135136	; shrinking
mean	: 0.02556244656443596	; std	: 0.006572639103978872	; baunded
mean	: 0.04424328729510307	; std	: 0.016664134338498116	; non
mean	: 0.013378646224737167	; std	: 0.007217721547931433	; inflating
mean	: 0.052620429545640945	; std	: 0.013810774311423302	; shrinking
mean	: 0.024689042940735817	; std	: 0.005313909612596035	; baunded
mean	: 0.04238143563270569	; std	: 0.016501719132065773	; non
mean	: 0.015744319185614586	; std	: 0.008440188132226467	; inflating
mean	: 0.046566858887672424	; std	: 0.015551744028925896	; shrinking
mean	: 0.012323671020567417	; std	: 0.004490424878895283	; baunded
mean	: 0.03870884329080582	; std	: 0.020078426226973534	; non
mean	: 0.012873399071395397	; std	: 0.008173666894435883	; inflating
mean	: 0.054648663848638535	; std	: 0.014353529550135136	; shrinking
mean	: 0.02556244656443596	; std	: 0.006572639103978872	; baunded
mean	: 0.04424328729510307	; std	: 0.016664134338498116	; non
mean	: 0.012873399071395397	; std	: 0.008173666894435883	; inflating
mean	: 0.054648663848638535	; std	: 0.014353529550135136	; shrinking
mean	: 0.02556244656443596	; std	: 0.006572639103978872	; baunded
mean	: 0.04424328729510307	; std	: 0.016664134338498116	; non
mean	: 0.012873399071395397	; std	: 0.008173666894435883	; inflating
mean	: 0.054648663848638535	; std	: 0.014353529550135136	; shrinking
mean	: 0.02556244656443596	; std	: 0.006572639103978872	; baunded
mean	: 0.04424328729510307	; std	: 0.016664134338498116	; non
mean	: 0.01334745530039072	; std	: 0.0063085416331887245	; inflating
mean	: 0.05230779945850372	; std	: 0.014081798493862152	; shrinking
mean	: 0.019177284091711044	; std	: 0.005714856553822756	; baunded
mean	: 0.04175741225481033	; std	: 0.01871919259428978	; non
mean	: 0.015744319185614586	; std	: 0.008440188132226467	; inflating
mean	: 0.046566858887672424	; std	: 0.015551744028925896	; shrinking
mean	: 0.012323671020567417	; std	: 0.004490424878895283	; baunded
mean	: 0.03870884329080582	; std	: 0.020078426226973534	; non
mean	: 0.013378646224737167	; std	: 0.007217721547931433	; inflating
mean	: 0.052620429545640945	; std	: 0.013810774311423302	; shrinking
mean	: 0.024689042940735817	; std	: 0.005313909612596035	; baunded
mean	: 0.04238143563270569	; std	: 0.016501719132065773	; non
mean	: 0.01431879960000515	; std	: 0.007590096443891525	; inflating
mean	: 0.05629235506057739	; std	: 0.013758516870439053	; shrinking
mean	: 0.02612416446208954	; std	: 0.00640991423279047	; baunded
mean	: 0.045011140406131744	; std	: 0.01706325262784958	; non
mean	: 0.013378646224737167	; std	: 0.007217721547931433	; inflating
mean	: 0.052620429545640945	; std	: 0.013810774311423302	; shrinking
mean	: 0.024689042940735817	; std	: 0.005313909612596035	; baunded
mean	: 0.04238143563270569	; std	: 0.016501719132065773	; non
mean	: 0.02317720279097557	; std	: 0.009196963161230087	; inflating
mean	: 0.043341703712940216	; std	: 0.014322608709335327	; shrinking
mean	: 0.016605131328105927	; std	: 0.004152538254857063	; baunded
mean	: 0.037901006639003754	; std	: 0.019279254600405693	; non
mean	: 0.014176390133798122	; std	: 0.006134007591754198	; inflating
mean	: 0.05242089182138443	; std	: 0.013819337822496891	; shrinking
mean	: 0.019703451544046402	; std	: 0.005464598070830107	; baunded
mean	: 0.04184406250715256	; std	: 0.018576782196760178	; non
mean	: 0.012873399071395397	; std	: 0.008173666894435883	; inflating
mean	: 0.054648663848638535	; std	: 0.014353529550135136	; shrinking
mean	: 0.02556244656443596	; std	: 0.006572639103978872	; baunded
mean	: 0.04424328729510307	; std	: 0.016664134338498116	; non
mean	: 0.015853073447942734	; std	: 0.0067520057782530785	; inflating
mean	: 0.05564143508672714	; std	: 0.014309371821582317	; shrinking
mean	: 0.020849674940109253	; std	: 0.007286129519343376	; baunded
mean	: 0.04449504613876343	; std	: 0.01961052417755127	; non
mean	: 0.014881759881973267	; std	: 0.007336864247918129	; inflating
mean	: 0.04595039784908295	; std	: 0.015080809593200684	; shrinking
mean	: 0.017450708895921707	; std	: 0.004542930517345667	; baunded
mean	: 0.03803887218236923	; std	: 0.018773503601551056	; non
mean	: 0.015853073447942734	; std	: 0.0067520057782530785	; inflating
mean	: 0.05564143508672714	; std	: 0.014309371821582317	; shrinking
mean	: 0.020849674940109253	; std	: 0.007286129519343376	; baunded
mean	: 0.04449504613876343	; std	: 0.01961052417755127	; non
mean	: 0.014181587845087051	; std	: 0.007975486107170582	; inflating
mean	: 0.05620819702744484	; std	: 0.014604157768189907	; shrinking
mean	: 0.02387257292866707	; std	: 0.007390255574136972	; baunded
mean	: 0.045295193791389465	; std	: 0.01821008510887623	; non
mean	: 0.013378646224737167	; std	: 0.007217721547931433	; inflating
mean	: 0.052620429545640945	; std	: 0.013810774311423302	; shrinking
mean	: 0.024689042940735817	; std	: 0.005313909612596035	; baunded
mean	: 0.04238143563270569	; std	: 0.016501719132065773	; non
mean	: 0.015625227242708206	; std	: 0.008401963859796524	; inflating
mean	: 0.05602315813302994	; std	: 0.013938424177467823	; shrinking
mean	: 0.030341995880007744	; std	: 0.006129837594926357	; baunded
mean	: 0.04554089158773422	; std	: 0.014999130740761757	; non
mean	: 0.02537323161959648	; std	: 0.010719429701566696	; inflating
mean	: 0.06759573519229889	; std	: 0.01380731351673603	; shrinking
mean	: 0.03936920687556267	; std	: 0.007658631540834904	; baunded
mean	: 0.055567722767591476	; std	: 0.015606658533215523	; non
mean	: 0.014881759881973267	; std	: 0.007336864247918129	; inflating
mean	: 0.04595039784908295	; std	: 0.015080809593200684	; shrinking
mean	: 0.017450708895921707	; std	: 0.004542930517345667	; baunded
mean	: 0.03803887218236923	; std	: 0.018773503601551056	; non
mean	: 0.019804559648036957	; std	: 0.009017575532197952	; inflating
mean	: 0.043622951954603195	; std	: 0.015391281805932522	; shrinking
mean	: 0.013691375032067299	; std	: 0.003888614010065794	; baunded
mean	: 0.037429023534059525	; std	: 0.02002786286175251	; non
mean	: 0.018085960298776627	; std	: 0.008790246210992336	; inflating
mean	: 0.04445359855890274	; std	: 0.01541588082909584	; shrinking
mean	: 0.013216555118560791	; std	: 0.003933523315936327	; baunded
mean	: 0.03763807192444801	; std	: 0.020019153133034706	; non
mean	: 0.02537323161959648	; std	: 0.010719429701566696	; inflating
mean	: 0.06759573519229889	; std	: 0.01380731351673603	; shrinking
mean	: 0.03936920687556267	; std	: 0.007658631540834904	; baunded
mean	: 0.055567722767591476	; std	: 0.015606658533215523	; non
mean	: 0.015744319185614586	; std	: 0.008440188132226467	; inflating
mean	: 0.046566858887672424	; std	: 0.015551744028925896	; shrinking
mean	: 0.012323671020567417	; std	: 0.004490424878895283	; baunded
mean	: 0.03870884329080582	; std	: 0.020078426226973534	; non
mean	: 0.027969341725111008	; std	: 0.010270364582538605	; inflating
mean	: 0.04939939081668854	; std	: 0.013191084377467632	; shrinking
mean	: 0.018094230443239212	; std	: 0.004275140818208456	; baunded
mean	: 0.043123193085193634	; std	: 0.019442547112703323	; non
mean	: 0.02154483087360859	; std	: 0.007032318972051144	; inflating
mean	: 0.037595078349113464	; std	: 0.012534450739622116	; shrinking
mean	: 0.026880506426095963	; std	: 0.003540885169059038	; baunded
mean	: 0.032848283648490906	; std	: 0.0143651831895113	; non
mean	: 0.014181587845087051	; std	: 0.007975486107170582	; inflating
mean	: 0.05620819702744484	; std	: 0.014604157768189907	; shrinking
mean	: 0.02387257292866707	; std	: 0.007390255574136972	; baunded
mean	: 0.045295193791389465	; std	: 0.01821008510887623	; non
mean	: 0.015625227242708206	; std	: 0.008401963859796524	; inflating
mean	: 0.05602315813302994	; std	: 0.013938424177467823	; shrinking
mean	: 0.030341995880007744	; std	: 0.006129837594926357	; baunded
mean	: 0.04554089158773422	; std	: 0.014999130740761757	; non
mean	: 0.015625227242708206	; std	: 0.008401963859796524	; inflating
mean	: 0.05602315813302994	; std	: 0.013938424177467823	; shrinking
mean	: 0.030341995880007744	; std	: 0.006129837594926357	; baunded
mean	: 0.04554089158773422	; std	: 0.014999130740761757	; non
mean	: 0.01334745530039072	; std	: 0.0063085416331887245	; inflating
mean	: 0.05230779945850372	; std	: 0.014081798493862152	; shrinking
mean	: 0.019177284091711044	; std	: 0.005714856553822756	; baunded
mean	: 0.04175741225481033	; std	: 0.01871919259428978	; non
mean	: 0.019226862117648125	; std	: 0.0076665556989610195	; inflating
mean	: 0.05979159474372864	; std	: 0.013634009286761284	; shrinking
mean	: 0.027515867725014687	; std	: 0.007322885561734438	; baunded
mean	: 0.048082590103149414	; std	: 0.018455006182193756	; non
mean	: 0.02154483087360859	; std	: 0.007032318972051144	; inflating
mean	: 0.037595078349113464	; std	: 0.012534450739622116	; shrinking
mean	: 0.026880506426095963	; std	: 0.003540885169059038	; baunded
mean	: 0.032848283648490906	; std	: 0.0143651831895113	; non
mean	: 0.015856336802244186	; std	: 0.0083867022767663	; inflating
mean	: 0.046178244054317474	; std	: 0.015448174439370632	; shrinking
mean	: 0.012406270019710064	; std	: 0.0043623740784823895	; baunded
mean	: 0.038402631878852844	; std	: 0.020019885152578354	; non
mean	: 0.021104805171489716	; std	: 0.007260510232299566	; inflating
mean	: 0.049944452941417694	; std	: 0.013228385709226131	; shrinking
mean	: 0.03411822393536568	; std	: 0.005586599465459585	; baunded
mean	: 0.04190317913889885	; std	: 0.011538485996425152	; non
mean	: 0.014523153193295002	; std	: 0.006730544846504927	; inflating
mean	: 0.054267238825559616	; std	: 0.013409568928182125	; shrinking
mean	: 0.02506539225578308	; std	: 0.0056473128497600555	; baunded
mean	: 0.043386779725551605	; std	: 0.016697240993380547	; non
mean	: 0.027476510033011436	; std	: 0.010431160219013691	; inflating
mean	: 0.06712695956230164	; std	: 0.014187019318342209	; shrinking
mean	: 0.04325396567583084	; std	: 0.007309496868401766	; baunded
mean	: 0.056157566606998444	; std	: 0.013083931058645248	; non
mean	: 0.012873399071395397	; std	: 0.008173666894435883	; inflating
mean	: 0.054648663848638535	; std	: 0.014353529550135136	; shrinking
mean	: 0.02556244656443596	; std	: 0.006572639103978872	; baunded
mean	: 0.04424328729510307	; std	: 0.016664134338498116	; non
mean	: 0.027969341725111008	; std	: 0.010270364582538605	; inflating
mean	: 0.04939939081668854	; std	: 0.013191084377467632	; shrinking
mean	: 0.018094230443239212	; std	: 0.004275140818208456	; baunded
mean	: 0.043123193085193634	; std	: 0.019442547112703323	; non
mean	: 0.01455417089164257	; std	: 0.0076677268370985985	; inflating
mean	: 0.05501524731516838	; std	: 0.014933336526155472	; shrinking
mean	: 0.025035884231328964	; std	: 0.0070014698430895805	; baunded
mean	: 0.04498167335987091	; std	: 0.017213046550750732	; non
mean	: 0.025499269366264343	; std	: 0.007141496054828167	; inflating
mean	: 0.03538525104522705	; std	: 0.011258606798946857	; shrinking
mean	: 0.030471403151750565	; std	: 0.0028403173200786114	; baunded
mean	: 0.03193959593772888	; std	: 0.012825369834899902	; non
mean	: 0.014881759881973267	; std	: 0.007336864247918129	; inflating
mean	: 0.04595039784908295	; std	: 0.015080809593200684	; shrinking
mean	: 0.017450708895921707	; std	: 0.004542930517345667	; baunded
mean	: 0.03803887218236923	; std	: 0.018773503601551056	; non
mean	: 0.01649469882249832	; std	: 0.00727381044998765	; inflating
mean	: 0.047659069299697876	; std	: 0.014605988748371601	; shrinking
mean	: 0.01263097207993269	; std	: 0.00424345163628459	; baunded
mean	: 0.03905729576945305	; std	: 0.01994379423558712	; non
mean	: 0.02537323161959648	; std	: 0.010719429701566696	; inflating
mean	: 0.06759573519229889	; std	: 0.01380731351673603	; shrinking
mean	: 0.03936920687556267	; std	: 0.007658631540834904	; baunded
mean	: 0.055567722767591476	; std	: 0.015606658533215523	; non
mean	: 0.013378646224737167	; std	: 0.007217721547931433	; inflating
mean	: 0.052620429545640945	; std	: 0.013810774311423302	; shrinking
mean	: 0.024689042940735817	; std	: 0.005313909612596035	; baunded
mean	: 0.04238143563270569	; std	: 0.016501719132065773	; non
mean	: 0.014740345999598503	; std	: 0.0086296945810318	; inflating
mean	: 0.05723106116056442	; std	: 0.014430396258831024	; shrinking
mean	: 0.027820847928524017	; std	: 0.007106633856892586	; baunded
mean	: 0.04639435559511185	; std	: 0.016675962135195732	; non
mean	: 0.02493194118142128	; std	: 0.009353652596473694	; inflating
mean	: 0.048432886600494385	; std	: 0.01338663138449192	; shrinking
mean	: 0.016678273677825928	; std	: 0.004017216619104147	; baunded
mean	: 0.04161696135997772	; std	: 0.01923920400440693	; non
mean	: 0.014181587845087051	; std	: 0.007975486107170582	; inflating
mean	: 0.05620819702744484	; std	: 0.014604157768189907	; shrinking
mean	: 0.02387257292866707	; std	: 0.007390255574136972	; baunded
mean	: 0.045295193791389465	; std	: 0.01821008510887623	; non
mean	: 0.027969341725111008	; std	: 0.010270364582538605	; inflating
mean	: 0.04939939081668854	; std	: 0.013191084377467632	; shrinking
mean	: 0.018094230443239212	; std	: 0.004275140818208456	; baunded
mean	: 0.043123193085193634	; std	: 0.019442547112703323	; non
mean	: 0.015744319185614586	; std	: 0.008440188132226467	; inflating
mean	: 0.046566858887672424	; std	: 0.015551744028925896	; shrinking
mean	: 0.012323671020567417	; std	: 0.004490424878895283	; baunded
mean	: 0.03870884329080582	; std	: 0.020078426226973534	; non
mean	: 0.014479550532996655	; std	: 0.008416913449764252	; inflating
mean	: 0.05685831606388092	; std	: 0.014571964740753174	; shrinking
mean	: 0.026316776871681213	; std	: 0.0072730365209281445	; baunded
mean	: 0.04605114832520485	; std	: 0.01726662553846836	; non
mean	: 0.01584026776254177	; std	: 0.00632141437381506	; inflating
mean	: 0.04593827947974205	; std	: 0.01425075437873602	; shrinking
mean	: 0.02383611351251602	; std	: 0.004959088284522295	; baunded
mean	: 0.03815473988652229	; std	: 0.016141144558787346	; non
mean	: 0.01334745530039072	; std	: 0.0063085416331887245	; inflating
mean	: 0.05230779945850372	; std	: 0.014081798493862152	; shrinking
mean	: 0.019177284091711044	; std	: 0.005714856553822756	; baunded
mean	: 0.04175741225481033	; std	: 0.01871919259428978	; non
mean	: 0.0159116443246603	; std	: 0.0068609765730798244	; inflating
mean	: 0.0488714873790741	; std	: 0.015255721285939217	; shrinking
mean	: 0.011215735226869583	; std	: 0.005239713005721569	; baunded
mean	: 0.03981137275695801	; std	: 0.020637981593608856	; non
mean	: 0.014881759881973267	; std	: 0.007336864247918129	; inflating
mean	: 0.04595039784908295	; std	: 0.015080809593200684	; shrinking
mean	: 0.017450708895921707	; std	: 0.004542930517345667	; baunded
mean	: 0.03803887218236923	; std	: 0.018773503601551056	; non
mean	: 0.0191352516412735	; std	: 0.009321995079517365	; inflating
mean	: 0.06043653190135956	; std	: 0.014376167207956314	; shrinking
mean	: 0.033932000398635864	; std	: 0.007089952938258648	; baunded
mean	: 0.049731023609638214	; std	: 0.01497124508023262	; non
mean	: 0.01431879960000515	; std	: 0.007590096443891525	; inflating
mean	: 0.05629235506057739	; std	: 0.013758516870439053	; shrinking
mean	: 0.02612416446208954	; std	: 0.00640991423279047	; baunded
mean	: 0.045011140406131744	; std	: 0.01706325262784958	; non
mean	: 0.01455417089164257	; std	: 0.0076677268370985985	; inflating
mean	: 0.05501524731516838	; std	: 0.014933336526155472	; shrinking
mean	: 0.025035884231328964	; std	: 0.0070014698430895805	; baunded
mean	: 0.04498167335987091	; std	: 0.017213046550750732	; non
mean	: 0.012347092851996422	; std	: 0.006949560716748238	; inflating
mean	: 0.05322454869747162	; std	: 0.014270680956542492	; shrinking
mean	: 0.02215198427438736	; std	: 0.0064411284402012825	; baunded
mean	: 0.042741019278764725	; std	: 0.017649533227086067	; non
anchor name	: shrinking
mean	: 0.055266961455345154	; std	: 0.006441192235797644	; inflating
mean	: 0.020676441490650177	; std	: 0.012603980489075184	; shrinking
mean	: 0.05335896462202072	; std	: 0.00198279763571918	; baunded
mean	: 0.0344693697988987	; std	: 0.018232552334666252	; non
mean	: 0.044447652995586395	; std	: 0.00797117780894041	; inflating
mean	: 0.021780140697956085	; std	: 0.012011676095426083	; shrinking
mean	: 0.03827354311943054	; std	: 0.0032679529394954443	; baunded
mean	: 0.03380845487117767	; std	: 0.013605236075818539	; non
mean	: 0.044447652995586395	; std	: 0.00797117780894041	; inflating
mean	: 0.021780140697956085	; std	: 0.012011676095426083	; shrinking
mean	: 0.03827354311943054	; std	: 0.0032679529394954443	; baunded
mean	: 0.03380845487117767	; std	: 0.013605236075818539	; non
mean	: 0.0322452075779438	; std	: 0.008076050318777561	; inflating
mean	: 0.04053998738527298	; std	: 0.01696496456861496	; shrinking
mean	: 0.019058510661125183	; std	: 0.004154181107878685	; baunded
mean	: 0.0410369336605072	; std	: 0.0176021046936512	; non
mean	: 0.053005993366241455	; std	: 0.005726374685764313	; inflating
mean	: 0.022764913737773895	; std	: 0.014044031500816345	; shrinking
mean	: 0.05379326641559601	; std	: 0.0016936571337282658	; baunded
mean	: 0.03283253312110901	; std	: 0.019043341279029846	; non
mean	: 0.053005993366241455	; std	: 0.005726374685764313	; inflating
mean	: 0.022764913737773895	; std	: 0.014044031500816345	; shrinking
mean	: 0.05379326641559601	; std	: 0.0016936571337282658	; baunded
mean	: 0.03283253312110901	; std	: 0.019043341279029846	; non
mean	: 0.044447652995586395	; std	: 0.00797117780894041	; inflating
mean	: 0.021780140697956085	; std	: 0.012011676095426083	; shrinking
mean	: 0.03827354311943054	; std	: 0.0032679529394954443	; baunded
mean	: 0.03380845487117767	; std	: 0.013605236075818539	; non
mean	: 0.053005993366241455	; std	: 0.005726374685764313	; inflating
mean	: 0.022764913737773895	; std	: 0.014044031500816345	; shrinking
mean	: 0.05379326641559601	; std	: 0.0016936571337282658	; baunded
mean	: 0.03283253312110901	; std	: 0.019043341279029846	; non
mean	: 0.07345166057348251	; std	: 0.007497238460928202	; inflating
mean	: 0.03164508193731308	; std	: 0.01615268737077713	; shrinking
mean	: 0.06883314251899719	; std	: 0.003425324335694313	; baunded
mean	: 0.049362778663635254	; std	: 0.01896607130765915	; non
mean	: 0.07458038628101349	; std	: 0.006791858468204737	; inflating
mean	: 0.03368135914206505	; std	: 0.0161352027207613	; shrinking
mean	: 0.07212445139884949	; std	: 0.0026861228980123997	; baunded
mean	: 0.04849651828408241	; std	: 0.021397268399596214	; non
mean	: 0.044447652995586395	; std	: 0.00797117780894041	; inflating
mean	: 0.021780140697956085	; std	: 0.012011676095426083	; shrinking
mean	: 0.03827354311943054	; std	: 0.0032679529394954443	; baunded
mean	: 0.03380845487117767	; std	: 0.013605236075818539	; non
mean	: 0.07821285724639893	; std	: 0.008804669603705406	; inflating
mean	: 0.04271324723958969	; std	: 0.013660975731909275	; shrinking
mean	: 0.06692014634609222	; std	: 0.005148975178599358	; baunded
mean	: 0.06127274036407471	; std	: 0.012421929277479649	; non
mean	: 0.0569499135017395	; std	: 0.005847514607012272	; inflating
mean	: 0.022812187671661377	; std	: 0.014325540512800217	; shrinking
mean	: 0.056927718222141266	; std	: 0.001664210227318108	; baunded
mean	: 0.03443511575460434	; std	: 0.020498337224125862	; non
mean	: 0.03974652290344238	; std	: 0.008068176917731762	; inflating
mean	: 0.023929106071591377	; std	: 0.01238231360912323	; shrinking
mean	: 0.03329039365053177	; std	: 0.0032421990763396025	; baunded
mean	: 0.033028122037649155	; std	: 0.013650325126945972	; non
mean	: 0.044447652995586395	; std	: 0.00797117780894041	; inflating
mean	: 0.021780140697956085	; std	: 0.012011676095426083	; shrinking
mean	: 0.03827354311943054	; std	: 0.0032679529394954443	; baunded
mean	: 0.03380845487117767	; std	: 0.013605236075818539	; non
mean	: 0.07458038628101349	; std	: 0.006791858468204737	; inflating
mean	: 0.03368135914206505	; std	: 0.0161352027207613	; shrinking
mean	: 0.07212445139884949	; std	: 0.0026861228980123997	; baunded
mean	: 0.04849651828408241	; std	: 0.021397268399596214	; non
mean	: 0.0569499135017395	; std	: 0.005847514607012272	; inflating
mean	: 0.022812187671661377	; std	: 0.014325540512800217	; shrinking
mean	: 0.056927718222141266	; std	: 0.001664210227318108	; baunded
mean	: 0.03443511575460434	; std	: 0.020498337224125862	; non
mean	: 0.0587897002696991	; std	: 0.0064941649325191975	; inflating
mean	: 0.02210509404540062	; std	: 0.012235772795975208	; shrinking
mean	: 0.05558867007493973	; std	: 0.002152290428057313	; baunded
mean	: 0.03773906081914902	; std	: 0.01777748391032219	; non
mean	: 0.053005993366241455	; std	: 0.005726374685764313	; inflating
mean	: 0.022764913737773895	; std	: 0.014044031500816345	; shrinking
mean	: 0.05379326641559601	; std	: 0.0016936571337282658	; baunded
mean	: 0.03283253312110901	; std	: 0.019043341279029846	; non
mean	: 0.0322452075779438	; std	: 0.008076050318777561	; inflating
mean	: 0.04053998738527298	; std	: 0.01696496456861496	; shrinking
mean	: 0.019058510661125183	; std	: 0.004154181107878685	; baunded
mean	: 0.0410369336605072	; std	: 0.0176021046936512	; non
mean	: 0.040578439831733704	; std	: 0.00809041690081358	; inflating
mean	: 0.027060920372605324	; std	: 0.012252033688127995	; shrinking
mean	: 0.03152437508106232	; std	: 0.003557782154530287	; baunded
mean	: 0.03589940443634987	; std	: 0.01310766488313675	; non
mean	: 0.05926889181137085	; std	: 0.005916000343859196	; inflating
mean	: 0.0234842449426651	; std	: 0.014363782480359077	; shrinking
mean	: 0.05891231819987297	; std	: 0.0016862127231433988	; baunded
mean	: 0.035500749945640564	; std	: 0.021341806277632713	; non
mean	: 0.07345166057348251	; std	: 0.007497238460928202	; inflating
mean	: 0.03164508193731308	; std	: 0.01615268737077713	; shrinking
mean	: 0.06883314251899719	; std	: 0.003425324335694313	; baunded
mean	: 0.049362778663635254	; std	: 0.01896607130765915	; non
mean	: 0.053005993366241455	; std	: 0.005726374685764313	; inflating
mean	: 0.022764913737773895	; std	: 0.014044031500816345	; shrinking
mean	: 0.05379326641559601	; std	: 0.0016936571337282658	; baunded
mean	: 0.03283253312110901	; std	: 0.019043341279029846	; non
mean	: 0.04837124049663544	; std	: 0.005282317288219929	; inflating
mean	: 0.03979809582233429	; std	: 0.014133098535239697	; shrinking
mean	: 0.05604850873351097	; std	: 0.0038273215759545565	; baunded
mean	: 0.04041847586631775	; std	: 0.014248868450522423	; non
mean	: 0.053005993366241455	; std	: 0.005726374685764313	; inflating
mean	: 0.022764913737773895	; std	: 0.014044031500816345	; shrinking
mean	: 0.05379326641559601	; std	: 0.0016936571337282658	; baunded
mean	: 0.03283253312110901	; std	: 0.019043341279029846	; non
mean	: 0.0322452075779438	; std	: 0.008076050318777561	; inflating
mean	: 0.04053998738527298	; std	: 0.01696496456861496	; shrinking
mean	: 0.019058510661125183	; std	: 0.004154181107878685	; baunded
mean	: 0.0410369336605072	; std	: 0.0176021046936512	; non
mean	: 0.05606389045715332	; std	: 0.007869530469179153	; inflating
mean	: 0.023044411092996597	; std	: 0.010513359680771828	; shrinking
mean	: 0.049804411828517914	; std	: 0.003523994470015168	; baunded
mean	: 0.03893519192934036	; std	: 0.01504641305655241	; non
mean	: 0.05926889181137085	; std	: 0.005916000343859196	; inflating
mean	: 0.0234842449426651	; std	: 0.014363782480359077	; shrinking
mean	: 0.05891231819987297	; std	: 0.0016862127231433988	; baunded
mean	: 0.035500749945640564	; std	: 0.021341806277632713	; non
mean	: 0.04306641221046448	; std	: 0.007832410745322704	; inflating
mean	: 0.021500712260603905	; std	: 0.01186336949467659	; shrinking
mean	: 0.038154974579811096	; std	: 0.0030192674603313208	; baunded
mean	: 0.03241400048136711	; std	: 0.013881668448448181	; non
mean	: 0.053005993366241455	; std	: 0.005726374685764313	; inflating
mean	: 0.022764913737773895	; std	: 0.014044031500816345	; shrinking
mean	: 0.05379326641559601	; std	: 0.0016936571337282658	; baunded
mean	: 0.03283253312110901	; std	: 0.019043341279029846	; non
mean	: 0.041016966104507446	; std	: 0.007139680907130241	; inflating
mean	: 0.023192431777715683	; std	: 0.010827970691025257	; shrinking
mean	: 0.036122072488069534	; std	: 0.0025387892965227365	; baunded
mean	: 0.03286821395158768	; std	: 0.012629435397684574	; non
mean	: 0.07345166057348251	; std	: 0.007497238460928202	; inflating
mean	: 0.03164508193731308	; std	: 0.01615268737077713	; shrinking
mean	: 0.06883314251899719	; std	: 0.003425324335694313	; baunded
mean	: 0.049362778663635254	; std	: 0.01896607130765915	; non
mean	: 0.04306641221046448	; std	: 0.007832410745322704	; inflating
mean	: 0.021500712260603905	; std	: 0.01186336949467659	; shrinking
mean	: 0.038154974579811096	; std	: 0.0030192674603313208	; baunded
mean	: 0.03241400048136711	; std	: 0.013881668448448181	; non
mean	: 0.06446722894906998	; std	: 0.006600217893719673	; inflating
mean	: 0.02538514882326126	; std	: 0.014047418721020222	; shrinking
mean	: 0.06243078410625458	; std	: 0.0022544628009200096	; baunded
mean	: 0.03951616585254669	; std	: 0.02122933231294155	; non
mean	: 0.04306641221046448	; std	: 0.007832410745322704	; inflating
mean	: 0.021500712260603905	; std	: 0.01186336949467659	; shrinking
mean	: 0.038154974579811096	; std	: 0.0030192674603313208	; baunded
mean	: 0.03241400048136711	; std	: 0.013881668448448181	; non
mean	: 0.0322452075779438	; std	: 0.008076050318777561	; inflating
mean	: 0.04053998738527298	; std	: 0.01696496456861496	; shrinking
mean	: 0.019058510661125183	; std	: 0.004154181107878685	; baunded
mean	: 0.0410369336605072	; std	: 0.0176021046936512	; non
mean	: 0.06367446482181549	; std	: 0.007262599654495716	; inflating
mean	: 0.02456929348409176	; std	: 0.013008737936615944	; shrinking
mean	: 0.05949579179286957	; std	: 0.0029527703300118446	; baunded
mean	: 0.041121359914541245	; std	: 0.018390648066997528	; non
mean	: 0.04306641221046448	; std	: 0.007832410745322704	; inflating
mean	: 0.021500712260603905	; std	: 0.01186336949467659	; shrinking
mean	: 0.038154974579811096	; std	: 0.0030192674603313208	; baunded
mean	: 0.03241400048136711	; std	: 0.013881668448448181	; non
mean	: 0.055266961455345154	; std	: 0.006441192235797644	; inflating
mean	: 0.020676441490650177	; std	: 0.012603980489075184	; shrinking
mean	: 0.05335896462202072	; std	: 0.00198279763571918	; baunded
mean	: 0.0344693697988987	; std	: 0.018232552334666252	; non
mean	: 0.07821285724639893	; std	: 0.008804669603705406	; inflating
mean	: 0.04271324723958969	; std	: 0.013660975731909275	; shrinking
mean	: 0.06692014634609222	; std	: 0.005148975178599358	; baunded
mean	: 0.06127274036407471	; std	: 0.012421929277479649	; non
mean	: 0.07348554581403732	; std	: 0.007610247004777193	; inflating
mean	: 0.031783461570739746	; std	: 0.015805820003151894	; shrinking
mean	: 0.06842125952243805	; std	: 0.0035472458694130182	; baunded
mean	: 0.049756862223148346	; std	: 0.018512466922402382	; non
mean	: 0.0587897002696991	; std	: 0.0064941649325191975	; inflating
mean	: 0.02210509404540062	; std	: 0.012235772795975208	; shrinking
mean	: 0.05558867007493973	; std	: 0.002152290428057313	; baunded
mean	: 0.03773906081914902	; std	: 0.01777748391032219	; non
mean	: 0.06772230565547943	; std	: 0.00865687895566225	; inflating
mean	: 0.035449713468551636	; std	: 0.011664701625704765	; shrinking
mean	: 0.056640930473804474	; std	: 0.004879571497440338	; baunded
mean	: 0.052735697478055954	; std	: 0.012174234725534916	; non
mean	: 0.056484073400497437	; std	: 0.006465876009315252	; inflating
mean	: 0.02143600955605507	; std	: 0.012711231596767902	; shrinking
mean	: 0.0547206774353981	; std	: 0.002056322293356061	; baunded
mean	: 0.03490811586380005	; std	: 0.018951736390590668	; non
mean	: 0.05549304187297821	; std	: 0.006883724592626095	; inflating
mean	: 0.020803440362215042	; std	: 0.011288393288850784	; shrinking
mean	: 0.05166316777467728	; std	: 0.002427230589091778	; baunded
mean	: 0.036161601543426514	; std	: 0.016558179631829262	; non
mean	: 0.0569499135017395	; std	: 0.005847514607012272	; inflating
mean	: 0.022812187671661377	; std	: 0.014325540512800217	; shrinking
mean	: 0.056927718222141266	; std	: 0.001664210227318108	; baunded
mean	: 0.03443511575460434	; std	: 0.020498337224125862	; non
mean	: 0.05451378971338272	; std	: 0.005030313041061163	; inflating
mean	: 0.031415846198797226	; std	: 0.014424336142838001	; shrinking
mean	: 0.05863950401544571	; std	: 0.0023623425513505936	; baunded
mean	: 0.036307305097579956	; std	: 0.01967865228652954	; non
mean	: 0.04306641221046448	; std	: 0.007832410745322704	; inflating
mean	: 0.021500712260603905	; std	: 0.01186336949467659	; shrinking
mean	: 0.038154974579811096	; std	: 0.0030192674603313208	; baunded
mean	: 0.03241400048136711	; std	: 0.013881668448448181	; non
mean	: 0.022680431604385376	; std	: 0.007502629421651363	; inflating
mean	: 0.041837990283966064	; std	: 0.016267742961645126	; shrinking
mean	: 0.014632554724812508	; std	: 0.004016573540866375	; baunded
mean	: 0.03787325695157051	; std	: 0.018663305789232254	; non
mean	: 0.03246886283159256	; std	: 0.008945975452661514	; inflating
mean	: 0.03134284168481827	; std	: 0.013775666244328022	; shrinking
mean	: 0.024689197540283203	; std	: 0.004088517278432846	; baunded
mean	: 0.03373955935239792	; std	: 0.016758648678660393	; non
mean	: 0.018023882061243057	; std	: 0.005758006125688553	; inflating
mean	: 0.04488034173846245	; std	: 0.014385241083800793	; shrinking
mean	: 0.024837102741003036	; std	: 0.005190784577280283	; baunded
mean	: 0.03802962601184845	; std	: 0.015205944888293743	; non
mean	: 0.031742483377456665	; std	: 0.008356626145541668	; inflating
mean	: 0.029145972803235054	; std	: 0.013589808717370033	; shrinking
mean	: 0.025499608367681503	; std	: 0.003291401080787182	; baunded
mean	: 0.032069943845272064	; std	: 0.015907088294625282	; non
mean	: 0.07083786278963089	; std	: 0.007050798740237951	; inflating
mean	: 0.029303651303052902	; std	: 0.01543421484529972	; shrinking
mean	: 0.06729170680046082	; std	: 0.0028765778988599777	; baunded
mean	: 0.04588877409696579	; std	: 0.02021082490682602	; non
mean	: 0.04837124049663544	; std	: 0.005282317288219929	; inflating
mean	: 0.03979809582233429	; std	: 0.014133098535239697	; shrinking
mean	: 0.05604850873351097	; std	: 0.0038273215759545565	; baunded
mean	: 0.04041847586631775	; std	: 0.014248868450522423	; non
mean	: 0.056788794696331024	; std	: 0.006715777795761824	; inflating
mean	: 0.020921507850289345	; std	: 0.012219550088047981	; shrinking
mean	: 0.05385534092783928	; std	: 0.002271850360557437	; baunded
mean	: 0.03594769537448883	; std	: 0.017896920442581177	; non
mean	: 0.0518922433257103	; std	: 0.0067253755405545235	; inflating
mean	: 0.020760666579008102	; std	: 0.010522899217903614	; shrinking
mean	: 0.04825859144330025	; std	: 0.00228693475946784	; baunded
mean	: 0.03480939194560051	; std	: 0.01536948699504137	; non
mean	: 0.07345166057348251	; std	: 0.007497238460928202	; inflating
mean	: 0.03164508193731308	; std	: 0.01615268737077713	; shrinking
mean	: 0.06883314251899719	; std	: 0.003425324335694313	; baunded
mean	: 0.049362778663635254	; std	: 0.01896607130765915	; non
mean	: 0.05908761918544769	; std	: 0.004903186112642288	; inflating
mean	: 0.03466904163360596	; std	: 0.015261984430253506	; shrinking
mean	: 0.06371742486953735	; std	: 0.002322007203474641	; baunded
mean	: 0.038843438029289246	; std	: 0.02169114537537098	; non
mean	: 0.03212404251098633	; std	: 0.007590015884488821	; inflating
mean	: 0.02693265676498413	; std	: 0.012564255855977535	; shrinking
mean	: 0.028690505772829056	; std	: 0.002578218700364232	; baunded
mean	: 0.030545655637979507	; std	: 0.01430603303015232	; non
mean	: 0.05915104225277901	; std	: 0.0048963879235088825	; inflating
mean	: 0.035080090165138245	; std	: 0.015283212997019291	; shrinking
mean	: 0.06392066180706024	; std	: 0.0023606785107403994	; baunded
mean	: 0.03908275067806244	; std	: 0.021650802344083786	; non
mean	: 0.040667373687028885	; std	: 0.008902332745492458	; inflating
mean	: 0.027268018573522568	; std	: 0.012399186380207539	; shrinking
mean	: 0.0326104499399662	; std	: 0.0043669091537594795	; baunded
mean	: 0.035144805908203125	; std	: 0.014573012478649616	; non
mean	: 0.05983716994524002	; std	: 0.008899128064513206	; inflating
mean	: 0.030038248747587204	; std	: 0.011099359020590782	; shrinking
mean	: 0.050648272037506104	; std	: 0.004919556435197592	; baunded
mean	: 0.0455540269613266	; std	: 0.013432737439870834	; non
mean	: 0.03212404251098633	; std	: 0.007590015884488821	; inflating
mean	: 0.02693265676498413	; std	: 0.012564255855977535	; shrinking
mean	: 0.028690505772829056	; std	: 0.002578218700364232	; baunded
mean	: 0.030545655637979507	; std	: 0.01430603303015232	; non
anchor name	: baunded
mean	: 0.036020152270793915	; std	: 0.010417773388326168	; inflating
mean	: 0.04769309610128403	; std	: 0.014536661095917225	; shrinking
mean	: 0.02010173164308071	; std	: 0.00782535970211029	; baunded
mean	: 0.045722316950559616	; std	: 0.019469264894723892	; non
mean	: 0.023995818570256233	; std	: 0.008396593853831291	; inflating
mean	: 0.0464678555727005	; std	: 0.01577640138566494	; shrinking
mean	: 0.00863062497228384	; std	: 0.004947497509419918	; baunded
mean	: 0.040663644671440125	; std	: 0.02084994874894619	; non
mean	: 0.036020152270793915	; std	: 0.010417773388326168	; inflating
mean	: 0.04769309610128403	; std	: 0.014536661095917225	; shrinking
mean	: 0.02010173164308071	; std	: 0.00782535970211029	; baunded
mean	: 0.045722316950559616	; std	: 0.019469264894723892	; non
mean	: 0.016600310802459717	; std	: 0.005564433056861162	; inflating
mean	: 0.050116103142499924	; std	: 0.015303218737244606	; shrinking
mean	: 0.014548299834132195	; std	: 0.007391046267002821	; baunded
mean	: 0.04131524637341499	; std	: 0.019584938883781433	; non
mean	: 0.023995818570256233	; std	: 0.008396593853831291	; inflating
mean	: 0.0464678555727005	; std	: 0.01577640138566494	; shrinking
mean	: 0.00863062497228384	; std	: 0.004947497509419918	; baunded
mean	: 0.040663644671440125	; std	: 0.02084994874894619	; non
mean	: 0.016600310802459717	; std	: 0.005564433056861162	; inflating
mean	: 0.050116103142499924	; std	: 0.015303218737244606	; shrinking
mean	: 0.014548299834132195	; std	: 0.007391046267002821	; baunded
mean	: 0.04131524637341499	; std	: 0.019584938883781433	; non
mean	: 0.023995818570256233	; std	: 0.008396593853831291	; inflating
mean	: 0.0464678555727005	; std	: 0.01577640138566494	; shrinking
mean	: 0.00863062497228384	; std	: 0.004947497509419918	; baunded
mean	: 0.040663644671440125	; std	: 0.02084994874894619	; non
mean	: 0.023995818570256233	; std	: 0.008396593853831291	; inflating
mean	: 0.0464678555727005	; std	: 0.01577640138566494	; shrinking
mean	: 0.00863062497228384	; std	: 0.004947497509419918	; baunded
mean	: 0.040663644671440125	; std	: 0.02084994874894619	; non
mean	: 0.016600310802459717	; std	: 0.005564433056861162	; inflating
mean	: 0.050116103142499924	; std	: 0.015303218737244606	; shrinking
mean	: 0.014548299834132195	; std	: 0.007391046267002821	; baunded
mean	: 0.04131524637341499	; std	: 0.019584938883781433	; non
mean	: 0.019725846126675606	; std	: 0.006680759135633707	; inflating
mean	: 0.04954928159713745	; std	: 0.015590513125061989	; shrinking
mean	: 0.009703240357339382	; std	: 0.005316726863384247	; baunded
mean	: 0.041134633123874664	; std	: 0.021366331726312637	; non
mean	: 0.02027709409594536	; std	: 0.00851754005998373	; inflating
mean	: 0.04685298353433609	; std	: 0.01543857716023922	; shrinking
mean	: 0.009392570704221725	; std	: 0.004728395026177168	; baunded
mean	: 0.03945065289735794	; std	: 0.02090965397655964	; non
mean	: 0.019725846126675606	; std	: 0.006680759135633707	; inflating
mean	: 0.04954928159713745	; std	: 0.015590513125061989	; shrinking
mean	: 0.009703240357339382	; std	: 0.005316726863384247	; baunded
mean	: 0.041134633123874664	; std	: 0.021366331726312637	; non
mean	: 0.019584989175200462	; std	: 0.005674161948263645	; inflating
mean	: 0.05285399779677391	; std	: 0.014950407668948174	; shrinking
mean	: 0.013008535839617252	; std	: 0.006320393178611994	; baunded
mean	: 0.04236462712287903	; std	: 0.02241654321551323	; non
mean	: 0.027177296578884125	; std	: 0.00952016469091177	; inflating
mean	: 0.04562496393918991	; std	: 0.015653084963560104	; shrinking
mean	: 0.011606670916080475	; std	: 0.005573305767029524	; baunded
mean	: 0.041209395974874496	; std	: 0.020544739440083504	; non
mean	: 0.023726172745227814	; std	: 0.008320091292262077	; inflating
mean	: 0.04630977660417557	; std	: 0.016413917765021324	; shrinking
mean	: 0.009234761819243431	; std	: 0.0050519537180662155	; baunded
mean	: 0.040702350437641144	; std	: 0.020908614620566368	; non
mean	: 0.019584989175200462	; std	: 0.005674161948263645	; inflating
mean	: 0.05285399779677391	; std	: 0.014950407668948174	; shrinking
mean	: 0.013008535839617252	; std	: 0.006320393178611994	; baunded
mean	: 0.04236462712287903	; std	: 0.02241654321551323	; non
mean	: 0.02027709409594536	; std	: 0.00851754005998373	; inflating
mean	: 0.04685298353433609	; std	: 0.01543857716023922	; shrinking
mean	: 0.009392570704221725	; std	: 0.004728395026177168	; baunded
mean	: 0.03945065289735794	; std	: 0.02090965397655964	; non
mean	: 0.02035784162580967	; std	: 0.007789031136780977	; inflating
mean	: 0.04635360836982727	; std	: 0.01586601883172989	; shrinking
mean	: 0.008888496086001396	; std	: 0.004825345706194639	; baunded
mean	: 0.039683833718299866	; std	: 0.02054324373602867	; non
mean	: 0.02035784162580967	; std	: 0.007789031136780977	; inflating
mean	: 0.04635360836982727	; std	: 0.01586601883172989	; shrinking
mean	: 0.008888496086001396	; std	: 0.004825345706194639	; baunded
mean	: 0.039683833718299866	; std	: 0.02054324373602867	; non
mean	: 0.01793842390179634	; std	: 0.00568106584250927	; inflating
mean	: 0.052564166486263275	; std	: 0.014659713953733444	; shrinking
mean	: 0.013801529072225094	; std	: 0.006394257768988609	; baunded
mean	: 0.04201764613389969	; std	: 0.02162918820977211	; non
mean	: 0.019725846126675606	; std	: 0.006680759135633707	; inflating
mean	: 0.04954928159713745	; std	: 0.015590513125061989	; shrinking
mean	: 0.009703240357339382	; std	: 0.005316726863384247	; baunded
mean	: 0.041134633123874664	; std	: 0.021366331726312637	; non
mean	: 0.016600310802459717	; std	: 0.005564433056861162	; inflating
mean	: 0.050116103142499924	; std	: 0.015303218737244606	; shrinking
mean	: 0.014548299834132195	; std	: 0.007391046267002821	; baunded
mean	: 0.04131524637341499	; std	: 0.019584938883781433	; non
mean	: 0.023995818570256233	; std	: 0.008396593853831291	; inflating
mean	: 0.0464678555727005	; std	: 0.01577640138566494	; shrinking
mean	: 0.00863062497228384	; std	: 0.004947497509419918	; baunded
mean	: 0.040663644671440125	; std	: 0.02084994874894619	; non
mean	: 0.023726172745227814	; std	: 0.008320091292262077	; inflating
mean	: 0.04630977660417557	; std	: 0.016413917765021324	; shrinking
mean	: 0.009234761819243431	; std	: 0.0050519537180662155	; baunded
mean	: 0.040702350437641144	; std	: 0.020908614620566368	; non
mean	: 0.016600310802459717	; std	: 0.005564433056861162	; inflating
mean	: 0.050116103142499924	; std	: 0.015303218737244606	; shrinking
mean	: 0.014548299834132195	; std	: 0.007391046267002821	; baunded
mean	: 0.04131524637341499	; std	: 0.019584938883781433	; non
mean	: 0.02276765927672386	; std	: 0.008178122341632843	; inflating
mean	: 0.04619329422712326	; std	: 0.016082413494586945	; shrinking
mean	: 0.008539367467164993	; std	: 0.005007791332900524	; baunded
mean	: 0.04031660407781601	; std	: 0.02074533887207508	; non
mean	: 0.023726172745227814	; std	: 0.008320091292262077	; inflating
mean	: 0.04630977660417557	; std	: 0.016413917765021324	; shrinking
mean	: 0.009234761819243431	; std	: 0.0050519537180662155	; baunded
mean	: 0.040702350437641144	; std	: 0.020908614620566368	; non
mean	: 0.03280948847532272	; std	: 0.00860544666647911	; inflating
mean	: 0.047596920281648636	; std	: 0.015943698585033417	; shrinking
mean	: 0.015116755850613117	; std	: 0.0053515308536589146	; baunded
mean	: 0.044730786234140396	; std	: 0.020213931798934937	; non
mean	: 0.01793842390179634	; std	: 0.00568106584250927	; inflating
mean	: 0.052564166486263275	; std	: 0.014659713953733444	; shrinking
mean	: 0.013801529072225094	; std	: 0.006394257768988609	; baunded
mean	: 0.04201764613389969	; std	: 0.02162918820977211	; non
mean	: 0.02024281583726406	; std	: 0.008442040532827377	; inflating
mean	: 0.047691211104393005	; std	: 0.01556837372481823	; shrinking
mean	: 0.008996870368719101	; std	: 0.004726954735815525	; baunded
mean	: 0.04012729227542877	; std	: 0.02114630490541458	; non
mean	: 0.025433236733078957	; std	: 0.00929334294050932	; inflating
mean	: 0.04802051931619644	; std	: 0.015103203244507313	; shrinking
mean	: 0.01115928590297699	; std	: 0.005120465997606516	; baunded
mean	: 0.04168141260743141	; std	: 0.02105253003537655	; non
mean	: 0.023928044363856316	; std	: 0.007981863804161549	; inflating
mean	: 0.047976136207580566	; std	: 0.015988541767001152	; shrinking
mean	: 0.008705860003829002	; std	: 0.004623879212886095	; baunded
mean	: 0.041420020163059235	; std	: 0.021458476781845093	; non
mean	: 0.023726172745227814	; std	: 0.008320091292262077	; inflating
mean	: 0.04630977660417557	; std	: 0.016413917765021324	; shrinking
mean	: 0.009234761819243431	; std	: 0.0050519537180662155	; baunded
mean	: 0.040702350437641144	; std	: 0.020908614620566368	; non
mean	: 0.017871089279651642	; std	: 0.005542281083762646	; inflating
mean	: 0.05378394573926926	; std	: 0.015276248566806316	; shrinking
mean	: 0.017403392121195793	; std	: 0.00764263654127717	; baunded
mean	: 0.04383824020624161	; std	: 0.020310616120696068	; non
mean	: 0.02276765927672386	; std	: 0.008178122341632843	; inflating
mean	: 0.04619329422712326	; std	: 0.016082413494586945	; shrinking
mean	: 0.008539367467164993	; std	: 0.005007791332900524	; baunded
mean	: 0.04031660407781601	; std	: 0.02074533887207508	; non
mean	: 0.036020152270793915	; std	: 0.010417773388326168	; inflating
mean	: 0.04769309610128403	; std	: 0.014536661095917225	; shrinking
mean	: 0.02010173164308071	; std	: 0.00782535970211029	; baunded
mean	: 0.045722316950559616	; std	: 0.019469264894723892	; non
mean	: 0.02027709409594536	; std	: 0.00851754005998373	; inflating
mean	: 0.04685298353433609	; std	: 0.01543857716023922	; shrinking
mean	: 0.009392570704221725	; std	: 0.004728395026177168	; baunded
mean	: 0.03945065289735794	; std	: 0.02090965397655964	; non
mean	: 0.020468084141612053	; std	: 0.008131762966513634	; inflating
mean	: 0.04888022691011429	; std	: 0.01531929150223732	; shrinking
mean	: 0.009435159154236317	; std	: 0.004734331276267767	; baunded
mean	: 0.040772270411252975	; std	: 0.02132074348628521	; non
mean	: 0.02211879938840866	; std	: 0.007778666447848082	; inflating
mean	: 0.047566816210746765	; std	: 0.015986323356628418	; shrinking
mean	: 0.00840216875076294	; std	: 0.0046745361760258675	; baunded
mean	: 0.04070272669196129	; std	: 0.021257393062114716	; non
mean	: 0.020468084141612053	; std	: 0.008131762966513634	; inflating
mean	: 0.04888022691011429	; std	: 0.01531929150223732	; shrinking
mean	: 0.009435159154236317	; std	: 0.004734331276267767	; baunded
mean	: 0.040772270411252975	; std	: 0.02132074348628521	; non
mean	: 0.025433236733078957	; std	: 0.00929334294050932	; inflating
mean	: 0.04802051931619644	; std	: 0.015103203244507313	; shrinking
mean	: 0.01115928590297699	; std	: 0.005120465997606516	; baunded
mean	: 0.04168141260743141	; std	: 0.02105253003537655	; non
mean	: 0.025433236733078957	; std	: 0.00929334294050932	; inflating
mean	: 0.04802051931619644	; std	: 0.015103203244507313	; shrinking
mean	: 0.01115928590297699	; std	: 0.005120465997606516	; baunded
mean	: 0.04168141260743141	; std	: 0.02105253003537655	; non
mean	: 0.030463185161352158	; std	: 0.007460093125700951	; inflating
mean	: 0.051638223230838776	; std	: 0.01603979617357254	; shrinking
mean	: 0.014330617152154446	; std	: 0.004008302465081215	; baunded
mean	: 0.045582860708236694	; std	: 0.02207431197166443	; non
mean	: 0.019859207794070244	; std	: 0.005855972412973642	; inflating
mean	: 0.05000131577253342	; std	: 0.01551043801009655	; shrinking
mean	: 0.012130942195653915	; std	: 0.006053696386516094	; baunded
mean	: 0.041752368211746216	; std	: 0.02076757699251175	; non
mean	: 0.020587481558322906	; std	: 0.006776148919016123	; inflating
mean	: 0.049734435975551605	; std	: 0.01607036590576172	; shrinking
mean	: 0.009996701031923294	; std	: 0.005004470236599445	; baunded
mean	: 0.04154995083808899	; std	: 0.02164488099515438	; non
mean	: 0.020468084141612053	; std	: 0.008131762966513634	; inflating
mean	: 0.04888022691011429	; std	: 0.01531929150223732	; shrinking
mean	: 0.009435159154236317	; std	: 0.004734331276267767	; baunded
mean	: 0.040772270411252975	; std	: 0.02132074348628521	; non
mean	: 0.020432300865650177	; std	: 0.0085506746545434	; inflating
mean	: 0.04619678854942322	; std	: 0.01570412516593933	; shrinking
mean	: 0.00875556655228138	; std	: 0.004756466019898653	; baunded
mean	: 0.03945934772491455	; std	: 0.020720036700367928	; non
mean	: 0.02329675480723381	; std	: 0.0070463442243635654	; inflating
mean	: 0.05295468121767044	; std	: 0.014519797638058662	; shrinking
mean	: 0.013030161149799824	; std	: 0.004337796010077	; baunded
mean	: 0.0430251806974411	; std	: 0.0229590255767107	; non
mean	: 0.02620070055127144	; std	: 0.009724661707878113	; inflating
mean	: 0.045558325946331024	; std	: 0.014978681690990925	; shrinking
mean	: 0.013029199093580246	; std	: 0.005492581520229578	; baunded
mean	: 0.040581513196229935	; std	: 0.020168855786323547	; non
mean	: 0.03385837748646736	; std	: 0.009898520074784756	; inflating
mean	: 0.04599267989397049	; std	: 0.01529448851943016	; shrinking
mean	: 0.016699809581041336	; std	: 0.006711914669722319	; baunded
mean	: 0.04418770596385002	; std	: 0.01969514973461628	; non
mean	: 0.019584989175200462	; std	: 0.005674161948263645	; inflating
mean	: 0.05285399779677391	; std	: 0.014950407668948174	; shrinking
mean	: 0.013008535839617252	; std	: 0.006320393178611994	; baunded
mean	: 0.04236462712287903	; std	: 0.02241654321551323	; non
mean	: 0.017262008041143417	; std	: 0.006889038719236851	; inflating
mean	: 0.050053998827934265	; std	: 0.015681913122534752	; shrinking
mean	: 0.010472327470779419	; std	: 0.00525042787194252	; baunded
mean	: 0.04091767221689224	; std	: 0.021344318985939026	; non
mean	: 0.02276765927672386	; std	: 0.008178122341632843	; inflating
mean	: 0.04619329422712326	; std	: 0.016082413494586945	; shrinking
mean	: 0.008539367467164993	; std	: 0.005007791332900524	; baunded
mean	: 0.04031660407781601	; std	: 0.02074533887207508	; non
mean	: 0.027177296578884125	; std	: 0.00952016469091177	; inflating
mean	: 0.04562496393918991	; std	: 0.015653084963560104	; shrinking
mean	: 0.011606670916080475	; std	: 0.005573305767029524	; baunded
mean	: 0.041209395974874496	; std	: 0.020544739440083504	; non
mean	: 0.020549306645989418	; std	: 0.006078226491808891	; inflating
mean	: 0.05001232400536537	; std	: 0.016026023775339127	; shrinking
mean	: 0.012102518230676651	; std	: 0.005658268462866545	; baunded
mean	: 0.042087458074092865	; std	: 0.020988520234823227	; non
mean	: 0.023928044363856316	; std	: 0.007981863804161549	; inflating
mean	: 0.047976136207580566	; std	: 0.015988541767001152	; shrinking
mean	: 0.008705860003829002	; std	: 0.004623879212886095	; baunded
mean	: 0.041420020163059235	; std	: 0.021458476781845093	; non
mean	: 0.033092886209487915	; std	: 0.010051541030406952	; inflating
mean	: 0.04588475823402405	; std	: 0.015273111872375011	; shrinking
mean	: 0.016635090112686157	; std	: 0.006921302992850542	; baunded
mean	: 0.04369725286960602	; std	: 0.01982896216213703	; non
mean	: 0.02329675480723381	; std	: 0.0070463442243635654	; inflating
mean	: 0.05295468121767044	; std	: 0.014519797638058662	; shrinking
mean	: 0.013030161149799824	; std	: 0.004337796010077	; baunded
mean	: 0.0430251806974411	; std	: 0.0229590255767107	; non
mean	: 0.020432300865650177	; std	: 0.0085506746545434	; inflating
mean	: 0.04619678854942322	; std	: 0.01570412516593933	; shrinking
mean	: 0.00875556655228138	; std	: 0.004756466019898653	; baunded
mean	: 0.03945934772491455	; std	: 0.020720036700367928	; non
mean	: 0.021002639085054398	; std	: 0.00817197747528553	; inflating
mean	: 0.046071138232946396	; std	: 0.015981819480657578	; shrinking
mean	: 0.008780969306826591	; std	: 0.004774692002683878	; baunded
mean	: 0.039761707186698914	; std	: 0.020635558292269707	; non
mean	: 0.03280948847532272	; std	: 0.00860544666647911	; inflating
mean	: 0.047596920281648636	; std	: 0.015943698585033417	; shrinking
mean	: 0.015116755850613117	; std	: 0.0053515308536589146	; baunded
mean	: 0.044730786234140396	; std	: 0.020213931798934937	; non
mean	: 0.023726172745227814	; std	: 0.008320091292262077	; inflating
mean	: 0.04630977660417557	; std	: 0.016413917765021324	; shrinking
mean	: 0.009234761819243431	; std	: 0.0050519537180662155	; baunded
mean	: 0.040702350437641144	; std	: 0.020908614620566368	; non
mean	: 0.02020343393087387	; std	: 0.006810939405113459	; inflating
mean	: 0.0510437935590744	; std	: 0.015674011781811714	; shrinking
mean	: 0.010189495980739594	; std	: 0.004617583472281694	; baunded
mean	: 0.0416899099946022	; std	: 0.022369373589754105	; non
mean	: 0.020468084141612053	; std	: 0.008131762966513634	; inflating
mean	: 0.04888022691011429	; std	: 0.01531929150223732	; shrinking
mean	: 0.009435159154236317	; std	: 0.004734331276267767	; baunded
mean	: 0.040772270411252975	; std	: 0.02132074348628521	; non
anchor name	: non
mean	: 0.06620445847511292	; std	: 0.004885569214820862	; inflating
mean	: 0.04493885487318039	; std	: 0.014002472162246704	; shrinking
mean	: 0.07275844365358353	; std	: 0.0021700928919017315	; baunded
mean	: 0.043810151517391205	; std	: 0.02611415833234787	; non
mean	: 0.024816051125526428	; std	: 0.007389472331851721	; inflating
mean	: 0.033141039311885834	; std	: 0.01284868735820055	; shrinking
mean	: 0.02481347881257534	; std	: 0.0028002546168863773	; baunded
mean	: 0.03064630925655365	; std	: 0.016442541033029556	; non
mean	: 0.04926998168230057	; std	: 0.005238473881036043	; inflating
mean	: 0.02867196314036846	; std	: 0.012983674183487892	; shrinking
mean	: 0.053032584488391876	; std	: 0.0023307385854423046	; baunded
mean	: 0.03332492336630821	; std	: 0.01792686991393566	; non
mean	: 0.03236967325210571	; std	: 0.005024641752243042	; inflating
mean	: 0.06556622684001923	; std	: 0.014358596876263618	; shrinking
mean	: 0.02576771005988121	; std	: 0.0042859031818807125	; baunded
mean	: 0.052372321486473083	; std	: 0.02685806341469288	; non
mean	: 0.06620445847511292	; std	: 0.004885569214820862	; inflating
mean	: 0.04493885487318039	; std	: 0.014002472162246704	; shrinking
mean	: 0.07275844365358353	; std	: 0.0021700928919017315	; baunded
mean	: 0.043810151517391205	; std	: 0.02611415833234787	; non
mean	: 0.06501968204975128	; std	: 0.006265729200094938	; inflating
mean	: 0.026723220944404602	; std	: 0.014321495778858662	; shrinking
mean	: 0.06403468549251556	; std	: 0.00195688265375793	; baunded
mean	: 0.038960158824920654	; std	: 0.022823859006166458	; non
mean	: 0.0660269558429718	; std	: 0.004913710057735443	; inflating
mean	: 0.04196692258119583	; std	: 0.013957965187728405	; shrinking
mean	: 0.07152330130338669	; std	: 0.0018640223424881697	; baunded
mean	: 0.0419892743229866	; std	: 0.026423484086990356	; non
mean	: 0.028950512409210205	; std	: 0.005065742880105972	; inflating
mean	: 0.06157795339822769	; std	: 0.013720336370170116	; shrinking
mean	: 0.02401706948876381	; std	: 0.005301876924932003	; baunded
mean	: 0.04862598329782486	; std	: 0.025674592703580856	; non
mean	: 0.024816051125526428	; std	: 0.007389472331851721	; inflating
mean	: 0.033141039311885834	; std	: 0.01284868735820055	; shrinking
mean	: 0.02481347881257534	; std	: 0.0028002546168863773	; baunded
mean	: 0.03064630925655365	; std	: 0.016442541033029556	; non
mean	: 0.0660269558429718	; std	: 0.004913710057735443	; inflating
mean	: 0.04196692258119583	; std	: 0.013957965187728405	; shrinking
mean	: 0.07152330130338669	; std	: 0.0018640223424881697	; baunded
mean	: 0.0419892743229866	; std	: 0.026423484086990356	; non
mean	: 0.024816051125526428	; std	: 0.007389472331851721	; inflating
mean	: 0.033141039311885834	; std	: 0.01284868735820055	; shrinking
mean	: 0.02481347881257534	; std	: 0.0028002546168863773	; baunded
mean	: 0.03064630925655365	; std	: 0.016442541033029556	; non
mean	: 0.059693921357393265	; std	: 0.005445554852485657	; inflating
mean	: 0.027840105816721916	; std	: 0.014534007757902145	; shrinking
mean	: 0.061615779995918274	; std	: 0.0015759030357003212	; baunded
mean	: 0.03510535508394241	; std	: 0.023436322808265686	; non
mean	: 0.04926998168230057	; std	: 0.005238473881036043	; inflating
mean	: 0.02867196314036846	; std	: 0.012983674183487892	; shrinking
mean	: 0.053032584488391876	; std	: 0.0023307385854423046	; baunded
mean	: 0.03332492336630821	; std	: 0.01792686991393566	; non
mean	: 0.0660269558429718	; std	: 0.004913710057735443	; inflating
mean	: 0.04196692258119583	; std	: 0.013957965187728405	; shrinking
mean	: 0.07152330130338669	; std	: 0.0018640223424881697	; baunded
mean	: 0.0419892743229866	; std	: 0.026423484086990356	; non
mean	: 0.06501968204975128	; std	: 0.006265729200094938	; inflating
mean	: 0.026723220944404602	; std	: 0.014321495778858662	; shrinking
mean	: 0.06403468549251556	; std	: 0.00195688265375793	; baunded
mean	: 0.038960158824920654	; std	: 0.022823859006166458	; non
mean	: 0.059693921357393265	; std	: 0.005445554852485657	; inflating
mean	: 0.027840105816721916	; std	: 0.014534007757902145	; shrinking
mean	: 0.061615779995918274	; std	: 0.0015759030357003212	; baunded
mean	: 0.03510535508394241	; std	: 0.023436322808265686	; non
mean	: 0.028328146785497665	; std	: 0.008761048316955566	; inflating
mean	: 0.03421687334775925	; std	: 0.013528990559279919	; shrinking
mean	: 0.02291528508067131	; std	: 0.003653037128970027	; baunded
mean	: 0.03298310935497284	; std	: 0.017856409773230553	; non
mean	: 0.06620445847511292	; std	: 0.004885569214820862	; inflating
mean	: 0.04493885487318039	; std	: 0.014002472162246704	; shrinking
mean	: 0.07275844365358353	; std	: 0.0021700928919017315	; baunded
mean	: 0.043810151517391205	; std	: 0.02611415833234787	; non
mean	: 0.059693921357393265	; std	: 0.005445554852485657	; inflating
mean	: 0.027840105816721916	; std	: 0.014534007757902145	; shrinking
mean	: 0.061615779995918274	; std	: 0.0015759030357003212	; baunded
mean	: 0.03510535508394241	; std	: 0.023436322808265686	; non
mean	: 0.028950512409210205	; std	: 0.005065742880105972	; inflating
mean	: 0.06157795339822769	; std	: 0.013720336370170116	; shrinking
mean	: 0.02401706948876381	; std	: 0.005301876924932003	; baunded
mean	: 0.04862598329782486	; std	: 0.025674592703580856	; non
mean	: 0.06620445847511292	; std	: 0.004885569214820862	; inflating
mean	: 0.04493885487318039	; std	: 0.014002472162246704	; shrinking
mean	: 0.07275844365358353	; std	: 0.0021700928919017315	; baunded
mean	: 0.043810151517391205	; std	: 0.02611415833234787	; non
mean	: 0.05578122287988663	; std	: 0.005505600944161415	; inflating
mean	: 0.026418862864375114	; std	: 0.014088829047977924	; shrinking
mean	: 0.05802106484770775	; std	: 0.0016847460065037012	; baunded
mean	: 0.03336801379919052	; std	: 0.021802103146910667	; non
mean	: 0.04739458113908768	; std	: 0.007821676321327686	; inflating
mean	: 0.022165410220623016	; std	: 0.010127820074558258	; shrinking
mean	: 0.04304823651909828	; std	: 0.0031768970657140017	; baunded
mean	: 0.03329839929938316	; std	: 0.015084459446370602	; non
mean	: 0.05705759674310684	; std	: 0.005850679241120815	; inflating
mean	: 0.024429205805063248	; std	: 0.013902709819376469	; shrinking
mean	: 0.05792735517024994	; std	: 0.0016462509520351887	; baunded
mean	: 0.03365546464920044	; std	: 0.02169189229607582	; non
mean	: 0.04739458113908768	; std	: 0.007821676321327686	; inflating
mean	: 0.022165410220623016	; std	: 0.010127820074558258	; shrinking
mean	: 0.04304823651909828	; std	: 0.0031768970657140017	; baunded
mean	: 0.03329839929938316	; std	: 0.015084459446370602	; non
mean	: 0.03495302051305771	; std	: 0.0087056839838624	; inflating
mean	: 0.02962801232933998	; std	: 0.01218972634524107	; shrinking
mean	: 0.029389478266239166	; std	: 0.0038562717381864786	; baunded
mean	: 0.032831840217113495	; std	: 0.015703711658716202	; non
mean	: 0.028640370815992355	; std	: 0.007634135894477367	; inflating
mean	: 0.02979171648621559	; std	: 0.012331354431807995	; shrinking
mean	: 0.026988182216882706	; std	: 0.002570884069427848	; baunded
mean	: 0.03003179468214512	; std	: 0.015320430509746075	; non
mean	: 0.05578122287988663	; std	: 0.005505600944161415	; inflating
mean	: 0.026418862864375114	; std	: 0.014088829047977924	; shrinking
mean	: 0.05802106484770775	; std	: 0.0016847460065037012	; baunded
mean	: 0.03336801379919052	; std	: 0.021802103146910667	; non
mean	: 0.028950512409210205	; std	: 0.005065742880105972	; inflating
mean	: 0.06157795339822769	; std	: 0.013720336370170116	; shrinking
mean	: 0.02401706948876381	; std	: 0.005301876924932003	; baunded
mean	: 0.04862598329782486	; std	: 0.025674592703580856	; non
mean	: 0.05867888778448105	; std	: 0.0052525345236063	; inflating
mean	: 0.029412928968667984	; std	: 0.014618105255067348	; shrinking
mean	: 0.06157657504081726	; std	: 0.0017355589661747217	; baunded
mean	: 0.035306766629219055	; std	: 0.023095253854990005	; non
mean	: 0.023854568600654602	; std	: 0.0055062901228666306	; inflating
mean	: 0.05638754367828369	; std	: 0.014959326945245266	; shrinking
mean	: 0.01582971028983593	; std	: 0.005144578870385885	; baunded
mean	: 0.04469560086727142	; std	: 0.024876786395907402	; non
mean	: 0.027161015197634697	; std	: 0.00732409255579114	; inflating
mean	: 0.05389196053147316	; std	: 0.014834738336503506	; shrinking
mean	: 0.013984116725623608	; std	: 0.003429110860452056	; baunded
mean	: 0.04451558738946915	; std	: 0.02385781705379486	; non
mean	: 0.06501968204975128	; std	: 0.006265729200094938	; inflating
mean	: 0.026723220944404602	; std	: 0.014321495778858662	; shrinking
mean	: 0.06403468549251556	; std	: 0.00195688265375793	; baunded
mean	: 0.038960158824920654	; std	: 0.022823859006166458	; non
mean	: 0.029767628759145737	; std	: 0.005118125583976507	; inflating
mean	: 0.06300472468137741	; std	: 0.01415071077644825	; shrinking
mean	: 0.023776276037096977	; std	: 0.0047801099717617035	; baunded
mean	: 0.04980149120092392	; std	: 0.026510756462812424	; non
mean	: 0.04926998168230057	; std	: 0.005238473881036043	; inflating
mean	: 0.02867196314036846	; std	: 0.012983674183487892	; shrinking
mean	: 0.053032584488391876	; std	: 0.0023307385854423046	; baunded
mean	: 0.03332492336630821	; std	: 0.01792686991393566	; non
mean	: 0.020065579563379288	; std	: 0.007168763317167759	; inflating
mean	: 0.03843211382627487	; std	: 0.013875549659132957	; shrinking
mean	: 0.021497400477528572	; std	: 0.003423551330342889	; baunded
mean	: 0.03301440551877022	; std	: 0.01773695833981037	; non
mean	: 0.03051770105957985	; std	: 0.009575060568749905	; inflating
mean	: 0.037556469440460205	; std	: 0.014161655679345131	; shrinking
mean	: 0.021353309974074364	; std	: 0.004958127159625292	; baunded
mean	: 0.03666600584983826	; std	: 0.01860942877829075	; non
mean	: 0.025543194264173508	; std	: 0.008423928171396255	; inflating
mean	: 0.035068586468696594	; std	: 0.013775423169136047	; shrinking
mean	: 0.02155771106481552	; std	: 0.003243708983063698	; baunded
mean	: 0.03240291029214859	; std	: 0.018302304670214653	; non
mean	: 0.04739458113908768	; std	: 0.007821676321327686	; inflating
mean	: 0.022165410220623016	; std	: 0.010127820074558258	; shrinking
mean	: 0.04304823651909828	; std	: 0.0031768970657140017	; baunded
mean	: 0.03329839929938316	; std	: 0.015084459446370602	; non
mean	: 0.03495302051305771	; std	: 0.0087056839838624	; inflating
mean	: 0.02962801232933998	; std	: 0.01218972634524107	; shrinking
mean	: 0.029389478266239166	; std	: 0.0038562717381864786	; baunded
mean	: 0.032831840217113495	; std	: 0.015703711658716202	; non
mean	: 0.019275065511465073	; std	: 0.007380625698715448	; inflating
mean	: 0.039745766669511795	; std	: 0.014252771623432636	; shrinking
mean	: 0.020011775195598602	; std	: 0.0034431335516273975	; baunded
mean	: 0.03377529978752136	; std	: 0.01852525770664215	; non
mean	: 0.05851590260863304	; std	: 0.006216262932866812	; inflating
mean	: 0.02357407845556736	; std	: 0.01348321232944727	; shrinking
mean	: 0.05816496163606644	; std	: 0.0018429988995194435	; baunded
mean	: 0.03471623361110687	; std	: 0.02135440707206726	; non
mean	: 0.024816051125526428	; std	: 0.007389472331851721	; inflating
mean	: 0.033141039311885834	; std	: 0.01284868735820055	; shrinking
mean	: 0.02481347881257534	; std	: 0.0028002546168863773	; baunded
mean	: 0.03064630925655365	; std	: 0.016442541033029556	; non
mean	: 0.03076786734163761	; std	: 0.00629603723064065	; inflating
mean	: 0.05924030765891075	; std	: 0.013809922151267529	; shrinking
mean	: 0.0208353940397501	; std	: 0.0036135721020400524	; baunded
mean	: 0.04787934571504593	; std	: 0.025460030883550644	; non
mean	: 0.02602793462574482	; std	: 0.008354909718036652	; inflating
mean	: 0.03420087322592735	; std	: 0.013635750859975815	; shrinking
mean	: 0.02213498204946518	; std	: 0.003169403877109289	; baunded
mean	: 0.031946923583745956	; std	: 0.018028777092695236	; non
mean	: 0.05851590260863304	; std	: 0.006216262932866812	; inflating
mean	: 0.02357407845556736	; std	: 0.01348321232944727	; shrinking
mean	: 0.05816496163606644	; std	: 0.0018429988995194435	; baunded
mean	: 0.03471623361110687	; std	: 0.02135440707206726	; non
mean	: 0.022971346974372864	; std	: 0.0055023739114403725	; inflating
mean	: 0.05573264881968498	; std	: 0.014911704696714878	; shrinking
mean	: 0.015413393266499043	; std	: 0.005402374546974897	; baunded
mean	: 0.044184088706970215	; std	: 0.02445833384990692	; non
mean	: 0.019275065511465073	; std	: 0.007380625698715448	; inflating
mean	: 0.039745766669511795	; std	: 0.014252771623432636	; shrinking
mean	: 0.020011775195598602	; std	: 0.0034431335516273975	; baunded
mean	: 0.03377529978752136	; std	: 0.01852525770664215	; non
mean	: 0.020065579563379288	; std	: 0.007168763317167759	; inflating
mean	: 0.03843211382627487	; std	: 0.013875549659132957	; shrinking
mean	: 0.021497400477528572	; std	: 0.003423551330342889	; baunded
mean	: 0.03301440551877022	; std	: 0.01773695833981037	; non
mean	: 0.04415028542280197	; std	: 0.00709597859531641	; inflating
mean	: 0.022181883454322815	; std	: 0.009726188145577908	; shrinking
mean	: 0.04256351292133331	; std	: 0.002337496029213071	; baunded
mean	: 0.03085154853761196	; std	: 0.01468695793300867	; non
mean	: 0.028950512409210205	; std	: 0.005065742880105972	; inflating
mean	: 0.06157795339822769	; std	: 0.013720336370170116	; shrinking
mean	: 0.02401706948876381	; std	: 0.005301876924932003	; baunded
mean	: 0.04862598329782486	; std	: 0.025674592703580856	; non
mean	: 0.0660269558429718	; std	: 0.004913710057735443	; inflating
mean	: 0.04196692258119583	; std	: 0.013957965187728405	; shrinking
mean	: 0.07152330130338669	; std	: 0.0018640223424881697	; baunded
mean	: 0.0419892743229866	; std	: 0.026423484086990356	; non
mean	: 0.02602793462574482	; std	: 0.008354909718036652	; inflating
mean	: 0.03420087322592735	; std	: 0.013635750859975815	; shrinking
mean	: 0.02213498204946518	; std	: 0.003169403877109289	; baunded
mean	: 0.031946923583745956	; std	: 0.018028777092695236	; non
mean	: 0.03301750123500824	; std	: 0.00972287543118	; inflating
mean	: 0.03784685954451561	; std	: 0.013692114502191544	; shrinking
mean	: 0.023593075573444366	; std	: 0.005381281953305006	; baunded
mean	: 0.037785135209560394	; std	: 0.018158070743083954	; non
mean	: 0.032339923083782196	; std	: 0.006187384016811848	; inflating
mean	: 0.06162397563457489	; std	: 0.014250320382416248	; shrinking
mean	: 0.02212323620915413	; std	: 0.0033763363026082516	; baunded
mean	: 0.04996085539460182	; std	: 0.026180624961853027	; non
mean	: 0.06644649803638458	; std	: 0.004895621445029974	; inflating
mean	: 0.04322943836450577	; std	: 0.013865979388356209	; shrinking
mean	: 0.07224608212709427	; std	: 0.0019218426896259189	; baunded
mean	: 0.042851876467466354	; std	: 0.026367854326963425	; non
mean	: 0.03076786734163761	; std	: 0.00629603723064065	; inflating
mean	: 0.05924030765891075	; std	: 0.013809922151267529	; shrinking
mean	: 0.0208353940397501	; std	: 0.0036135721020400524	; baunded
mean	: 0.04787934571504593	; std	: 0.025460030883550644	; non
mean	: 0.023854568600654602	; std	: 0.0055062901228666306	; inflating
mean	: 0.05638754367828369	; std	: 0.014959326945245266	; shrinking
mean	: 0.01582971028983593	; std	: 0.005144578870385885	; baunded
mean	: 0.04469560086727142	; std	: 0.024876786395907402	; non
mean	: 0.022330354899168015	; std	: 0.008582421578466892	; inflating
mean	: 0.038773395121097565	; std	: 0.014752861112356186	; shrinking
mean	: 0.01760922372341156	; std	: 0.0034294810611754656	; baunded
mean	: 0.03435730189085007	; std	: 0.01925715245306492	; non
mean	: 0.0660269558429718	; std	: 0.004913710057735443	; inflating
mean	: 0.04196692258119583	; std	: 0.013957965187728405	; shrinking
mean	: 0.07152330130338669	; std	: 0.0018640223424881697	; baunded
mean	: 0.0419892743229866	; std	: 0.026423484086990356	; non
mean	: 0.019275065511465073	; std	: 0.007380625698715448	; inflating
mean	: 0.039745766669511795	; std	: 0.014252771623432636	; shrinking
mean	: 0.020011775195598602	; std	: 0.0034431335516273975	; baunded
mean	: 0.03377529978752136	; std	: 0.01852525770664215	; non
mean	: 0.043588608503341675	; std	: 0.006763126235455275	; inflating
mean	: 0.021953187882900238	; std	: 0.009864630177617073	; shrinking
mean	: 0.04266751557588577	; std	: 0.0020676685962826014	; baunded
mean	: 0.030313044786453247	; std	: 0.01453137956559658	; non
mean	: 0.06272164732217789	; std	: 0.005831500049680471	; inflating
mean	: 0.027588680386543274	; std	: 0.014327740296721458	; shrinking
mean	: 0.06348837912082672	; std	: 0.0016180607490241528	; baunded
mean	: 0.0368865430355072	; std	: 0.02354724332690239	; non
mean	: 0.05867888778448105	; std	: 0.0052525345236063	; inflating
mean	: 0.029412928968667984	; std	: 0.014618105255067348	; shrinking
mean	: 0.06157657504081726	; std	: 0.0017355589661747217	; baunded
mean	: 0.035306766629219055	; std	: 0.023095253854990005	; non
> end program
