output_dir	: stem_log/evaluate_each_state/2021-01-23-02-17-54(43003)
sys.argv	: ['tool/evaluate_each_state.py', '--pretrained-model', 'stem_log/pre_train/2021-01-20-22-56-11(7299)/model-epoch-10-batch-10', '--dicts', 'stem_log/pre_train/2021-01-20-22-56-11(7299)/test_sample_dict.pkl', '--n-samples', '64']
> load model
model_path	: stem_log/pre_train/2021-01-20-22-56-11(7299)/model-epoch-10-batch-10
Model: "model"
_________________________________________________________________
Layer (type)                 Output Shape              Param #   
=================================================================
input_1 (InputLayer)         [(None, 100, 2)]          0         
_________________________________________________________________
LSTM (Model)                 (None, 128)               67072     
_________________________________________________________________
tf.math.l2_normalize (TFOpLa (None, 128)               0         
=================================================================
Total params: 67,072
Trainable params: 67,072
Non-trainable params: 0
_________________________________________________________________
dicts	: ['stem_log/pre_train/2021-01-20-22-56-11(7299)/test_sample_dict.pkl']
> load dicts
sample_dict	: {'inflating': 320, 'shrinking': 320, 'baunded': 320}
> shuffle
> slice
sample_dict	: {'inflating': 64, 'shrinking': 64, 'baunded': 64}
frame_sampling_rate	: 50
> dump sample dict
> embeding
anchor name	: inflating
mean	: 0.032339680939912796	; std	: 0.012019932270050049	; inflating
mean	: 0.06362080574035645	; std	: 0.009500118903815746	; shrinking
mean	: 0.0657200887799263	; std	: 0.007485449314117432	; baunded
mean	: 0.032339680939912796	; std	: 0.012019932270050049	; inflating
mean	: 0.06362080574035645	; std	: 0.009500118903815746	; shrinking
mean	: 0.0657200887799263	; std	: 0.007485449314117432	; baunded
mean	: 0.032339680939912796	; std	: 0.012019932270050049	; inflating
mean	: 0.06362080574035645	; std	: 0.009500118903815746	; shrinking
mean	: 0.0657200887799263	; std	: 0.007485449314117432	; baunded
mean	: 0.02991615980863571	; std	: 0.01651325263082981	; inflating
mean	: 0.08687928318977356	; std	: 0.012182704173028469	; shrinking
mean	: 0.05290116369724274	; std	: 0.007024382706731558	; baunded
mean	: 0.03110882081091404	; std	: 0.01956460252404213	; inflating
mean	: 0.0904209092259407	; std	: 0.009278721176087856	; shrinking
mean	: 0.0679159089922905	; std	: 0.006361679174005985	; baunded
mean	: 0.03110882081091404	; std	: 0.01956460252404213	; inflating
mean	: 0.0904209092259407	; std	: 0.009278721176087856	; shrinking
mean	: 0.0679159089922905	; std	: 0.006361679174005985	; baunded
mean	: 0.02991615980863571	; std	: 0.01651325263082981	; inflating
mean	: 0.08687928318977356	; std	: 0.012182704173028469	; shrinking
mean	: 0.05290116369724274	; std	: 0.007024382706731558	; baunded
mean	: 0.043227553367614746	; std	: 0.019444072619080544	; inflating
mean	: 0.10112804174423218	; std	: 0.01790602318942547	; shrinking
mean	: 0.03946568816900253	; std	: 0.005123808979988098	; baunded
mean	: 0.045619457960128784	; std	: 0.017617272213101387	; inflating
mean	: 0.047417595982551575	; std	: 0.01294746994972229	; shrinking
mean	: 0.06594442576169968	; std	: 0.00687872851267457	; baunded
mean	: 0.035181861370801926	; std	: 0.015198693610727787	; inflating
mean	: 0.0748109519481659	; std	: 0.019118711352348328	; shrinking
mean	: 0.03305310010910034	; std	: 0.006841079797595739	; baunded
mean	: 0.02991615980863571	; std	: 0.01651325263082981	; inflating
mean	: 0.08687928318977356	; std	: 0.012182704173028469	; shrinking
mean	: 0.05290116369724274	; std	: 0.007024382706731558	; baunded
mean	: 0.028817564249038696	; std	: 0.01286656130105257	; inflating
mean	: 0.07567538321018219	; std	: 0.00957382284104824	; shrinking
mean	: 0.0625624805688858	; std	: 0.007352914195507765	; baunded
mean	: 0.036043379455804825	; std	: 0.020658954977989197	; inflating
mean	: 0.09796682745218277	; std	: 0.014396095648407936	; shrinking
mean	: 0.05227779224514961	; std	: 0.005458133760839701	; baunded
mean	: 0.03110882081091404	; std	: 0.01956460252404213	; inflating
mean	: 0.0904209092259407	; std	: 0.009278721176087856	; shrinking
mean	: 0.0679159089922905	; std	: 0.006361679174005985	; baunded
mean	: 0.036043379455804825	; std	: 0.020658954977989197	; inflating
mean	: 0.09796682745218277	; std	: 0.014396095648407936	; shrinking
mean	: 0.05227779224514961	; std	: 0.005458133760839701	; baunded
mean	: 0.03110882081091404	; std	: 0.01956460252404213	; inflating
mean	: 0.0904209092259407	; std	: 0.009278721176087856	; shrinking
mean	: 0.0679159089922905	; std	: 0.006361679174005985	; baunded
mean	: 0.045619457960128784	; std	: 0.017617272213101387	; inflating
mean	: 0.047417595982551575	; std	: 0.01294746994972229	; shrinking
mean	: 0.06594442576169968	; std	: 0.00687872851267457	; baunded
mean	: 0.06865139305591583	; std	: 0.019835056737065315	; inflating
mean	: 0.04930665343999863	; std	: 0.019341744482517242	; shrinking
mean	: 0.10876832902431488	; std	: 0.006754795089364052	; baunded
mean	: 0.03403017669916153	; std	: 0.015312722884118557	; inflating
mean	: 0.07807621359825134	; std	: 0.01880410872399807	; shrinking
mean	: 0.03194407373666763	; std	: 0.007171795703470707	; baunded
mean	: 0.03261861950159073	; std	: 0.018665719777345657	; inflating
mean	: 0.09456966817378998	; std	: 0.01405620202422142	; shrinking
mean	: 0.0486912876367569	; std	: 0.005842004436999559	; baunded
mean	: 0.035181861370801926	; std	: 0.015198693610727787	; inflating
mean	: 0.0748109519481659	; std	: 0.019118711352348328	; shrinking
mean	: 0.03305310010910034	; std	: 0.006841079797595739	; baunded
mean	: 0.038241319358348846	; std	: 0.01562514714896679	; inflating
mean	: 0.0676499605178833	; std	: 0.01902073249220848	; shrinking
mean	: 0.03824131563305855	; std	: 0.00664692185819149	; baunded
mean	: 0.029555533081293106	; std	: 0.014144477434456348	; inflating
mean	: 0.0763314813375473	; std	: 0.015189961530268192	; shrinking
mean	: 0.04260525852441788	; std	: 0.0073941838927567005	; baunded
mean	: 0.02770611271262169	; std	: 0.01279535423964262	; inflating
mean	: 0.0807345062494278	; std	: 0.011450129561126232	; shrinking
mean	: 0.057576023042201996	; std	: 0.006701672915369272	; baunded
mean	: 0.036043379455804825	; std	: 0.020658954977989197	; inflating
mean	: 0.09796682745218277	; std	: 0.014396095648407936	; shrinking
mean	: 0.05227779224514961	; std	: 0.005458133760839701	; baunded
mean	: 0.03110882081091404	; std	: 0.01956460252404213	; inflating
mean	: 0.0904209092259407	; std	: 0.009278721176087856	; shrinking
mean	: 0.0679159089922905	; std	: 0.006361679174005985	; baunded
mean	: 0.036043379455804825	; std	: 0.020658954977989197	; inflating
mean	: 0.09796682745218277	; std	: 0.014396095648407936	; shrinking
mean	: 0.05227779224514961	; std	: 0.005458133760839701	; baunded
mean	: 0.03332305699586868	; std	: 0.012337875552475452	; inflating
mean	: 0.061813414096832275	; std	: 0.011057225987315178	; shrinking
mean	: 0.05959019809961319	; std	: 0.007563618011772633	; baunded
mean	: 0.05660020560026169	; std	: 0.02063319832086563	; inflating
mean	: 0.04039302468299866	; std	: 0.015264996327459812	; shrinking
mean	: 0.09237262606620789	; std	: 0.007091066800057888	; baunded
mean	: 0.03403017669916153	; std	: 0.015312722884118557	; inflating
mean	: 0.07807621359825134	; std	: 0.01880410872399807	; shrinking
mean	: 0.03194407373666763	; std	: 0.007171795703470707	; baunded
mean	: 0.027532173320651054	; std	: 0.016568919643759727	; inflating
mean	: 0.08596813678741455	; std	: 0.011450531892478466	; shrinking
mean	: 0.05626777559518814	; std	: 0.006800801493227482	; baunded
mean	: 0.02989283949136734	; std	: 0.01916339248418808	; inflating
mean	: 0.09109505265951157	; std	: 0.010408978909254074	; shrinking
mean	: 0.06184873729944229	; std	: 0.006413962692022324	; baunded
mean	: 0.04017112776637077	; std	: 0.020759383216500282	; inflating
mean	: 0.10167338699102402	; std	: 0.015855206176638603	; shrinking
mean	: 0.04759972542524338	; std	: 0.005131242331117392	; baunded
mean	: 0.038241319358348846	; std	: 0.01562514714896679	; inflating
mean	: 0.0676499605178833	; std	: 0.01902073249220848	; shrinking
mean	: 0.03824131563305855	; std	: 0.00664692185819149	; baunded
mean	: 0.02989283949136734	; std	: 0.01916339248418808	; inflating
mean	: 0.09109505265951157	; std	: 0.010408978909254074	; shrinking
mean	: 0.06184873729944229	; std	: 0.006413962692022324	; baunded
mean	: 0.03088846430182457	; std	: 0.019179105758666992	; inflating
mean	: 0.09037727117538452	; std	: 0.00955706275999546	; shrinking
mean	: 0.06648440659046173	; std	: 0.006491716951131821	; baunded
mean	: 0.029555533081293106	; std	: 0.014144477434456348	; inflating
mean	: 0.0763314813375473	; std	: 0.015189961530268192	; shrinking
mean	: 0.04260525852441788	; std	: 0.0073941838927567005	; baunded
mean	: 0.04017112776637077	; std	: 0.020759383216500282	; inflating
mean	: 0.10167338699102402	; std	: 0.015855206176638603	; shrinking
mean	: 0.04759972542524338	; std	: 0.005131242331117392	; baunded
mean	: 0.05295642092823982	; std	: 0.019306398928165436	; inflating
mean	: 0.039724644273519516	; std	: 0.013883164152503014	; shrinking
mean	: 0.08270588517189026	; std	: 0.006638919003307819	; baunded
mean	: 0.03110882081091404	; std	: 0.01956460252404213	; inflating
mean	: 0.0904209092259407	; std	: 0.009278721176087856	; shrinking
mean	: 0.0679159089922905	; std	: 0.006361679174005985	; baunded
mean	: 0.03088846430182457	; std	: 0.019179105758666992	; inflating
mean	: 0.09037727117538452	; std	: 0.00955706275999546	; shrinking
mean	: 0.06648440659046173	; std	: 0.006491716951131821	; baunded
mean	: 0.04121389985084534	; std	: 0.016189727932214737	; inflating
mean	: 0.050437867641448975	; std	: 0.012891161255538464	; shrinking
mean	: 0.06552713364362717	; std	: 0.006532162893563509	; baunded
mean	: 0.028817564249038696	; std	: 0.01286656130105257	; inflating
mean	: 0.07567538321018219	; std	: 0.00957382284104824	; shrinking
mean	: 0.0625624805688858	; std	: 0.007352914195507765	; baunded
mean	: 0.036043379455804825	; std	: 0.020658954977989197	; inflating
mean	: 0.09796682745218277	; std	: 0.014396095648407936	; shrinking
mean	: 0.05227779224514961	; std	: 0.005458133760839701	; baunded
mean	: 0.05660020560026169	; std	: 0.02063319832086563	; inflating
mean	: 0.04039302468299866	; std	: 0.015264996327459812	; shrinking
mean	: 0.09237262606620789	; std	: 0.007091066800057888	; baunded
mean	: 0.037535227835178375	; std	: 0.013265484012663364	; inflating
mean	: 0.05535675585269928	; std	: 0.01099616102874279	; shrinking
mean	: 0.06855598837137222	; std	: 0.006904785521328449	; baunded
mean	: 0.029859069734811783	; std	: 0.018575647845864296	; inflating
mean	: 0.09167194366455078	; std	: 0.012264395132660866	; shrinking
mean	: 0.05459023267030716	; std	: 0.006316314917057753	; baunded
mean	: 0.04121389985084534	; std	: 0.016189727932214737	; inflating
mean	: 0.050437867641448975	; std	: 0.012891161255538464	; shrinking
mean	: 0.06552713364362717	; std	: 0.006532162893563509	; baunded
mean	: 0.02989283949136734	; std	: 0.01916339248418808	; inflating
mean	: 0.09109505265951157	; std	: 0.010408978909254074	; shrinking
mean	: 0.06184873729944229	; std	: 0.006413962692022324	; baunded
mean	: 0.037535227835178375	; std	: 0.013265484012663364	; inflating
mean	: 0.05535675585269928	; std	: 0.01099616102874279	; shrinking
mean	: 0.06855598837137222	; std	: 0.006904785521328449	; baunded
mean	: 0.02927153930068016	; std	: 0.018144788220524788	; inflating
mean	: 0.08834756910800934	; std	: 0.009872625581920147	; shrinking
mean	: 0.06407112628221512	; std	: 0.006579257547855377	; baunded
mean	: 0.036863572895526886	; std	: 0.015205778181552887	; inflating
mean	: 0.06396161019802094	; std	: 0.01759415678679943	; shrinking
mean	: 0.04278438165783882	; std	: 0.007134492043405771	; baunded
mean	: 0.036863572895526886	; std	: 0.015205778181552887	; inflating
mean	: 0.06396161019802094	; std	: 0.01759415678679943	; shrinking
mean	: 0.04278438165783882	; std	: 0.007134492043405771	; baunded
mean	: 0.029555533081293106	; std	: 0.014144477434456348	; inflating
mean	: 0.0763314813375473	; std	: 0.015189961530268192	; shrinking
mean	: 0.04260525852441788	; std	: 0.0073941838927567005	; baunded
mean	: 0.029555533081293106	; std	: 0.014144477434456348	; inflating
mean	: 0.0763314813375473	; std	: 0.015189961530268192	; shrinking
mean	: 0.04260525852441788	; std	: 0.0073941838927567005	; baunded
mean	: 0.02989283949136734	; std	: 0.01916339248418808	; inflating
mean	: 0.09109505265951157	; std	: 0.010408978909254074	; shrinking
mean	: 0.06184873729944229	; std	: 0.006413962692022324	; baunded
mean	: 0.035471364855766296	; std	: 0.016472306102514267	; inflating
mean	: 0.08700603246688843	; std	: 0.0075273034162819386	; shrinking
mean	: 0.07545408606529236	; std	: 0.006837208289653063	; baunded
mean	: 0.036043379455804825	; std	: 0.020658954977989197	; inflating
mean	: 0.09796682745218277	; std	: 0.014396095648407936	; shrinking
mean	: 0.05227779224514961	; std	: 0.005458133760839701	; baunded
mean	: 0.04121389985084534	; std	: 0.016189727932214737	; inflating
mean	: 0.050437867641448975	; std	: 0.012891161255538464	; shrinking
mean	: 0.06552713364362717	; std	: 0.006532162893563509	; baunded
mean	: 0.03336881101131439	; std	: 0.016691574826836586	; inflating
mean	: 0.08888271450996399	; std	: 0.01657426916062832	; shrinking
mean	: 0.03722234442830086	; std	: 0.0066947066225111485	; baunded
mean	: 0.03563128411769867	; std	: 0.01900978572666645	; inflating
mean	: 0.09407767653465271	; std	: 0.009146320633590221	; shrinking
mean	: 0.07169400155544281	; std	: 0.006136661861091852	; baunded
mean	: 0.028817564249038696	; std	: 0.01286656130105257	; inflating
mean	: 0.07567538321018219	; std	: 0.00957382284104824	; shrinking
mean	: 0.0625624805688858	; std	: 0.007352914195507765	; baunded
mean	: 0.03336881101131439	; std	: 0.016691574826836586	; inflating
mean	: 0.08888271450996399	; std	: 0.01657426916062832	; shrinking
mean	: 0.03722234442830086	; std	: 0.0066947066225111485	; baunded
mean	: 0.059782445430755615	; std	: 0.02052810974419117	; inflating
mean	: 0.041750550270080566	; std	: 0.01682906039059162	; shrinking
mean	: 0.09756246209144592	; std	: 0.00710761733353138	; baunded
anchor name	: shrinking
mean	: 0.0646381676197052	; std	: 0.01883041486144066	; inflating
mean	: 0.03537841886281967	; std	: 0.01691473089158535	; shrinking
mean	: 0.08125514537096024	; std	: 0.006171541754156351	; baunded
mean	: 0.06309386342763901	; std	: 0.014551124535501003	; inflating
mean	: 0.05516102537512779	; std	: 0.022645242512226105	; shrinking
mean	: 0.055783629417419434	; std	: 0.007579072378575802	; baunded
mean	: 0.0646381676197052	; std	: 0.01883041486144066	; inflating
mean	: 0.03537841886281967	; std	: 0.01691473089158535	; shrinking
mean	: 0.08125514537096024	; std	: 0.006171541754156351	; baunded
mean	: 0.0646381676197052	; std	: 0.01883041486144066	; inflating
mean	: 0.03537841886281967	; std	: 0.01691473089158535	; shrinking
mean	: 0.08125514537096024	; std	: 0.006171541754156351	; baunded
mean	: 0.06309386342763901	; std	: 0.014551124535501003	; inflating
mean	: 0.05516102537512779	; std	: 0.022645242512226105	; shrinking
mean	: 0.055783629417419434	; std	: 0.007579072378575802	; baunded
mean	: 0.07027015835046768	; std	: 0.020338648930191994	; inflating
mean	: 0.02906929701566696	; std	: 0.018273426219820976	; shrinking
mean	: 0.09195974469184875	; std	: 0.006655614357441664	; baunded
mean	: 0.0646381676197052	; std	: 0.01883041486144066	; inflating
mean	: 0.03537841886281967	; std	: 0.01691473089158535	; shrinking
mean	: 0.08125514537096024	; std	: 0.006171541754156351	; baunded
mean	: 0.08375145494937897	; std	: 0.020957736298441887	; inflating
mean	: 0.034131623804569244	; std	: 0.026339417323470116	; shrinking
mean	: 0.11647707223892212	; std	: 0.006955527234822512	; baunded
mean	: 0.07027015835046768	; std	: 0.020338648930191994	; inflating
mean	: 0.02906929701566696	; std	: 0.018273426219820976	; shrinking
mean	: 0.09195974469184875	; std	: 0.006655614357441664	; baunded
mean	: 0.06878090649843216	; std	: 0.019407562911510468	; inflating
mean	: 0.029726024717092514	; std	: 0.01757441833615303	; shrinking
mean	: 0.09526026993989944	; std	: 0.007415502332150936	; baunded
mean	: 0.08872983604669571	; std	: 0.02103005349636078	; inflating
mean	: 0.034392647445201874	; std	: 0.025870222598314285	; shrinking
mean	: 0.11887384951114655	; std	: 0.0071974946185946465	; baunded
mean	: 0.07943114638328552	; std	: 0.020707855001091957	; inflating
mean	: 0.028042757883667946	; std	: 0.02071242406964302	; shrinking
mean	: 0.10552223026752472	; std	: 0.007033912464976311	; baunded
mean	: 0.06309386342763901	; std	: 0.014551124535501003	; inflating
mean	: 0.05516102537512779	; std	: 0.022645242512226105	; shrinking
mean	: 0.055783629417419434	; std	: 0.007579072378575802	; baunded
mean	: 0.09263519197702408	; std	: 0.020764892920851707	; inflating
mean	: 0.03900155425071716	; std	: 0.026818757876753807	; shrinking
mean	: 0.12351993471384048	; std	: 0.007276824209839106	; baunded
mean	: 0.08375145494937897	; std	: 0.020957736298441887	; inflating
mean	: 0.034131623804569244	; std	: 0.026339417323470116	; shrinking
mean	: 0.11647707223892212	; std	: 0.006955527234822512	; baunded
mean	: 0.10631809383630753	; std	: 0.019682904705405235	; inflating
mean	: 0.05574195086956024	; std	: 0.028150375932455063	; shrinking
mean	: 0.13932010531425476	; std	: 0.007543065119534731	; baunded
mean	: 0.09263519197702408	; std	: 0.020764892920851707	; inflating
mean	: 0.03900155425071716	; std	: 0.026818757876753807	; shrinking
mean	: 0.12351993471384048	; std	: 0.007276824209839106	; baunded
mean	: 0.08432671427726746	; std	: 0.021407393738627434	; inflating
mean	: 0.03176896646618843	; std	: 0.026186009868979454	; shrinking
mean	: 0.11617805063724518	; std	: 0.007038751617074013	; baunded
mean	: 0.07708298414945602	; std	: 0.013588464818894863	; inflating
mean	: 0.07198889553546906	; std	: 0.029064683243632317	; shrinking
mean	: 0.05273778736591339	; std	: 0.006074436940252781	; baunded
mean	: 0.06878090649843216	; std	: 0.019407562911510468	; inflating
mean	: 0.029726024717092514	; std	: 0.01757441833615303	; shrinking
mean	: 0.09526026993989944	; std	: 0.007415502332150936	; baunded
mean	: 0.06878090649843216	; std	: 0.019407562911510468	; inflating
mean	: 0.029726024717092514	; std	: 0.01757441833615303	; shrinking
mean	: 0.09526026993989944	; std	: 0.007415502332150936	; baunded
mean	: 0.07154619693756104	; std	: 0.01907493732869625	; inflating
mean	: 0.03364782780408859	; std	: 0.015658318996429443	; shrinking
mean	: 0.08590186387300491	; std	: 0.006814972497522831	; baunded
mean	: 0.10631809383630753	; std	: 0.019682904705405235	; inflating
mean	: 0.05574195086956024	; std	: 0.028150375932455063	; shrinking
mean	: 0.13932010531425476	; std	: 0.007543065119534731	; baunded
mean	: 0.07708298414945602	; std	: 0.013588464818894863	; inflating
mean	: 0.07198889553546906	; std	: 0.029064683243632317	; shrinking
mean	: 0.05273778736591339	; std	: 0.006074436940252781	; baunded
mean	: 0.07708298414945602	; std	: 0.013588464818894863	; inflating
mean	: 0.07198889553546906	; std	: 0.029064683243632317	; shrinking
mean	: 0.05273778736591339	; std	: 0.006074436940252781	; baunded
mean	: 0.09263519197702408	; std	: 0.020764892920851707	; inflating
mean	: 0.03900155425071716	; std	: 0.026818757876753807	; shrinking
mean	: 0.12351993471384048	; std	: 0.007276824209839106	; baunded
mean	: 0.08375145494937897	; std	: 0.020957736298441887	; inflating
mean	: 0.034131623804569244	; std	: 0.026339417323470116	; shrinking
mean	: 0.11647707223892212	; std	: 0.006955527234822512	; baunded
mean	: 0.07027015835046768	; std	: 0.020338648930191994	; inflating
mean	: 0.02906929701566696	; std	: 0.018273426219820976	; shrinking
mean	: 0.09195974469184875	; std	: 0.006655614357441664	; baunded
mean	: 0.08616731315851212	; std	: 0.020857246592640877	; inflating
mean	: 0.03215976804494858	; std	: 0.025703229010105133	; shrinking
mean	: 0.11692483723163605	; std	: 0.00727849779650569	; baunded
mean	: 0.07027015835046768	; std	: 0.020338648930191994	; inflating
mean	: 0.02906929701566696	; std	: 0.018273426219820976	; shrinking
mean	: 0.09195974469184875	; std	: 0.006655614357441664	; baunded
mean	: 0.07429811358451843	; std	: 0.013631699606776237	; inflating
mean	: 0.0740692988038063	; std	: 0.029228558763861656	; shrinking
mean	: 0.04737017676234245	; std	: 0.0058146025985479355	; baunded
mean	: 0.08375145494937897	; std	: 0.020957736298441887	; inflating
mean	: 0.034131623804569244	; std	: 0.026339417323470116	; shrinking
mean	: 0.11647707223892212	; std	: 0.006955527234822512	; baunded
mean	: 0.0881747454404831	; std	: 0.0201950054615736	; inflating
mean	: 0.03581643104553223	; std	: 0.024828964844346046	; shrinking
mean	: 0.11879953742027283	; std	: 0.007454147096723318	; baunded
mean	: 0.08139392733573914	; std	: 0.021350892260670662	; inflating
mean	: 0.02881281077861786	; std	: 0.023721177130937576	; shrinking
mean	: 0.11019882559776306	; std	: 0.006938969250768423	; baunded
mean	: 0.07870380580425262	; std	: 0.020502597093582153	; inflating
mean	: 0.028533801436424255	; std	: 0.018728040158748627	; shrinking
mean	: 0.10139905661344528	; std	: 0.0069234478287398815	; baunded
mean	: 0.08375145494937897	; std	: 0.020957736298441887	; inflating
mean	: 0.034131623804569244	; std	: 0.026339417323470116	; shrinking
mean	: 0.11647707223892212	; std	: 0.006955527234822512	; baunded
mean	: 0.07027015835046768	; std	: 0.020338648930191994	; inflating
mean	: 0.02906929701566696	; std	: 0.018273426219820976	; shrinking
mean	: 0.09195974469184875	; std	: 0.006655614357441664	; baunded
mean	: 0.07810484617948532	; std	: 0.019216949120163918	; inflating
mean	: 0.03466092422604561	; std	: 0.015104381367564201	; shrinking
mean	: 0.0930183157324791	; std	: 0.00705135241150856	; baunded
mean	: 0.08530871570110321	; std	: 0.02104213647544384	; inflating
mean	: 0.030337754637002945	; std	: 0.024924926459789276	; shrinking
mean	: 0.11465319991111755	; std	: 0.00721852807328105	; baunded
mean	: 0.08375145494937897	; std	: 0.020957736298441887	; inflating
mean	: 0.034131623804569244	; std	: 0.026339417323470116	; shrinking
mean	: 0.11647707223892212	; std	: 0.006955527234822512	; baunded
mean	: 0.06878090649843216	; std	: 0.019407562911510468	; inflating
mean	: 0.029726024717092514	; std	: 0.01757441833615303	; shrinking
mean	: 0.09526026993989944	; std	: 0.007415502332150936	; baunded
mean	: 0.07810484617948532	; std	: 0.019216949120163918	; inflating
mean	: 0.03466092422604561	; std	: 0.015104381367564201	; shrinking
mean	: 0.0930183157324791	; std	: 0.00705135241150856	; baunded
mean	: 0.0943775326013565	; std	: 0.02063630521297455	; inflating
mean	: 0.040800437331199646	; std	: 0.026827547699213028	; shrinking
mean	: 0.12525510787963867	; std	: 0.007338466588407755	; baunded
mean	: 0.07889850437641144	; std	: 0.013836216181516647	; inflating
mean	: 0.06792517751455307	; std	: 0.02628656104207039	; shrinking
mean	: 0.05960837006568909	; std	: 0.006617960054427385	; baunded
mean	: 0.05560477450489998	; std	: 0.017023468390107155	; inflating
mean	: 0.045721154659986496	; std	: 0.01746128499507904	; shrinking
mean	: 0.06229089945554733	; std	: 0.006357281934469938	; baunded
mean	: 0.04604903608560562	; std	: 0.013975311070680618	; inflating
mean	: 0.06486490368843079	; std	: 0.022228997200727463	; shrinking
mean	: 0.038252092897892	; std	: 0.007081625051796436	; baunded
mean	: 0.0881747454404831	; std	: 0.0201950054615736	; inflating
mean	: 0.03581643104553223	; std	: 0.024828964844346046	; shrinking
mean	: 0.11879953742027283	; std	: 0.007454147096723318	; baunded
mean	: 0.08375145494937897	; std	: 0.020957736298441887	; inflating
mean	: 0.034131623804569244	; std	: 0.026339417323470116	; shrinking
mean	: 0.11647707223892212	; std	: 0.006955527234822512	; baunded
mean	: 0.08546490967273712	; std	: 0.021397776901721954	; inflating
mean	: 0.035959646105766296	; std	: 0.026068808510899544	; shrinking
mean	: 0.11838332563638687	; std	: 0.007001603953540325	; baunded
mean	: 0.0835675522685051	; std	: 0.020226459950208664	; inflating
mean	: 0.030179845169186592	; std	: 0.01967751979827881	; shrinking
mean	: 0.1075669676065445	; std	: 0.007285464555025101	; baunded
mean	: 0.08243026584386826	; std	: 0.021388579159975052	; inflating
mean	: 0.02937372960150242	; std	: 0.024623069912195206	; shrinking
mean	: 0.11197353899478912	; std	: 0.006976221222430468	; baunded
mean	: 0.08243026584386826	; std	: 0.021388579159975052	; inflating
mean	: 0.02937372960150242	; std	: 0.024623069912195206	; shrinking
mean	: 0.11197353899478912	; std	: 0.006976221222430468	; baunded
mean	: 0.07131749391555786	; std	: 0.0184465404599905	; inflating
mean	: 0.03326595574617386	; std	: 0.014982607215642929	; shrinking
mean	: 0.08673738688230515	; std	: 0.007066642865538597	; baunded
mean	: 0.08139392733573914	; std	: 0.021350892260670662	; inflating
mean	: 0.02881281077861786	; std	: 0.023721177130937576	; shrinking
mean	: 0.11019882559776306	; std	: 0.006938969250768423	; baunded
mean	: 0.06803026795387268	; std	: 0.019950702786445618	; inflating
mean	: 0.031135909259319305	; std	: 0.017363421618938446	; shrinking
mean	: 0.08801502734422684	; std	: 0.006435498129576445	; baunded
mean	: 0.08502459526062012	; std	: 0.02102179266512394	; inflating
mean	: 0.030132832005620003	; std	: 0.024678295478224754	; shrinking
mean	: 0.11409915238618851	; std	: 0.00718736695125699	; baunded
mean	: 0.08375145494937897	; std	: 0.020957736298441887	; inflating
mean	: 0.034131623804569244	; std	: 0.026339417323470116	; shrinking
mean	: 0.11647707223892212	; std	: 0.006955527234822512	; baunded
mean	: 0.07034267485141754	; std	: 0.01972108706831932	; inflating
mean	: 0.029757551848888397	; std	: 0.01677432283759117	; shrinking
mean	: 0.08987683057785034	; std	: 0.006970473565161228	; baunded
mean	: 0.07659424096345901	; std	: 0.02095617912709713	; inflating
mean	: 0.028874559327960014	; std	: 0.01968553103506565	; shrinking
mean	: 0.10178987681865692	; std	: 0.006685131229460239	; baunded
mean	: 0.08243026584386826	; std	: 0.021388579159975052	; inflating
mean	: 0.02937372960150242	; std	: 0.024623069912195206	; shrinking
mean	: 0.11197353899478912	; std	: 0.006976221222430468	; baunded
mean	: 0.0850403681397438	; std	: 0.021344652399420738	; inflating
mean	: 0.031238900497555733	; std	: 0.025784384459257126	; shrinking
mean	: 0.11568339914083481	; std	: 0.007095591630786657	; baunded
mean	: 0.08243026584386826	; std	: 0.021388579159975052	; inflating
mean	: 0.02937372960150242	; std	: 0.024623069912195206	; shrinking
mean	: 0.11197353899478912	; std	: 0.006976221222430468	; baunded
mean	: 0.07027015835046768	; std	: 0.020338648930191994	; inflating
mean	: 0.02906929701566696	; std	: 0.018273426219820976	; shrinking
mean	: 0.09195974469184875	; std	: 0.006655614357441664	; baunded
mean	: 0.052897319197654724	; std	: 0.015407433733344078	; inflating
mean	: 0.05912121385335922	; std	: 0.02216283231973648	; shrinking
mean	: 0.04543742537498474	; std	: 0.005935385823249817	; baunded
anchor name	: baunded
mean	: 0.05744516849517822	; std	: 0.015844624489545822	; inflating
mean	: 0.0959744080901146	; std	: 0.02488390915095806	; shrinking
mean	: 0.013653066009283066	; std	: 0.006347210146486759	; baunded
mean	: 0.05744516849517822	; std	: 0.015844624489545822	; inflating
mean	: 0.0959744080901146	; std	: 0.02488390915095806	; shrinking
mean	: 0.013653066009283066	; std	: 0.006347210146486759	; baunded
mean	: 0.052703600376844406	; std	: 0.01631559245288372	; inflating
mean	: 0.09590795636177063	; std	: 0.023620126768946648	; shrinking
mean	: 0.014005083590745926	; std	: 0.005986456759274006	; baunded
mean	: 0.05744516849517822	; std	: 0.015844624489545822	; inflating
mean	: 0.0959744080901146	; std	: 0.02488390915095806	; shrinking
mean	: 0.013653066009283066	; std	: 0.006347210146486759	; baunded
mean	: 0.05744516849517822	; std	: 0.015844624489545822	; inflating
mean	: 0.0959744080901146	; std	: 0.02488390915095806	; shrinking
mean	: 0.013653066009283066	; std	: 0.006347210146486759	; baunded
mean	: 0.058070555329322815	; std	: 0.01644856296479702	; inflating
mean	: 0.10137741267681122	; std	: 0.023957764729857445	; shrinking
mean	: 0.014497746713459492	; std	: 0.006978559773415327	; baunded
mean	: 0.058070555329322815	; std	: 0.01644856296479702	; inflating
mean	: 0.10137741267681122	; std	: 0.023957764729857445	; shrinking
mean	: 0.014497746713459492	; std	: 0.006978559773415327	; baunded
mean	: 0.05471248924732208	; std	: 0.01600201427936554	; inflating
mean	: 0.09436492621898651	; std	: 0.024028681218624115	; shrinking
mean	: 0.01345144771039486	; std	: 0.006676152814179659	; baunded
mean	: 0.05471248924732208	; std	: 0.01600201427936554	; inflating
mean	: 0.09436492621898651	; std	: 0.024028681218624115	; shrinking
mean	: 0.01345144771039486	; std	: 0.006676152814179659	; baunded
mean	: 0.05053452402353287	; std	: 0.015730751678347588	; inflating
mean	: 0.09228730201721191	; std	: 0.02351284585893154	; shrinking
mean	: 0.017045827582478523	; std	: 0.006116300355643034	; baunded
mean	: 0.061226245015859604	; std	: 0.016290176659822464	; inflating
mean	: 0.10275271534919739	; std	: 0.024545250460505486	; shrinking
mean	: 0.01539609581232071	; std	: 0.007106785196810961	; baunded
mean	: 0.05744516849517822	; std	: 0.015844624489545822	; inflating
mean	: 0.0959744080901146	; std	: 0.02488390915095806	; shrinking
mean	: 0.013653066009283066	; std	: 0.006347210146486759	; baunded
mean	: 0.058887675404548645	; std	: 0.01598038151860237	; inflating
mean	: 0.10127460956573486	; std	: 0.023780902847647667	; shrinking
mean	: 0.018781030550599098	; std	: 0.007626854814589024	; baunded
mean	: 0.056128501892089844	; std	: 0.01567516289651394	; inflating
mean	: 0.09286826848983765	; std	: 0.024577569216489792	; shrinking
mean	: 0.014834379777312279	; std	: 0.007468517404049635	; baunded
mean	: 0.06066978722810745	; std	: 0.015905285254120827	; inflating
mean	: 0.09810469299554825	; std	: 0.02467215433716774	; shrinking
mean	: 0.015711955726146698	; std	: 0.006320223677903414	; baunded
mean	: 0.056128501892089844	; std	: 0.01567516289651394	; inflating
mean	: 0.09286826848983765	; std	: 0.024577569216489792	; shrinking
mean	: 0.014834379777312279	; std	: 0.007468517404049635	; baunded
mean	: 0.05744516849517822	; std	: 0.015844624489545822	; inflating
mean	: 0.0959744080901146	; std	: 0.02488390915095806	; shrinking
mean	: 0.013653066009283066	; std	: 0.006347210146486759	; baunded
mean	: 0.058070555329322815	; std	: 0.01644856296479702	; inflating
mean	: 0.10137741267681122	; std	: 0.023957764729857445	; shrinking
mean	: 0.014497746713459492	; std	: 0.006978559773415327	; baunded
mean	: 0.055072300136089325	; std	: 0.01610979437828064	; inflating
mean	: 0.0953679233789444	; std	: 0.02400197647511959	; shrinking
mean	: 0.013047097250819206	; std	: 0.006259814836084843	; baunded
mean	: 0.06274057924747467	; std	: 0.01596168428659439	; inflating
mean	: 0.10302196443080902	; std	: 0.024136152118444443	; shrinking
mean	: 0.01826433092355728	; std	: 0.00784545298665762	; baunded
mean	: 0.05102957412600517	; std	: 0.014903987757861614	; inflating
mean	: 0.08700890839099884	; std	: 0.02288176864385605	; shrinking
mean	: 0.022689465433359146	; std	: 0.009710822254419327	; baunded
mean	: 0.05326613038778305	; std	: 0.015014742501080036	; inflating
mean	: 0.08746103942394257	; std	: 0.024818886071443558	; shrinking
mean	: 0.017621055245399475	; std	: 0.007332328241318464	; baunded
mean	: 0.06074468046426773	; std	: 0.015659000724554062	; inflating
mean	: 0.09663079679012299	; std	: 0.02474973164498806	; shrinking
mean	: 0.016286971047520638	; std	: 0.006264446768909693	; baunded
mean	: 0.05471248924732208	; std	: 0.01600201427936554	; inflating
mean	: 0.09436492621898651	; std	: 0.024028681218624115	; shrinking
mean	: 0.01345144771039486	; std	: 0.006676152814179659	; baunded
mean	: 0.052703600376844406	; std	: 0.01631559245288372	; inflating
mean	: 0.09590795636177063	; std	: 0.023620126768946648	; shrinking
mean	: 0.014005083590745926	; std	: 0.005986456759274006	; baunded
mean	: 0.06268248707056046	; std	: 0.015745187178254128	; inflating
mean	: 0.0976426899433136	; std	: 0.025810308754444122	; shrinking
mean	: 0.01509922370314598	; std	: 0.005750269163399935	; baunded
mean	: 0.049120187759399414	; std	: 0.015079483389854431	; inflating
mean	: 0.08645496517419815	; std	: 0.02307986095547676	; shrinking
mean	: 0.020029563456773758	; std	: 0.009409933350980282	; baunded
mean	: 0.056128501892089844	; std	: 0.01567516289651394	; inflating
mean	: 0.09286826848983765	; std	: 0.024577569216489792	; shrinking
mean	: 0.014834379777312279	; std	: 0.007468517404049635	; baunded
mean	: 0.049120187759399414	; std	: 0.015079483389854431	; inflating
mean	: 0.08645496517419815	; std	: 0.02307986095547676	; shrinking
mean	: 0.020029563456773758	; std	: 0.009409933350980282	; baunded
mean	: 0.058070555329322815	; std	: 0.01644856296479702	; inflating
mean	: 0.10137741267681122	; std	: 0.023957764729857445	; shrinking
mean	: 0.014497746713459492	; std	: 0.006978559773415327	; baunded
mean	: 0.06066978722810745	; std	: 0.015905285254120827	; inflating
mean	: 0.09810469299554825	; std	: 0.02467215433716774	; shrinking
mean	: 0.015711955726146698	; std	: 0.006320223677903414	; baunded
mean	: 0.07472802698612213	; std	: 0.016154378652572632	; inflating
mean	: 0.1127278283238411	; std	: 0.025897055864334106	; shrinking
mean	: 0.02395559847354889	; std	: 0.008602800779044628	; baunded
mean	: 0.06268248707056046	; std	: 0.015745187178254128	; inflating
mean	: 0.0976426899433136	; std	: 0.025810308754444122	; shrinking
mean	: 0.01509922370314598	; std	: 0.005750269163399935	; baunded
mean	: 0.058070555329322815	; std	: 0.01644856296479702	; inflating
mean	: 0.10137741267681122	; std	: 0.023957764729857445	; shrinking
mean	: 0.014497746713459492	; std	: 0.006978559773415327	; baunded
mean	: 0.05644840747117996	; std	: 0.01436978206038475	; inflating
mean	: 0.0881141796708107	; std	: 0.025247475132346153	; shrinking
mean	: 0.021626070141792297	; std	: 0.0077535249292850494	; baunded
mean	: 0.056128501892089844	; std	: 0.01567516289651394	; inflating
mean	: 0.09286826848983765	; std	: 0.024577569216489792	; shrinking
mean	: 0.014834379777312279	; std	: 0.007468517404049635	; baunded
mean	: 0.05744516849517822	; std	: 0.015844624489545822	; inflating
mean	: 0.0959744080901146	; std	: 0.02488390915095806	; shrinking
mean	: 0.013653066009283066	; std	: 0.006347210146486759	; baunded
mean	: 0.06274057924747467	; std	: 0.01596168428659439	; inflating
mean	: 0.10302196443080902	; std	: 0.024136152118444443	; shrinking
mean	: 0.01826433092355728	; std	: 0.00784545298665762	; baunded
mean	: 0.07154738903045654	; std	: 0.01609891839325428	; inflating
mean	: 0.11187754571437836	; std	: 0.024992981925606728	; shrinking
mean	: 0.026477165520191193	; std	: 0.009296228177845478	; baunded
mean	: 0.07472802698612213	; std	: 0.016154378652572632	; inflating
mean	: 0.1127278283238411	; std	: 0.025897055864334106	; shrinking
mean	: 0.02395559847354889	; std	: 0.008602800779044628	; baunded
mean	: 0.05651237070560455	; std	: 0.015567456372082233	; inflating
mean	: 0.09051200747489929	; std	: 0.025197265669703484	; shrinking
mean	: 0.014410154893994331	; std	: 0.006265558768063784	; baunded
mean	: 0.061811402440071106	; std	: 0.0165955051779747	; inflating
mean	: 0.10512010753154755	; std	: 0.02434748411178589	; shrinking
mean	: 0.016618017107248306	; std	: 0.0072846561670303345	; baunded
mean	: 0.06521810591220856	; std	: 0.01611664704978466	; inflating
mean	: 0.10524017363786697	; std	: 0.024846863001585007	; shrinking
mean	: 0.017623286694288254	; std	: 0.007867256179451942	; baunded
mean	: 0.06268248707056046	; std	: 0.015745187178254128	; inflating
mean	: 0.0976426899433136	; std	: 0.025810308754444122	; shrinking
mean	: 0.01509922370314598	; std	: 0.005750269163399935	; baunded
mean	: 0.07185010612010956	; std	: 0.014827419072389603	; inflating
mean	: 0.10224216431379318	; std	: 0.027111975476145744	; shrinking
mean	: 0.026908012107014656	; std	: 0.006755953188985586	; baunded
mean	: 0.06274057924747467	; std	: 0.01596168428659439	; inflating
mean	: 0.10302196443080902	; std	: 0.024136152118444443	; shrinking
mean	: 0.01826433092355728	; std	: 0.00784545298665762	; baunded
mean	: 0.04619249701499939	; std	: 0.016080936416983604	; inflating
mean	: 0.08949544280767441	; std	: 0.022126667201519012	; shrinking
mean	: 0.018056543543934822	; std	: 0.006802724674344063	; baunded
mean	: 0.049120187759399414	; std	: 0.015079483389854431	; inflating
mean	: 0.08645496517419815	; std	: 0.02307986095547676	; shrinking
mean	: 0.020029563456773758	; std	: 0.009409933350980282	; baunded
mean	: 0.055803343653678894	; std	: 0.016105810180306435	; inflating
mean	: 0.096877321600914	; std	: 0.023669032379984856	; shrinking
mean	: 0.014725450426340103	; std	: 0.00640444690361619	; baunded
mean	: 0.07185010612010956	; std	: 0.014827419072389603	; inflating
mean	: 0.10224216431379318	; std	: 0.027111975476145744	; shrinking
mean	: 0.026908012107014656	; std	: 0.006755953188985586	; baunded
mean	: 0.06621003895998001	; std	: 0.016115564852952957	; inflating
mean	: 0.10543056577444077	; std	: 0.025339381769299507	; shrinking
mean	: 0.017564205452799797	; std	: 0.006968874484300613	; baunded
mean	: 0.058178432285785675	; std	: 0.016094833612442017	; inflating
mean	: 0.098040372133255	; std	: 0.024293137714266777	; shrinking
mean	: 0.013845037668943405	; std	: 0.0061583323404192924	; baunded
mean	: 0.05102957412600517	; std	: 0.014903987757861614	; inflating
mean	: 0.08700890839099884	; std	: 0.02288176864385605	; shrinking
mean	: 0.022689465433359146	; std	: 0.009710822254419327	; baunded
mean	: 0.05326613038778305	; std	: 0.015014742501080036	; inflating
mean	: 0.08746103942394257	; std	: 0.024818886071443558	; shrinking
mean	: 0.017621055245399475	; std	: 0.007332328241318464	; baunded
mean	: 0.07154738903045654	; std	: 0.01609891839325428	; inflating
mean	: 0.11187754571437836	; std	: 0.024992981925606728	; shrinking
mean	: 0.026477165520191193	; std	: 0.009296228177845478	; baunded
mean	: 0.05287496745586395	; std	: 0.015005935914814472	; inflating
mean	: 0.08851557970046997	; std	: 0.02416771836578846	; shrinking
mean	: 0.01873263716697693	; std	: 0.00854638870805502	; baunded
mean	: 0.05634533241391182	; std	: 0.016451718285679817	; inflating
mean	: 0.10062620043754578	; std	: 0.02365090698003769	; shrinking
mean	: 0.016725827008485794	; std	: 0.007021445315331221	; baunded
mean	: 0.05326613038778305	; std	: 0.015014742501080036	; inflating
mean	: 0.08746103942394257	; std	: 0.024818886071443558	; shrinking
mean	: 0.017621055245399475	; std	: 0.007332328241318464	; baunded
mean	: 0.05651237070560455	; std	: 0.015567456372082233	; inflating
mean	: 0.09051200747489929	; std	: 0.025197265669703484	; shrinking
mean	: 0.014410154893994331	; std	: 0.006265558768063784	; baunded
mean	: 0.06074468046426773	; std	: 0.015659000724554062	; inflating
mean	: 0.09663079679012299	; std	: 0.02474973164498806	; shrinking
mean	: 0.016286971047520638	; std	: 0.006264446768909693	; baunded
mean	: 0.0519864559173584	; std	: 0.01585659757256508	; inflating
mean	: 0.09187035262584686	; std	: 0.023828333243727684	; shrinking
mean	: 0.01479947566986084	; std	: 0.006935300305485725	; baunded
mean	: 0.05634533241391182	; std	: 0.016451718285679817	; inflating
mean	: 0.10062620043754578	; std	: 0.02365090698003769	; shrinking
mean	: 0.016725827008485794	; std	: 0.007021445315331221	; baunded
mean	: 0.055072300136089325	; std	: 0.01610979437828064	; inflating
mean	: 0.0953679233789444	; std	: 0.02400197647511959	; shrinking
mean	: 0.013047097250819206	; std	: 0.006259814836084843	; baunded
mean	: 0.07162559777498245	; std	: 0.016603335738182068	; inflating
mean	: 0.11209912598133087	; std	: 0.025691283866763115	; shrinking
mean	: 0.02198968268930912	; std	: 0.006941796280443668	; baunded
> end program
