output_dir	: stem_log/evaluate_each_state/2021-01-20-22-27-31(37443)
sys.argv	: ['tool/evaluate_each_state.py', '--pretrained-model', 'stem_log/pre_train/2020-12-31-02-48-29(218685)/model-epoch-10-batch-10', '--dicts', 'stem_log/pre_train/2020-12-31-02-48-29(218685)/test_sample_dict.pkl', 'stem_log/split_sample_dict/2020-12-30-21-53-44(190657)/sample_dict(baunded).pkl', '--n-samples', '64']
> load model
model_path	: stem_log/pre_train/2020-12-31-02-48-29(218685)/model-epoch-10-batch-10
Model: "model"
_________________________________________________________________
Layer (type)                 Output Shape              Param #   
=================================================================
input_1 (InputLayer)         [(None, 100, 2)]          0         
_________________________________________________________________
LSTM (Model)                 (None, 128)               67072     
_________________________________________________________________
tf.math.l2_normalize (TFOpLa (None, 128)               0         
=================================================================
Total params: 67,072
Trainable params: 67,072
Non-trainable params: 0
_________________________________________________________________
dicts	: ['stem_log/pre_train/2020-12-31-02-48-29(218685)/test_sample_dict.pkl', 'stem_log/split_sample_dict/2020-12-30-21-53-44(190657)/sample_dict(baunded).pkl']
> load dicts
sample_dict	: {'inflating': 320, 'shrinking': 320, 'non': 320, 'baunded': 1362}
> shuffle
> slice
sample_dict	: {'inflating': 64, 'shrinking': 64, 'non': 64, 'baunded': 64}
frame_sampling_rate	: 50
> plot frame 0 / 64
> plot frame 1 / 64
> plot frame 2 / 64
> plot frame 3 / 64
> plot frame 4 / 64
> plot frame 5 / 64
> plot frame 6 / 64
> plot frame 7 / 64
> plot frame 8 / 64
> plot frame 9 / 64
> plot frame 10 / 64
> plot frame 11 / 64
> plot frame 12 / 64
> plot frame 13 / 64
> plot frame 14 / 64
> plot frame 15 / 64
> plot frame 16 / 64
> plot frame 17 / 64
> plot frame 18 / 64
> plot frame 19 / 64
> plot frame 20 / 64
> plot frame 21 / 64
> plot frame 22 / 64
> plot frame 23 / 64
> plot frame 24 / 64
> plot frame 25 / 64
> plot frame 26 / 64
> plot frame 27 / 64
> plot frame 28 / 64
> plot frame 29 / 64
> plot frame 30 / 64
> plot frame 31 / 64
> plot frame 32 / 64
> plot frame 33 / 64
> plot frame 34 / 64
> plot frame 35 / 64
> plot frame 36 / 64
> plot frame 37 / 64
> plot frame 38 / 64
> plot frame 39 / 64
> plot frame 40 / 64
> plot frame 41 / 64
> plot frame 42 / 64
> plot frame 43 / 64
> plot frame 44 / 64
> plot frame 45 / 64
> plot frame 46 / 64
> plot frame 47 / 64
> plot frame 48 / 64
> plot frame 49 / 64
> plot frame 50 / 64
> plot frame 51 / 64
> plot frame 52 / 64
> plot frame 53 / 64
> plot frame 54 / 64
> plot frame 55 / 64
> plot frame 56 / 64
> plot frame 57 / 64
> plot frame 58 / 64
> plot frame 59 / 64
> plot frame 60 / 64
> plot frame 61 / 64
> plot frame 62 / 64
> plot frame 63 / 64
> embeding
anchor name	: inflating
mean	: 0.02382361702620983	; std	: 0.01273144781589508	; inflating
mean	: 0.04803977534174919	; std	: 0.014269444160163403	; shrinking
mean	: 0.04805548116564751	; std	: 0.019280821084976196	; non
mean	: 0.015731418505311012	; std	: 0.006419618614017963	; baunded
mean	: 0.03063157945871353	; std	: 0.019558938220143318	; inflating
mean	: 0.019532721489667892	; std	: 0.007073746528476477	; shrinking
mean	: 0.0318477600812912	; std	: 0.017479728907346725	; non
mean	: 0.04060456156730652	; std	: 0.005319535732269287	; baunded
mean	: 0.03063157945871353	; std	: 0.019558938220143318	; inflating
mean	: 0.019532721489667892	; std	: 0.007073746528476477	; shrinking
mean	: 0.0318477600812912	; std	: 0.017479728907346725	; non
mean	: 0.04060456156730652	; std	: 0.005319535732269287	; baunded
mean	: 0.03063157945871353	; std	: 0.019558938220143318	; inflating
mean	: 0.019532721489667892	; std	: 0.007073746528476477	; shrinking
mean	: 0.0318477600812912	; std	: 0.017479728907346725	; non
mean	: 0.04060456156730652	; std	: 0.005319535732269287	; baunded
mean	: 0.02382361702620983	; std	: 0.01273144781589508	; inflating
mean	: 0.04803977534174919	; std	: 0.014269444160163403	; shrinking
mean	: 0.04805548116564751	; std	: 0.019280821084976196	; non
mean	: 0.015731418505311012	; std	: 0.006419618614017963	; baunded
mean	: 0.030692746862769127	; std	: 0.018865350633859634	; inflating
mean	: 0.018084224313497543	; std	: 0.007147630210965872	; shrinking
mean	: 0.030199583619832993	; std	: 0.017142416909337044	; non
mean	: 0.039541520178318024	; std	: 0.005389502737671137	; baunded
mean	: 0.02382361702620983	; std	: 0.01273144781589508	; inflating
mean	: 0.04803977534174919	; std	: 0.014269444160163403	; shrinking
mean	: 0.04805548116564751	; std	: 0.019280821084976196	; non
mean	: 0.015731418505311012	; std	: 0.006419618614017963	; baunded
mean	: 0.03063157945871353	; std	: 0.019558938220143318	; inflating
mean	: 0.019532721489667892	; std	: 0.007073746528476477	; shrinking
mean	: 0.0318477600812912	; std	: 0.017479728907346725	; non
mean	: 0.04060456156730652	; std	: 0.005319535732269287	; baunded
mean	: 0.03063157945871353	; std	: 0.019558938220143318	; inflating
mean	: 0.019532721489667892	; std	: 0.007073746528476477	; shrinking
mean	: 0.0318477600812912	; std	: 0.017479728907346725	; non
mean	: 0.04060456156730652	; std	: 0.005319535732269287	; baunded
mean	: 0.027196545153856277	; std	: 0.016738563776016235	; inflating
mean	: 0.0549684539437294	; std	: 0.014228778891265392	; shrinking
mean	: 0.05478527769446373	; std	: 0.02013164572417736	; non
mean	: 0.02756986767053604	; std	: 0.008105110377073288	; baunded
mean	: 0.02382361702620983	; std	: 0.01273144781589508	; inflating
mean	: 0.04803977534174919	; std	: 0.014269444160163403	; shrinking
mean	: 0.04805548116564751	; std	: 0.019280821084976196	; non
mean	: 0.015731418505311012	; std	: 0.006419618614017963	; baunded
mean	: 0.02506929822266102	; std	: 0.01112857460975647	; inflating
mean	: 0.026492904871702194	; std	: 0.010876362212002277	; shrinking
mean	: 0.032651983201503754	; std	: 0.01851254142820835	; non
mean	: 0.02952583134174347	; std	: 0.004161840304732323	; baunded
mean	: 0.02382361702620983	; std	: 0.01273144781589508	; inflating
mean	: 0.04803977534174919	; std	: 0.014269444160163403	; shrinking
mean	: 0.04805548116564751	; std	: 0.019280821084976196	; non
mean	: 0.015731418505311012	; std	: 0.006419618614017963	; baunded
mean	: 0.02506929822266102	; std	: 0.01112857460975647	; inflating
mean	: 0.026492904871702194	; std	: 0.010876362212002277	; shrinking
mean	: 0.032651983201503754	; std	: 0.01851254142820835	; non
mean	: 0.02952583134174347	; std	: 0.004161840304732323	; baunded
mean	: 0.02382361702620983	; std	: 0.01273144781589508	; inflating
mean	: 0.04803977534174919	; std	: 0.014269444160163403	; shrinking
mean	: 0.04805548116564751	; std	: 0.019280821084976196	; non
mean	: 0.015731418505311012	; std	: 0.006419618614017963	; baunded
mean	: 0.027234608307480812	; std	: 0.014802544377744198	; inflating
mean	: 0.025738252326846123	; std	: 0.00843014009296894	; shrinking
mean	: 0.033729035407304764	; std	: 0.016068045049905777	; non
mean	: 0.032073598355054855	; std	: 0.005572775844484568	; baunded
mean	: 0.02714988961815834	; std	: 0.013678345829248428	; inflating
mean	: 0.03324252367019653	; std	: 0.009033511392772198	; shrinking
mean	: 0.038066014647483826	; std	: 0.014085626229643822	; non
mean	: 0.025885742157697678	; std	: 0.006127709988504648	; baunded
mean	: 0.030692746862769127	; std	: 0.018865350633859634	; inflating
mean	: 0.018084224313497543	; std	: 0.007147630210965872	; shrinking
mean	: 0.030199583619832993	; std	: 0.017142416909337044	; non
mean	: 0.039541520178318024	; std	: 0.005389502737671137	; baunded
mean	: 0.03113340213894844	; std	: 0.014102374203503132	; inflating
mean	: 0.040974684059619904	; std	: 0.009438131004571915	; shrinking
mean	: 0.04304036498069763	; std	: 0.014492519199848175	; non
mean	: 0.021964598447084427	; std	: 0.007402792107313871	; baunded
mean	: 0.03063157945871353	; std	: 0.019558938220143318	; inflating
mean	: 0.019532721489667892	; std	: 0.007073746528476477	; shrinking
mean	: 0.0318477600812912	; std	: 0.017479728907346725	; non
mean	: 0.04060456156730652	; std	: 0.005319535732269287	; baunded
mean	: 0.02714988961815834	; std	: 0.013678345829248428	; inflating
mean	: 0.03324252367019653	; std	: 0.009033511392772198	; shrinking
mean	: 0.038066014647483826	; std	: 0.014085626229643822	; non
mean	: 0.025885742157697678	; std	: 0.006127709988504648	; baunded
mean	: 0.02382361702620983	; std	: 0.01273144781589508	; inflating
mean	: 0.04803977534174919	; std	: 0.014269444160163403	; shrinking
mean	: 0.04805548116564751	; std	: 0.019280821084976196	; non
mean	: 0.015731418505311012	; std	: 0.006419618614017963	; baunded
mean	: 0.027834616601467133	; std	: 0.01184548158198595	; inflating
mean	: 0.04279133304953575	; std	: 0.010771782137453556	; shrinking
mean	: 0.04425790160894394	; std	: 0.015687767416238785	; non
mean	: 0.020061111077666283	; std	: 0.00478290906175971	; baunded
mean	: 0.032524704933166504	; std	: 0.019082382321357727	; inflating
mean	: 0.01785353198647499	; std	: 0.007090650033205748	; shrinking
mean	: 0.031070934608578682	; std	: 0.01747141219675541	; non
mean	: 0.04259205237030983	; std	: 0.005018542520701885	; baunded
mean	: 0.02868710085749626	; std	: 0.017733942717313766	; inflating
mean	: 0.058091357350349426	; std	: 0.01430616993457079	; shrinking
mean	: 0.05741972103714943	; std	: 0.01997021585702896	; non
mean	: 0.027457628399133682	; std	: 0.008784067817032337	; baunded
mean	: 0.027196545153856277	; std	: 0.016738563776016235	; inflating
mean	: 0.0549684539437294	; std	: 0.014228778891265392	; shrinking
mean	: 0.05478527769446373	; std	: 0.02013164572417736	; non
mean	: 0.02756986767053604	; std	: 0.008105110377073288	; baunded
mean	: 0.032524704933166504	; std	: 0.019082382321357727	; inflating
mean	: 0.01785353198647499	; std	: 0.007090650033205748	; shrinking
mean	: 0.031070934608578682	; std	: 0.01747141219675541	; non
mean	: 0.04259205237030983	; std	: 0.005018542520701885	; baunded
mean	: 0.02845761924982071	; std	: 0.016586100682616234	; inflating
mean	: 0.05585412308573723	; std	: 0.014034798368811607	; shrinking
mean	: 0.05600907653570175	; std	: 0.020360171794891357	; non
mean	: 0.030744856223464012	; std	: 0.007839888334274292	; baunded
mean	: 0.03087698109447956	; std	: 0.017554281279444695	; inflating
mean	: 0.06160426139831543	; std	: 0.014086256735026836	; shrinking
mean	: 0.059930138289928436	; std	: 0.01948045752942562	; non
mean	: 0.024855121970176697	; std	: 0.009039525873959064	; baunded
mean	: 0.03113340213894844	; std	: 0.014102374203503132	; inflating
mean	: 0.040974684059619904	; std	: 0.009438131004571915	; shrinking
mean	: 0.04304036498069763	; std	: 0.014492519199848175	; non
mean	: 0.021964598447084427	; std	: 0.007402792107313871	; baunded
mean	: 0.041439615190029144	; std	: 0.020414698868989944	; inflating
mean	: 0.07408823817968369	; std	: 0.013864078558981419	; shrinking
mean	: 0.07244966179132462	; std	: 0.019438540562987328	; non
mean	: 0.04250670596957207	; std	: 0.009324604645371437	; baunded
mean	: 0.033052846789360046	; std	: 0.01682027243077755	; inflating
mean	: 0.0593673475086689	; std	: 0.013308735564351082	; shrinking
mean	: 0.059678465127944946	; std	: 0.019926315173506737	; non
mean	: 0.037741370499134064	; std	: 0.007899320684373379	; baunded
mean	: 0.030562110245227814	; std	: 0.018305674195289612	; inflating
mean	: 0.061954185366630554	; std	: 0.014024199917912483	; shrinking
mean	: 0.06066346541047096	; std	: 0.01955760456621647	; non
mean	: 0.028662750497460365	; std	: 0.008883425034582615	; baunded
mean	: 0.02877751924097538	; std	: 0.012506539933383465	; inflating
mean	: 0.04882390797138214	; std	: 0.012989416718482971	; shrinking
mean	: 0.050513122230768204	; std	: 0.02075989544391632	; non
mean	: 0.03402458503842354	; std	: 0.006220092996954918	; baunded
mean	: 0.03063157945871353	; std	: 0.019558938220143318	; inflating
mean	: 0.019532721489667892	; std	: 0.007073746528476477	; shrinking
mean	: 0.0318477600812912	; std	: 0.017479728907346725	; non
mean	: 0.04060456156730652	; std	: 0.005319535732269287	; baunded
mean	: 0.02877751924097538	; std	: 0.012506539933383465	; inflating
mean	: 0.04882390797138214	; std	: 0.012989416718482971	; shrinking
mean	: 0.050513122230768204	; std	: 0.02075989544391632	; non
mean	: 0.03402458503842354	; std	: 0.006220092996954918	; baunded
mean	: 0.02712525613605976	; std	: 0.013545027002692223	; inflating
mean	: 0.04970628395676613	; std	: 0.013803316280245781	; shrinking
mean	: 0.05047564208507538	; std	: 0.020468702539801598	; non
mean	: 0.02962096408009529	; std	: 0.00682319700717926	; baunded
mean	: 0.031541336327791214	; std	: 0.014194512739777565	; inflating
mean	: 0.04086703807115555	; std	: 0.009294622577726841	; shrinking
mean	: 0.0429721400141716	; std	: 0.014391173608601093	; non
mean	: 0.02221817523241043	; std	: 0.007607913110405207	; baunded
mean	: 0.02845761924982071	; std	: 0.016586100682616234	; inflating
mean	: 0.05585412308573723	; std	: 0.014034798368811607	; shrinking
mean	: 0.05600907653570175	; std	: 0.020360171794891357	; non
mean	: 0.030744856223464012	; std	: 0.007839888334274292	; baunded
mean	: 0.04238886386156082	; std	: 0.020288852974772453	; inflating
mean	: 0.07590555399656296	; std	: 0.013816925697028637	; shrinking
mean	: 0.0738624632358551	; std	: 0.01944669708609581	; non
mean	: 0.04170889034867287	; std	: 0.009226919151842594	; baunded
mean	: 0.03829325735569	; std	: 0.02050754986703396	; inflating
mean	: 0.016069086268544197	; std	: 0.007810010574758053	; shrinking
mean	: 0.03194562345743179	; std	: 0.017460022121667862	; non
mean	: 0.04835229739546776	; std	: 0.005704907234758139	; baunded
mean	: 0.036622628569602966	; std	: 0.018864084035158157	; inflating
mean	: 0.06634896993637085	; std	: 0.013612175360321999	; shrinking
mean	: 0.06579083204269409	; std	: 0.019661983475089073	; non
mean	: 0.04012417793273926	; std	: 0.008712969720363617	; baunded
mean	: 0.031541336327791214	; std	: 0.014194512739777565	; inflating
mean	: 0.04086703807115555	; std	: 0.009294622577726841	; shrinking
mean	: 0.0429721400141716	; std	: 0.014391173608601093	; non
mean	: 0.02221817523241043	; std	: 0.007607913110405207	; baunded
mean	: 0.03829325735569	; std	: 0.02050754986703396	; inflating
mean	: 0.016069086268544197	; std	: 0.007810010574758053	; shrinking
mean	: 0.03194562345743179	; std	: 0.017460022121667862	; non
mean	: 0.04835229739546776	; std	: 0.005704907234758139	; baunded
mean	: 0.0266726091504097	; std	: 0.010831202380359173	; inflating
mean	: 0.044199176132678986	; std	: 0.011645357124507427	; shrinking
mean	: 0.0454825684428215	; std	: 0.016695408150553703	; non
mean	: 0.01949802041053772	; std	: 0.003952664323151112	; baunded
mean	: 0.02868710085749626	; std	: 0.017733942717313766	; inflating
mean	: 0.058091357350349426	; std	: 0.01430616993457079	; shrinking
mean	: 0.05741972103714943	; std	: 0.01997021585702896	; non
mean	: 0.027457628399133682	; std	: 0.008784067817032337	; baunded
mean	: 0.027196545153856277	; std	: 0.016738563776016235	; inflating
mean	: 0.0549684539437294	; std	: 0.014228778891265392	; shrinking
mean	: 0.05478527769446373	; std	: 0.02013164572417736	; non
mean	: 0.02756986767053604	; std	: 0.008105110377073288	; baunded
mean	: 0.029198218137025833	; std	: 0.013771447353065014	; inflating
mean	: 0.03746386244893074	; std	: 0.008864865638315678	; shrinking
mean	: 0.040817324072122574	; std	: 0.01350480318069458	; non
mean	: 0.02458491548895836	; std	: 0.006564105860888958	; baunded
mean	: 0.031231801956892014	; std	: 0.018562838435173035	; inflating
mean	: 0.06285522878170013	; std	: 0.013994308188557625	; shrinking
mean	: 0.06162981316447258	; std	: 0.019618000835180283	; non
mean	: 0.030264122411608696	; std	: 0.008870572783052921	; baunded
mean	: 0.027127953246235847	; std	: 0.01423849817365408	; inflating
mean	: 0.0217585451900959	; std	: 0.009394544176757336	; shrinking
mean	: 0.029984697699546814	; std	: 0.01724083721637726	; non
mean	: 0.03107798472046852	; std	: 0.00522134592756629	; baunded
mean	: 0.025005782023072243	; std	: 0.010079163126647472	; inflating
mean	: 0.04229876771569252	; std	: 0.012876837514340878	; shrinking
mean	: 0.043428219854831696	; std	: 0.01747547648847103	; non
mean	: 0.014428538270294666	; std	: 0.004393050912767649	; baunded
mean	: 0.02714988961815834	; std	: 0.013678345829248428	; inflating
mean	: 0.03324252367019653	; std	: 0.009033511392772198	; shrinking
mean	: 0.038066014647483826	; std	: 0.014085626229643822	; non
mean	: 0.025885742157697678	; std	: 0.006127709988504648	; baunded
mean	: 0.032525066286325455	; std	: 0.018439412117004395	; inflating
mean	: 0.06422879546880722	; std	: 0.01399060059338808	; shrinking
mean	: 0.062360506504774094	; std	: 0.019374094903469086	; non
mean	: 0.027920346707105637	; std	: 0.009059070609509945	; baunded
mean	: 0.02633657678961754	; std	: 0.016007430851459503	; inflating
mean	: 0.0535627081990242	; std	: 0.01428879052400589	; shrinking
mean	: 0.053366295993328094	; std	: 0.020056279376149178	; non
mean	: 0.025601450353860855	; std	: 0.008001691661775112	; baunded
mean	: 0.03063157945871353	; std	: 0.019558938220143318	; inflating
mean	: 0.019532721489667892	; std	: 0.007073746528476477	; shrinking
mean	: 0.0318477600812912	; std	: 0.017479728907346725	; non
mean	: 0.04060456156730652	; std	: 0.005319535732269287	; baunded
mean	: 0.027234608307480812	; std	: 0.014802544377744198	; inflating
mean	: 0.025738252326846123	; std	: 0.00843014009296894	; shrinking
mean	: 0.033729035407304764	; std	: 0.016068045049905777	; non
mean	: 0.032073598355054855	; std	: 0.005572775844484568	; baunded
mean	: 0.032525066286325455	; std	: 0.018439412117004395	; inflating
mean	: 0.06422879546880722	; std	: 0.01399060059338808	; shrinking
mean	: 0.062360506504774094	; std	: 0.019374094903469086	; non
mean	: 0.027920346707105637	; std	: 0.009059070609509945	; baunded
mean	: 0.03063157945871353	; std	: 0.019558938220143318	; inflating
mean	: 0.019532721489667892	; std	: 0.007073746528476477	; shrinking
mean	: 0.0318477600812912	; std	: 0.017479728907346725	; non
mean	: 0.04060456156730652	; std	: 0.005319535732269287	; baunded
mean	: 0.02714988961815834	; std	: 0.013678345829248428	; inflating
mean	: 0.03324252367019653	; std	: 0.009033511392772198	; shrinking
mean	: 0.038066014647483826	; std	: 0.014085626229643822	; non
mean	: 0.025885742157697678	; std	: 0.006127709988504648	; baunded
mean	: 0.03263010084629059	; std	: 0.016461387276649475	; inflating
mean	: 0.06288986653089523	; std	: 0.013528035022318363	; shrinking
mean	: 0.06103440746665001	; std	: 0.019103145226836205	; non
mean	: 0.02622855082154274	; std	: 0.007969834841787815	; baunded
mean	: 0.02633657678961754	; std	: 0.016007430851459503	; inflating
mean	: 0.0535627081990242	; std	: 0.01428879052400589	; shrinking
mean	: 0.053366295993328094	; std	: 0.020056279376149178	; non
mean	: 0.025601450353860855	; std	: 0.008001691661775112	; baunded
mean	: 0.02720767818391323	; std	: 0.011590707115828991	; inflating
mean	: 0.042839907109737396	; std	: 0.01115104928612709	; shrinking
mean	: 0.044417135417461395	; std	: 0.01608632318675518	; non
mean	: 0.019817663356661797	; std	: 0.0046083577908575535	; baunded
mean	: 0.029399288818240166	; std	: 0.012904432602226734	; inflating
mean	: 0.05004585534334183	; std	: 0.012946637347340584	; shrinking
mean	: 0.051719650626182556	; std	: 0.020715953782200813	; non
mean	: 0.03490957245230675	; std	: 0.006356042809784412	; baunded
mean	: 0.02564159967005253	; std	: 0.0112217478454113	; inflating
mean	: 0.04952598363161087	; std	: 0.013135730288922787	; shrinking
mean	: 0.04958805814385414	; std	: 0.018486134707927704	; non
mean	: 0.018793590366840363	; std	: 0.0047783930785954	; baunded
anchor name	: shrinking
mean	: 0.02659585326910019	; std	: 0.008313496597111225	; inflating
mean	: 0.026430655270814896	; std	: 0.014515492133796215	; shrinking
mean	: 0.03279969096183777	; std	: 0.018835583701729774	; non
mean	: 0.024989861994981766	; std	: 0.004264028277248144	; baunded
mean	: 0.04237959161400795	; std	: 0.019569525495171547	; inflating
mean	: 0.014187607914209366	; std	: 0.009141351096332073	; shrinking
mean	: 0.03164158761501312	; std	: 0.01635049283504486	; non
mean	: 0.04936915636062622	; std	: 0.00629363814368844	; baunded
mean	: 0.05465565249323845	; std	: 0.01977636106312275	; inflating
mean	: 0.019887331873178482	; std	: 0.013174477964639664	; shrinking
mean	: 0.03770574927330017	; std	: 0.01718047447502613	; non
mean	: 0.062125977128744125	; std	: 0.0064391023479402065	; baunded
mean	: 0.03385281562805176	; std	: 0.018240071833133698	; inflating
mean	: 0.016573380678892136	; std	: 0.007696171291172504	; shrinking
mean	: 0.030725179240107536	; std	: 0.017437929287552834	; non
mean	: 0.042398516088724136	; std	: 0.005049184430390596	; baunded
mean	: 0.03385281562805176	; std	: 0.018240071833133698	; inflating
mean	: 0.016573380678892136	; std	: 0.007696171291172504	; shrinking
mean	: 0.030725179240107536	; std	: 0.017437929287552834	; non
mean	: 0.042398516088724136	; std	: 0.005049184430390596	; baunded
mean	: 0.02659585326910019	; std	: 0.008313496597111225	; inflating
mean	: 0.026430655270814896	; std	: 0.014515492133796215	; shrinking
mean	: 0.03279969096183777	; std	: 0.018835583701729774	; non
mean	: 0.024989861994981766	; std	: 0.004264028277248144	; baunded
mean	: 0.02663041278719902	; std	: 0.009363698773086071	; inflating
mean	: 0.025259245187044144	; std	: 0.014169314876198769	; shrinking
mean	: 0.0323043093085289	; std	: 0.0186570193618536	; non
mean	: 0.02551516890525818	; std	: 0.0045355940237641335	; baunded
mean	: 0.02663041278719902	; std	: 0.009363698773086071	; inflating
mean	: 0.025259245187044144	; std	: 0.014169314876198769	; shrinking
mean	: 0.0323043093085289	; std	: 0.0186570193618536	; non
mean	: 0.02551516890525818	; std	: 0.0045355940237641335	; baunded
mean	: 0.05476104095578194	; std	: 0.01981770619750023	; inflating
mean	: 0.020096831023693085	; std	: 0.013130764476954937	; shrinking
mean	: 0.037980545312166214	; std	: 0.017258789390325546	; non
mean	: 0.062295496463775635	; std	: 0.006439988035708666	; baunded
mean	: 0.0456506609916687	; std	: 0.01933876797556877	; inflating
mean	: 0.0167397353798151	; std	: 0.009988517500460148	; shrinking
mean	: 0.032007668167352676	; std	: 0.015129505656659603	; non
mean	: 0.05337546020746231	; std	: 0.006321328226476908	; baunded
mean	: 0.0456506609916687	; std	: 0.01933876797556877	; inflating
mean	: 0.0167397353798151	; std	: 0.009988517500460148	; shrinking
mean	: 0.032007668167352676	; std	: 0.015129505656659603	; non
mean	: 0.05337546020746231	; std	: 0.006321328226476908	; baunded
mean	: 0.03385281562805176	; std	: 0.018240071833133698	; inflating
mean	: 0.016573380678892136	; std	: 0.007696171291172504	; shrinking
mean	: 0.030725179240107536	; std	: 0.017437929287552834	; non
mean	: 0.042398516088724136	; std	: 0.005049184430390596	; baunded
mean	: 0.03973521664738655	; std	: 0.018851948902010918	; inflating
mean	: 0.015046771615743637	; std	: 0.007848409004509449	; shrinking
mean	: 0.031009681522846222	; std	: 0.014764630235731602	; non
mean	: 0.045109257102012634	; std	: 0.006557596381753683	; baunded
mean	: 0.04237959161400795	; std	: 0.019569525495171547	; inflating
mean	: 0.014187607914209366	; std	: 0.009141351096332073	; shrinking
mean	: 0.03164158761501312	; std	: 0.01635049283504486	; non
mean	: 0.04936915636062622	; std	: 0.00629363814368844	; baunded
mean	: 0.02663041278719902	; std	: 0.009363698773086071	; inflating
mean	: 0.025259245187044144	; std	: 0.014169314876198769	; shrinking
mean	: 0.0323043093085289	; std	: 0.0186570193618536	; non
mean	: 0.02551516890525818	; std	: 0.0045355940237641335	; baunded
mean	: 0.03973521664738655	; std	: 0.018851948902010918	; inflating
mean	: 0.015046771615743637	; std	: 0.007848409004509449	; shrinking
mean	: 0.031009681522846222	; std	: 0.014764630235731602	; non
mean	: 0.045109257102012634	; std	: 0.006557596381753683	; baunded
mean	: 0.02663041278719902	; std	: 0.009363698773086071	; inflating
mean	: 0.025259245187044144	; std	: 0.014169314876198769	; shrinking
mean	: 0.0323043093085289	; std	: 0.0186570193618536	; non
mean	: 0.02551516890525818	; std	: 0.0045355940237641335	; baunded
mean	: 0.027514126151800156	; std	: 0.00947599671781063	; inflating
mean	: 0.025609323754906654	; std	: 0.01382560282945633	; shrinking
mean	: 0.03271827846765518	; std	: 0.017639797180891037	; non
mean	: 0.024787288159132004	; std	: 0.004878837149590254	; baunded
mean	: 0.057185910642147064	; std	: 0.01832575723528862	; inflating
mean	: 0.023824021220207214	; std	: 0.012881940230727196	; shrinking
mean	: 0.03665119409561157	; std	: 0.015790322795510292	; non
mean	: 0.06355670839548111	; std	: 0.006238426547497511	; baunded
mean	: 0.027740823104977608	; std	: 0.009961587376892567	; inflating
mean	: 0.02424544468522072	; std	: 0.012554338201880455	; shrinking
mean	: 0.0313132181763649	; std	: 0.019242094829678535	; non
mean	: 0.02937411703169346	; std	: 0.004138892516493797	; baunded
mean	: 0.032865311950445175	; std	: 0.01692917011678219	; inflating
mean	: 0.01698622852563858	; std	: 0.007964378222823143	; shrinking
mean	: 0.029961656779050827	; std	: 0.017197085544466972	; non
mean	: 0.03981933742761612	; std	: 0.005013976711779833	; baunded
mean	: 0.05611308291554451	; std	: 0.019546225666999817	; inflating
mean	: 0.020835191011428833	; std	: 0.013826052658259869	; shrinking
mean	: 0.03818650171160698	; std	: 0.016927843913435936	; non
mean	: 0.06362828612327576	; std	: 0.006343703251332045	; baunded
mean	: 0.04237959161400795	; std	: 0.019569525495171547	; inflating
mean	: 0.014187607914209366	; std	: 0.009141351096332073	; shrinking
mean	: 0.03164158761501312	; std	: 0.01635049283504486	; non
mean	: 0.04936915636062622	; std	: 0.00629363814368844	; baunded
mean	: 0.041004352271556854	; std	: 0.02032569609582424	; inflating
mean	: 0.014718128368258476	; std	: 0.009055834263563156	; shrinking
mean	: 0.0315861776471138	; std	: 0.017624905332922935	; non
mean	: 0.0501534640789032	; std	: 0.005982192233204842	; baunded
mean	: 0.057185910642147064	; std	: 0.01832575723528862	; inflating
mean	: 0.023824021220207214	; std	: 0.012881940230727196	; shrinking
mean	: 0.03665119409561157	; std	: 0.015790322795510292	; non
mean	: 0.06355670839548111	; std	: 0.006238426547497511	; baunded
mean	: 0.04209316521883011	; std	: 0.0195390023291111	; inflating
mean	: 0.014190955087542534	; std	: 0.00903845764696598	; shrinking
mean	: 0.03151232749223709	; std	: 0.016082441434264183	; non
mean	: 0.04888563230633736	; std	: 0.0063627720810472965	; baunded
mean	: 0.041004352271556854	; std	: 0.02032569609582424	; inflating
mean	: 0.014718128368258476	; std	: 0.009055834263563156	; shrinking
mean	: 0.0315861776471138	; std	: 0.017624905332922935	; non
mean	: 0.0501534640789032	; std	: 0.005982192233204842	; baunded
mean	: 0.04506492614746094	; std	: 0.02004132606089115	; inflating
mean	: 0.01551733911037445	; std	: 0.009830990806221962	; shrinking
mean	: 0.033063728362321854	; std	: 0.018356001004576683	; non
mean	: 0.05351274460554123	; std	: 0.00607464462518692	; baunded
mean	: 0.05465565249323845	; std	: 0.01977636106312275	; inflating
mean	: 0.019887331873178482	; std	: 0.013174477964639664	; shrinking
mean	: 0.03770574927330017	; std	: 0.01718047447502613	; non
mean	: 0.062125977128744125	; std	: 0.0064391023479402065	; baunded
mean	: 0.04031059518456459	; std	: 0.019190050661563873	; inflating
mean	: 0.014517189003527164	; std	: 0.008255614899098873	; shrinking
mean	: 0.030949769541621208	; std	: 0.015190870501101017	; non
mean	: 0.0463947057723999	; std	: 0.006468111649155617	; baunded
mean	: 0.05584222078323364	; std	: 0.019405487924814224	; inflating
mean	: 0.02063293755054474	; std	: 0.013771415688097477	; shrinking
mean	: 0.037510693073272705	; std	: 0.016705425456166267	; non
mean	: 0.0632554441690445	; std	: 0.006324190180748701	; baunded
mean	: 0.039645686745643616	; std	: 0.018808681517839432	; inflating
mean	: 0.014985351823270321	; std	: 0.0078270947560668	; shrinking
mean	: 0.03101581335067749	; std	: 0.014910352416336536	; non
mean	: 0.04509037360548973	; std	: 0.006483729463070631	; baunded
mean	: 0.032865311950445175	; std	: 0.01692917011678219	; inflating
mean	: 0.01698622852563858	; std	: 0.007964378222823143	; shrinking
mean	: 0.029961656779050827	; std	: 0.017197085544466972	; non
mean	: 0.03981933742761612	; std	: 0.005013976711779833	; baunded
mean	: 0.05584222078323364	; std	: 0.019405487924814224	; inflating
mean	: 0.02063293755054474	; std	: 0.013771415688097477	; shrinking
mean	: 0.037510693073272705	; std	: 0.016705425456166267	; non
mean	: 0.0632554441690445	; std	: 0.006324190180748701	; baunded
mean	: 0.027514126151800156	; std	: 0.00947599671781063	; inflating
mean	: 0.025609323754906654	; std	: 0.01382560282945633	; shrinking
mean	: 0.03271827846765518	; std	: 0.017639797180891037	; non
mean	: 0.024787288159132004	; std	: 0.004878837149590254	; baunded
mean	: 0.032493945211172104	; std	: 0.017133647575974464	; inflating
mean	: 0.01715271547436714	; std	: 0.007917212322354317	; shrinking
mean	: 0.02999293804168701	; std	: 0.01737321726977825	; non
mean	: 0.04008995369076729	; std	: 0.004923057276755571	; baunded
mean	: 0.04228568077087402	; std	: 0.02016504853963852	; inflating
mean	: 0.015311894938349724	; std	: 0.009243101812899113	; shrinking
mean	: 0.03169931843876839	; std	: 0.01686386577785015	; non
mean	: 0.05114658176898956	; std	: 0.006172561552375555	; baunded
mean	: 0.05714813992381096	; std	: 0.01845003291964531	; inflating
mean	: 0.02353072538971901	; std	: 0.012999951839447021	; shrinking
mean	: 0.03679458796977997	; std	: 0.015841471031308174	; non
mean	: 0.0636688768863678	; std	: 0.006243521813303232	; baunded
mean	: 0.027362380176782608	; std	: 0.008332708850502968	; inflating
mean	: 0.026665057986974716	; std	: 0.0144579466432333	; shrinking
mean	: 0.0332435742020607	; std	: 0.018044332042336464	; non
mean	: 0.024245958775281906	; std	: 0.004481558222323656	; baunded
mean	: 0.0456506609916687	; std	: 0.01933876797556877	; inflating
mean	: 0.0167397353798151	; std	: 0.009988517500460148	; shrinking
mean	: 0.032007668167352676	; std	: 0.015129505656659603	; non
mean	: 0.05337546020746231	; std	: 0.006321328226476908	; baunded
mean	: 0.041004352271556854	; std	: 0.02032569609582424	; inflating
mean	: 0.014718128368258476	; std	: 0.009055834263563156	; shrinking
mean	: 0.0315861776471138	; std	: 0.017624905332922935	; non
mean	: 0.0501534640789032	; std	: 0.005982192233204842	; baunded
mean	: 0.04074622690677643	; std	: 0.01973040960729122	; inflating
mean	: 0.014225717633962631	; std	: 0.008554352447390556	; shrinking
mean	: 0.031069032847881317	; std	: 0.016998715698719025	; non
mean	: 0.049106352031230927	; std	: 0.005867280997335911	; baunded
mean	: 0.04228568077087402	; std	: 0.02016504853963852	; inflating
mean	: 0.015311894938349724	; std	: 0.009243101812899113	; shrinking
mean	: 0.03169931843876839	; std	: 0.01686386577785015	; non
mean	: 0.05114658176898956	; std	: 0.006172561552375555	; baunded
mean	: 0.029697900637984276	; std	: 0.013312753289937973	; inflating
mean	: 0.021066293120384216	; std	: 0.009566417895257473	; shrinking
mean	: 0.030590444803237915	; std	: 0.01880420371890068	; non
mean	: 0.03524095565080643	; std	: 0.004219676833599806	; baunded
mean	: 0.04593205451965332	; std	: 0.01973889395594597	; inflating
mean	: 0.015268312767148018	; std	: 0.009835584089159966	; shrinking
mean	: 0.03270162642002106	; std	: 0.016645928844809532	; non
mean	: 0.0529354028403759	; std	: 0.006449481006711721	; baunded
mean	: 0.0456506609916687	; std	: 0.01933876797556877	; inflating
mean	: 0.0167397353798151	; std	: 0.009988517500460148	; shrinking
mean	: 0.032007668167352676	; std	: 0.015129505656659603	; non
mean	: 0.05337546020746231	; std	: 0.006321328226476908	; baunded
mean	: 0.05476104095578194	; std	: 0.01981770619750023	; inflating
mean	: 0.020096831023693085	; std	: 0.013130764476954937	; shrinking
mean	: 0.037980545312166214	; std	: 0.017258789390325546	; non
mean	: 0.062295496463775635	; std	: 0.006439988035708666	; baunded
mean	: 0.04209316521883011	; std	: 0.0195390023291111	; inflating
mean	: 0.014190955087542534	; std	: 0.00903845764696598	; shrinking
mean	: 0.03151232749223709	; std	: 0.016082441434264183	; non
mean	: 0.04888563230633736	; std	: 0.0063627720810472965	; baunded
mean	: 0.027362380176782608	; std	: 0.008332708850502968	; inflating
mean	: 0.026665057986974716	; std	: 0.0144579466432333	; shrinking
mean	: 0.0332435742020607	; std	: 0.018044332042336464	; non
mean	: 0.024245958775281906	; std	: 0.004481558222323656	; baunded
mean	: 0.042096298187971115	; std	: 0.020271990448236465	; inflating
mean	: 0.014520829543471336	; std	: 0.009347900748252869	; shrinking
mean	: 0.03153636306524277	; std	: 0.017681386321783066	; non
mean	: 0.05094173178076744	; std	: 0.006081594619899988	; baunded
mean	: 0.057185910642147064	; std	: 0.01832575723528862	; inflating
mean	: 0.023824021220207214	; std	: 0.012881940230727196	; shrinking
mean	: 0.03665119409561157	; std	: 0.015790322795510292	; non
mean	: 0.06355670839548111	; std	: 0.006238426547497511	; baunded
mean	: 0.05584222078323364	; std	: 0.019405487924814224	; inflating
mean	: 0.02063293755054474	; std	: 0.013771415688097477	; shrinking
mean	: 0.037510693073272705	; std	: 0.016705425456166267	; non
mean	: 0.0632554441690445	; std	: 0.006324190180748701	; baunded
mean	: 0.026010975241661072	; std	: 0.007570889312773943	; inflating
mean	: 0.028345659375190735	; std	: 0.014995629899203777	; shrinking
mean	: 0.03411911427974701	; std	: 0.018956858664751053	; non
mean	: 0.02299690619111061	; std	: 0.004304560367017984	; baunded
mean	: 0.043296825140714645	; std	: 0.019574182108044624	; inflating
mean	: 0.015183841809630394	; std	: 0.00890367291867733	; shrinking
mean	: 0.0321345254778862	; std	: 0.015343531966209412	; non
mean	: 0.04929538443684578	; std	: 0.006764209363609552	; baunded
mean	: 0.04387287050485611	; std	: 0.019902944564819336	; inflating
mean	: 0.015738671645522118	; std	: 0.009561273269355297	; shrinking
mean	: 0.031898677349090576	; std	: 0.016388114541769028	; non
mean	: 0.052330128848552704	; std	: 0.006249844562262297	; baunded
mean	: 0.05553833395242691	; std	: 0.01960037462413311	; inflating
mean	: 0.020506476983428	; std	: 0.013623594306409359	; shrinking
mean	: 0.0379757434129715	; std	: 0.017138026654720306	; non
mean	: 0.06326192617416382	; std	: 0.00629850197583437	; baunded
mean	: 0.026010975241661072	; std	: 0.007570889312773943	; inflating
mean	: 0.028345659375190735	; std	: 0.014995629899203777	; shrinking
mean	: 0.03411911427974701	; std	: 0.018956858664751053	; non
mean	: 0.02299690619111061	; std	: 0.004304560367017984	; baunded
mean	: 0.0456506609916687	; std	: 0.01933876797556877	; inflating
mean	: 0.0167397353798151	; std	: 0.009988517500460148	; shrinking
mean	: 0.032007668167352676	; std	: 0.015129505656659603	; non
mean	: 0.05337546020746231	; std	: 0.006321328226476908	; baunded
mean	: 0.032865311950445175	; std	: 0.01692917011678219	; inflating
mean	: 0.01698622852563858	; std	: 0.007964378222823143	; shrinking
mean	: 0.029961656779050827	; std	: 0.017197085544466972	; non
mean	: 0.03981933742761612	; std	: 0.005013976711779833	; baunded
mean	: 0.05611308291554451	; std	: 0.019546225666999817	; inflating
mean	: 0.020835191011428833	; std	: 0.013826052658259869	; shrinking
mean	: 0.03818650171160698	; std	: 0.016927843913435936	; non
mean	: 0.06362828612327576	; std	: 0.006343703251332045	; baunded
mean	: 0.05584222078323364	; std	: 0.019405487924814224	; inflating
mean	: 0.02063293755054474	; std	: 0.013771415688097477	; shrinking
mean	: 0.037510693073272705	; std	: 0.016705425456166267	; non
mean	: 0.0632554441690445	; std	: 0.006324190180748701	; baunded
mean	: 0.04506492614746094	; std	: 0.02004132606089115	; inflating
mean	: 0.01551733911037445	; std	: 0.009830990806221962	; shrinking
mean	: 0.033063728362321854	; std	: 0.018356001004576683	; non
mean	: 0.05351274460554123	; std	: 0.00607464462518692	; baunded
mean	: 0.04031059518456459	; std	: 0.019190050661563873	; inflating
mean	: 0.014517189003527164	; std	: 0.008255614899098873	; shrinking
mean	: 0.030949769541621208	; std	: 0.015190870501101017	; non
mean	: 0.0463947057723999	; std	: 0.006468111649155617	; baunded
mean	: 0.0456506609916687	; std	: 0.01933876797556877	; inflating
mean	: 0.0167397353798151	; std	: 0.009988517500460148	; shrinking
mean	: 0.032007668167352676	; std	: 0.015129505656659603	; non
mean	: 0.05337546020746231	; std	: 0.006321328226476908	; baunded
anchor name	: non
mean	: 0.0688910111784935	; std	: 0.013667500577867031	; inflating
mean	: 0.04591265320777893	; std	: 0.007595833390951157	; shrinking
mean	: 0.040768012404441833	; std	: 0.025927986949682236	; non
mean	: 0.07119503617286682	; std	: 0.005487710237503052	; baunded
mean	: 0.027266010642051697	; std	: 0.012232936918735504	; inflating
mean	: 0.022551141679286957	; std	: 0.01099321711808443	; shrinking
mean	: 0.0301918126642704	; std	: 0.019615167751908302	; non
mean	: 0.03132200241088867	; std	: 0.0043862564489245415	; baunded
mean	: 0.04633312299847603	; std	: 0.0201296117156744	; inflating
mean	: 0.016028065234422684	; std	: 0.010211467742919922	; shrinking
mean	: 0.03290027752518654	; std	: 0.019008731469511986	; non
mean	: 0.055254027247428894	; std	: 0.006052199751138687	; baunded
mean	: 0.0687045156955719	; std	: 0.013623726554214954	; inflating
mean	: 0.045909248292446136	; std	: 0.007502229884266853	; shrinking
mean	: 0.04068320244550705	; std	: 0.02587350271642208	; non
mean	: 0.0709628313779831	; std	: 0.005488141439855099	; baunded
mean	: 0.027266010642051697	; std	: 0.012232936918735504	; inflating
mean	: 0.022551141679286957	; std	: 0.01099321711808443	; shrinking
mean	: 0.0301918126642704	; std	: 0.019615167751908302	; non
mean	: 0.03132200241088867	; std	: 0.0043862564489245415	; baunded
mean	: 0.027266010642051697	; std	: 0.012232936918735504	; inflating
mean	: 0.022551141679286957	; std	: 0.01099321711808443	; shrinking
mean	: 0.0301918126642704	; std	: 0.019615167751908302	; non
mean	: 0.03132200241088867	; std	: 0.0043862564489245415	; baunded
mean	: 0.06933742761611938	; std	: 0.01358382124453783	; inflating
mean	: 0.04648860543966293	; std	: 0.0075539187528193	; shrinking
mean	: 0.0412139818072319	; std	: 0.025995805859565735	; non
mean	: 0.0715779960155487	; std	: 0.005465187132358551	; baunded
mean	: 0.044727664440870285	; std	: 0.0103556914255023	; inflating
mean	: 0.05549107864499092	; std	: 0.00969522912055254	; shrinking
mean	: 0.05206269398331642	; std	: 0.02182779833674431	; non
mean	: 0.025897711515426636	; std	: 0.006110094953328371	; baunded
mean	: 0.04692021757364273	; std	: 0.009652378037571907	; inflating
mean	: 0.05890540033578873	; std	: 0.010221041738986969	; shrinking
mean	: 0.05523988604545593	; std	: 0.021668607369065285	; non
mean	: 0.027115371078252792	; std	: 0.005040615797042847	; baunded
mean	: 0.0688910111784935	; std	: 0.013667500577867031	; inflating
mean	: 0.04591265320777893	; std	: 0.007595833390951157	; shrinking
mean	: 0.040768012404441833	; std	: 0.025927986949682236	; non
mean	: 0.07119503617286682	; std	: 0.005487710237503052	; baunded
mean	: 0.026217812672257423	; std	: 0.00617571035400033	; inflating
mean	: 0.03265446424484253	; std	: 0.013190853409469128	; shrinking
mean	: 0.03596540912985802	; std	: 0.021311694756150246	; non
mean	: 0.027967236936092377	; std	: 0.0039130705408751965	; baunded
mean	: 0.04487037658691406	; std	: 0.02031366154551506	; inflating
mean	: 0.015843234956264496	; std	: 0.009841538965702057	; shrinking
mean	: 0.032732680439949036	; std	: 0.018915578722953796	; non
mean	: 0.054007790982723236	; std	: 0.0060686394572257996	; baunded
mean	: 0.044727664440870285	; std	: 0.0103556914255023	; inflating
mean	: 0.05549107864499092	; std	: 0.00969522912055254	; shrinking
mean	: 0.05206269398331642	; std	: 0.02182779833674431	; non
mean	: 0.025897711515426636	; std	: 0.006110094953328371	; baunded
mean	: 0.06335952877998352	; std	: 0.0141824996098876	; inflating
mean	: 0.040615107864141464	; std	: 0.007255124859511852	; shrinking
mean	: 0.03788221627473831	; std	: 0.02250250242650509	; non
mean	: 0.06605344265699387	; std	: 0.005701342131942511	; baunded
mean	: 0.026217812672257423	; std	: 0.00617571035400033	; inflating
mean	: 0.03265446424484253	; std	: 0.013190853409469128	; shrinking
mean	: 0.03596540912985802	; std	: 0.021311694756150246	; non
mean	: 0.027967236936092377	; std	: 0.0039130705408751965	; baunded
mean	: 0.06335952877998352	; std	: 0.0141824996098876	; inflating
mean	: 0.040615107864141464	; std	: 0.007255124859511852	; shrinking
mean	: 0.03788221627473831	; std	: 0.02250250242650509	; non
mean	: 0.06605344265699387	; std	: 0.005701342131942511	; baunded
mean	: 0.044727664440870285	; std	: 0.0103556914255023	; inflating
mean	: 0.05549107864499092	; std	: 0.00969522912055254	; shrinking
mean	: 0.05206269398331642	; std	: 0.02182779833674431	; non
mean	: 0.025897711515426636	; std	: 0.006110094953328371	; baunded
mean	: 0.044727664440870285	; std	: 0.0103556914255023	; inflating
mean	: 0.05549107864499092	; std	: 0.00969522912055254	; shrinking
mean	: 0.05206269398331642	; std	: 0.02182779833674431	; non
mean	: 0.025897711515426636	; std	: 0.006110094953328371	; baunded
mean	: 0.026455437764525414	; std	: 0.006759084761142731	; inflating
mean	: 0.03716382384300232	; std	: 0.013271515257656574	; shrinking
mean	: 0.03977222740650177	; std	: 0.02182999812066555	; non
mean	: 0.028774144127964973	; std	: 0.004489306826144457	; baunded
mean	: 0.06933742761611938	; std	: 0.01358382124453783	; inflating
mean	: 0.04648860543966293	; std	: 0.0075539187528193	; shrinking
mean	: 0.0412139818072319	; std	: 0.025995805859565735	; non
mean	: 0.0715779960155487	; std	: 0.005465187132358551	; baunded
mean	: 0.04793292284011841	; std	: 0.020070116966962814	; inflating
mean	: 0.016485759988427162	; std	: 0.010722905397415161	; shrinking
mean	: 0.03339967504143715	; std	: 0.018772877752780914	; non
mean	: 0.05661386996507645	; std	: 0.006141749210655689	; baunded
mean	: 0.049853287637233734	; std	: 0.019993549212813377	; inflating
mean	: 0.017326336354017258	; std	: 0.011371685191988945	; shrinking
mean	: 0.03446035087108612	; std	: 0.018467620015144348	; non
mean	: 0.05829748138785362	; std	: 0.006208332721143961	; baunded
mean	: 0.0687045156955719	; std	: 0.013623726554214954	; inflating
mean	: 0.045909248292446136	; std	: 0.007502229884266853	; shrinking
mean	: 0.04068320244550705	; std	: 0.02587350271642208	; non
mean	: 0.0709628313779831	; std	: 0.005488141439855099	; baunded
mean	: 0.028445929288864136	; std	: 0.013918555341660976	; inflating
mean	: 0.02065202035009861	; std	: 0.009777257218956947	; shrinking
mean	: 0.02955397590994835	; std	: 0.018656352534890175	; non
mean	: 0.033095985651016235	; std	: 0.004749011714011431	; baunded
mean	: 0.06910499185323715	; std	: 0.01353855337947607	; inflating
mean	: 0.0464511513710022	; std	: 0.007454316597431898	; shrinking
mean	: 0.04107356071472168	; std	: 0.025959856808185577	; non
mean	: 0.07129999995231628	; std	: 0.005465623456984758	; baunded
mean	: 0.06489846855401993	; std	: 0.01390867680311203	; inflating
mean	: 0.042441219091415405	; std	: 0.00718496972694993	; shrinking
mean	: 0.038680028170347214	; std	: 0.02358057349920273	; non
mean	: 0.06735147535800934	; std	: 0.005628404673188925	; baunded
mean	: 0.029771776869893074	; std	: 0.015522492118179798	; inflating
mean	: 0.018943557515740395	; std	: 0.008547747507691383	; shrinking
mean	: 0.029161596670746803	; std	: 0.017752936109900475	; non
mean	: 0.03522498160600662	; std	: 0.005074039101600647	; baunded
mean	: 0.026455437764525414	; std	: 0.006759084761142731	; inflating
mean	: 0.03716382384300232	; std	: 0.013271515257656574	; shrinking
mean	: 0.03977222740650177	; std	: 0.02182999812066555	; non
mean	: 0.028774144127964973	; std	: 0.004489306826144457	; baunded
mean	: 0.027259089052677155	; std	: 0.008728031069040298	; inflating
mean	: 0.026553764939308167	; std	: 0.012288868427276611	; shrinking
mean	: 0.03233907371759415	; std	: 0.020510554313659668	; non
mean	: 0.030204180628061295	; std	: 0.003734889207407832	; baunded
mean	: 0.04633312299847603	; std	: 0.0201296117156744	; inflating
mean	: 0.016028065234422684	; std	: 0.010211467742919922	; shrinking
mean	: 0.03290027752518654	; std	: 0.019008731469511986	; non
mean	: 0.055254027247428894	; std	: 0.006052199751138687	; baunded
mean	: 0.0688910111784935	; std	: 0.013667500577867031	; inflating
mean	: 0.04591265320777893	; std	: 0.007595833390951157	; shrinking
mean	: 0.040768012404441833	; std	: 0.025927986949682236	; non
mean	: 0.07119503617286682	; std	: 0.005487710237503052	; baunded
mean	: 0.026217812672257423	; std	: 0.00617571035400033	; inflating
mean	: 0.03265446424484253	; std	: 0.013190853409469128	; shrinking
mean	: 0.03596540912985802	; std	: 0.021311694756150246	; non
mean	: 0.027967236936092377	; std	: 0.0039130705408751965	; baunded
mean	: 0.04633312299847603	; std	: 0.0201296117156744	; inflating
mean	: 0.016028065234422684	; std	: 0.010211467742919922	; shrinking
mean	: 0.03290027752518654	; std	: 0.019008731469511986	; non
mean	: 0.055254027247428894	; std	: 0.006052199751138687	; baunded
mean	: 0.02610582858324051	; std	: 0.007958311587572098	; inflating
mean	: 0.02825465239584446	; std	: 0.012790601700544357	; shrinking
mean	: 0.03325643762946129	; std	: 0.021101972088217735	; non
mean	: 0.028991663828492165	; std	: 0.003730285679921508	; baunded
mean	: 0.04473632201552391	; std	: 0.020302100107073784	; inflating
mean	: 0.01576586253941059	; std	: 0.009813528507947922	; shrinking
mean	: 0.032628804445266724	; std	: 0.01890525035560131	; non
mean	: 0.053887613117694855	; std	: 0.006053393241018057	; baunded
mean	: 0.02746632508933544	; std	: 0.01313688699156046	; inflating
mean	: 0.021786600351333618	; std	: 0.010517210699617863	; shrinking
mean	: 0.02978775091469288	; std	: 0.018555782735347748	; non
mean	: 0.030958853662014008	; std	: 0.0048532127402722836	; baunded
mean	: 0.026455437764525414	; std	: 0.006759084761142731	; inflating
mean	: 0.03716382384300232	; std	: 0.013271515257656574	; shrinking
mean	: 0.03977222740650177	; std	: 0.02182999812066555	; non
mean	: 0.028774144127964973	; std	: 0.004489306826144457	; baunded
mean	: 0.030198313295841217	; std	: 0.016930392012000084	; inflating
mean	: 0.018284201622009277	; std	: 0.007820315659046173	; shrinking
mean	: 0.029188688844442368	; std	: 0.01734413020312786	; non
mean	: 0.03657867759466171	; std	: 0.005404139868915081	; baunded
mean	: 0.06412247568368912	; std	: 0.014050411060452461	; inflating
mean	: 0.041508227586746216	; std	: 0.007227562367916107	; shrinking
mean	: 0.038276419043540955	; std	: 0.023032361641526222	; non
mean	: 0.06670332700014114	; std	: 0.005665115546435118	; baunded
mean	: 0.027259089052677155	; std	: 0.008728031069040298	; inflating
mean	: 0.026553764939308167	; std	: 0.012288868427276611	; shrinking
mean	: 0.03233907371759415	; std	: 0.020510554313659668	; non
mean	: 0.030204180628061295	; std	: 0.003734889207407832	; baunded
mean	: 0.027266010642051697	; std	: 0.012232936918735504	; inflating
mean	: 0.022551141679286957	; std	: 0.01099321711808443	; shrinking
mean	: 0.0301918126642704	; std	: 0.019615167751908302	; non
mean	: 0.03132200241088867	; std	: 0.0043862564489245415	; baunded
mean	: 0.04473632201552391	; std	: 0.020302100107073784	; inflating
mean	: 0.01576586253941059	; std	: 0.009813528507947922	; shrinking
mean	: 0.032628804445266724	; std	: 0.01890525035560131	; non
mean	: 0.053887613117694855	; std	: 0.006053393241018057	; baunded
mean	: 0.031952280551195145	; std	: 0.017918862402439117	; inflating
mean	: 0.01708553172647953	; std	: 0.007290210574865341	; shrinking
mean	: 0.0294204019010067	; std	: 0.01682240329682827	; non
mean	: 0.038480840623378754	; std	: 0.005726246628910303	; baunded
mean	: 0.048582013696432114	; std	: 0.020016096532344818	; inflating
mean	: 0.01666680909693241	; std	: 0.010935157537460327	; shrinking
mean	: 0.03364036977291107	; std	: 0.01862322725355625	; non
mean	: 0.05709618330001831	; std	: 0.006174566224217415	; baunded
mean	: 0.048582013696432114	; std	: 0.020016096532344818	; inflating
mean	: 0.01666680909693241	; std	: 0.010935157537460327	; shrinking
mean	: 0.03364036977291107	; std	: 0.01862322725355625	; non
mean	: 0.05709618330001831	; std	: 0.006174566224217415	; baunded
mean	: 0.04583009332418442	; std	: 0.010657490231096745	; inflating
mean	: 0.05486138164997101	; std	: 0.009184000082314014	; shrinking
mean	: 0.05202877148985863	; std	: 0.020806560292840004	; non
mean	: 0.027477510273456573	; std	: 0.006729998160153627	; baunded
mean	: 0.02610582858324051	; std	: 0.007958311587572098	; inflating
mean	: 0.02825465239584446	; std	: 0.012790601700544357	; shrinking
mean	: 0.03325643762946129	; std	: 0.021101972088217735	; non
mean	: 0.028991663828492165	; std	: 0.003730285679921508	; baunded
mean	: 0.04473632201552391	; std	: 0.020302100107073784	; inflating
mean	: 0.01576586253941059	; std	: 0.009813528507947922	; shrinking
mean	: 0.032628804445266724	; std	: 0.01890525035560131	; non
mean	: 0.053887613117694855	; std	: 0.006053393241018057	; baunded
mean	: 0.06489846855401993	; std	: 0.01390867680311203	; inflating
mean	: 0.042441219091415405	; std	: 0.00718496972694993	; shrinking
mean	: 0.038680028170347214	; std	: 0.02358057349920273	; non
mean	: 0.06735147535800934	; std	: 0.005628404673188925	; baunded
mean	: 0.0688910111784935	; std	: 0.013667500577867031	; inflating
mean	: 0.04591265320777893	; std	: 0.007595833390951157	; shrinking
mean	: 0.040768012404441833	; std	: 0.025927986949682236	; non
mean	: 0.07119503617286682	; std	: 0.005487710237503052	; baunded
mean	: 0.02746632508933544	; std	: 0.01313688699156046	; inflating
mean	: 0.021786600351333618	; std	: 0.010517210699617863	; shrinking
mean	: 0.02978775091469288	; std	: 0.018555782735347748	; non
mean	: 0.030958853662014008	; std	: 0.0048532127402722836	; baunded
mean	: 0.0688910111784935	; std	: 0.013667500577867031	; inflating
mean	: 0.04591265320777893	; std	: 0.007595833390951157	; shrinking
mean	: 0.040768012404441833	; std	: 0.025927986949682236	; non
mean	: 0.07119503617286682	; std	: 0.005487710237503052	; baunded
mean	: 0.06489846855401993	; std	: 0.01390867680311203	; inflating
mean	: 0.042441219091415405	; std	: 0.00718496972694993	; shrinking
mean	: 0.038680028170347214	; std	: 0.02358057349920273	; non
mean	: 0.06735147535800934	; std	: 0.005628404673188925	; baunded
mean	: 0.046869996935129166	; std	: 0.020148951560258865	; inflating
mean	: 0.016118688508868217	; std	: 0.010418577119708061	; shrinking
mean	: 0.032972853630781174	; std	: 0.018873782828450203	; non
mean	: 0.05570090189576149	; std	: 0.006120068486779928	; baunded
mean	: 0.02628495544195175	; std	: 0.0072333961725234985	; inflating
mean	: 0.029496051371097565	; std	: 0.01295184250921011	; shrinking
mean	: 0.03411279618740082	; std	: 0.021321307867765427	; non
mean	: 0.028822682797908783	; std	: 0.0037206264678388834	; baunded
mean	: 0.044727664440870285	; std	: 0.0103556914255023	; inflating
mean	: 0.05549107864499092	; std	: 0.00969522912055254	; shrinking
mean	: 0.05206269398331642	; std	: 0.02182779833674431	; non
mean	: 0.025897711515426636	; std	: 0.006110094953328371	; baunded
mean	: 0.030787169933319092	; std	: 0.017321210354566574	; inflating
mean	: 0.017868712544441223	; std	: 0.007616148795932531	; shrinking
mean	: 0.029278762638568878	; std	: 0.01719348132610321	; non
mean	: 0.03711271286010742	; std	: 0.005567926913499832	; baunded
mean	: 0.06335952877998352	; std	: 0.0141824996098876	; inflating
mean	: 0.040615107864141464	; std	: 0.007255124859511852	; shrinking
mean	: 0.03788221627473831	; std	: 0.02250250242650509	; non
mean	: 0.06605344265699387	; std	: 0.005701342131942511	; baunded
mean	: 0.06933742761611938	; std	: 0.01358382124453783	; inflating
mean	: 0.04648860543966293	; std	: 0.0075539187528193	; shrinking
mean	: 0.0412139818072319	; std	: 0.025995805859565735	; non
mean	: 0.0715779960155487	; std	: 0.005465187132358551	; baunded
mean	: 0.046355441212654114	; std	: 0.010919833555817604	; inflating
mean	: 0.05421070009469986	; std	: 0.00874483771622181	; shrinking
mean	: 0.05184569209814072	; std	: 0.020144851878285408	; non
mean	: 0.02864026464521885	; std	: 0.007108393125236034	; baunded
mean	: 0.026284731924533844	; std	: 0.008040396496653557	; inflating
mean	: 0.027767948806285858	; std	: 0.013043772429227829	; shrinking
mean	: 0.032976556569337845	; std	: 0.020923465490341187	; non
mean	: 0.02856070175766945	; std	: 0.003777477890253067	; baunded
mean	: 0.042544879019260406	; std	: 0.0203436017036438	; inflating
mean	: 0.015228120610117912	; std	: 0.009315413422882557	; shrinking
mean	: 0.032033275812864304	; std	: 0.018215760588645935	; non
mean	: 0.05188456177711487	; std	: 0.005974360276013613	; baunded
mean	: 0.031059563159942627	; std	: 0.017326444387435913	; inflating
mean	: 0.01770694926381111	; std	: 0.007566065993160009	; shrinking
mean	: 0.02926734834909439	; std	: 0.017093772068619728	; non
mean	: 0.03723631054162979	; std	: 0.005606559570878744	; baunded
mean	: 0.0688086524605751	; std	: 0.013544236309826374	; inflating
mean	: 0.046222105622291565	; std	: 0.0074116806499660015	; shrinking
mean	: 0.04088851809501648	; std	: 0.025829412043094635	; non
mean	: 0.07100200653076172	; std	: 0.005474811419844627	; baunded
anchor name	: baunded
mean	: 0.027619363740086555	; std	: 0.010769457556307316	; inflating
mean	: 0.0482613630592823	; std	: 0.014187249355018139	; shrinking
mean	: 0.04782624915242195	; std	: 0.018796410411596298	; non
mean	: 0.010622704401612282	; std	: 0.006300600245594978	; baunded
mean	: 0.031183570623397827	; std	: 0.01439100131392479	; inflating
mean	: 0.05767866596579552	; std	: 0.014274880290031433	; shrinking
mean	: 0.05585126206278801	; std	: 0.01939263939857483	; non
mean	: 0.017028558999300003	; std	: 0.008765353821218014	; baunded
mean	: 0.031578950583934784	; std	: 0.011004410684108734	; inflating
mean	: 0.04604583606123924	; std	: 0.01151029672473669	; shrinking
mean	: 0.04572099819779396	; std	: 0.017405366525053978	; non
mean	: 0.014694666489958763	; std	: 0.006064444314688444	; baunded
mean	: 0.034123219549655914	; std	: 0.012157452292740345	; inflating
mean	: 0.03721575438976288	; std	: 0.009392707608640194	; shrinking
mean	: 0.04020008444786072	; std	: 0.013736870139837265	; non
mean	: 0.021288875490427017	; std	: 0.00917869620025158	; baunded
mean	: 0.028122665360569954	; std	: 0.008935940451920033	; inflating
mean	: 0.043064363300800323	; std	: 0.013662667013704777	; shrinking
mean	: 0.0437222421169281	; std	: 0.017771344631910324	; non
mean	: 0.010188440792262554	; std	: 0.0054390933364629745	; baunded
mean	: 0.028822679072618484	; std	: 0.012601383961737156	; inflating
mean	: 0.05267222598195076	; std	: 0.014458304271101952	; shrinking
mean	: 0.05165427178144455	; std	: 0.01933230273425579	; non
mean	: 0.013232404366135597	; std	: 0.007864778861403465	; baunded
mean	: 0.03106837160885334	; std	: 0.01540364045649767	; inflating
mean	: 0.058400947600603104	; std	: 0.01451803743839264	; shrinking
mean	: 0.05683465301990509	; std	: 0.019550612196326256	; non
mean	: 0.019643723964691162	; std	: 0.009563500061631203	; baunded
mean	: 0.028234098106622696	; std	: 0.009040910750627518	; inflating
mean	: 0.045168355107307434	; std	: 0.014149477705359459	; shrinking
mean	: 0.04562292993068695	; std	: 0.018482768908143044	; non
mean	: 0.010795705951750278	; std	: 0.005527374800294638	; baunded
mean	: 0.027874939143657684	; std	: 0.009682230651378632	; inflating
mean	: 0.04560518637299538	; std	: 0.013776149600744247	; shrinking
mean	: 0.045555129647254944	; std	: 0.018098916858434677	; non
mean	: 0.010013790801167488	; std	: 0.005251730792224407	; baunded
mean	: 0.029667338356375694	; std	: 0.010363208130002022	; inflating
mean	: 0.04897039756178856	; std	: 0.013607813976705074	; shrinking
mean	: 0.048066023737192154	; std	: 0.018490077927708626	; non
mean	: 0.010422744788229465	; std	: 0.005026153288781643	; baunded
mean	: 0.025982337072491646	; std	: 0.009304415434598923	; inflating
mean	: 0.042933981865644455	; std	: 0.01387411542236805	; shrinking
mean	: 0.043586619198322296	; std	: 0.017988942563533783	; non
mean	: 0.010688625276088715	; std	: 0.0053111836314201355	; baunded
mean	: 0.028155941516160965	; std	: 0.01347695104777813	; inflating
mean	: 0.053489215672016144	; std	: 0.01453101821243763	; shrinking
mean	: 0.052448153495788574	; std	: 0.019440772011876106	; non
mean	: 0.014852042309939861	; std	: 0.008353142999112606	; baunded
mean	: 0.02581401914358139	; std	: 0.009374416433274746	; inflating
mean	: 0.04275967925786972	; std	: 0.013790479861199856	; shrinking
mean	: 0.043562471866607666	; std	: 0.017931515350937843	; non
mean	: 0.01134036760777235	; std	: 0.005225749220699072	; baunded
mean	: 0.0308501198887825	; std	: 0.009833650663495064	; inflating
mean	: 0.04157785326242447	; std	: 0.01202439796179533	; shrinking
mean	: 0.04242228716611862	; std	: 0.016440408304333687	; non
mean	: 0.013196387328207493	; std	: 0.006950062699615955	; baunded
mean	: 0.032972872257232666	; std	: 0.01206570491194725	; inflating
mean	: 0.044742975383996964	; std	: 0.010379362851381302	; shrinking
mean	: 0.044969961047172546	; std	: 0.016469363123178482	; non
mean	: 0.018079016357660294	; std	: 0.0072496626526117325	; baunded
mean	: 0.036755867302417755	; std	: 0.013225599192082882	; inflating
mean	: 0.03930950537323952	; std	: 0.008242644369602203	; shrinking
mean	: 0.04199434444308281	; std	: 0.013181370683014393	; non
mean	: 0.02464165911078453	; std	: 0.009665273129940033	; baunded
mean	: 0.02972567081451416	; std	: 0.010088195092976093	; inflating
mean	: 0.04891055077314377	; std	: 0.014362308196723461	; shrinking
mean	: 0.048681601881980896	; std	: 0.018878187984228134	; non
mean	: 0.012362361885607243	; std	: 0.00630058441311121	; baunded
mean	: 0.030496422201395035	; std	: 0.010919194668531418	; inflating
mean	: 0.05113324895501137	; std	: 0.01420816220343113	; shrinking
mean	: 0.050383877009153366	; std	: 0.018977131694555283	; non
mean	: 0.012768745422363281	; std	: 0.0066492133773863316	; baunded
mean	: 0.02731161005795002	; std	: 0.009875589981675148	; inflating
mean	: 0.04418687894940376	; std	: 0.013297097757458687	; shrinking
mean	: 0.044636547565460205	; std	: 0.017971478402614594	; non
mean	: 0.010742793790996075	; std	: 0.005172367673367262	; baunded
mean	: 0.02992602437734604	; std	: 0.010478774085640907	; inflating
mean	: 0.04097622632980347	; std	: 0.011821822263300419	; shrinking
mean	: 0.04218759015202522	; std	: 0.016463909298181534	; non
mean	: 0.01379166729748249	; std	: 0.007076319772750139	; baunded
mean	: 0.029819190502166748	; std	: 0.009543641470372677	; inflating
mean	: 0.0393906831741333	; std	: 0.012355171144008636	; shrinking
mean	: 0.041085027158260345	; std	: 0.01611018367111683	; non
mean	: 0.013633632101118565	; std	: 0.007022371049970388	; baunded
mean	: 0.029876558110117912	; std	: 0.010508724488317966	; inflating
mean	: 0.04979320988059044	; std	: 0.014099422842264175	; shrinking
mean	: 0.04904242604970932	; std	: 0.018805738538503647	; non
mean	: 0.011077582836151123	; std	: 0.006067720707505941	; baunded
mean	: 0.028236374258995056	; std	: 0.011571625247597694	; inflating
mean	: 0.05045020952820778	; std	: 0.014227715320885181	; shrinking
mean	: 0.04963242635130882	; std	: 0.019024793058633804	; non
mean	: 0.011331712827086449	; std	: 0.006833379622548819	; baunded
mean	: 0.02821538597345352	; std	: 0.009323464706540108	; inflating
mean	: 0.044142913073301315	; std	: 0.013480442576110363	; shrinking
mean	: 0.044444821774959564	; std	: 0.017884524539113045	; non
mean	: 0.010044775903224945	; std	: 0.005249036476016045	; baunded
mean	: 0.030755501240491867	; std	: 0.013248959556221962	; inflating
mean	: 0.056360989809036255	; std	: 0.01370406337082386	; shrinking
mean	: 0.05450653284788132	; std	: 0.01912873238325119	; non
mean	: 0.016022227704524994	; std	: 0.006816657725721598	; baunded
mean	: 0.03620181977748871	; std	: 0.010307717137038708	; inflating
mean	: 0.04811247065663338	; std	: 0.011096441186964512	; shrinking
mean	: 0.04697943851351738	; std	: 0.01859145425260067	; non
mean	: 0.016867509111762047	; std	: 0.006631828378885984	; baunded
mean	: 0.03125068172812462	; std	: 0.010141645558178425	; inflating
mean	: 0.03912530839443207	; std	: 0.011572428978979588	; shrinking
mean	: 0.04097370803356171	; std	: 0.015681564807891846	; non
mean	: 0.015279889106750488	; std	: 0.0076902201399207115	; baunded
mean	: 0.0338723361492157	; std	: 0.010128496214747429	; inflating
mean	: 0.05003153160214424	; std	: 0.012272203341126442	; shrinking
mean	: 0.048574648797512054	; std	: 0.01894965022802353	; non
mean	: 0.013682798482477665	; std	: 0.005073438864201307	; baunded
mean	: 0.027753330767154694	; std	: 0.008731890469789505	; inflating
mean	: 0.043920017778873444	; std	: 0.014284931123256683	; shrinking
mean	: 0.04456508904695511	; std	: 0.018291158601641655	; non
mean	: 0.011039107106626034	; std	: 0.005571695975959301	; baunded
mean	: 0.032074883580207825	; std	: 0.009526437148451805	; inflating
mean	: 0.04614835977554321	; std	: 0.012609886936843395	; shrinking
mean	: 0.04574987292289734	; std	: 0.017873795703053474	; non
mean	: 0.01193663664162159	; std	: 0.005555897019803524	; baunded
mean	: 0.026921246200799942	; std	: 0.010275321081280708	; inflating
mean	: 0.04644721746444702	; std	: 0.013957306742668152	; shrinking
mean	: 0.04627011716365814	; std	: 0.01836702786386013	; non
mean	: 0.010158558376133442	; std	: 0.005584892351180315	; baunded
mean	: 0.03590378165245056	; std	: 0.008150190114974976	; inflating
mean	: 0.04962550103664398	; std	: 0.013053814880549908	; shrinking
mean	: 0.04934019595384598	; std	: 0.018174663186073303	; non
mean	: 0.016087934374809265	; std	: 0.004357601515948772	; baunded
mean	: 0.029461152851581573	; std	: 0.013485096395015717	; inflating
mean	: 0.05442752689123154	; std	: 0.014523696154356003	; shrinking
mean	: 0.053227558732032776	; std	: 0.019422421231865883	; non
mean	: 0.015185147523880005	; std	: 0.008642575703561306	; baunded
mean	: 0.03284723311662674	; std	: 0.011894621886312962	; inflating
mean	: 0.03647453710436821	; std	: 0.009930584579706192	; shrinking
mean	: 0.039722539484500885	; std	: 0.01399162970483303	; non
mean	: 0.02041533961892128	; std	: 0.008886680006980896	; baunded
mean	: 0.028686653822660446	; std	: 0.009602268226444721	; inflating
mean	: 0.046872347593307495	; std	: 0.014312523417174816	; shrinking
mean	: 0.04685528203845024	; std	: 0.01855781115591526	; non
mean	: 0.011071281507611275	; std	: 0.005982778500765562	; baunded
mean	: 0.02648923732340336	; std	: 0.01334153302013874	; inflating
mean	: 0.05136583000421524	; std	: 0.014507771469652653	; shrinking
mean	: 0.05069633200764656	; std	: 0.019354037940502167	; non
mean	: 0.015327198430895805	; std	: 0.008190629072487354	; baunded
mean	: 0.027771713212132454	; std	: 0.010950281284749508	; inflating
mean	: 0.04881836473941803	; std	: 0.014356803148984909	; shrinking
mean	: 0.048335038125514984	; std	: 0.018930114805698395	; non
mean	: 0.010854853317141533	; std	: 0.006608102470636368	; baunded
mean	: 0.029516030102968216	; std	: 0.01376474741846323	; inflating
mean	: 0.05505293607711792	; std	: 0.014496258459985256	; shrinking
mean	: 0.053818345069885254	; std	: 0.019522804766893387	; non
mean	: 0.015509327873587608	; std	: 0.008712680079042912	; baunded
mean	: 0.02906089834868908	; std	: 0.011080165393650532	; inflating
mean	: 0.050319306552410126	; std	: 0.013876507990062237	; shrinking
mean	: 0.04926713556051254	; std	: 0.018745366483926773	; non
mean	: 0.01082538440823555	; std	: 0.005680224392563105	; baunded
mean	: 0.029384799301624298	; std	: 0.009126855991780758	; inflating
mean	: 0.04244512319564819	; std	: 0.012984316796064377	; shrinking
mean	: 0.043113403022289276	; std	: 0.01720099151134491	; non
mean	: 0.011068528518080711	; std	: 0.005819560494273901	; baunded
mean	: 0.02757379598915577	; std	: 0.008646554313600063	; inflating
mean	: 0.04279822111129761	; std	: 0.013986197300255299	; shrinking
mean	: 0.0436486154794693	; std	: 0.017971307039260864	; non
mean	: 0.010548632591962814	; std	: 0.005395983345806599	; baunded
mean	: 0.02795741893351078	; std	: 0.008784365840256214	; inflating
mean	: 0.04398311674594879	; std	: 0.014059046283364296	; shrinking
mean	: 0.04466056823730469	; std	: 0.01826663874089718	; non
mean	: 0.010632478632032871	; std	: 0.005410969257354736	; baunded
mean	: 0.033809956163167953	; std	: 0.015409446321427822	; inflating
mean	: 0.06122468039393425	; std	: 0.014333822764456272	; shrinking
mean	: 0.05905080586671829	; std	: 0.0194382481276989	; non
mean	: 0.020714974030852318	; std	: 0.00931570678949356	; baunded
mean	: 0.03137325495481491	; std	: 0.009923850186169147	; inflating
mean	: 0.04313884675502777	; std	: 0.012118055485188961	; shrinking
mean	: 0.04363309219479561	; std	: 0.016952386125922203	; non
mean	: 0.012956409715116024	; std	: 0.006766144651919603	; baunded
mean	: 0.027892615646123886	; std	: 0.009784077294170856	; inflating
mean	: 0.046272605657577515	; std	: 0.014032873325049877	; shrinking
mean	: 0.04618071764707565	; std	: 0.018379036337137222	; non
mean	: 0.00986841507256031	; std	: 0.005519689992070198	; baunded
mean	: 0.029453326016664505	; std	: 0.008160044439136982	; inflating
mean	: 0.044063784182071686	; std	: 0.01406776998192072	; shrinking
mean	: 0.044888801872730255	; std	: 0.01811150088906288	; non
mean	: 0.011957943439483643	; std	: 0.005211756099015474	; baunded
mean	: 0.02722649648785591	; std	: 0.010521678254008293	; inflating
mean	: 0.047369763255119324	; std	: 0.014084266498684883	; shrinking
mean	: 0.0470648854970932	; std	: 0.01860523782670498	; non
mean	: 0.010140656493604183	; std	: 0.005895036272704601	; baunded
mean	: 0.0331709161400795	; std	: 0.015457682311534882	; inflating
mean	: 0.060671284794807434	; std	: 0.014449586160480976	; shrinking
mean	: 0.05871613323688507	; std	: 0.019584771245718002	; non
mean	: 0.020342819392681122	; std	: 0.009495269507169724	; baunded
mean	: 0.0269501730799675	; std	: 0.008826839737594128	; inflating
mean	: 0.04212242364883423	; std	: 0.013871205039322376	; shrinking
mean	: 0.04308607056736946	; std	: 0.01785687357187271	; non
mean	: 0.010558154433965683	; std	: 0.005456726998090744	; baunded
mean	: 0.028238240629434586	; std	: 0.009642492979764938	; inflating
mean	: 0.039822205901145935	; std	: 0.012667951174080372	; shrinking
mean	: 0.041493579745292664	; std	: 0.016744794324040413	; non
mean	: 0.012706775218248367	; std	: 0.00638076476752758	; baunded
mean	: 0.03394313156604767	; std	: 0.010161194019019604	; inflating
mean	: 0.050849705934524536	; std	: 0.012455472722649574	; shrinking
mean	: 0.049247611314058304	; std	: 0.01906861923635006	; non
mean	: 0.01357310451567173	; std	: 0.00478201312944293	; baunded
mean	: 0.030391011387109756	; std	: 0.009470057673752308	; inflating
mean	: 0.043101515620946884	; std	: 0.012566320598125458	; shrinking
mean	: 0.04357387498021126	; std	: 0.01722598262131214	; non
mean	: 0.011595722287893295	; std	: 0.006120674312114716	; baunded
mean	: 0.030479609966278076	; std	: 0.009633063338696957	; inflating
mean	: 0.039561741054058075	; std	: 0.012177962809801102	; shrinking
mean	: 0.041421208530664444	; std	: 0.016226693987846375	; non
mean	: 0.014195447787642479	; std	: 0.0071842544712126255	; baunded
mean	: 0.02689337730407715	; std	: 0.011508956551551819	; inflating
mean	: 0.049049343913793564	; std	: 0.01428771298378706	; shrinking
mean	: 0.048552755266427994	; std	: 0.018965911120176315	; non
mean	: 0.011350443586707115	; std	: 0.0067139058373868465	; baunded
mean	: 0.0305071659386158	; std	: 0.009674545377492905	; inflating
mean	: 0.040803611278533936	; std	: 0.012219461612403393	; shrinking
mean	: 0.04216957092285156	; std	: 0.016578134149312973	; non
mean	: 0.013277082704007626	; std	: 0.006975853815674782	; baunded
mean	: 0.03412836417555809	; std	: 0.012974725104868412	; inflating
mean	: 0.03872010111808777	; std	: 0.009086855687201023	; shrinking
mean	: 0.04125116020441055	; std	: 0.013780210167169571	; non
mean	: 0.021872449666261673	; std	: 0.009265294298529625	; baunded
mean	: 0.02878887951374054	; std	: 0.009789743460714817	; inflating
mean	: 0.04562060534954071	; std	: 0.013296292163431644	; shrinking
mean	: 0.04545693099498749	; std	: 0.01793646439909935	; non
mean	: 0.010053420439362526	; std	: 0.005128105636686087	; baunded
mean	: 0.026752283796668053	; std	: 0.009076076559722424	; inflating
mean	: 0.041763436049222946	; std	: 0.01360485889017582	; shrinking
mean	: 0.04268564656376839	; std	: 0.01749299094080925	; non
mean	: 0.010896077379584312	; std	: 0.005463059991598129	; baunded
mean	: 0.027028944343328476	; std	: 0.01325977686792612	; inflating
mean	: 0.051652491092681885	; std	: 0.014634808525443077	; shrinking
mean	: 0.05107223615050316	; std	: 0.019491741433739662	; non
mean	: 0.015812557190656662	; std	: 0.008317936211824417	; baunded
mean	: 0.026906339451670647	; std	: 0.011808923445641994	; inflating
mean	: 0.049208588898181915	; std	: 0.014496446587145329	; shrinking
mean	: 0.04877030849456787	; std	: 0.01906186155974865	; non
mean	: 0.012975934892892838	; std	: 0.007413762155920267	; baunded
mean	: 0.029179595410823822	; std	: 0.012426749803125858	; inflating
mean	: 0.05301264673471451	; std	: 0.014065663330256939	; shrinking
mean	: 0.051731932908296585	; std	: 0.01919085718691349	; non
mean	: 0.012926493771374226	; std	: 0.007055121939629316	; baunded
mean	: 0.02839808538556099	; std	: 0.010557965375483036	; inflating
mean	: 0.048599064350128174	; std	: 0.014199381694197655	; shrinking
mean	: 0.04805954918265343	; std	: 0.018739156424999237	; non
mean	: 0.010331236757338047	; std	: 0.006142123602330685	; baunded
mean	: 0.03419439494609833	; std	: 0.010459084995090961	; inflating
mean	: 0.0478241890668869	; std	: 0.011498280800879002	; shrinking
mean	: 0.04676564782857895	; std	: 0.018265321850776672	; non
mean	: 0.014932028949260712	; std	: 0.006223255302757025	; baunded
mean	: 0.029109258204698563	; std	: 0.010835006833076477	; inflating
mean	: 0.04913778603076935	; std	: 0.012928187847137451	; shrinking
mean	: 0.04832399636507034	; std	: 0.018330812454223633	; non
mean	: 0.01258634403347969	; std	: 0.0045171198435127735	; baunded
> end program
