output_dir	:stem_log/sim_n_states_estimation/2020-12-30-20-21-14(182540)
samples	:{'inflating': 1042, 'shrinking': 1022, 'baunded': 1362, 'non': 1036}
frame_size	:100
segment_size	:2
> slice samples.
n_sumples	:320
> shuffle
samples	: {'inflating': 320, 'shrinking': 320, 'baunded': 320, 'non': 320}
Model: "LSTM"
_________________________________________________________________
Layer (type)                 Output Shape              Param #   
=================================================================
lstm (LSTM)                  multiple                  67072     
=================================================================
Total params: 67,072
Trainable params: 67,072
Non-trainable params: 0
_________________________________________________________________
Model: "model"
_________________________________________________________________
Layer (type)                 Output Shape              Param #   
=================================================================
input_1 (InputLayer)         [(None, 100, 2)]          0         
_________________________________________________________________
LSTM (Model)                 (None, 128)               67072     
_________________________________________________________________
tf.math.l2_normalize (TFOpLa (None, 128)               0         
=================================================================
Total params: 67,072
Trainable params: 67,072
Non-trainable params: 0
_________________________________________________________________
span	: non
diff_norm	: 0.0
> same state
diff_norm	: 0.04252944514155388
> same state
diff_norm	: 0.05708569288253784
> same state
diff_norm	: 0.029657693579792976
> same state
diff_norm	: 0.0
> same state
diff_norm	: 0.0
> same state
diff_norm	: 0.029657693579792976
> same state
diff_norm	: 0.05708569288253784
> same state
diff_norm	: 0.028479192405939102
> same state
diff_norm	: 0.04828231781721115
> same state
span	: inflating
diff_norm	: 0.5818880796432495
> detect state change
distances	:[1.8960556]
is_prev_state_unknown	: False
diff_norm	: 0.14475516974925995
> same state
diff_norm	: 0.0
> same state
diff_norm	: 0.14475516974925995
> same state
diff_norm	: 0.0
> same state
diff_norm	: 0.15178357064723969
> same state
diff_norm	: 0.1527695655822754
> same state
diff_norm	: 0.0357801653444767
> same state
diff_norm	: 0.0
> same state
diff_norm	: 0.15178357064723969
> same state
span	: shrinking
diff_norm	: 0.6515229940414429
> detect state change
distances	:[2.9990299, 2.0802164]
is_prev_state_unknown	: True
> train prev state
diff_norm	: 0.0
> same state
diff_norm	: 0.07365848124027252
> same state
diff_norm	: 0.0
> same state
diff_norm	: 0.0050035398453474045
> same state
diff_norm	: 0.056220706552267075
> same state
diff_norm	: 0.018672117963433266
> same state
diff_norm	: 0.0194183811545372
> same state
diff_norm	: 0.012602666392922401
> same state
diff_norm	: 0.08916392177343369
> same state
span	: baunded
diff_norm	: 0.7122461795806885
> detect state change
distances	:[1.7260954, 2.26959]
is_prev_state_unknown	: True
> train prev state
diff_norm	: 0.08588888496160507
> same state
diff_norm	: 0.09164421260356903
> same state
diff_norm	: 0.09164421260356903
> same state
diff_norm	: 0.05242512375116348
> same state
diff_norm	: 0.08083407580852509
> same state
diff_norm	: 0.03643544018268585
> same state
diff_norm	: 0.10521379858255386
> same state
diff_norm	: 0.07451733946800232
> same state
diff_norm	: 0.07451733946800232
> same state
