output_dir	: stem_log/evaluate_each_state/2021-01-20-21-48-16(31921)
sys.argv	: ['tool/evaluate_each_state.py', '--pretrained-model', 'stem_log/pre_train/2021-01-20-21-42-13(31528)/model-epoch-5-batch-5', '--dicts', 'stem_log/pre_train/2021-01-20-21-42-13(31528)/test_sample_dict.pkl', '--n-samples', '64']
> load model
model_path	: stem_log/pre_train/2021-01-20-21-42-13(31528)/model-epoch-5-batch-5
Model: "model"
_________________________________________________________________
Layer (type)                 Output Shape              Param #   
=================================================================
input_1 (InputLayer)         [(None, 100, 2)]          0         
_________________________________________________________________
LSTM (Model)                 (None, 128)               67072     
_________________________________________________________________
tf.math.l2_normalize (TFOpLa (None, 128)               0         
=================================================================
Total params: 67,072
Trainable params: 67,072
Non-trainable params: 0
_________________________________________________________________
dicts	: ['stem_log/pre_train/2021-01-20-21-42-13(31528)/test_sample_dict.pkl']
> load dicts
sample_dict	: {'inflating': 160, 'shrinking': 160, 'baunded': 160, 'non': 160}
> shuffle
> slice
sample_dict	: {'inflating': 64, 'shrinking': 64, 'baunded': 64, 'non': 64}
frame_sampling_rate	: 50
> embeding
anchor name	: inflating
mean	: 0.019778607413172722	; std	: 0.01058543473482132	; inflating
mean	: 0.04419387876987457	; std	: 0.01410532183945179	; shrinking
mean	: 0.009859534911811352	; std	: 0.0045301648788154125	; baunded
mean	: 0.04097013175487518	; std	: 0.019753027707338333	; non
mean	: 0.02185583859682083	; std	: 0.010849906131625175	; inflating
mean	: 0.05478154867887497	; std	: 0.011211531236767769	; shrinking
mean	: 0.02882913127541542	; std	: 0.006123116705566645	; baunded
mean	: 0.047961123287677765	; std	: 0.013832488097250462	; non
mean	: 0.019778607413172722	; std	: 0.01058543473482132	; inflating
mean	: 0.04419387876987457	; std	: 0.01410532183945179	; shrinking
mean	: 0.009859534911811352	; std	: 0.0045301648788154125	; baunded
mean	: 0.04097013175487518	; std	: 0.019753027707338333	; non
mean	: 0.02185583859682083	; std	: 0.010849906131625175	; inflating
mean	: 0.05478154867887497	; std	: 0.011211531236767769	; shrinking
mean	: 0.02882913127541542	; std	: 0.006123116705566645	; baunded
mean	: 0.047961123287677765	; std	: 0.013832488097250462	; non
mean	: 0.025876475498080254	; std	: 0.01427442952990532	; inflating
mean	: 0.04219526797533035	; std	: 0.012660740874707699	; shrinking
mean	: 0.02380271628499031	; std	: 0.005749974399805069	; baunded
mean	: 0.04192383959889412	; std	: 0.014009783044457436	; non
mean	: 0.027180928736925125	; std	: 0.015220487490296364	; inflating
mean	: 0.06341172754764557	; std	: 0.010921799577772617	; shrinking
mean	: 0.035182464867830276	; std	: 0.0074423872865736485	; baunded
mean	: 0.055627066642045975	; std	: 0.015192369930446148	; non
mean	: 0.027180928736925125	; std	: 0.015220487490296364	; inflating
mean	: 0.06341172754764557	; std	: 0.010921799577772617	; shrinking
mean	: 0.035182464867830276	; std	: 0.0074423872865736485	; baunded
mean	: 0.055627066642045975	; std	: 0.015192369930446148	; non
mean	: 0.025876475498080254	; std	: 0.01427442952990532	; inflating
mean	: 0.04219526797533035	; std	: 0.012660740874707699	; shrinking
mean	: 0.02380271628499031	; std	: 0.005749974399805069	; baunded
mean	: 0.04192383959889412	; std	: 0.014009783044457436	; non
mean	: 0.02185583859682083	; std	: 0.010849906131625175	; inflating
mean	: 0.05478154867887497	; std	: 0.011211531236767769	; shrinking
mean	: 0.02882913127541542	; std	: 0.006123116705566645	; baunded
mean	: 0.047961123287677765	; std	: 0.013832488097250462	; non
mean	: 0.022156156599521637	; std	: 0.011046933941543102	; inflating
mean	: 0.05574483051896095	; std	: 0.011146433651447296	; shrinking
mean	: 0.029600875452160835	; std	: 0.006178020499646664	; baunded
mean	: 0.04872951656579971	; std	: 0.013864492997527122	; non
mean	: 0.02185583859682083	; std	: 0.010849906131625175	; inflating
mean	: 0.05478154867887497	; std	: 0.011211531236767769	; shrinking
mean	: 0.02882913127541542	; std	: 0.006123116705566645	; baunded
mean	: 0.047961123287677765	; std	: 0.013832488097250462	; non
mean	: 0.0276151355355978	; std	: 0.014820526354014874	; inflating
mean	: 0.03699173033237457	; std	: 0.01345936767756939	; shrinking
mean	: 0.02276737615466118	; std	: 0.005983376409858465	; baunded
mean	: 0.03903714567422867	; std	: 0.013888134621083736	; non
mean	: 0.02185583859682083	; std	: 0.010849906131625175	; inflating
mean	: 0.05478154867887497	; std	: 0.011211531236767769	; shrinking
mean	: 0.02882913127541542	; std	: 0.006123116705566645	; baunded
mean	: 0.047961123287677765	; std	: 0.013832488097250462	; non
mean	: 0.027180928736925125	; std	: 0.015220487490296364	; inflating
mean	: 0.06341172754764557	; std	: 0.010921799577772617	; shrinking
mean	: 0.035182464867830276	; std	: 0.0074423872865736485	; baunded
mean	: 0.055627066642045975	; std	: 0.015192369930446148	; non
mean	: 0.0276151355355978	; std	: 0.014820526354014874	; inflating
mean	: 0.03699173033237457	; std	: 0.01345936767756939	; shrinking
mean	: 0.02276737615466118	; std	: 0.005983376409858465	; baunded
mean	: 0.03903714567422867	; std	: 0.013888134621083736	; non
mean	: 0.022994935512542725	; std	: 0.01239943876862526	; inflating
mean	: 0.05887439101934433	; std	: 0.010985678061842918	; shrinking
mean	: 0.03072696179151535	; std	: 0.006637718994170427	; baunded
mean	: 0.05125412717461586	; std	: 0.014952383004128933	; non
mean	: 0.022571999579668045	; std	: 0.012050124816596508	; inflating
mean	: 0.0396057590842247	; std	: 0.01405609492212534	; shrinking
mean	: 0.015421679243445396	; std	: 0.004962485283613205	; baunded
mean	: 0.03936116397380829	; std	: 0.01613725908100605	; non
mean	: 0.027180928736925125	; std	: 0.015220487490296364	; inflating
mean	: 0.06341172754764557	; std	: 0.010921799577772617	; shrinking
mean	: 0.035182464867830276	; std	: 0.0074423872865736485	; baunded
mean	: 0.055627066642045975	; std	: 0.015192369930446148	; non
mean	: 0.022571999579668045	; std	: 0.012050124816596508	; inflating
mean	: 0.0396057590842247	; std	: 0.01405609492212534	; shrinking
mean	: 0.015421679243445396	; std	: 0.004962485283613205	; baunded
mean	: 0.03936116397380829	; std	: 0.01613725908100605	; non
mean	: 0.021143270656466484	; std	: 0.011065837927162647	; inflating
mean	: 0.0559314526617527	; std	: 0.011565540917217731	; shrinking
mean	: 0.025570053607225418	; std	: 0.007095583714544773	; baunded
mean	: 0.04893425479531288	; std	: 0.01636514626443386	; non
mean	: 0.021143270656466484	; std	: 0.011065837927162647	; inflating
mean	: 0.0559314526617527	; std	: 0.011565540917217731	; shrinking
mean	: 0.025570053607225418	; std	: 0.007095583714544773	; baunded
mean	: 0.04893425479531288	; std	: 0.01636514626443386	; non
mean	: 0.02809668332338333	; std	: 0.015341069549322128	; inflating
mean	: 0.04067688807845116	; std	: 0.012963827699422836	; shrinking
mean	: 0.025170400738716125	; std	: 0.006257087457925081	; baunded
mean	: 0.04175446927547455	; std	: 0.013575561344623566	; non
mean	: 0.025876475498080254	; std	: 0.01427442952990532	; inflating
mean	: 0.04219526797533035	; std	: 0.012660740874707699	; shrinking
mean	: 0.02380271628499031	; std	: 0.005749974399805069	; baunded
mean	: 0.04192383959889412	; std	: 0.014009783044457436	; non
mean	: 0.02525424212217331	; std	: 0.011046858504414558	; inflating
mean	: 0.03695504739880562	; std	: 0.010663195513188839	; shrinking
mean	: 0.024752752855420113	; std	: 0.0035259146243333817	; baunded
mean	: 0.035566627979278564	; std	: 0.012279001995921135	; non
mean	: 0.03148004040122032	; std	: 0.01410244032740593	; inflating
mean	: 0.06335951387882233	; std	: 0.01116575300693512	; shrinking
mean	: 0.03999842703342438	; std	: 0.007256562355905771	; baunded
mean	: 0.05604076385498047	; std	: 0.012365437112748623	; non
mean	: 0.019067492336034775	; std	: 0.007285545580089092	; inflating
mean	: 0.04854987561702728	; std	: 0.01164230052381754	; shrinking
mean	: 0.019384972751140594	; std	: 0.003566717728972435	; baunded
mean	: 0.04309877008199692	; std	: 0.016727570444345474	; non
mean	: 0.02809668332338333	; std	: 0.015341069549322128	; inflating
mean	: 0.04067688807845116	; std	: 0.012963827699422836	; shrinking
mean	: 0.025170400738716125	; std	: 0.006257087457925081	; baunded
mean	: 0.04175446927547455	; std	: 0.013575561344623566	; non
mean	: 0.021105684340000153	; std	: 0.011105554178357124	; inflating
mean	: 0.046087492257356644	; std	: 0.012366091832518578	; shrinking
mean	: 0.018099064007401466	; std	: 0.004316999576985836	; baunded
mean	: 0.042566657066345215	; std	: 0.017399756237864494	; non
mean	: 0.023028478026390076	; std	: 0.011642840690910816	; inflating
mean	: 0.04911256581544876	; std	: 0.012752976268529892	; shrinking
mean	: 0.017632396891713142	; std	: 0.0037468797527253628	; baunded
mean	: 0.044515110552310944	; std	: 0.02074749395251274	; non
mean	: 0.023028478026390076	; std	: 0.011642840690910816	; inflating
mean	: 0.04911256581544876	; std	: 0.012752976268529892	; shrinking
mean	: 0.017632396891713142	; std	: 0.0037468797527253628	; baunded
mean	: 0.044515110552310944	; std	: 0.02074749395251274	; non
mean	: 0.019778607413172722	; std	: 0.01058543473482132	; inflating
mean	: 0.04419387876987457	; std	: 0.01410532183945179	; shrinking
mean	: 0.009859534911811352	; std	: 0.0045301648788154125	; baunded
mean	: 0.04097013175487518	; std	: 0.019753027707338333	; non
mean	: 0.023028478026390076	; std	: 0.011642840690910816	; inflating
mean	: 0.04911256581544876	; std	: 0.012752976268529892	; shrinking
mean	: 0.017632396891713142	; std	: 0.0037468797527253628	; baunded
mean	: 0.044515110552310944	; std	: 0.02074749395251274	; non
mean	: 0.021081995218992233	; std	: 0.011484264396131039	; inflating
mean	: 0.0462200865149498	; std	: 0.01285956148058176	; shrinking
mean	: 0.015878941863775253	; std	: 0.0042873225174844265	; baunded
mean	: 0.042472369968891144	; std	: 0.01910754106938839	; non
mean	: 0.019778607413172722	; std	: 0.01058543473482132	; inflating
mean	: 0.04419387876987457	; std	: 0.01410532183945179	; shrinking
mean	: 0.009859534911811352	; std	: 0.0045301648788154125	; baunded
mean	: 0.04097013175487518	; std	: 0.019753027707338333	; non
mean	: 0.03148004040122032	; std	: 0.01410244032740593	; inflating
mean	: 0.06335951387882233	; std	: 0.01116575300693512	; shrinking
mean	: 0.03999842703342438	; std	: 0.007256562355905771	; baunded
mean	: 0.05604076385498047	; std	: 0.012365437112748623	; non
mean	: 0.023028478026390076	; std	: 0.011642840690910816	; inflating
mean	: 0.04911256581544876	; std	: 0.012752976268529892	; shrinking
mean	: 0.017632396891713142	; std	: 0.0037468797527253628	; baunded
mean	: 0.044515110552310944	; std	: 0.02074749395251274	; non
mean	: 0.019778607413172722	; std	: 0.01058543473482132	; inflating
mean	: 0.04419387876987457	; std	: 0.01410532183945179	; shrinking
mean	: 0.009859534911811352	; std	: 0.0045301648788154125	; baunded
mean	: 0.04097013175487518	; std	: 0.019753027707338333	; non
mean	: 0.021105684340000153	; std	: 0.011105554178357124	; inflating
mean	: 0.046087492257356644	; std	: 0.012366091832518578	; shrinking
mean	: 0.018099064007401466	; std	: 0.004316999576985836	; baunded
mean	: 0.042566657066345215	; std	: 0.017399756237864494	; non
mean	: 0.01995989680290222	; std	: 0.008462410420179367	; inflating
mean	: 0.05385509133338928	; std	: 0.011311792768537998	; shrinking
mean	: 0.02384352497756481	; std	: 0.005847099702805281	; baunded
mean	: 0.04690380394458771	; std	: 0.01640806905925274	; non
mean	: 0.026394754648208618	; std	: 0.0143465306609869	; inflating
mean	: 0.03800676017999649	; std	: 0.014011196792125702	; shrinking
mean	: 0.020395733416080475	; std	: 0.006003143265843391	; baunded
mean	: 0.03968100994825363	; std	: 0.014754124917089939	; non
mean	: 0.02181294932961464	; std	: 0.01043680589646101	; inflating
mean	: 0.04949124902486801	; std	: 0.012358197011053562	; shrinking
mean	: 0.017597660422325134	; std	: 0.003552103415131569	; baunded
mean	: 0.04422856867313385	; std	: 0.02040613442659378	; non
mean	: 0.028865424916148186	; std	: 0.015826191753149033	; inflating
mean	: 0.06464648246765137	; std	: 0.011052160523831844	; shrinking
mean	: 0.037273868918418884	; std	: 0.007784922141581774	; baunded
mean	: 0.05690805986523628	; std	: 0.01454686839133501	; non
mean	: 0.022571999579668045	; std	: 0.012050124816596508	; inflating
mean	: 0.0396057590842247	; std	: 0.01405609492212534	; shrinking
mean	: 0.015421679243445396	; std	: 0.004962485283613205	; baunded
mean	: 0.03936116397380829	; std	: 0.01613725908100605	; non
mean	: 0.029600083827972412	; std	: 0.015953244641423225	; inflating
mean	: 0.06554263085126877	; std	: 0.011005380190908909	; shrinking
mean	: 0.03817342221736908	; std	: 0.007736536208540201	; baunded
mean	: 0.05769788473844528	; std	: 0.014536918140947819	; non
mean	: 0.01872129738330841	; std	: 0.009465808980166912	; inflating
mean	: 0.043651990592479706	; std	: 0.01337409857660532	; shrinking
mean	: 0.012342922389507294	; std	: 0.004100659862160683	; baunded
mean	: 0.040290627628564835	; std	: 0.018083559349179268	; non
mean	: 0.023937545716762543	; std	: 0.013111851178109646	; inflating
mean	: 0.05853032320737839	; std	: 0.011484223417937756	; shrinking
mean	: 0.0302580613642931	; std	: 0.007602456957101822	; baunded
mean	: 0.05150822550058365	; std	: 0.015022113919258118	; non
mean	: 0.023815695196390152	; std	: 0.007494309917092323	; inflating
mean	: 0.04042898863554001	; std	: 0.010313631035387516	; shrinking
mean	: 0.02524634450674057	; std	: 0.002916538855060935	; baunded
mean	: 0.0368017852306366	; std	: 0.011969712562859058	; non
mean	: 0.023937545716762543	; std	: 0.013111851178109646	; inflating
mean	: 0.05853032320737839	; std	: 0.011484223417937756	; shrinking
mean	: 0.0302580613642931	; std	: 0.007602456957101822	; baunded
mean	: 0.05150822550058365	; std	: 0.015022113919258118	; non
mean	: 0.01977342925965786	; std	: 0.009515735320746899	; inflating
mean	: 0.04665173590183258	; std	: 0.011935360729694366	; shrinking
mean	: 0.018631121143698692	; std	: 0.003620915347710252	; baunded
mean	: 0.04223690927028656	; std	: 0.01688729040324688	; non
mean	: 0.020411569625139236	; std	: 0.005939729977399111	; inflating
mean	: 0.04433580860495567	; std	: 0.012986568734049797	; shrinking
mean	: 0.015881670638918877	; std	: 0.00452189426869154	; baunded
mean	: 0.04074583947658539	; std	: 0.016214895993471146	; non
mean	: 0.02525424212217331	; std	: 0.011046858504414558	; inflating
mean	: 0.03695504739880562	; std	: 0.010663195513188839	; shrinking
mean	: 0.024752752855420113	; std	: 0.0035259146243333817	; baunded
mean	: 0.035566627979278564	; std	: 0.012279001995921135	; non
mean	: 0.02135198563337326	; std	: 0.010061894543468952	; inflating
mean	: 0.049637895077466965	; std	: 0.012373467907309532	; shrinking
mean	: 0.017491132020950317	; std	: 0.0035621104761958122	; baunded
mean	: 0.04424607381224632	; std	: 0.02023322507739067	; non
mean	: 0.027180928736925125	; std	: 0.015220487490296364	; inflating
mean	: 0.06341172754764557	; std	: 0.010921799577772617	; shrinking
mean	: 0.035182464867830276	; std	: 0.0074423872865736485	; baunded
mean	: 0.055627066642045975	; std	: 0.015192369930446148	; non
mean	: 0.019778607413172722	; std	: 0.01058543473482132	; inflating
mean	: 0.04419387876987457	; std	: 0.01410532183945179	; shrinking
mean	: 0.009859534911811352	; std	: 0.0045301648788154125	; baunded
mean	: 0.04097013175487518	; std	: 0.019753027707338333	; non
mean	: 0.028865424916148186	; std	: 0.015826191753149033	; inflating
mean	: 0.06464648246765137	; std	: 0.011052160523831844	; shrinking
mean	: 0.037273868918418884	; std	: 0.007784922141581774	; baunded
mean	: 0.05690805986523628	; std	: 0.01454686839133501	; non
mean	: 0.019067492336034775	; std	: 0.007285545580089092	; inflating
mean	: 0.04854987561702728	; std	: 0.01164230052381754	; shrinking
mean	: 0.019384972751140594	; std	: 0.003566717728972435	; baunded
mean	: 0.04309877008199692	; std	: 0.016727570444345474	; non
mean	: 0.01977342925965786	; std	: 0.009515735320746899	; inflating
mean	: 0.04665173590183258	; std	: 0.011935360729694366	; shrinking
mean	: 0.018631121143698692	; std	: 0.003620915347710252	; baunded
mean	: 0.04223690927028656	; std	: 0.01688729040324688	; non
mean	: 0.02809668332338333	; std	: 0.015341069549322128	; inflating
mean	: 0.04067688807845116	; std	: 0.012963827699422836	; shrinking
mean	: 0.025170400738716125	; std	: 0.006257087457925081	; baunded
mean	: 0.04175446927547455	; std	: 0.013575561344623566	; non
mean	: 0.022053197026252747	; std	: 0.0092751644551754	; inflating
mean	: 0.052362337708473206	; std	: 0.011486763134598732	; shrinking
mean	: 0.02665584348142147	; std	: 0.006167921237647533	; baunded
mean	: 0.046242594718933105	; std	: 0.014029650017619133	; non
mean	: 0.02992185205221176	; std	: 0.006971057970076799	; inflating
mean	: 0.03540995344519615	; std	: 0.008959651924669743	; shrinking
mean	: 0.032510906457901	; std	: 0.0026906051207333803	; baunded
mean	: 0.031623613089323044	; std	: 0.010357841849327087	; non
mean	: 0.022188890725374222	; std	: 0.010224920697510242	; inflating
mean	: 0.04941489174962044	; std	: 0.011925664730370045	; shrinking
mean	: 0.019284134730696678	; std	: 0.003478078404441476	; baunded
mean	: 0.0445035882294178	; std	: 0.01910661719739437	; non
mean	: 0.021143270656466484	; std	: 0.011065837927162647	; inflating
mean	: 0.0559314526617527	; std	: 0.011565540917217731	; shrinking
mean	: 0.025570053607225418	; std	: 0.007095583714544773	; baunded
mean	: 0.04893425479531288	; std	: 0.01636514626443386	; non
mean	: 0.022994935512542725	; std	: 0.01239943876862526	; inflating
mean	: 0.05887439101934433	; std	: 0.010985678061842918	; shrinking
mean	: 0.03072696179151535	; std	: 0.006637718994170427	; baunded
mean	: 0.05125412717461586	; std	: 0.014952383004128933	; non
mean	: 0.021109048277139664	; std	: 0.008149144239723682	; inflating
mean	: 0.053457848727703094	; std	: 0.01194236520677805	; shrinking
mean	: 0.020597651600837708	; std	: 0.006560094188898802	; baunded
mean	: 0.04685075953602791	; std	: 0.018483903259038925	; non
anchor name	: shrinking
mean	: 0.04287927597761154	; std	: 0.010308487340807915	; inflating
mean	: 0.03431432321667671	; std	: 0.0155435586348176	; shrinking
mean	: 0.029972989112138748	; std	: 0.00424299156293273	; baunded
mean	: 0.04327445104718208	; std	: 0.01176825538277626	; non
mean	: 0.04287927597761154	; std	: 0.010308487340807915	; inflating
mean	: 0.03431432321667671	; std	: 0.0155435586348176	; shrinking
mean	: 0.029972989112138748	; std	: 0.00424299156293273	; baunded
mean	: 0.04327445104718208	; std	: 0.01176825538277626	; non
mean	: 0.055585894733667374	; std	: 0.007478433661162853	; inflating
mean	: 0.0221086572855711	; std	: 0.017110295593738556	; shrinking
mean	: 0.05469794571399689	; std	: 0.0023560633417218924	; baunded
mean	: 0.027666697278618813	; std	: 0.018134307116270065	; non
mean	: 0.055585894733667374	; std	: 0.007478433661162853	; inflating
mean	: 0.0221086572855711	; std	: 0.017110295593738556	; shrinking
mean	: 0.05469794571399689	; std	: 0.0023560633417218924	; baunded
mean	: 0.027666697278618813	; std	: 0.018134307116270065	; non
mean	: 0.055585894733667374	; std	: 0.007478433661162853	; inflating
mean	: 0.0221086572855711	; std	: 0.017110295593738556	; shrinking
mean	: 0.05469794571399689	; std	: 0.0023560633417218924	; baunded
mean	: 0.027666697278618813	; std	: 0.018134307116270065	; non
mean	: 0.055885788053274155	; std	: 0.010133405216038227	; inflating
mean	: 0.02338026836514473	; std	: 0.012343641370534897	; shrinking
mean	: 0.05259519815444946	; std	: 0.003845563856884837	; baunded
mean	: 0.03227250277996063	; std	: 0.01465845201164484	; non
mean	: 0.0540628507733345	; std	: 0.007912417873740196	; inflating
mean	: 0.021642327308654785	; std	: 0.01565662771463394	; shrinking
mean	: 0.05277877673506737	; std	: 0.002595815807580948	; baunded
mean	: 0.027618132531642914	; std	: 0.01700873114168644	; non
mean	: 0.04287927597761154	; std	: 0.010308487340807915	; inflating
mean	: 0.03431432321667671	; std	: 0.0155435586348176	; shrinking
mean	: 0.029972989112138748	; std	: 0.00424299156293273	; baunded
mean	: 0.04327445104718208	; std	: 0.01176825538277626	; non
mean	: 0.0540628507733345	; std	: 0.007912417873740196	; inflating
mean	: 0.021642327308654785	; std	: 0.01565662771463394	; shrinking
mean	: 0.05277877673506737	; std	: 0.002595815807580948	; baunded
mean	: 0.027618132531642914	; std	: 0.01700873114168644	; non
mean	: 0.055885788053274155	; std	: 0.010133405216038227	; inflating
mean	: 0.02338026836514473	; std	: 0.012343641370534897	; shrinking
mean	: 0.05259519815444946	; std	: 0.003845563856884837	; baunded
mean	: 0.03227250277996063	; std	: 0.01465845201164484	; non
mean	: 0.034261204302310944	; std	: 0.013990158215165138	; inflating
mean	: 0.030612360686063766	; std	: 0.013564608991146088	; shrinking
mean	: 0.02691495232284069	; std	: 0.006233006250113249	; baunded
mean	: 0.036832746118307114	; std	: 0.0123544717207551	; non
mean	: 0.03625502437353134	; std	: 0.014646057039499283	; inflating
mean	: 0.03272705525159836	; std	: 0.01449548825621605	; shrinking
mean	: 0.02799205482006073	; std	: 0.00694250175729394	; baunded
mean	: 0.03971944749355316	; std	: 0.01245077420026064	; non
mean	: 0.055585894733667374	; std	: 0.007478433661162853	; inflating
mean	: 0.0221086572855711	; std	: 0.017110295593738556	; shrinking
mean	: 0.05469794571399689	; std	: 0.0023560633417218924	; baunded
mean	: 0.027666697278618813	; std	: 0.018134307116270065	; non
mean	: 0.04287927597761154	; std	: 0.010308487340807915	; inflating
mean	: 0.03431432321667671	; std	: 0.0155435586348176	; shrinking
mean	: 0.029972989112138748	; std	: 0.00424299156293273	; baunded
mean	: 0.04327445104718208	; std	: 0.01176825538277626	; non
mean	: 0.04287927597761154	; std	: 0.010308487340807915	; inflating
mean	: 0.03431432321667671	; std	: 0.0155435586348176	; shrinking
mean	: 0.029972989112138748	; std	: 0.00424299156293273	; baunded
mean	: 0.04327445104718208	; std	: 0.01176825538277626	; non
mean	: 0.055585894733667374	; std	: 0.007478433661162853	; inflating
mean	: 0.0221086572855711	; std	: 0.017110295593738556	; shrinking
mean	: 0.05469794571399689	; std	: 0.0023560633417218924	; baunded
mean	: 0.027666697278618813	; std	: 0.018134307116270065	; non
mean	: 0.05376438796520233	; std	: 0.007210765965282917	; inflating
mean	: 0.021821219474077225	; std	: 0.015206878073513508	; shrinking
mean	: 0.05195765569806099	; std	: 0.002225533127784729	; baunded
mean	: 0.02803635038435459	; std	: 0.016177739948034286	; non
mean	: 0.037463173270225525	; std	: 0.014193019829690456	; inflating
mean	: 0.030176790431141853	; std	: 0.012923749163746834	; shrinking
mean	: 0.030390392988920212	; std	: 0.006435364950448275	; baunded
mean	: 0.03743378818035126	; std	: 0.011487260460853577	; non
mean	: 0.055585894733667374	; std	: 0.007478433661162853	; inflating
mean	: 0.0221086572855711	; std	: 0.017110295593738556	; shrinking
mean	: 0.05469794571399689	; std	: 0.0023560633417218924	; baunded
mean	: 0.027666697278618813	; std	: 0.018134307116270065	; non
mean	: 0.0540628507733345	; std	: 0.007912417873740196	; inflating
mean	: 0.021642327308654785	; std	: 0.01565662771463394	; shrinking
mean	: 0.05277877673506737	; std	: 0.002595815807580948	; baunded
mean	: 0.027618132531642914	; std	: 0.01700873114168644	; non
mean	: 0.055585894733667374	; std	: 0.007478433661162853	; inflating
mean	: 0.0221086572855711	; std	: 0.017110295593738556	; shrinking
mean	: 0.05469794571399689	; std	: 0.0023560633417218924	; baunded
mean	: 0.027666697278618813	; std	: 0.018134307116270065	; non
mean	: 0.055585894733667374	; std	: 0.007478433661162853	; inflating
mean	: 0.0221086572855711	; std	: 0.017110295593738556	; shrinking
mean	: 0.05469794571399689	; std	: 0.0023560633417218924	; baunded
mean	: 0.027666697278618813	; std	: 0.018134307116270065	; non
mean	: 0.0262239221483469	; std	: 0.007096204906702042	; inflating
mean	: 0.040584221482276917	; std	: 0.014811939559876919	; shrinking
mean	: 0.014115504920482635	; std	: 0.0037989956326782703	; baunded
mean	: 0.040391407907009125	; std	: 0.01684870943427086	; non
mean	: 0.037463173270225525	; std	: 0.014193019829690456	; inflating
mean	: 0.030176790431141853	; std	: 0.012923749163746834	; shrinking
mean	: 0.030390392988920212	; std	: 0.006435364950448275	; baunded
mean	: 0.03743378818035126	; std	: 0.011487260460853577	; non
mean	: 0.034261204302310944	; std	: 0.013990158215165138	; inflating
mean	: 0.030612360686063766	; std	: 0.013564608991146088	; shrinking
mean	: 0.02691495232284069	; std	: 0.006233006250113249	; baunded
mean	: 0.036832746118307114	; std	: 0.0123544717207551	; non
mean	: 0.06008492410182953	; std	: 0.009424730204045773	; inflating
mean	: 0.024758536368608475	; std	: 0.013230170123279095	; shrinking
mean	: 0.05636950582265854	; std	: 0.003485278692096472	; baunded
mean	: 0.03458310663700104	; std	: 0.015238913707435131	; non
mean	: 0.04287927597761154	; std	: 0.010308487340807915	; inflating
mean	: 0.03431432321667671	; std	: 0.0155435586348176	; shrinking
mean	: 0.029972989112138748	; std	: 0.00424299156293273	; baunded
mean	: 0.04327445104718208	; std	: 0.01176825538277626	; non
mean	: 0.055585894733667374	; std	: 0.007478433661162853	; inflating
mean	: 0.0221086572855711	; std	: 0.017110295593738556	; shrinking
mean	: 0.05469794571399689	; std	: 0.0023560633417218924	; baunded
mean	: 0.027666697278618813	; std	: 0.018134307116270065	; non
mean	: 0.06046162545681	; std	: 0.007529661990702152	; inflating
mean	: 0.024988293647766113	; std	: 0.01711238920688629	; shrinking
mean	: 0.05937575548887253	; std	: 0.0023799464106559753	; baunded
mean	: 0.030240584164857864	; std	: 0.01965046487748623	; non
mean	: 0.03878363221883774	; std	: 0.008176008239388466	; inflating
mean	: 0.02386682853102684	; std	: 0.008153055794537067	; shrinking
mean	: 0.035890065133571625	; std	: 0.00252211163751781	; baunded
mean	: 0.026561297476291656	; std	: 0.01178018283098936	; non
mean	: 0.055885788053274155	; std	: 0.010133405216038227	; inflating
mean	: 0.02338026836514473	; std	: 0.012343641370534897	; shrinking
mean	: 0.05259519815444946	; std	: 0.003845563856884837	; baunded
mean	: 0.03227250277996063	; std	: 0.01465845201164484	; non
mean	: 0.0262239221483469	; std	: 0.007096204906702042	; inflating
mean	: 0.040584221482276917	; std	: 0.014811939559876919	; shrinking
mean	: 0.014115504920482635	; std	: 0.0037989956326782703	; baunded
mean	: 0.040391407907009125	; std	: 0.01684870943427086	; non
mean	: 0.052847713232040405	; std	: 0.004872404970228672	; inflating
mean	: 0.02951660566031933	; std	: 0.016828399151563644	; shrinking
mean	: 0.05410073697566986	; std	: 0.002136408817023039	; baunded
mean	: 0.029345009475946426	; std	: 0.017204919829964638	; non
mean	: 0.04893871769309044	; std	: 0.01442239060997963	; inflating
mean	: 0.032043468207120895	; std	: 0.010653885081410408	; shrinking
mean	: 0.0424792543053627	; std	: 0.006775032728910446	; baunded
mean	: 0.04154202342033386	; std	: 0.009613513015210629	; non
mean	: 0.05449239909648895	; std	: 0.007704721298068762	; inflating
mean	: 0.021825864911079407	; std	: 0.014242728240787983	; shrinking
mean	: 0.051993776112794876	; std	: 0.0024424665607511997	; baunded
mean	: 0.029102182015776634	; std	: 0.01560518704354763	; non
mean	: 0.07566910982131958	; std	: 0.012060816399753094	; inflating
mean	: 0.042267829179763794	; std	: 0.01143996324390173	; shrinking
mean	: 0.0680772215127945	; std	: 0.005395697895437479	; baunded
mean	: 0.055389437824487686	; std	: 0.010560574941337109	; non
mean	: 0.03625502437353134	; std	: 0.014646057039499283	; inflating
mean	: 0.03272705525159836	; std	: 0.01449548825621605	; shrinking
mean	: 0.02799205482006073	; std	: 0.00694250175729394	; baunded
mean	: 0.03971944749355316	; std	: 0.01245077420026064	; non
mean	: 0.04893871769309044	; std	: 0.01442239060997963	; inflating
mean	: 0.032043468207120895	; std	: 0.010653885081410408	; shrinking
mean	: 0.0424792543053627	; std	: 0.006775032728910446	; baunded
mean	: 0.04154202342033386	; std	: 0.009613513015210629	; non
mean	: 0.047457437962293625	; std	: 0.009128063917160034	; inflating
mean	: 0.02211247943341732	; std	: 0.008203515782952309	; shrinking
mean	: 0.042901478707790375	; std	: 0.003197548445314169	; baunded
mean	: 0.029759803786873817	; std	: 0.011653798632323742	; non
mean	: 0.04560196399688721	; std	: 0.01375926099717617	; inflating
mean	: 0.043332602828741074	; std	: 0.01609174534678459	; shrinking
mean	: 0.032711200416088104	; std	: 0.0075014373287558556	; baunded
mean	: 0.05098951980471611	; std	: 0.014525528065860271	; non
mean	: 0.07566910982131958	; std	: 0.012060816399753094	; inflating
mean	: 0.042267829179763794	; std	: 0.01143996324390173	; shrinking
mean	: 0.0680772215127945	; std	: 0.005395697895437479	; baunded
mean	: 0.055389437824487686	; std	: 0.010560574941337109	; non
mean	: 0.043799079954624176	; std	: 0.007830744609236717	; inflating
mean	: 0.022297309711575508	; std	: 0.009843811392784119	; shrinking
mean	: 0.04153319075703621	; std	: 0.002504235366359353	; baunded
mean	: 0.02597685344517231	; std	: 0.013265339657664299	; non
mean	: 0.053708482533693314	; std	: 0.0051651340909302235	; inflating
mean	: 0.02704058587551117	; std	: 0.016752291470766068	; shrinking
mean	: 0.05411161482334137	; std	: 0.001929606543853879	; baunded
mean	: 0.028573157265782356	; std	: 0.01741335727274418	; non
mean	: 0.029270747676491737	; std	: 0.011363099329173565	; inflating
mean	: 0.029715485870838165	; std	: 0.011683505959808826	; shrinking
mean	: 0.023345189169049263	; std	: 0.004170618019998074	; baunded
mean	: 0.03247780352830887	; std	: 0.012861578725278378	; non
mean	: 0.05242615193128586	; std	: 0.004764411132782698	; inflating
mean	: 0.03236577659845352	; std	: 0.016606390476226807	; shrinking
mean	: 0.05470547825098038	; std	: 0.002346713561564684	; baunded
mean	: 0.0304081030189991	; std	: 0.017128832638263702	; non
mean	: 0.055885788053274155	; std	: 0.010133405216038227	; inflating
mean	: 0.02338026836514473	; std	: 0.012343641370534897	; shrinking
mean	: 0.05259519815444946	; std	: 0.003845563856884837	; baunded
mean	: 0.03227250277996063	; std	: 0.01465845201164484	; non
mean	: 0.06008492410182953	; std	: 0.009424730204045773	; inflating
mean	: 0.024758536368608475	; std	: 0.013230170123279095	; shrinking
mean	: 0.05636950582265854	; std	: 0.003485278692096472	; baunded
mean	: 0.03458310663700104	; std	: 0.015238913707435131	; non
mean	: 0.05614267662167549	; std	: 0.004531546961516142	; inflating
mean	: 0.032462336122989655	; std	: 0.017598869279026985	; shrinking
mean	: 0.05776701495051384	; std	: 0.0022315827663987875	; baunded
mean	: 0.0317150317132473	; std	: 0.018143465742468834	; non
mean	: 0.05553815886378288	; std	: 0.00620545307174325	; inflating
mean	: 0.024433964863419533	; std	: 0.017179666087031364	; shrinking
mean	: 0.05523356795310974	; std	: 0.0018914132378995419	; baunded
mean	: 0.027746375650167465	; std	: 0.01841232366859913	; non
mean	: 0.030680201947689056	; std	: 0.013828341849148273	; inflating
mean	: 0.03673626109957695	; std	: 0.015586011111736298	; shrinking
mean	: 0.019995450973510742	; std	: 0.006814007647335529	; baunded
mean	: 0.04096444696187973	; std	: 0.015264108777046204	; non
mean	: 0.04287927597761154	; std	: 0.010308487340807915	; inflating
mean	: 0.03431432321667671	; std	: 0.0155435586348176	; shrinking
mean	: 0.029972989112138748	; std	: 0.00424299156293273	; baunded
mean	: 0.04327445104718208	; std	: 0.01176825538277626	; non
mean	: 0.07436244189739227	; std	: 0.010217041708528996	; inflating
mean	: 0.03875435143709183	; std	: 0.015241439454257488	; shrinking
mean	: 0.07276539504528046	; std	: 0.004125900100916624	; baunded
mean	: 0.04499773308634758	; std	: 0.019496483728289604	; non
mean	: 0.032696764916181564	; std	: 0.009267128072679043	; inflating
mean	: 0.02818141132593155	; std	: 0.009905796498060226	; shrinking
mean	: 0.02610420435667038	; std	: 0.003007487626746297	; baunded
mean	: 0.03160087764263153	; std	: 0.01133914664387703	; non
mean	: 0.06008492410182953	; std	: 0.009424730204045773	; inflating
mean	: 0.024758536368608475	; std	: 0.013230170123279095	; shrinking
mean	: 0.05636950582265854	; std	: 0.003485278692096472	; baunded
mean	: 0.03458310663700104	; std	: 0.015238913707435131	; non
mean	: 0.05464775860309601	; std	: 0.005202246829867363	; inflating
mean	: 0.027529504150152206	; std	: 0.017191065475344658	; shrinking
mean	: 0.05529022961854935	; std	: 0.0019073550356552005	; baunded
mean	: 0.02868490107357502	; std	: 0.018121875822544098	; non
mean	: 0.05553815886378288	; std	: 0.00620545307174325	; inflating
mean	: 0.024433964863419533	; std	: 0.017179666087031364	; shrinking
mean	: 0.05523356795310974	; std	: 0.0018914132378995419	; baunded
mean	: 0.027746375650167465	; std	: 0.01841232366859913	; non
mean	: 0.03064529038965702	; std	: 0.010943522676825523	; inflating
mean	: 0.02845955267548561	; std	: 0.010861948132514954	; shrinking
mean	: 0.025071891024708748	; std	: 0.003895017085596919	; baunded
mean	: 0.03145373612642288	; std	: 0.012347026728093624	; non
mean	: 0.032015275210142136	; std	: 0.00549803813919425	; inflating
mean	: 0.03106166422367096	; std	: 0.00947415828704834	; shrinking
mean	: 0.028973545879125595	; std	: 0.0029518327210098505	; baunded
mean	: 0.030653951689600945	; std	: 0.011309587396681309	; non
mean	: 0.05614267662167549	; std	: 0.004531546961516142	; inflating
mean	: 0.032462336122989655	; std	: 0.017598869279026985	; shrinking
mean	: 0.05776701495051384	; std	: 0.0022315827663987875	; baunded
mean	: 0.0317150317132473	; std	: 0.018143465742468834	; non
mean	: 0.05301744490861893	; std	: 0.00664965296164155	; inflating
mean	: 0.022580213844776154	; std	: 0.01572318933904171	; shrinking
mean	: 0.051889292895793915	; std	: 0.002014708472415805	; baunded
mean	: 0.02732819877564907	; std	: 0.016562171280384064	; non
mean	: 0.05301744490861893	; std	: 0.00664965296164155	; inflating
mean	: 0.022580213844776154	; std	: 0.01572318933904171	; shrinking
mean	: 0.051889292895793915	; std	: 0.002014708472415805	; baunded
mean	: 0.02732819877564907	; std	: 0.016562171280384064	; non
mean	: 0.07480204105377197	; std	: 0.010395490564405918	; inflating
mean	: 0.0390852689743042	; std	: 0.015077129937708378	; shrinking
mean	: 0.07294471561908722	; std	: 0.004245924297720194	; baunded
mean	: 0.04580385982990265	; std	: 0.019083790481090546	; non
mean	: 0.052847713232040405	; std	: 0.004872404970228672	; inflating
mean	: 0.02951660566031933	; std	: 0.016828399151563644	; shrinking
mean	: 0.05410073697566986	; std	: 0.002136408817023039	; baunded
mean	: 0.029345009475946426	; std	: 0.017204919829964638	; non
mean	: 0.057917170226573944	; std	: 0.007341394200921059	; inflating
mean	: 0.023552846163511276	; std	: 0.017287177965044975	; shrinking
mean	: 0.05705328285694122	; std	: 0.002302964450791478	; baunded
mean	: 0.028663285076618195	; std	: 0.019043149426579475	; non
anchor name	: baunded
mean	: 0.021277185529470444	; std	: 0.008607398718595505	; inflating
mean	: 0.047059349715709686	; std	: 0.01448177918791771	; shrinking
mean	: 0.009267428889870644	; std	: 0.0048233503475785255	; baunded
mean	: 0.04280197620391846	; std	: 0.02154245600104332	; non
mean	: 0.021277185529470444	; std	: 0.008607398718595505	; inflating
mean	: 0.047059349715709686	; std	: 0.01448177918791771	; shrinking
mean	: 0.009267428889870644	; std	: 0.0048233503475785255	; baunded
mean	: 0.04280197620391846	; std	: 0.02154245600104332	; non
mean	: 0.02417576313018799	; std	: 0.005549123976379633	; inflating
mean	: 0.04796937480568886	; std	: 0.01392180472612381	; shrinking
mean	: 0.012933239340782166	; std	: 0.007547668181359768	; baunded
mean	: 0.044173579663038254	; std	: 0.019469797611236572	; non
mean	: 0.023224417120218277	; std	: 0.011036882176995277	; inflating
mean	: 0.04376579821109772	; std	: 0.015207470394670963	; shrinking
mean	: 0.009353888221085072	; std	: 0.005819709040224552	; baunded
mean	: 0.04209662601351738	; std	: 0.020248176530003548	; non
mean	: 0.023224417120218277	; std	: 0.011036882176995277	; inflating
mean	: 0.04376579821109772	; std	: 0.015207470394670963	; shrinking
mean	: 0.009353888221085072	; std	: 0.005819709040224552	; baunded
mean	: 0.04209662601351738	; std	: 0.020248176530003548	; non
mean	: 0.023107577115297318	; std	: 0.006893466226756573	; inflating
mean	: 0.04447253793478012	; std	: 0.014491691254079342	; shrinking
mean	: 0.010455045849084854	; std	: 0.005192650482058525	; baunded
mean	: 0.04195179045200348	; std	: 0.01926935836672783	; non
mean	: 0.023107577115297318	; std	: 0.006893466226756573	; inflating
mean	: 0.04447253793478012	; std	: 0.014491691254079342	; shrinking
mean	: 0.010455045849084854	; std	: 0.005192650482058525	; baunded
mean	: 0.04195179045200348	; std	: 0.01926935836672783	; non
mean	: 0.02575969323515892	; std	: 0.01184239611029625	; inflating
mean	: 0.040929846465587616	; std	: 0.015574360266327858	; shrinking
mean	: 0.011957403272390366	; std	: 0.006507445126771927	; baunded
mean	: 0.041678812354803085	; std	: 0.018520016223192215	; non
mean	: 0.02065093070268631	; std	: 0.009356260299682617	; inflating
mean	: 0.04321783035993576	; std	: 0.01438642293214798	; shrinking
mean	: 0.009281483478844166	; std	: 0.0044413963332772255	; baunded
mean	: 0.04054367542266846	; std	: 0.019239356741309166	; non
mean	: 0.023224417120218277	; std	: 0.011036882176995277	; inflating
mean	: 0.04376579821109772	; std	: 0.015207470394670963	; shrinking
mean	: 0.009353888221085072	; std	: 0.005819709040224552	; baunded
mean	: 0.04209662601351738	; std	: 0.020248176530003548	; non
mean	: 0.02417576313018799	; std	: 0.005549123976379633	; inflating
mean	: 0.04796937480568886	; std	: 0.01392180472612381	; shrinking
mean	: 0.012933239340782166	; std	: 0.007547668181359768	; baunded
mean	: 0.044173579663038254	; std	: 0.019469797611236572	; non
mean	: 0.023190170526504517	; std	: 0.010378457605838776	; inflating
mean	: 0.045577842742204666	; std	: 0.01515839621424675	; shrinking
mean	: 0.0101780341938138	; std	: 0.004927763715386391	; baunded
mean	: 0.043077319860458374	; std	: 0.02084127813577652	; non
mean	: 0.03127577155828476	; std	: 0.013390406034886837	; inflating
mean	: 0.04303332045674324	; std	: 0.01602093316614628	; shrinking
mean	: 0.017926188185811043	; std	: 0.007885884493589401	; baunded
mean	: 0.04526110365986824	; std	: 0.01848137564957142	; non
mean	: 0.023224417120218277	; std	: 0.011036882176995277	; inflating
mean	: 0.04376579821109772	; std	: 0.015207470394670963	; shrinking
mean	: 0.009353888221085072	; std	: 0.005819709040224552	; baunded
mean	: 0.04209662601351738	; std	: 0.020248176530003548	; non
mean	: 0.024370012804865837	; std	: 0.006312055513262749	; inflating
mean	: 0.046661626547575	; std	: 0.014559715986251831	; shrinking
mean	: 0.011158175766468048	; std	: 0.006115119904279709	; baunded
mean	: 0.04356437548995018	; std	: 0.020169997587800026	; non
mean	: 0.02512640506029129	; std	: 0.012348411604762077	; inflating
mean	: 0.04181463271379471	; std	: 0.015253503806889057	; shrinking
mean	: 0.011955824680626392	; std	: 0.007113369647413492	; baunded
mean	: 0.04177205264568329	; std	: 0.0189339779317379	; non
mean	: 0.021302584558725357	; std	: 0.007500821724534035	; inflating
mean	: 0.047792352735996246	; std	: 0.014251126907765865	; shrinking
mean	: 0.010101422667503357	; std	: 0.00511417118832469	; baunded
mean	: 0.043164972215890884	; std	: 0.021332666277885437	; non
mean	: 0.02065093070268631	; std	: 0.009356260299682617	; inflating
mean	: 0.04321783035993576	; std	: 0.01438642293214798	; shrinking
mean	: 0.009281483478844166	; std	: 0.0044413963332772255	; baunded
mean	: 0.04054367542266846	; std	: 0.019239356741309166	; non
mean	: 0.02300751954317093	; std	: 0.011885089799761772	; inflating
mean	: 0.043235424906015396	; std	: 0.014892087318003178	; shrinking
mean	: 0.011399772018194199	; std	: 0.00645274156704545	; baunded
mean	: 0.04197177290916443	; std	: 0.01914994604885578	; non
mean	: 0.026494814082980156	; std	: 0.006904792971909046	; inflating
mean	: 0.050759486854076385	; std	: 0.014462989754974842	; shrinking
mean	: 0.013792880810797215	; std	: 0.005364799872040749	; baunded
mean	: 0.0459483340382576	; std	: 0.02324582077562809	; non
mean	: 0.02512640506029129	; std	: 0.012348411604762077	; inflating
mean	: 0.04181463271379471	; std	: 0.015253503806889057	; shrinking
mean	: 0.011955824680626392	; std	: 0.007113369647413492	; baunded
mean	: 0.04177205264568329	; std	: 0.0189339779317379	; non
mean	: 0.024812862277030945	; std	: 0.011095905676484108	; inflating
mean	: 0.04086502641439438	; std	: 0.01534135639667511	; shrinking
mean	: 0.01078509259968996	; std	: 0.005932413507252932	; baunded
mean	: 0.04104440659284592	; std	: 0.018671052530407906	; non
mean	: 0.021277185529470444	; std	: 0.008607398718595505	; inflating
mean	: 0.047059349715709686	; std	: 0.01448177918791771	; shrinking
mean	: 0.009267428889870644	; std	: 0.0048233503475785255	; baunded
mean	: 0.04280197620391846	; std	: 0.02154245600104332	; non
mean	: 0.023224417120218277	; std	: 0.011036882176995277	; inflating
mean	: 0.04376579821109772	; std	: 0.015207470394670963	; shrinking
mean	: 0.009353888221085072	; std	: 0.005819709040224552	; baunded
mean	: 0.04209662601351738	; std	: 0.020248176530003548	; non
mean	: 0.024812862277030945	; std	: 0.011095905676484108	; inflating
mean	: 0.04086502641439438	; std	: 0.01534135639667511	; shrinking
mean	: 0.01078509259968996	; std	: 0.005932413507252932	; baunded
mean	: 0.04104440659284592	; std	: 0.018671052530407906	; non
mean	: 0.021277185529470444	; std	: 0.008607398718595505	; inflating
mean	: 0.047059349715709686	; std	: 0.01448177918791771	; shrinking
mean	: 0.009267428889870644	; std	: 0.0048233503475785255	; baunded
mean	: 0.04280197620391846	; std	: 0.02154245600104332	; non
mean	: 0.022903304547071457	; std	: 0.01121752429753542	; inflating
mean	: 0.04301939532160759	; std	: 0.014942427165806293	; shrinking
mean	: 0.009861436672508717	; std	: 0.005739085376262665	; baunded
mean	: 0.041348278522491455	; std	: 0.01980018988251686	; non
mean	: 0.02072674036026001	; std	: 0.007234017364680767	; inflating
mean	: 0.04688435047864914	; std	: 0.013959449715912342	; shrinking
mean	: 0.01004707906395197	; std	: 0.005461145658046007	; baunded
mean	: 0.04239853471517563	; std	: 0.02055179700255394	; non
mean	: 0.02552809566259384	; std	: 0.009452641941606998	; inflating
mean	: 0.05699755623936653	; std	: 0.012585153803229332	; shrinking
mean	: 0.024099459871649742	; std	: 0.008545254357159138	; baunded
mean	: 0.05085515230894089	; std	: 0.01789742149412632	; non
mean	: 0.02417576313018799	; std	: 0.005549123976379633	; inflating
mean	: 0.04796937480568886	; std	: 0.01392180472612381	; shrinking
mean	: 0.012933239340782166	; std	: 0.007547668181359768	; baunded
mean	: 0.044173579663038254	; std	: 0.019469797611236572	; non
mean	: 0.027980640530586243	; std	: 0.013468732126057148	; inflating
mean	: 0.042293522506952286	; std	: 0.015458845533430576	; shrinking
mean	: 0.016087554395198822	; std	: 0.00790261197835207	; baunded
mean	: 0.0435519739985466	; std	: 0.018090849742293358	; non
mean	: 0.020958490669727325	; std	: 0.01054022554308176	; inflating
mean	: 0.042649827897548676	; std	: 0.014072142541408539	; shrinking
mean	: 0.009973674081265926	; std	: 0.004828977398574352	; baunded
mean	: 0.040127579122781754	; std	: 0.019373217597603798	; non
mean	: 0.02072674036026001	; std	: 0.007234017364680767	; inflating
mean	: 0.04688435047864914	; std	: 0.013959449715912342	; shrinking
mean	: 0.01004707906395197	; std	: 0.005461145658046007	; baunded
mean	: 0.04239853471517563	; std	: 0.02055179700255394	; non
mean	: 0.020582005381584167	; std	: 0.005990870762616396	; inflating
mean	: 0.04614422470331192	; std	: 0.013721481896936893	; shrinking
mean	: 0.011452635750174522	; std	: 0.0061287288554012775	; baunded
mean	: 0.04207176715135574	; std	: 0.018791820853948593	; non
mean	: 0.024370012804865837	; std	: 0.006312055513262749	; inflating
mean	: 0.046661626547575	; std	: 0.014559715986251831	; shrinking
mean	: 0.011158175766468048	; std	: 0.006115119904279709	; baunded
mean	: 0.04356437548995018	; std	: 0.020169997587800026	; non
mean	: 0.023620765656232834	; std	: 0.00996413268148899	; inflating
mean	: 0.04626864567399025	; std	: 0.01507687009871006	; shrinking
mean	: 0.009695826098322868	; std	: 0.00457420339807868	; baunded
mean	: 0.0430542416870594	; std	: 0.022143984213471413	; non
mean	: 0.028405088931322098	; std	: 0.013033714145421982	; inflating
mean	: 0.04260997101664543	; std	: 0.01589082181453705	; shrinking
mean	: 0.014984319917857647	; std	: 0.007646012585610151	; baunded
mean	: 0.04387541115283966	; std	: 0.0187746062874794	; non
mean	: 0.024812862277030945	; std	: 0.011095905676484108	; inflating
mean	: 0.04086502641439438	; std	: 0.01534135639667511	; shrinking
mean	: 0.01078509259968996	; std	: 0.005932413507252932	; baunded
mean	: 0.04104440659284592	; std	: 0.018671052530407906	; non
mean	: 0.024370012804865837	; std	: 0.006312055513262749	; inflating
mean	: 0.046661626547575	; std	: 0.014559715986251831	; shrinking
mean	: 0.011158175766468048	; std	: 0.006115119904279709	; baunded
mean	: 0.04356437548995018	; std	: 0.020169997587800026	; non
mean	: 0.02417576313018799	; std	: 0.005549123976379633	; inflating
mean	: 0.04796937480568886	; std	: 0.01392180472612381	; shrinking
mean	: 0.012933239340782166	; std	: 0.007547668181359768	; baunded
mean	: 0.044173579663038254	; std	: 0.019469797611236572	; non
mean	: 0.02291632629930973	; std	: 0.00580251170322299	; inflating
mean	: 0.05112103372812271	; std	: 0.013655693270266056	; shrinking
mean	: 0.015080368146300316	; std	: 0.007733635138720274	; baunded
mean	: 0.04607558995485306	; std	: 0.019504128023982048	; non
mean	: 0.025592580437660217	; std	: 0.010928730480372906	; inflating
mean	: 0.04212088882923126	; std	: 0.015317817218601704	; shrinking
mean	: 0.010887380689382553	; std	: 0.0054697031155228615	; baunded
mean	: 0.041737332940101624	; std	: 0.019840730354189873	; non
mean	: 0.02189907431602478	; std	: 0.006640452891588211	; inflating
mean	: 0.04638835787773132	; std	: 0.014166961424052715	; shrinking
mean	: 0.01002330519258976	; std	: 0.005971352569758892	; baunded
mean	: 0.042508527636528015	; std	: 0.020121468231081963	; non
mean	: 0.021818485110998154	; std	: 0.009383099153637886	; inflating
mean	: 0.046837128698825836	; std	: 0.013823041692376137	; shrinking
mean	: 0.011292537674307823	; std	: 0.004205996170639992	; baunded
mean	: 0.04212001711130142	; std	: 0.02223258465528488	; non
mean	: 0.02417576313018799	; std	: 0.005549123976379633	; inflating
mean	: 0.04796937480568886	; std	: 0.01392180472612381	; shrinking
mean	: 0.012933239340782166	; std	: 0.007547668181359768	; baunded
mean	: 0.044173579663038254	; std	: 0.019469797611236572	; non
mean	: 0.023620765656232834	; std	: 0.00996413268148899	; inflating
mean	: 0.04626864567399025	; std	: 0.01507687009871006	; shrinking
mean	: 0.009695826098322868	; std	: 0.00457420339807868	; baunded
mean	: 0.0430542416870594	; std	: 0.022143984213471413	; non
mean	: 0.026001017540693283	; std	: 0.012510973028838634	; inflating
mean	: 0.04233088716864586	; std	: 0.015420758165419102	; shrinking
mean	: 0.01262144185602665	; std	: 0.007224205415695906	; baunded
mean	: 0.0425211563706398	; std	: 0.019158663228154182	; non
mean	: 0.02235518768429756	; std	: 0.0064464230090379715	; inflating
mean	: 0.0467589795589447	; std	: 0.014291323721408844	; shrinking
mean	: 0.010158989578485489	; std	: 0.00622910913079977	; baunded
mean	: 0.04290369898080826	; std	: 0.020223155617713928	; non
mean	: 0.02235518768429756	; std	: 0.0064464230090379715	; inflating
mean	: 0.0467589795589447	; std	: 0.014291323721408844	; shrinking
mean	: 0.010158989578485489	; std	: 0.00622910913079977	; baunded
mean	: 0.04290369898080826	; std	: 0.020223155617713928	; non
mean	: 0.023628655821084976	; std	: 0.011323370039463043	; inflating
mean	: 0.04315260425209999	; std	: 0.015074837021529675	; shrinking
mean	: 0.009796064347028732	; std	: 0.005879601929336786	; baunded
mean	: 0.04164021089673042	; std	: 0.020248563960194588	; non
mean	: 0.020582005381584167	; std	: 0.005990870762616396	; inflating
mean	: 0.04614422470331192	; std	: 0.013721481896936893	; shrinking
mean	: 0.011452635750174522	; std	: 0.0061287288554012775	; baunded
mean	: 0.04207176715135574	; std	: 0.018791820853948593	; non
mean	: 0.02291632629930973	; std	: 0.00580251170322299	; inflating
mean	: 0.05112103372812271	; std	: 0.013655693270266056	; shrinking
mean	: 0.015080368146300316	; std	: 0.007733635138720274	; baunded
mean	: 0.04607558995485306	; std	: 0.019504128023982048	; non
mean	: 0.020958490669727325	; std	: 0.01054022554308176	; inflating
mean	: 0.042649827897548676	; std	: 0.014072142541408539	; shrinking
mean	: 0.009973674081265926	; std	: 0.004828977398574352	; baunded
mean	: 0.040127579122781754	; std	: 0.019373217597603798	; non
mean	: 0.02300751954317093	; std	: 0.011885089799761772	; inflating
mean	: 0.043235424906015396	; std	: 0.014892087318003178	; shrinking
mean	: 0.011399772018194199	; std	: 0.00645274156704545	; baunded
mean	: 0.04197177290916443	; std	: 0.01914994604885578	; non
mean	: 0.026343218982219696	; std	: 0.011431969702243805	; inflating
mean	: 0.042572636157274246	; std	: 0.01569412276148796	; shrinking
mean	: 0.011357497423887253	; std	: 0.006096709985285997	; baunded
mean	: 0.042584050446748734	; std	: 0.019849983975291252	; non
mean	: 0.02072674036026001	; std	: 0.007234017364680767	; inflating
mean	: 0.04688435047864914	; std	: 0.013959449715912342	; shrinking
mean	: 0.01004707906395197	; std	: 0.005461145658046007	; baunded
mean	: 0.04239853471517563	; std	: 0.02055179700255394	; non
mean	: 0.02157791703939438	; std	: 0.01148725114762783	; inflating
mean	: 0.04293101653456688	; std	: 0.014435877092182636	; shrinking
mean	: 0.01133754849433899	; std	: 0.005807915702462196	; baunded
mean	: 0.0411563515663147	; std	: 0.01876112073659897	; non
mean	: 0.02590235322713852	; std	: 0.012838385999202728	; inflating
mean	: 0.04288622736930847	; std	: 0.015239143744111061	; shrinking
mean	: 0.013829054310917854	; std	: 0.00742469634860754	; baunded
mean	: 0.04294142872095108	; std	: 0.01879718154668808	; non
mean	: 0.024812862277030945	; std	: 0.011095905676484108	; inflating
mean	: 0.04086502641439438	; std	: 0.01534135639667511	; shrinking
mean	: 0.01078509259968996	; std	: 0.005932413507252932	; baunded
mean	: 0.04104440659284592	; std	: 0.018671052530407906	; non
mean	: 0.021982399746775627	; std	: 0.007392687723040581	; inflating
mean	: 0.04909467697143555	; std	: 0.01323209423571825	; shrinking
mean	: 0.013192441314458847	; std	: 0.005271581467241049	; baunded
mean	: 0.0433211550116539	; std	: 0.02190832793712616	; non
mean	: 0.02235518768429756	; std	: 0.0064464230090379715	; inflating
mean	: 0.0467589795589447	; std	: 0.014291323721408844	; shrinking
mean	: 0.010158989578485489	; std	: 0.00622910913079977	; baunded
mean	: 0.04290369898080826	; std	: 0.020223155617713928	; non
mean	: 0.03911890834569931	; std	: 0.014706790447235107	; inflating
mean	: 0.04494008421897888	; std	: 0.016134921461343765	; shrinking
mean	: 0.02726174145936966	; std	: 0.00873570702970028	; baunded
mean	: 0.04981682822108269	; std	: 0.01628565602004528	; non
mean	: 0.026494814082980156	; std	: 0.006904792971909046	; inflating
mean	: 0.050759486854076385	; std	: 0.014462989754974842	; shrinking
mean	: 0.013792880810797215	; std	: 0.005364799872040749	; baunded
mean	: 0.0459483340382576	; std	: 0.02324582077562809	; non
mean	: 0.022068727761507034	; std	: 0.005602880381047726	; inflating
mean	: 0.04839835315942764	; std	: 0.013523031026124954	; shrinking
mean	: 0.013526123017072678	; std	: 0.007367250043898821	; baunded
mean	: 0.0438515841960907	; std	: 0.01893584430217743	; non
anchor name	: non
mean	: 0.0599464550614357	; std	: 0.00543599110096693	; inflating
mean	: 0.03194093704223633	; std	: 0.017797475680708885	; shrinking
mean	: 0.061799123883247375	; std	: 0.0017522742273285985	; baunded
mean	: 0.02959294617176056	; std	: 0.022248169407248497	; non
mean	: 0.06592078506946564	; std	: 0.008387205190956593	; inflating
mean	: 0.03174653276801109	; std	: 0.016145968809723854	; shrinking
mean	: 0.06583957374095917	; std	: 0.002916676690801978	; baunded
mean	: 0.03388258069753647	; std	: 0.02234869822859764	; non
mean	: 0.03855149447917938	; std	: 0.0053744446486234665	; inflating
mean	: 0.029411273077130318	; std	: 0.010439695790410042	; shrinking
mean	: 0.039046529680490494	; std	: 0.0025529726408421993	; baunded
mean	: 0.027166197076439857	; std	: 0.01341517549008131	; non
mean	: 0.03855149447917938	; std	: 0.0053744446486234665	; inflating
mean	: 0.029411273077130318	; std	: 0.010439695790410042	; shrinking
mean	: 0.039046529680490494	; std	: 0.0025529726408421993	; baunded
mean	: 0.027166197076439857	; std	: 0.01341517549008131	; non
mean	: 0.030799783766269684	; std	: 0.012277285568416119	; inflating
mean	: 0.029326017946004868	; std	: 0.01058298721909523	; shrinking
mean	: 0.026568293571472168	; std	: 0.00453723082318902	; baunded
mean	: 0.03187623620033264	; std	: 0.012529228813946247	; non
mean	: 0.0599464550614357	; std	: 0.00543599110096693	; inflating
mean	: 0.03194093704223633	; std	: 0.017797475680708885	; shrinking
mean	: 0.061799123883247375	; std	: 0.0017522742273285985	; baunded
mean	: 0.02959294617176056	; std	: 0.022248169407248497	; non
mean	: 0.03855149447917938	; std	: 0.0053744446486234665	; inflating
mean	: 0.029411273077130318	; std	: 0.010439695790410042	; shrinking
mean	: 0.039046529680490494	; std	: 0.0025529726408421993	; baunded
mean	: 0.027166197076439857	; std	: 0.01341517549008131	; non
mean	: 0.02499883994460106	; std	: 0.009233931079506874	; inflating
mean	: 0.048955950886011124	; std	: 0.013915883377194405	; shrinking
mean	: 0.013844222761690617	; std	: 0.0037994098383933306	; baunded
mean	: 0.043469272553920746	; std	: 0.024477340281009674	; non
mean	: 0.02499883994460106	; std	: 0.009233931079506874	; inflating
mean	: 0.048955950886011124	; std	: 0.013915883377194405	; shrinking
mean	: 0.013844222761690617	; std	: 0.0037994098383933306	; baunded
mean	: 0.043469272553920746	; std	: 0.024477340281009674	; non
mean	: 0.042778823524713516	; std	: 0.008212544023990631	; inflating
mean	: 0.02329646795988083	; std	: 0.009933038614690304	; shrinking
mean	: 0.04182719066739082	; std	: 0.002594520105049014	; baunded
mean	: 0.02495155856013298	; std	: 0.014073251746594906	; non
mean	: 0.02499883994460106	; std	: 0.009233931079506874	; inflating
mean	: 0.048955950886011124	; std	: 0.013915883377194405	; shrinking
mean	: 0.013844222761690617	; std	: 0.0037994098383933306	; baunded
mean	: 0.043469272553920746	; std	: 0.024477340281009674	; non
mean	: 0.027097271755337715	; std	: 0.010070470161736012	; inflating
mean	: 0.04903343319892883	; std	: 0.014518655836582184	; shrinking
mean	: 0.014718940481543541	; std	: 0.0037149174604564905	; baunded
mean	: 0.04452477768063545	; std	: 0.024641595780849457	; non
mean	: 0.06070341542363167	; std	: 0.004780336283147335	; inflating
mean	: 0.03685455024242401	; std	: 0.017732303589582443	; shrinking
mean	: 0.06365031003952026	; std	: 0.001985343638807535	; baunded
mean	: 0.032982051372528076	; std	: 0.021608415991067886	; non
mean	: 0.03855149447917938	; std	: 0.0053744446486234665	; inflating
mean	: 0.029411273077130318	; std	: 0.010439695790410042	; shrinking
mean	: 0.039046529680490494	; std	: 0.0025529726408421993	; baunded
mean	: 0.027166197076439857	; std	: 0.01341517549008131	; non
mean	: 0.03855149447917938	; std	: 0.0053744446486234665	; inflating
mean	: 0.029411273077130318	; std	: 0.010439695790410042	; shrinking
mean	: 0.039046529680490494	; std	: 0.0025529726408421993	; baunded
mean	: 0.027166197076439857	; std	: 0.01341517549008131	; non
mean	: 0.0646342858672142	; std	: 0.007971493527293205	; inflating
mean	: 0.03055800125002861	; std	: 0.01655067503452301	; shrinking
mean	: 0.06467093527317047	; std	: 0.002661594422534108	; baunded
mean	: 0.03225517272949219	; std	: 0.022530918940901756	; non
mean	: 0.04407210648059845	; std	: 0.00798981823027134	; inflating
mean	: 0.022797495126724243	; std	: 0.010645507834851742	; shrinking
mean	: 0.04304021969437599	; std	: 0.0024980998132377863	; baunded
mean	: 0.024777686223387718	; std	: 0.014494209550321102	; non
mean	: 0.04407210648059845	; std	: 0.00798981823027134	; inflating
mean	: 0.022797495126724243	; std	: 0.010645507834851742	; shrinking
mean	: 0.04304021969437599	; std	: 0.0024980998132377863	; baunded
mean	: 0.024777686223387718	; std	: 0.014494209550321102	; non
mean	: 0.025808120146393776	; std	: 0.008876645006239414	; inflating
mean	: 0.05004467815160751	; std	: 0.014187979511916637	; shrinking
mean	: 0.014146876521408558	; std	: 0.003879773197695613	; baunded
mean	: 0.04442517086863518	; std	: 0.024989312514662743	; non
mean	: 0.0674787163734436	; std	: 0.005067280028015375	; inflating
mean	: 0.04452446103096008	; std	: 0.016537070274353027	; shrinking
mean	: 0.0714714452624321	; std	: 0.0016609678277745843	; baunded
mean	: 0.03936203196644783	; std	: 0.022402921691536903	; non
mean	: 0.027097271755337715	; std	: 0.010070470161736012	; inflating
mean	: 0.04903343319892883	; std	: 0.014518655836582184	; shrinking
mean	: 0.014718940481543541	; std	: 0.0037149174604564905	; baunded
mean	: 0.04452477768063545	; std	: 0.024641595780849457	; non
mean	: 0.04273306578397751	; std	: 0.009265727363526821	; inflating
mean	: 0.022883767262101173	; std	: 0.008719895035028458	; shrinking
mean	: 0.040903232991695404	; std	: 0.0030962307937443256	; baunded
mean	: 0.02585434541106224	; std	: 0.013515399768948555	; non
mean	: 0.025808120146393776	; std	: 0.008876645006239414	; inflating
mean	: 0.05004467815160751	; std	: 0.014187979511916637	; shrinking
mean	: 0.014146876521408558	; std	: 0.003879773197695613	; baunded
mean	: 0.04442517086863518	; std	: 0.024989312514662743	; non
mean	: 0.04273306578397751	; std	: 0.009265727363526821	; inflating
mean	: 0.022883767262101173	; std	: 0.008719895035028458	; shrinking
mean	: 0.040903232991695404	; std	: 0.0030962307937443256	; baunded
mean	: 0.02585434541106224	; std	: 0.013515399768948555	; non
mean	: 0.025514382869005203	; std	: 0.0071502006612718105	; inflating
mean	: 0.05284792184829712	; std	: 0.01389494352042675	; shrinking
mean	: 0.015500186942517757	; std	: 0.005178559105843306	; baunded
mean	: 0.04671528935432434	; std	: 0.024011902511119843	; non
mean	: 0.02499883994460106	; std	: 0.009233931079506874	; inflating
mean	: 0.048955950886011124	; std	: 0.013915883377194405	; shrinking
mean	: 0.013844222761690617	; std	: 0.0037994098383933306	; baunded
mean	: 0.043469272553920746	; std	: 0.024477340281009674	; non
mean	: 0.027304651215672493	; std	: 0.007340314332395792	; inflating
mean	: 0.03252211958169937	; std	: 0.009910323657095432	; shrinking
mean	: 0.025125902146100998	; std	: 0.0028027002699673176	; baunded
mean	: 0.03096717596054077	; std	: 0.012631639838218689	; non
mean	: 0.060922592878341675	; std	: 0.00492427172139287	; inflating
mean	: 0.03656851127743721	; std	: 0.017664583399891853	; shrinking
mean	: 0.06389530003070831	; std	: 0.0018914832035079598	; baunded
mean	: 0.03254389017820358	; std	: 0.022006988525390625	; non
mean	: 0.025808120146393776	; std	: 0.008876645006239414	; inflating
mean	: 0.05004467815160751	; std	: 0.014187979511916637	; shrinking
mean	: 0.014146876521408558	; std	: 0.003879773197695613	; baunded
mean	: 0.04442517086863518	; std	: 0.024989312514662743	; non
mean	: 0.0599464550614357	; std	: 0.00543599110096693	; inflating
mean	: 0.03194093704223633	; std	: 0.017797475680708885	; shrinking
mean	: 0.061799123883247375	; std	: 0.0017522742273285985	; baunded
mean	: 0.02959294617176056	; std	: 0.022248169407248497	; non
mean	: 0.027304651215672493	; std	: 0.007340314332395792	; inflating
mean	: 0.03252211958169937	; std	: 0.009910323657095432	; shrinking
mean	: 0.025125902146100998	; std	: 0.0028027002699673176	; baunded
mean	: 0.03096717596054077	; std	: 0.012631639838218689	; non
mean	: 0.058440349996089935	; std	: 0.00756654841825366	; inflating
mean	: 0.026194516569375992	; std	: 0.016678569838404655	; shrinking
mean	: 0.058630842715501785	; std	: 0.0024040124844759703	; baunded
mean	: 0.02825751341879368	; std	: 0.020528780296444893	; non
mean	: 0.027097271755337715	; std	: 0.010070470161736012	; inflating
mean	: 0.04903343319892883	; std	: 0.014518655836582184	; shrinking
mean	: 0.014718940481543541	; std	: 0.0037149174604564905	; baunded
mean	: 0.04452477768063545	; std	: 0.024641595780849457	; non
mean	: 0.0646342858672142	; std	: 0.007971493527293205	; inflating
mean	: 0.03055800125002861	; std	: 0.01655067503452301	; shrinking
mean	: 0.06467093527317047	; std	: 0.002661594422534108	; baunded
mean	: 0.03225517272949219	; std	: 0.022530918940901756	; non
mean	: 0.06221950799226761	; std	: 0.006887397728860378	; inflating
mean	: 0.030101919546723366	; std	: 0.017363853752613068	; shrinking
mean	: 0.06310707330703735	; std	: 0.002108308719471097	; baunded
mean	: 0.030010182410478592	; std	: 0.02262345887720585	; non
mean	: 0.06719105690717697	; std	: 0.008241414092481136	; inflating
mean	: 0.033940404653549194	; std	: 0.016078894957900047	; shrinking
mean	: 0.06756101548671722	; std	: 0.0028618338983505964	; baunded
mean	: 0.0351254940032959	; std	: 0.022630859166383743	; non
mean	: 0.04440134018659592	; std	: 0.008239155635237694	; inflating
mean	: 0.022761991247534752	; std	: 0.010603955015540123	; shrinking
mean	: 0.043394796550273895	; std	: 0.0025886923540383577	; baunded
mean	: 0.02489115297794342	; std	: 0.014531251974403858	; non
mean	: 0.025514382869005203	; std	: 0.0071502006612718105	; inflating
mean	: 0.05284792184829712	; std	: 0.01389494352042675	; shrinking
mean	: 0.015500186942517757	; std	: 0.005178559105843306	; baunded
mean	: 0.04671528935432434	; std	: 0.024011902511119843	; non
mean	: 0.06593909859657288	; std	: 0.00791960209608078	; inflating
mean	: 0.03372562676668167	; std	: 0.016198519617319107	; shrinking
mean	: 0.0667714923620224	; std	: 0.0026796474121510983	; baunded
mean	: 0.03399362415075302	; std	: 0.02271450310945511	; non
mean	: 0.06070341542363167	; std	: 0.004780336283147335	; inflating
mean	: 0.03685455024242401	; std	: 0.017732303589582443	; shrinking
mean	: 0.06365031003952026	; std	: 0.001985343638807535	; baunded
mean	: 0.032982051372528076	; std	: 0.021608415991067886	; non
mean	: 0.06592078506946564	; std	: 0.008387205190956593	; inflating
mean	: 0.03174653276801109	; std	: 0.016145968809723854	; shrinking
mean	: 0.06583957374095917	; std	: 0.002916676690801978	; baunded
mean	: 0.03388258069753647	; std	: 0.02234869822859764	; non
mean	: 0.027097271755337715	; std	: 0.010070470161736012	; inflating
mean	: 0.04903343319892883	; std	: 0.014518655836582184	; shrinking
mean	: 0.014718940481543541	; std	: 0.0037149174604564905	; baunded
mean	: 0.04452477768063545	; std	: 0.024641595780849457	; non
mean	: 0.06188429892063141	; std	: 0.006846717093139887	; inflating
mean	: 0.029260221868753433	; std	: 0.01743916980922222	; shrinking
mean	: 0.062471650540828705	; std	: 0.0020759333856403828	; baunded
mean	: 0.029744628816843033	; std	: 0.022312987595796585	; non
mean	: 0.0599464550614357	; std	: 0.00543599110096693	; inflating
mean	: 0.03194093704223633	; std	: 0.017797475680708885	; shrinking
mean	: 0.061799123883247375	; std	: 0.0017522742273285985	; baunded
mean	: 0.02959294617176056	; std	: 0.022248169407248497	; non
mean	: 0.02745196968317032	; std	: 0.006947914604097605	; inflating
mean	: 0.03288393095135689	; std	: 0.00986106414347887	; shrinking
mean	: 0.02553616836667061	; std	: 0.002847956959158182	; baunded
mean	: 0.031100932508707047	; std	: 0.012513536028563976	; non
mean	: 0.05777503177523613	; std	: 0.0086604543030262	; inflating
mean	: 0.02509734034538269	; std	: 0.015225273557007313	; shrinking
mean	: 0.05706339702010155	; std	: 0.002977200783789158	; baunded
mean	: 0.02930328994989395	; std	: 0.018940942361950874	; non
mean	: 0.043470997363328934	; std	: 0.007804339751601219	; inflating
mean	: 0.023063693195581436	; std	: 0.010561290197074413	; shrinking
mean	: 0.042491741478443146	; std	: 0.0024056006222963333	; baunded
mean	: 0.024732466787099838	; std	: 0.014293092302978039	; non
mean	: 0.06103307753801346	; std	: 0.006371465045958757	; inflating
mean	: 0.030096031725406647	; std	: 0.01759062334895134	; shrinking
mean	: 0.06221801042556763	; std	: 0.0019133153837174177	; baunded
mean	: 0.029377738013863564	; std	: 0.022366244345903397	; non
mean	: 0.02798941731452942	; std	: 0.011289321817457676	; inflating
mean	: 0.03081319108605385	; std	: 0.011076782830059528	; shrinking
mean	: 0.023707911372184753	; std	: 0.00392384035512805	; baunded
mean	: 0.032106317579746246	; std	: 0.012912539765238762	; non
mean	: 0.06013035029172897	; std	: 0.00564150745049119	; inflating
mean	: 0.03251764178276062	; std	: 0.017580069601535797	; shrinking
mean	: 0.0622781440615654	; std	: 0.0017720540054142475	; baunded
mean	: 0.02981806918978691	; std	: 0.02231372706592083	; non
mean	: 0.0674787163734436	; std	: 0.005067280028015375	; inflating
mean	: 0.04452446103096008	; std	: 0.016537070274353027	; shrinking
mean	: 0.0714714452624321	; std	: 0.0016609678277745843	; baunded
mean	: 0.03936203196644783	; std	: 0.022402921691536903	; non
mean	: 0.04273306578397751	; std	: 0.009265727363526821	; inflating
mean	: 0.022883767262101173	; std	: 0.008719895035028458	; shrinking
mean	: 0.040903232991695404	; std	: 0.0030962307937443256	; baunded
mean	: 0.02585434541106224	; std	: 0.013515399768948555	; non
mean	: 0.0566476508975029	; std	: 0.005687940865755081	; inflating
mean	: 0.02864990010857582	; std	: 0.01746254786849022	; shrinking
mean	: 0.05800377205014229	; std	: 0.0018154847202822566	; baunded
mean	: 0.02777395397424698	; std	: 0.020601699128746986	; non
mean	: 0.04868420958518982	; std	: 0.011350385844707489	; inflating
mean	: 0.025192564353346825	; std	: 0.008485238999128342	; shrinking
mean	: 0.04627101495862007	; std	: 0.00442091329023242	; baunded
mean	: 0.030978405848145485	; std	: 0.012934517115354538	; non
mean	: 0.0566476508975029	; std	: 0.005687940865755081	; inflating
mean	: 0.02864990010857582	; std	: 0.01746254786849022	; shrinking
mean	: 0.05800377205014229	; std	: 0.0018154847202822566	; baunded
mean	: 0.02777395397424698	; std	: 0.020601699128746986	; non
mean	: 0.03855149447917938	; std	: 0.0053744446486234665	; inflating
mean	: 0.029411273077130318	; std	: 0.010439695790410042	; shrinking
mean	: 0.039046529680490494	; std	: 0.0025529726408421993	; baunded
mean	: 0.027166197076439857	; std	: 0.01341517549008131	; non
mean	: 0.040697336196899414	; std	: 0.006583082024008036	; inflating
mean	: 0.025443270802497864	; std	: 0.010354345664381981	; shrinking
mean	: 0.0402720607817173	; std	: 0.0021731345914304256	; baunded
mean	: 0.02533423900604248	; std	: 0.013421212323009968	; non
mean	: 0.05576087534427643	; std	: 0.006028403528034687	; inflating
mean	: 0.026503223925828934	; std	: 0.01728195510804653	; shrinking
mean	: 0.056489117443561554	; std	: 0.0018558299634605646	; baunded
mean	: 0.02716192416846752	; std	: 0.019783740863204002	; non
mean	: 0.0646342858672142	; std	: 0.007971493527293205	; inflating
mean	: 0.03055800125002861	; std	: 0.01655067503452301	; shrinking
mean	: 0.06467093527317047	; std	: 0.002661594422534108	; baunded
mean	: 0.03225517272949219	; std	: 0.022530918940901756	; non
mean	: 0.033297933638095856	; std	: 0.012941074557602406	; inflating
mean	: 0.02877884730696678	; std	: 0.010326010175049305	; shrinking
mean	: 0.028944501653313637	; std	: 0.005032222718000412	; baunded
mean	: 0.03252458944916725	; std	: 0.01196536235511303	; non
mean	: 0.06221950799226761	; std	: 0.006887397728860378	; inflating
mean	: 0.030101919546723366	; std	: 0.017363853752613068	; shrinking
mean	: 0.06310707330703735	; std	: 0.002108308719471097	; baunded
mean	: 0.030010182410478592	; std	: 0.02262345887720585	; non
mean	: 0.030799783766269684	; std	: 0.012277285568416119	; inflating
mean	: 0.029326017946004868	; std	: 0.01058298721909523	; shrinking
mean	: 0.026568293571472168	; std	: 0.00453723082318902	; baunded
mean	: 0.03187623620033264	; std	: 0.012529228813946247	; non
mean	: 0.026096981018781662	; std	: 0.009500970132648945	; inflating
mean	: 0.04935444891452789	; std	: 0.014293140731751919	; shrinking
mean	: 0.014156991615891457	; std	: 0.003696640022099018	; baunded
mean	: 0.0441695861518383	; std	: 0.024855365976691246	; non
mean	: 0.060922592878341675	; std	: 0.00492427172139287	; inflating
mean	: 0.03656851127743721	; std	: 0.017664583399891853	; shrinking
mean	: 0.06389530003070831	; std	: 0.0018914832035079598	; baunded
mean	: 0.03254389017820358	; std	: 0.022006988525390625	; non
> end program
