output_dir	: stem_log/evaluate_each_state/2021-01-20-21-39-28(31187)
sys.argv	: ['tool/evaluate_each_state.py', '--pretrained-model', 'stem_log/pre_train/2021-01-20-21-33-46(30907)/model-epoch-1-batch-5', '--dicts', 'stem_log/pre_train/2021-01-20-21-33-46(30907)/test_sample_dict.pkl', '--n-samples', '64']
> load model
model_path	: stem_log/pre_train/2021-01-20-21-33-46(30907)/model-epoch-1-batch-5
Model: "model"
_________________________________________________________________
Layer (type)                 Output Shape              Param #   
=================================================================
input_1 (InputLayer)         [(None, 100, 2)]          0         
_________________________________________________________________
LSTM (Model)                 (None, 128)               67072     
_________________________________________________________________
tf.math.l2_normalize (TFOpLa (None, 128)               0         
=================================================================
Total params: 67,072
Trainable params: 67,072
Non-trainable params: 0
_________________________________________________________________
dicts	: ['stem_log/pre_train/2021-01-20-21-33-46(30907)/test_sample_dict.pkl']
> load dicts
sample_dict	: {'inflating': 160, 'shrinking': 160, 'baunded': 160, 'non': 160}
> shuffle
> slice
sample_dict	: {'inflating': 64, 'shrinking': 64, 'baunded': 64, 'non': 64}
frame_sampling_rate	: 50
> embeding
anchor name	: inflating
mean	: 0.05277535319328308	; std	: 0.029691942036151886	; inflating
mean	: 0.0951228141784668	; std	: 0.031326841562986374	; shrinking
mean	: 0.09906554967164993	; std	: 0.011538973078131676	; baunded
mean	: 0.09110158681869507	; std	: 0.04771552234888077	; non
mean	: 0.05277535319328308	; std	: 0.029691942036151886	; inflating
mean	: 0.0951228141784668	; std	: 0.031326841562986374	; shrinking
mean	: 0.09906554967164993	; std	: 0.011538973078131676	; baunded
mean	: 0.09110158681869507	; std	: 0.04771552234888077	; non
mean	: 0.06526054441928864	; std	: 0.029729507863521576	; inflating
mean	: 0.06534798443317413	; std	: 0.017557885497808456	; shrinking
mean	: 0.10561533272266388	; std	: 0.010830743238329887	; baunded
mean	: 0.08058283478021622	; std	: 0.06237790361046791	; non
mean	: 0.06526054441928864	; std	: 0.029729507863521576	; inflating
mean	: 0.06534798443317413	; std	: 0.017557885497808456	; shrinking
mean	: 0.10561533272266388	; std	: 0.010830743238329887	; baunded
mean	: 0.08058283478021622	; std	: 0.06237790361046791	; non
mean	: 0.051509350538253784	; std	: 0.0282245185226202	; inflating
mean	: 0.09495004266500473	; std	: 0.03094637021422386	; shrinking
mean	: 0.09530669450759888	; std	: 0.0114651620388031	; baunded
mean	: 0.08898933976888657	; std	: 0.04722995683550835	; non
mean	: 0.05277535319328308	; std	: 0.029691942036151886	; inflating
mean	: 0.0951228141784668	; std	: 0.031326841562986374	; shrinking
mean	: 0.09906554967164993	; std	: 0.011538973078131676	; baunded
mean	: 0.09110158681869507	; std	: 0.04771552234888077	; non
mean	: 0.06526054441928864	; std	: 0.029729507863521576	; inflating
mean	: 0.06534798443317413	; std	: 0.017557885497808456	; shrinking
mean	: 0.10561533272266388	; std	: 0.010830743238329887	; baunded
mean	: 0.08058283478021622	; std	: 0.06237790361046791	; non
mean	: 0.050411079078912735	; std	: 0.022350961342453957	; inflating
mean	: 0.11664429306983948	; std	: 0.020242109894752502	; shrinking
mean	: 0.05435515195131302	; std	: 0.012216315604746342	; baunded
mean	: 0.09027218818664551	; std	: 0.028553592041134834	; non
mean	: 0.04611681401729584	; std	: 0.01961699314415455	; inflating
mean	: 0.09108833968639374	; std	: 0.026942219585180283	; shrinking
mean	: 0.08456459641456604	; std	: 0.011255181394517422	; baunded
mean	: 0.08117933571338654	; std	: 0.04885458946228027	; non
mean	: 0.08110842108726501	; std	: 0.02926953323185444	; inflating
mean	: 0.06024277210235596	; std	: 0.01773068681359291	; shrinking
mean	: 0.12391752004623413	; std	: 0.010781078599393368	; baunded
mean	: 0.09150983393192291	; std	: 0.06544283777475357	; non
mean	: 0.04611681401729584	; std	: 0.01961699314415455	; inflating
mean	: 0.09108833968639374	; std	: 0.026942219585180283	; shrinking
mean	: 0.08456459641456604	; std	: 0.011255181394517422	; baunded
mean	: 0.08117933571338654	; std	: 0.04885458946228027	; non
mean	: 0.051973700523376465	; std	: 0.031305961310863495	; inflating
mean	: 0.1100914254784584	; std	: 0.017068270593881607	; shrinking
mean	: 0.0486740842461586	; std	: 0.01163166482001543	; baunded
mean	: 0.08673906326293945	; std	: 0.033310599625110626	; non
mean	: 0.047492023557424545	; std	: 0.02951129525899887	; inflating
mean	: 0.09441520273685455	; std	: 0.017410418018698692	; shrinking
mean	: 0.06379569321870804	; std	: 0.01128469780087471	; baunded
mean	: 0.07904341071844101	; std	: 0.044508662074804306	; non
mean	: 0.04897315427660942	; std	: 0.027318289503455162	; inflating
mean	: 0.11612407118082047	; std	: 0.018056461587548256	; shrinking
mean	: 0.0440097413957119	; std	: 0.011451466009020805	; baunded
mean	: 0.08858993649482727	; std	: 0.02848760597407818	; non
mean	: 0.051509350538253784	; std	: 0.0282245185226202	; inflating
mean	: 0.09495004266500473	; std	: 0.03094637021422386	; shrinking
mean	: 0.09530669450759888	; std	: 0.0114651620388031	; baunded
mean	: 0.08898933976888657	; std	: 0.04722995683550835	; non
mean	: 0.06526054441928864	; std	: 0.029729507863521576	; inflating
mean	: 0.06534798443317413	; std	: 0.017557885497808456	; shrinking
mean	: 0.10561533272266388	; std	: 0.010830743238329887	; baunded
mean	: 0.08058283478021622	; std	: 0.06237790361046791	; non
mean	: 0.051973700523376465	; std	: 0.031305961310863495	; inflating
mean	: 0.1100914254784584	; std	: 0.017068270593881607	; shrinking
mean	: 0.0486740842461586	; std	: 0.01163166482001543	; baunded
mean	: 0.08673906326293945	; std	: 0.033310599625110626	; non
mean	: 0.047492023557424545	; std	: 0.02951129525899887	; inflating
mean	: 0.09441520273685455	; std	: 0.017410418018698692	; shrinking
mean	: 0.06379569321870804	; std	: 0.01128469780087471	; baunded
mean	: 0.07904341071844101	; std	: 0.044508662074804306	; non
mean	: 0.05277535319328308	; std	: 0.029691942036151886	; inflating
mean	: 0.0951228141784668	; std	: 0.031326841562986374	; shrinking
mean	: 0.09906554967164993	; std	: 0.011538973078131676	; baunded
mean	: 0.09110158681869507	; std	: 0.04771552234888077	; non
mean	: 0.050935447216033936	; std	: 0.028818102553486824	; inflating
mean	: 0.0881047174334526	; std	: 0.017170220613479614	; shrinking
mean	: 0.07258473336696625	; std	: 0.01109122671186924	; baunded
mean	: 0.07818137109279633	; std	: 0.04877634719014168	; non
mean	: 0.04897315427660942	; std	: 0.027318289503455162	; inflating
mean	: 0.11612407118082047	; std	: 0.018056461587548256	; shrinking
mean	: 0.0440097413957119	; std	: 0.011451466009020805	; baunded
mean	: 0.08858993649482727	; std	: 0.02848760597407818	; non
mean	: 0.05277535319328308	; std	: 0.029691942036151886	; inflating
mean	: 0.0951228141784668	; std	: 0.031326841562986374	; shrinking
mean	: 0.09906554967164993	; std	: 0.011538973078131676	; baunded
mean	: 0.09110158681869507	; std	: 0.04771552234888077	; non
mean	: 0.04897315427660942	; std	: 0.027318289503455162	; inflating
mean	: 0.11612407118082047	; std	: 0.018056461587548256	; shrinking
mean	: 0.0440097413957119	; std	: 0.011451466009020805	; baunded
mean	: 0.08858993649482727	; std	: 0.02848760597407818	; non
mean	: 0.04935064911842346	; std	: 0.030593251809477806	; inflating
mean	: 0.10433275997638702	; std	: 0.017303304746747017	; shrinking
mean	: 0.05407712236046791	; std	: 0.011560170911252499	; baunded
mean	: 0.08376793563365936	; std	: 0.037384022027254105	; non
mean	: 0.04763359576463699	; std	: 0.02845620922744274	; inflating
mean	: 0.10732339322566986	; std	: 0.01753377914428711	; shrinking
mean	: 0.05050095170736313	; std	: 0.011476141400635242	; baunded
mean	: 0.08460340648889542	; std	: 0.034903913736343384	; non
mean	: 0.057963766157627106	; std	: 0.026014646515250206	; inflating
mean	: 0.12827272713184357	; std	: 0.019985953345894814	; shrinking
mean	: 0.05167018622159958	; std	: 0.012841957621276379	; baunded
mean	: 0.09703445434570312	; std	: 0.022906986996531487	; non
mean	: 0.04763359576463699	; std	: 0.02845620922744274	; inflating
mean	: 0.10732339322566986	; std	: 0.01753377914428711	; shrinking
mean	: 0.05050095170736313	; std	: 0.011476141400635242	; baunded
mean	: 0.08460340648889542	; std	: 0.034903913736343384	; non
mean	: 0.05680588260293007	; std	: 0.030707085505127907	; inflating
mean	: 0.08596743643283844	; std	: 0.017343595623970032	; shrinking
mean	: 0.07859477400779724	; std	: 0.011166432872414589	; baunded
mean	: 0.0809919536113739	; std	: 0.04943510517477989	; non
mean	: 0.04897315427660942	; std	: 0.027318289503455162	; inflating
mean	: 0.11612407118082047	; std	: 0.018056461587548256	; shrinking
mean	: 0.0440097413957119	; std	: 0.011451466009020805	; baunded
mean	: 0.08858993649482727	; std	: 0.02848760597407818	; non
mean	: 0.048051804304122925	; std	: 0.022557614371180534	; inflating
mean	: 0.08991918712854385	; std	: 0.028230169788002968	; shrinking
mean	: 0.09141291677951813	; std	: 0.011256189085543156	; baunded
mean	: 0.08375677466392517	; std	: 0.05019129440188408	; non
mean	: 0.07864716649055481	; std	: 0.034015342593193054	; inflating
mean	: 0.12332940101623535	; std	: 0.030624257400631905	; shrinking
mean	: 0.12249888479709625	; std	: 0.012912129983305931	; baunded
mean	: 0.11997450888156891	; std	: 0.03733038157224655	; non
mean	: 0.057963766157627106	; std	: 0.026014646515250206	; inflating
mean	: 0.12827272713184357	; std	: 0.019985953345894814	; shrinking
mean	: 0.05167018622159958	; std	: 0.012841957621276379	; baunded
mean	: 0.09703445434570312	; std	: 0.022906986996531487	; non
mean	: 0.08442804962396622	; std	: 0.03155886009335518	; inflating
mean	: 0.09328436106443405	; std	: 0.038038644939661026	; shrinking
mean	: 0.13997617363929749	; std	: 0.011133049614727497	; baunded
mean	: 0.11206866800785065	; std	: 0.056893233209848404	; non
mean	: 0.0752532035112381	; std	: 0.02978520095348358	; inflating
mean	: 0.08668291568756104	; std	: 0.0360514335334301	; shrinking
mean	: 0.13045790791511536	; std	: 0.011019670404493809	; baunded
mean	: 0.10315589606761932	; std	: 0.05746586620807648	; non
mean	: 0.0764833316206932	; std	: 0.03067319095134735	; inflating
mean	: 0.12958309054374695	; std	: 0.029293939471244812	; shrinking
mean	: 0.11075544357299805	; std	: 0.013399647548794746	; baunded
mean	: 0.11823273450136185	; std	: 0.030586259439587593	; non
mean	: 0.04935064911842346	; std	: 0.030593251809477806	; inflating
mean	: 0.10433275997638702	; std	: 0.017303304746747017	; shrinking
mean	: 0.05407712236046791	; std	: 0.011560170911252499	; baunded
mean	: 0.08376793563365936	; std	: 0.037384022027254105	; non
mean	: 0.047492023557424545	; std	: 0.02951129525899887	; inflating
mean	: 0.09441520273685455	; std	: 0.017410418018698692	; shrinking
mean	: 0.06379569321870804	; std	: 0.01128469780087471	; baunded
mean	: 0.07904341071844101	; std	: 0.044508662074804306	; non
mean	: 0.06244610249996185	; std	: 0.02864159271121025	; inflating
mean	: 0.0669029951095581	; std	: 0.017654506489634514	; shrinking
mean	: 0.10177105665206909	; std	: 0.010841375216841698	; baunded
mean	: 0.07848163694143295	; std	: 0.06180528178811073	; non
mean	: 0.0519208125770092	; std	: 0.026176748797297478	; inflating
mean	: 0.08861806988716125	; std	: 0.030624324455857277	; shrinking
mean	: 0.09833045303821564	; std	: 0.01117867510765791	; baunded
mean	: 0.08619795739650726	; std	: 0.05122333765029907	; non
mean	: 0.06244610249996185	; std	: 0.02864159271121025	; inflating
mean	: 0.0669029951095581	; std	: 0.017654506489634514	; shrinking
mean	: 0.10177105665206909	; std	: 0.010841375216841698	; baunded
mean	: 0.07848163694143295	; std	: 0.06180528178811073	; non
mean	: 0.048051804304122925	; std	: 0.022557614371180534	; inflating
mean	: 0.08991918712854385	; std	: 0.028230169788002968	; shrinking
mean	: 0.09141291677951813	; std	: 0.011256189085543156	; baunded
mean	: 0.08375677466392517	; std	: 0.05019129440188408	; non
mean	: 0.051509350538253784	; std	: 0.0282245185226202	; inflating
mean	: 0.09495004266500473	; std	: 0.03094637021422386	; shrinking
mean	: 0.09530669450759888	; std	: 0.0114651620388031	; baunded
mean	: 0.08898933976888657	; std	: 0.04722995683550835	; non
mean	: 0.047492023557424545	; std	: 0.02951129525899887	; inflating
mean	: 0.09441520273685455	; std	: 0.017410418018698692	; shrinking
mean	: 0.06379569321870804	; std	: 0.01128469780087471	; baunded
mean	: 0.07904341071844101	; std	: 0.044508662074804306	; non
mean	: 0.07864716649055481	; std	: 0.034015342593193054	; inflating
mean	: 0.12332940101623535	; std	: 0.030624257400631905	; shrinking
mean	: 0.12249888479709625	; std	: 0.012912129983305931	; baunded
mean	: 0.11997450888156891	; std	: 0.03733038157224655	; non
mean	: 0.07246224582195282	; std	: 0.03100193664431572	; inflating
mean	: 0.13545827567577362	; std	: 0.015152798034250736	; shrinking
mean	: 0.041391804814338684	; std	: 0.008670689538121223	; baunded
mean	: 0.10174160450696945	; std	: 0.022425062954425812	; non
mean	: 0.054974254220724106	; std	: 0.026369042694568634	; inflating
mean	: 0.12539075314998627	; std	: 0.019413691014051437	; shrinking
mean	: 0.04990584775805473	; std	: 0.012163626030087471	; baunded
mean	: 0.09512314200401306	; std	: 0.02383267506957054	; non
mean	: 0.052672553807497025	; std	: 0.0253251064568758	; inflating
mean	: 0.1218957006931305	; std	: 0.019130123779177666	; shrinking
mean	: 0.050472259521484375	; std	: 0.011904984712600708	; baunded
mean	: 0.09316350519657135	; std	: 0.02539735846221447	; non
mean	: 0.05277535319328308	; std	: 0.029691942036151886	; inflating
mean	: 0.0951228141784668	; std	: 0.031326841562986374	; shrinking
mean	: 0.09906554967164993	; std	: 0.011538973078131676	; baunded
mean	: 0.09110158681869507	; std	: 0.04771552234888077	; non
mean	: 0.054974254220724106	; std	: 0.026369042694568634	; inflating
mean	: 0.12539075314998627	; std	: 0.019413691014051437	; shrinking
mean	: 0.04990584775805473	; std	: 0.012163626030087471	; baunded
mean	: 0.09512314200401306	; std	: 0.02383267506957054	; non
mean	: 0.04935064911842346	; std	: 0.030593251809477806	; inflating
mean	: 0.10433275997638702	; std	: 0.017303304746747017	; shrinking
mean	: 0.05407712236046791	; std	: 0.011560170911252499	; baunded
mean	: 0.08376793563365936	; std	: 0.037384022027254105	; non
mean	: 0.05680588260293007	; std	: 0.030707085505127907	; inflating
mean	: 0.08596743643283844	; std	: 0.017343595623970032	; shrinking
mean	: 0.07859477400779724	; std	: 0.011166432872414589	; baunded
mean	: 0.0809919536113739	; std	: 0.04943510517477989	; non
mean	: 0.047492023557424545	; std	: 0.02951129525899887	; inflating
mean	: 0.09441520273685455	; std	: 0.017410418018698692	; shrinking
mean	: 0.06379569321870804	; std	: 0.01128469780087471	; baunded
mean	: 0.07904341071844101	; std	: 0.044508662074804306	; non
mean	: 0.047492023557424545	; std	: 0.02951129525899887	; inflating
mean	: 0.09441520273685455	; std	: 0.017410418018698692	; shrinking
mean	: 0.06379569321870804	; std	: 0.01128469780087471	; baunded
mean	: 0.07904341071844101	; std	: 0.044508662074804306	; non
mean	: 0.04897315427660942	; std	: 0.027318289503455162	; inflating
mean	: 0.11612407118082047	; std	: 0.018056461587548256	; shrinking
mean	: 0.0440097413957119	; std	: 0.011451466009020805	; baunded
mean	: 0.08858993649482727	; std	: 0.02848760597407818	; non
mean	: 0.050411079078912735	; std	: 0.022350961342453957	; inflating
mean	: 0.11664429306983948	; std	: 0.020242109894752502	; shrinking
mean	: 0.05435515195131302	; std	: 0.012216315604746342	; baunded
mean	: 0.09027218818664551	; std	: 0.028553592041134834	; non
mean	: 0.054974254220724106	; std	: 0.026369042694568634	; inflating
mean	: 0.12539075314998627	; std	: 0.019413691014051437	; shrinking
mean	: 0.04990584775805473	; std	: 0.012163626030087471	; baunded
mean	: 0.09512314200401306	; std	: 0.02383267506957054	; non
mean	: 0.051509350538253784	; std	: 0.0282245185226202	; inflating
mean	: 0.09495004266500473	; std	: 0.03094637021422386	; shrinking
mean	: 0.09530669450759888	; std	: 0.0114651620388031	; baunded
mean	: 0.08898933976888657	; std	: 0.04722995683550835	; non
mean	: 0.04880567267537117	; std	: 0.028193475678563118	; inflating
mean	: 0.08947905898094177	; std	: 0.01729312725365162	; shrinking
mean	: 0.07069190591573715	; std	: 0.011248915456235409	; baunded
mean	: 0.0779239609837532	; std	: 0.048263151198625565	; non
mean	: 0.05680588260293007	; std	: 0.030707085505127907	; inflating
mean	: 0.08596743643283844	; std	: 0.017343595623970032	; shrinking
mean	: 0.07859477400779724	; std	: 0.011166432872414589	; baunded
mean	: 0.0809919536113739	; std	: 0.04943510517477989	; non
mean	: 0.058715466409921646	; std	: 0.028912363573908806	; inflating
mean	: 0.12752529978752136	; std	: 0.016872486099600792	; shrinking
mean	: 0.03792426735162735	; std	: 0.010472067631781101	; baunded
mean	: 0.09490619599819183	; std	: 0.02312622033059597	; non
mean	: 0.07795894145965576	; std	: 0.033911943435668945	; inflating
mean	: 0.12069105356931686	; std	: 0.030690809711813927	; shrinking
mean	: 0.12345480918884277	; std	: 0.012760280631482601	; baunded
mean	: 0.11895143240690231	; std	: 0.03901100531220436	; non
mean	: 0.07795894145965576	; std	: 0.033911943435668945	; inflating
mean	: 0.12069105356931686	; std	: 0.030690809711813927	; shrinking
mean	: 0.12345480918884277	; std	: 0.012760280631482601	; baunded
mean	: 0.11895143240690231	; std	: 0.03901100531220436	; non
mean	: 0.05277535319328308	; std	: 0.029691942036151886	; inflating
mean	: 0.0951228141784668	; std	: 0.031326841562986374	; shrinking
mean	: 0.09906554967164993	; std	: 0.011538973078131676	; baunded
mean	: 0.09110158681869507	; std	: 0.04771552234888077	; non
mean	: 0.051973700523376465	; std	: 0.031305961310863495	; inflating
mean	: 0.1100914254784584	; std	: 0.017068270593881607	; shrinking
mean	: 0.0486740842461586	; std	: 0.01163166482001543	; baunded
mean	: 0.08673906326293945	; std	: 0.033310599625110626	; non
anchor name	: shrinking
mean	: 0.12971137464046478	; std	: 0.024649979546666145	; inflating
mean	: 0.062115587294101715	; std	: 0.04402414709329605	; shrinking
mean	: 0.1669732630252838	; std	: 0.009925395250320435	; baunded
mean	: 0.1310223937034607	; std	: 0.06441548466682434	; non
mean	: 0.12243546545505524	; std	: 0.025650950148701668	; inflating
mean	: 0.06054062768816948	; std	: 0.04131406173110008	; shrinking
mean	: 0.15706473588943481	; std	: 0.010055542923510075	; baunded
mean	: 0.12390510737895966	; std	: 0.062443315982818604	; non
mean	: 0.0785013735294342	; std	: 0.018112437799572945	; inflating
mean	: 0.04718274623155594	; std	: 0.029681188985705376	; shrinking
mean	: 0.12364868819713593	; std	: 0.009692557156085968	; baunded
mean	: 0.08115231990814209	; std	: 0.06922092288732529	; non
mean	: 0.12971137464046478	; std	: 0.024649979546666145	; inflating
mean	: 0.062115587294101715	; std	: 0.04402414709329605	; shrinking
mean	: 0.1669732630252838	; std	: 0.009925395250320435	; baunded
mean	: 0.1310223937034607	; std	: 0.06441548466682434	; non
mean	: 0.12965840101242065	; std	: 0.024656420573592186	; inflating
mean	: 0.06243009492754936	; std	: 0.04368295893073082	; shrinking
mean	: 0.16660773754119873	; std	: 0.009936305694282055	; baunded
mean	: 0.1309436857700348	; std	: 0.06418265402317047	; non
mean	: 0.12965840101242065	; std	: 0.024656420573592186	; inflating
mean	: 0.06243009492754936	; std	: 0.04368295893073082	; shrinking
mean	: 0.16660773754119873	; std	: 0.009936305694282055	; baunded
mean	: 0.1309436857700348	; std	: 0.06418265402317047	; non
mean	: 0.12971137464046478	; std	: 0.024649979546666145	; inflating
mean	: 0.062115587294101715	; std	: 0.04402414709329605	; shrinking
mean	: 0.1669732630252838	; std	: 0.009925395250320435	; baunded
mean	: 0.1310223937034607	; std	: 0.06441548466682434	; non
mean	: 0.0785013735294342	; std	: 0.018112437799572945	; inflating
mean	: 0.04718274623155594	; std	: 0.029681188985705376	; shrinking
mean	: 0.12364868819713593	; std	: 0.009692557156085968	; baunded
mean	: 0.08115231990814209	; std	: 0.06922092288732529	; non
mean	: 0.12243546545505524	; std	: 0.025650950148701668	; inflating
mean	: 0.06054062768816948	; std	: 0.04131406173110008	; shrinking
mean	: 0.15706473588943481	; std	: 0.010055542923510075	; baunded
mean	: 0.12390510737895966	; std	: 0.062443315982818604	; non
mean	: 0.0785013735294342	; std	: 0.018112437799572945	; inflating
mean	: 0.04718274623155594	; std	: 0.029681188985705376	; shrinking
mean	: 0.12364868819713593	; std	: 0.009692557156085968	; baunded
mean	: 0.08115231990814209	; std	: 0.06922092288732529	; non
mean	: 0.12971137464046478	; std	: 0.024649979546666145	; inflating
mean	: 0.062115587294101715	; std	: 0.04402414709329605	; shrinking
mean	: 0.1669732630252838	; std	: 0.009925395250320435	; baunded
mean	: 0.1310223937034607	; std	: 0.06441548466682434	; non
mean	: 0.098831906914711	; std	: 0.025799259543418884	; inflating
mean	: 0.05112970992922783	; std	: 0.027804886922240257	; shrinking
mean	: 0.13561636209487915	; std	: 0.010013862513005733	; baunded
mean	: 0.10051620006561279	; std	: 0.06477241218090057	; non
mean	: 0.08895489573478699	; std	: 0.023429816588759422	; inflating
mean	: 0.04667019844055176	; std	: 0.02157551795244217	; shrinking
mean	: 0.12965792417526245	; std	: 0.009793847799301147	; baunded
mean	: 0.09008070081472397	; std	: 0.0679546669125557	; non
mean	: 0.07869192212820053	; std	: 0.021598968654870987	; inflating
mean	: 0.04761779308319092	; std	: 0.02155577763915062	; shrinking
mean	: 0.12071529775857925	; std	: 0.009929646737873554	; baunded
mean	: 0.08069093525409698	; std	: 0.0684267058968544	; non
mean	: 0.098831906914711	; std	: 0.025799259543418884	; inflating
mean	: 0.05112970992922783	; std	: 0.027804886922240257	; shrinking
mean	: 0.13561636209487915	; std	: 0.010013862513005733	; baunded
mean	: 0.10051620006561279	; std	: 0.06477241218090057	; non
mean	: 0.09011460095643997	; std	: 0.020361552014946938	; inflating
mean	: 0.05533377081155777	; std	: 0.035732533782720566	; shrinking
mean	: 0.14154303073883057	; std	: 0.009802172891795635	; baunded
mean	: 0.09534664452075958	; std	: 0.0717908963561058	; non
mean	: 0.12556540966033936	; std	: 0.02433488704264164	; inflating
mean	: 0.05874684080481529	; std	: 0.04025337100028992	; shrinking
mean	: 0.1649205982685089	; std	: 0.00983388815075159	; baunded
mean	: 0.126631960272789	; std	: 0.06638696789741516	; non
mean	: 0.12971137464046478	; std	: 0.024649979546666145	; inflating
mean	: 0.062115587294101715	; std	: 0.04402414709329605	; shrinking
mean	: 0.1669732630252838	; std	: 0.009925395250320435	; baunded
mean	: 0.1310223937034607	; std	: 0.06441548466682434	; non
mean	: 0.09312394261360168	; std	: 0.021488098427653313	; inflating
mean	: 0.06056206673383713	; std	: 0.03979605436325073	; shrinking
mean	: 0.14495749771595	; std	: 0.009831666015088558	; baunded
mean	: 0.10095643997192383	; std	: 0.0696319043636322	; non
mean	: 0.0785013735294342	; std	: 0.018112437799572945	; inflating
mean	: 0.04718274623155594	; std	: 0.029681188985705376	; shrinking
mean	: 0.12364868819713593	; std	: 0.009692557156085968	; baunded
mean	: 0.08115231990814209	; std	: 0.06922092288732529	; non
mean	: 0.086875319480896	; std	: 0.02156318537890911	; inflating
mean	: 0.06066400185227394	; std	: 0.039632998406887054	; shrinking
mean	: 0.1378052830696106	; std	: 0.009921920485794544	; baunded
mean	: 0.0961381047964096	; std	: 0.06779644638299942	; non
mean	: 0.09972745925188065	; std	: 0.022077566012740135	; inflating
mean	: 0.06278353184461594	; std	: 0.039282046258449554	; shrinking
mean	: 0.1526878923177719	; std	: 0.009875542484223843	; baunded
mean	: 0.10708625614643097	; std	: 0.07093000411987305	; non
mean	: 0.0988454520702362	; std	: 0.02192465029656887	; inflating
mean	: 0.06158715859055519	; std	: 0.03902088850736618	; shrinking
mean	: 0.15177087485790253	; std	: 0.009865917265415192	; baunded
mean	: 0.10585232824087143	; std	: 0.07124215364456177	; non
mean	: 0.12556540966033936	; std	: 0.02433488704264164	; inflating
mean	: 0.05874684080481529	; std	: 0.04025337100028992	; shrinking
mean	: 0.1649205982685089	; std	: 0.00983388815075159	; baunded
mean	: 0.126631960272789	; std	: 0.06638696789741516	; non
mean	: 0.0785013735294342	; std	: 0.018112437799572945	; inflating
mean	: 0.04718274623155594	; std	: 0.029681188985705376	; shrinking
mean	: 0.12364868819713593	; std	: 0.009692557156085968	; baunded
mean	: 0.08115231990814209	; std	: 0.06922092288732529	; non
mean	: 0.10223545134067535	; std	: 0.022527044638991356	; inflating
mean	: 0.06580977141857147	; std	: 0.039821822196245193	; shrinking
mean	: 0.1556231528520584	; std	: 0.009893019683659077	; baunded
mean	: 0.11034602671861649	; std	: 0.07060394436120987	; non
mean	: 0.12971137464046478	; std	: 0.024649979546666145	; inflating
mean	: 0.062115587294101715	; std	: 0.04402414709329605	; shrinking
mean	: 0.1669732630252838	; std	: 0.009925395250320435	; baunded
mean	: 0.1310223937034607	; std	: 0.06441548466682434	; non
mean	: 0.07986056804656982	; std	: 0.018178317695856094	; inflating
mean	: 0.05091463029384613	; std	: 0.032342761754989624	; shrinking
mean	: 0.12725619971752167	; std	: 0.009713755920529366	; baunded
mean	: 0.08444587886333466	; std	: 0.06912223249673843	; non
mean	: 0.12971137464046478	; std	: 0.024649979546666145	; inflating
mean	: 0.062115587294101715	; std	: 0.04402414709329605	; shrinking
mean	: 0.1669732630252838	; std	: 0.009925395250320435	; baunded
mean	: 0.1310223937034607	; std	: 0.06441548466682434	; non
mean	: 0.09312394261360168	; std	: 0.021488098427653313	; inflating
mean	: 0.06056206673383713	; std	: 0.03979605436325073	; shrinking
mean	: 0.14495749771595	; std	: 0.009831666015088558	; baunded
mean	: 0.10095643997192383	; std	: 0.0696319043636322	; non
mean	: 0.10800342261791229	; std	: 0.024494491517543793	; inflating
mean	: 0.07923717796802521	; std	: 0.04269078001379967	; shrinking
mean	: 0.1611286997795105	; std	: 0.010008054785430431	; baunded
mean	: 0.11989101767539978	; std	: 0.06666971743106842	; non
mean	: 0.0785013735294342	; std	: 0.018112437799572945	; inflating
mean	: 0.04718274623155594	; std	: 0.029681188985705376	; shrinking
mean	: 0.12364868819713593	; std	: 0.009692557156085968	; baunded
mean	: 0.08115231990814209	; std	: 0.06922092288732529	; non
mean	: 0.0785013735294342	; std	: 0.018112437799572945	; inflating
mean	: 0.04718274623155594	; std	: 0.029681188985705376	; shrinking
mean	: 0.12364868819713593	; std	: 0.009692557156085968	; baunded
mean	: 0.08115231990814209	; std	: 0.06922092288732529	; non
mean	: 0.11288084834814072	; std	: 0.025922173634171486	; inflating
mean	: 0.05600084364414215	; std	: 0.03626200184226036	; shrinking
mean	: 0.14806970953941345	; std	: 0.010009999386966228	; baunded
mean	: 0.11435100436210632	; std	: 0.06319038569927216	; non
mean	: 0.07879281044006348	; std	: 0.018735481426119804	; inflating
mean	: 0.046598806977272034	; std	: 0.02727482095360756	; shrinking
mean	: 0.12427369505167007	; std	: 0.009761934168636799	; baunded
mean	: 0.08104512095451355	; std	: 0.07001293450593948	; non
mean	: 0.07986056804656982	; std	: 0.018178317695856094	; inflating
mean	: 0.05091463029384613	; std	: 0.032342761754989624	; shrinking
mean	: 0.12725619971752167	; std	: 0.009713755920529366	; baunded
mean	: 0.08444587886333466	; std	: 0.06912223249673843	; non
mean	: 0.0884135365486145	; std	: 0.02208711951971054	; inflating
mean	: 0.06260477751493454	; std	: 0.040778748691082	; shrinking
mean	: 0.1396195888519287	; std	: 0.009945286437869072	; baunded
mean	: 0.09838373214006424	; std	: 0.0673755332827568	; non
mean	: 0.08895489573478699	; std	: 0.023429816588759422	; inflating
mean	: 0.04667019844055176	; std	: 0.02157551795244217	; shrinking
mean	: 0.12965792417526245	; std	: 0.009793847799301147	; baunded
mean	: 0.09008070081472397	; std	: 0.0679546669125557	; non
mean	: 0.08957843482494354	; std	: 0.02191624604165554	; inflating
mean	: 0.061923444271087646	; std	: 0.04075104743242264	; shrinking
mean	: 0.14091762900352478	; std	: 0.009911201894283295	; baunded
mean	: 0.09891318529844284	; std	: 0.068016916513443	; non
mean	: 0.12971137464046478	; std	: 0.024649979546666145	; inflating
mean	: 0.062115587294101715	; std	: 0.04402414709329605	; shrinking
mean	: 0.1669732630252838	; std	: 0.009925395250320435	; baunded
mean	: 0.1310223937034607	; std	: 0.06441548466682434	; non
mean	: 0.07879281044006348	; std	: 0.018735481426119804	; inflating
mean	: 0.046598806977272034	; std	: 0.02727482095360756	; shrinking
mean	: 0.12427369505167007	; std	: 0.009761934168636799	; baunded
mean	: 0.08104512095451355	; std	: 0.07001293450593948	; non
mean	: 0.11288084834814072	; std	: 0.025922173634171486	; inflating
mean	: 0.05600084364414215	; std	: 0.03626200184226036	; shrinking
mean	: 0.14806970953941345	; std	: 0.010009999386966228	; baunded
mean	: 0.11435100436210632	; std	: 0.06319038569927216	; non
mean	: 0.08957843482494354	; std	: 0.02191624604165554	; inflating
mean	: 0.061923444271087646	; std	: 0.04075104743242264	; shrinking
mean	: 0.14091762900352478	; std	: 0.009911201894283295	; baunded
mean	: 0.09891318529844284	; std	: 0.068016916513443	; non
mean	: 0.12556540966033936	; std	: 0.02433488704264164	; inflating
mean	: 0.05874684080481529	; std	: 0.04025337100028992	; shrinking
mean	: 0.1649205982685089	; std	: 0.00983388815075159	; baunded
mean	: 0.126631960272789	; std	: 0.06638696789741516	; non
mean	: 0.0869864895939827	; std	: 0.022800590842962265	; inflating
mean	: 0.04674579203128815	; std	: 0.02102736197412014	; shrinking
mean	: 0.12768420577049255	; std	: 0.009708967991173267	; baunded
mean	: 0.08824717998504639	; std	: 0.06772549450397491	; non
mean	: 0.08409476280212402	; std	: 0.024994799867272377	; inflating
mean	: 0.0532330647110939	; std	: 0.022524967789649963	; shrinking
mean	: 0.1186591386795044	; std	: 0.009883226826786995	; baunded
mean	: 0.08728131651878357	; std	: 0.06263983994722366	; non
mean	: 0.10589443147182465	; std	: 0.0241142176091671	; inflating
mean	: 0.07621034979820251	; std	: 0.04259936884045601	; shrinking
mean	: 0.15890958905220032	; std	: 0.009984788484871387	; baunded
mean	: 0.11722896993160248	; std	: 0.06714542210102081	; non
mean	: 0.0988454520702362	; std	: 0.02192465029656887	; inflating
mean	: 0.06158715859055519	; std	: 0.03902088850736618	; shrinking
mean	: 0.15177087485790253	; std	: 0.009865917265415192	; baunded
mean	: 0.10585232824087143	; std	: 0.07124215364456177	; non
mean	: 0.0988454520702362	; std	: 0.02192465029656887	; inflating
mean	: 0.06158715859055519	; std	: 0.03902088850736618	; shrinking
mean	: 0.15177087485790253	; std	: 0.009865917265415192	; baunded
mean	: 0.10585232824087143	; std	: 0.07124215364456177	; non
mean	: 0.11288084834814072	; std	: 0.025922173634171486	; inflating
mean	: 0.05600084364414215	; std	: 0.03626200184226036	; shrinking
mean	: 0.14806970953941345	; std	: 0.010009999386966228	; baunded
mean	: 0.11435100436210632	; std	: 0.06319038569927216	; non
mean	: 0.098831906914711	; std	: 0.025799259543418884	; inflating
mean	: 0.05112970992922783	; std	: 0.027804886922240257	; shrinking
mean	: 0.13561636209487915	; std	: 0.010013862513005733	; baunded
mean	: 0.10051620006561279	; std	: 0.06477241218090057	; non
mean	: 0.12478850781917572	; std	: 0.024376433342695236	; inflating
mean	: 0.058214299380779266	; std	: 0.040367454290390015	; shrinking
mean	: 0.16355302929878235	; std	: 0.00985447596758604	; baunded
mean	: 0.1258329451084137	; std	: 0.06592762470245361	; non
mean	: 0.07021408528089523	; std	: 0.016936050727963448	; inflating
mean	: 0.05533558875322342	; std	: 0.03159600496292114	; shrinking
mean	: 0.11423757672309875	; std	: 0.009873619303107262	; baunded
mean	: 0.07774931192398071	; std	: 0.06545886397361755	; non
mean	: 0.1229785904288292	; std	: 0.025392668321728706	; inflating
mean	: 0.06004837900400162	; std	: 0.040567994117736816	; shrinking
mean	: 0.1590917557477951	; std	: 0.010002286173403263	; baunded
mean	: 0.12433047592639923	; std	: 0.06375264376401901	; non
mean	: 0.09312394261360168	; std	: 0.021488098427653313	; inflating
mean	: 0.06056206673383713	; std	: 0.03979605436325073	; shrinking
mean	: 0.14495749771595	; std	: 0.009831666015088558	; baunded
mean	: 0.10095643997192383	; std	: 0.0696319043636322	; non
mean	: 0.06791342794895172	; std	: 0.015879029408097267	; inflating
mean	: 0.05836355686187744	; std	: 0.029898488894104958	; shrinking
mean	: 0.10749545693397522	; std	: 0.009752711281180382	; baunded
mean	: 0.07501448690891266	; std	: 0.06331872195005417	; non
mean	: 0.12556540966033936	; std	: 0.02433488704264164	; inflating
mean	: 0.05874684080481529	; std	: 0.04025337100028992	; shrinking
mean	: 0.1649205982685089	; std	: 0.00983388815075159	; baunded
mean	: 0.126631960272789	; std	: 0.06638696789741516	; non
mean	: 0.0988454520702362	; std	: 0.02192465029656887	; inflating
mean	: 0.06158715859055519	; std	: 0.03902088850736618	; shrinking
mean	: 0.15177087485790253	; std	: 0.009865917265415192	; baunded
mean	: 0.10585232824087143	; std	: 0.07124215364456177	; non
mean	: 0.08271707594394684	; std	: 0.021630898118019104	; inflating
mean	: 0.04625318571925163	; std	: 0.02046728879213333	; shrinking
mean	: 0.12473300099372864	; std	: 0.009714617393910885	; baunded
mean	: 0.08411258459091187	; std	: 0.0685119777917862	; non
mean	: 0.11075443774461746	; std	: 0.025297366082668304	; inflating
mean	: 0.053580235689878464	; std	: 0.03384512662887573	; shrinking
mean	: 0.14754638075828552	; std	: 0.009905253536999226	; baunded
mean	: 0.11189167201519012	; std	: 0.0646744966506958	; non
mean	: 0.08895489573478699	; std	: 0.023429816588759422	; inflating
mean	: 0.04667019844055176	; std	: 0.02157551795244217	; shrinking
mean	: 0.12965792417526245	; std	: 0.009793847799301147	; baunded
mean	: 0.09008070081472397	; std	: 0.0679546669125557	; non
mean	: 0.10223545134067535	; std	: 0.022527044638991356	; inflating
mean	: 0.06580977141857147	; std	: 0.039821822196245193	; shrinking
mean	: 0.1556231528520584	; std	: 0.009893019683659077	; baunded
mean	: 0.11034602671861649	; std	: 0.07060394436120987	; non
mean	: 0.08271707594394684	; std	: 0.021630898118019104	; inflating
mean	: 0.04625318571925163	; std	: 0.02046728879213333	; shrinking
mean	: 0.12473300099372864	; std	: 0.009714617393910885	; baunded
mean	: 0.08411258459091187	; std	: 0.0685119777917862	; non
mean	: 0.0785013735294342	; std	: 0.018112437799572945	; inflating
mean	: 0.04718274623155594	; std	: 0.029681188985705376	; shrinking
mean	: 0.12364868819713593	; std	: 0.009692557156085968	; baunded
mean	: 0.08115231990814209	; std	: 0.06922092288732529	; non
anchor name	: baunded
mean	: 0.06672544777393341	; std	: 0.027448568493127823	; inflating
mean	: 0.13304388523101807	; std	: 0.018339520320296288	; shrinking
mean	: 0.021636826917529106	; std	: 0.013263234868645668	; baunded
mean	: 0.09517806023359299	; std	: 0.024263858795166016	; non
mean	: 0.07350687682628632	; std	: 0.028407149016857147	; inflating
mean	: 0.1411852091550827	; std	: 0.01768328808248043	; shrinking
mean	: 0.019545529037714005	; std	: 0.011188480071723461	; baunded
mean	: 0.09906238317489624	; std	: 0.025429347530007362	; non
mean	: 0.07350687682628632	; std	: 0.028407149016857147	; inflating
mean	: 0.1411852091550827	; std	: 0.01768328808248043	; shrinking
mean	: 0.019545529037714005	; std	: 0.011188480071723461	; baunded
mean	: 0.09906238317489624	; std	: 0.025429347530007362	; non
mean	: 0.07350687682628632	; std	: 0.028407149016857147	; inflating
mean	: 0.1411852091550827	; std	: 0.01768328808248043	; shrinking
mean	: 0.019545529037714005	; std	: 0.011188480071723461	; baunded
mean	: 0.09906238317489624	; std	: 0.025429347530007362	; non
mean	: 0.08172646164894104	; std	: 0.0293474979698658	; inflating
mean	: 0.14582706987857819	; std	: 0.01672695018351078	; shrinking
mean	: 0.021908778697252274	; std	: 0.009391805157065392	; baunded
mean	: 0.1025795191526413	; std	: 0.02727832831442356	; non
mean	: 0.08172646164894104	; std	: 0.0293474979698658	; inflating
mean	: 0.14582706987857819	; std	: 0.01672695018351078	; shrinking
mean	: 0.021908778697252274	; std	: 0.009391805157065392	; baunded
mean	: 0.1025795191526413	; std	: 0.02727832831442356	; non
mean	: 0.07350687682628632	; std	: 0.028407149016857147	; inflating
mean	: 0.1411852091550827	; std	: 0.01768328808248043	; shrinking
mean	: 0.019545529037714005	; std	: 0.011188480071723461	; baunded
mean	: 0.09906238317489624	; std	: 0.025429347530007362	; non
mean	: 0.0880759060382843	; std	: 0.029916413128376007	; inflating
mean	: 0.151338130235672	; std	: 0.016084985807538033	; shrinking
mean	: 0.02638232707977295	; std	: 0.009796645492315292	; baunded
mean	: 0.10627871751785278	; std	: 0.029562728479504585	; non
mean	: 0.06672544777393341	; std	: 0.027448568493127823	; inflating
mean	: 0.13304388523101807	; std	: 0.018339520320296288	; shrinking
mean	: 0.021636826917529106	; std	: 0.013263234868645668	; baunded
mean	: 0.09517806023359299	; std	: 0.024263858795166016	; non
mean	: 0.07731489837169647	; std	: 0.027528386563062668	; inflating
mean	: 0.14544199407100677	; std	: 0.018129371106624603	; shrinking
mean	: 0.021038683131337166	; std	: 0.01091616228222847	; baunded
mean	: 0.10087301582098007	; std	: 0.02693169377744198	; non
mean	: 0.09808441996574402	; std	: 0.03178834915161133	; inflating
mean	: 0.15166887640953064	; std	: 0.015782367438077927	; shrinking
mean	: 0.046058908104896545	; std	: 0.01651967689394951	; baunded
mean	: 0.11353658139705658	; std	: 0.026370763778686523	; non
mean	: 0.08172646164894104	; std	: 0.0293474979698658	; inflating
mean	: 0.14582706987857819	; std	: 0.01672695018351078	; shrinking
mean	: 0.021908778697252274	; std	: 0.009391805157065392	; baunded
mean	: 0.1025795191526413	; std	: 0.02727832831442356	; non
mean	: 0.07731489837169647	; std	: 0.027528386563062668	; inflating
mean	: 0.14544199407100677	; std	: 0.018129371106624603	; shrinking
mean	: 0.021038683131337166	; std	: 0.01091616228222847	; baunded
mean	: 0.10087301582098007	; std	: 0.02693169377744198	; non
mean	: 0.06949888914823532	; std	: 0.02666347101330757	; inflating
mean	: 0.13482174277305603	; std	: 0.018051782622933388	; shrinking
mean	: 0.02366955205798149	; std	: 0.012682022526860237	; baunded
mean	: 0.09663918614387512	; std	: 0.024174291640520096	; non
mean	: 0.07560548186302185	; std	: 0.02647005021572113	; inflating
mean	: 0.1456148624420166	; std	: 0.018926266580820084	; shrinking
mean	: 0.027257677167654037	; std	: 0.014233121648430824	; baunded
mean	: 0.1014433428645134	; std	: 0.026291262358427048	; non
mean	: 0.06672544777393341	; std	: 0.027448568493127823	; inflating
mean	: 0.13304388523101807	; std	: 0.018339520320296288	; shrinking
mean	: 0.021636826917529106	; std	: 0.013263234868645668	; baunded
mean	: 0.09517806023359299	; std	: 0.024263858795166016	; non
mean	: 0.06949888914823532	; std	: 0.02666347101330757	; inflating
mean	: 0.13482174277305603	; std	: 0.018051782622933388	; shrinking
mean	: 0.02366955205798149	; std	: 0.012682022526860237	; baunded
mean	: 0.09663918614387512	; std	: 0.024174291640520096	; non
mean	: 0.08962564170360565	; std	: 0.02614181861281395	; inflating
mean	: 0.15813274681568146	; std	: 0.01822740025818348	; shrinking
mean	: 0.031069252640008926	; std	: 0.015299174934625626	; baunded
mean	: 0.10772515088319778	; std	: 0.03358369693160057	; non
mean	: 0.08028438687324524	; std	: 0.026818733662366867	; inflating
mean	: 0.14880287647247314	; std	: 0.01846212148666382	; shrinking
mean	: 0.02288869023323059	; std	: 0.012100870721042156	; baunded
mean	: 0.10242058336734772	; std	: 0.02842435985803604	; non
mean	: 0.06965437531471252	; std	: 0.028769535943865776	; inflating
mean	: 0.1359303742647171	; std	: 0.01749872975051403	; shrinking
mean	: 0.01975201815366745	; std	: 0.011767462827265263	; baunded
mean	: 0.09678789973258972	; std	: 0.024497883394360542	; non
mean	: 0.09815794229507446	; std	: 0.03174401447176933	; inflating
mean	: 0.15174484252929688	; std	: 0.015760937705636024	; shrinking
mean	: 0.0455748476088047	; std	: 0.016511380672454834	; baunded
mean	: 0.11347184330224991	; std	: 0.026518933475017548	; non
mean	: 0.06672544777393341	; std	: 0.027448568493127823	; inflating
mean	: 0.13304388523101807	; std	: 0.018339520320296288	; shrinking
mean	: 0.021636826917529106	; std	: 0.013263234868645668	; baunded
mean	: 0.09517806023359299	; std	: 0.024263858795166016	; non
mean	: 0.07560548186302185	; std	: 0.02647005021572113	; inflating
mean	: 0.1456148624420166	; std	: 0.018926266580820084	; shrinking
mean	: 0.027257677167654037	; std	: 0.014233121648430824	; baunded
mean	: 0.1014433428645134	; std	: 0.026291262358427048	; non
mean	: 0.08656522631645203	; std	: 0.0255875363945961	; inflating
mean	: 0.15628570318222046	; std	: 0.0193475428968668	; shrinking
mean	: 0.03269636258482933	; std	: 0.01691836677491665	; baunded
mean	: 0.1069098487496376	; std	: 0.031480077654123306	; non
mean	: 0.0880759060382843	; std	: 0.029916413128376007	; inflating
mean	: 0.151338130235672	; std	: 0.016084985807538033	; shrinking
mean	: 0.02638232707977295	; std	: 0.009796645492315292	; baunded
mean	: 0.10627871751785278	; std	: 0.029562728479504585	; non
mean	: 0.08962564170360565	; std	: 0.02614181861281395	; inflating
mean	: 0.15813274681568146	; std	: 0.01822740025818348	; shrinking
mean	: 0.031069252640008926	; std	: 0.015299174934625626	; baunded
mean	: 0.10772515088319778	; std	: 0.03358369693160057	; non
mean	: 0.08656522631645203	; std	: 0.0255875363945961	; inflating
mean	: 0.15628570318222046	; std	: 0.0193475428968668	; shrinking
mean	: 0.03269636258482933	; std	: 0.01691836677491665	; baunded
mean	: 0.1069098487496376	; std	: 0.031480077654123306	; non
mean	: 0.08656522631645203	; std	: 0.0255875363945961	; inflating
mean	: 0.15628570318222046	; std	: 0.0193475428968668	; shrinking
mean	: 0.03269636258482933	; std	: 0.01691836677491665	; baunded
mean	: 0.1069098487496376	; std	: 0.031480077654123306	; non
mean	: 0.07111424207687378	; std	: 0.02847137488424778	; inflating
mean	: 0.13715210556983948	; std	: 0.017489692196249962	; shrinking
mean	: 0.019972460344433784	; std	: 0.010743919759988785	; baunded
mean	: 0.097227543592453	; std	: 0.024859633296728134	; non
mean	: 0.07328884303569794	; std	: 0.03000689670443535	; inflating
mean	: 0.13367748260498047	; std	: 0.0166278425604105	; shrinking
mean	: 0.02762896753847599	; std	: 0.012662535533308983	; baunded
mean	: 0.09811573475599289	; std	: 0.024480711668729782	; non
mean	: 0.06672544777393341	; std	: 0.027448568493127823	; inflating
mean	: 0.13304388523101807	; std	: 0.018339520320296288	; shrinking
mean	: 0.021636826917529106	; std	: 0.013263234868645668	; baunded
mean	: 0.09517806023359299	; std	: 0.024263858795166016	; non
mean	: 0.09124676883220673	; std	: 0.026336222887039185	; inflating
mean	: 0.15993839502334595	; std	: 0.018290406093001366	; shrinking
mean	: 0.030526721850037575	; std	: 0.014918725937604904	; baunded
mean	: 0.10819102078676224	; std	: 0.034902334213256836	; non
mean	: 0.07560548186302185	; std	: 0.02647005021572113	; inflating
mean	: 0.1456148624420166	; std	: 0.018926266580820084	; shrinking
mean	: 0.027257677167654037	; std	: 0.014233121648430824	; baunded
mean	: 0.1014433428645134	; std	: 0.026291262358427048	; non
mean	: 0.08974796533584595	; std	: 0.0312979519367218	; inflating
mean	: 0.14710015058517456	; std	: 0.015921099111437798	; shrinking
mean	: 0.03687947988510132	; std	: 0.013818813487887383	; baunded
mean	: 0.10793690383434296	; std	: 0.02610945515334606	; non
mean	: 0.09349769353866577	; std	: 0.031457360833883286	; inflating
mean	: 0.15217545628547668	; std	: 0.015644000843167305	; shrinking
mean	: 0.03681836277246475	; std	: 0.013404648751020432	; baunded
mean	: 0.11040489375591278	; std	: 0.028139779344201088	; non
mean	: 0.06282873451709747	; std	: 0.026972629129886627	; inflating
mean	: 0.12832248210906982	; std	: 0.017945827916264534	; shrinking
mean	: 0.02695135399699211	; std	: 0.013337030075490475	; baunded
mean	: 0.09352439641952515	; std	: 0.02438177727162838	; non
mean	: 0.06949888914823532	; std	: 0.02666347101330757	; inflating
mean	: 0.13482174277305603	; std	: 0.018051782622933388	; shrinking
mean	: 0.02366955205798149	; std	: 0.012682022526860237	; baunded
mean	: 0.09663918614387512	; std	: 0.024174291640520096	; non
mean	: 0.06965437531471252	; std	: 0.028769535943865776	; inflating
mean	: 0.1359303742647171	; std	: 0.01749872975051403	; shrinking
mean	: 0.01975201815366745	; std	: 0.011767462827265263	; baunded
mean	: 0.09678789973258972	; std	: 0.024497883394360542	; non
mean	: 0.06949888914823532	; std	: 0.02666347101330757	; inflating
mean	: 0.13482174277305603	; std	: 0.018051782622933388	; shrinking
mean	: 0.02366955205798149	; std	: 0.012682022526860237	; baunded
mean	: 0.09663918614387512	; std	: 0.024174291640520096	; non
mean	: 0.06965437531471252	; std	: 0.028769535943865776	; inflating
mean	: 0.1359303742647171	; std	: 0.01749872975051403	; shrinking
mean	: 0.01975201815366745	; std	: 0.011767462827265263	; baunded
mean	: 0.09678789973258972	; std	: 0.024497883394360542	; non
mean	: 0.09124676883220673	; std	: 0.026336222887039185	; inflating
mean	: 0.15993839502334595	; std	: 0.018290406093001366	; shrinking
mean	: 0.030526721850037575	; std	: 0.014918725937604904	; baunded
mean	: 0.10819102078676224	; std	: 0.034902334213256836	; non
mean	: 0.07320933043956757	; std	: 0.029423143714666367	; inflating
mean	: 0.13606785237789154	; std	: 0.016694432124495506	; shrinking
mean	: 0.023325305432081223	; std	: 0.01154470443725586	; baunded
mean	: 0.09834203124046326	; std	: 0.02463209442794323	; non
mean	: 0.08246864378452301	; std	: 0.028176765888929367	; inflating
mean	: 0.1486920267343521	; std	: 0.01735985279083252	; shrinking
mean	: 0.021670229732990265	; std	: 0.008199762552976608	; baunded
mean	: 0.10297595709562302	; std	: 0.028703872114419937	; non
mean	: 0.07548929750919342	; std	: 0.02967686951160431	; inflating
mean	: 0.13462156057357788	; std	: 0.016294611617922783	; shrinking
mean	: 0.02995322272181511	; std	: 0.012293651700019836	; baunded
mean	: 0.09944537281990051	; std	: 0.024302154779434204	; non
mean	: 0.10495330393314362	; std	: 0.030648931860923767	; inflating
mean	: 0.1631399393081665	; std	: 0.015657709911465645	; shrinking
mean	: 0.04279659688472748	; std	: 0.012789333239197731	; baunded
mean	: 0.11646705865859985	; std	: 0.03355090320110321	; non
mean	: 0.07350687682628632	; std	: 0.028407149016857147	; inflating
mean	: 0.1411852091550827	; std	: 0.01768328808248043	; shrinking
mean	: 0.019545529037714005	; std	: 0.011188480071723461	; baunded
mean	: 0.09906238317489624	; std	: 0.025429347530007362	; non
mean	: 0.0880759060382843	; std	: 0.029916413128376007	; inflating
mean	: 0.151338130235672	; std	: 0.016084985807538033	; shrinking
mean	: 0.02638232707977295	; std	: 0.009796645492315292	; baunded
mean	: 0.10627871751785278	; std	: 0.029562728479504585	; non
mean	: 0.08028438687324524	; std	: 0.026818733662366867	; inflating
mean	: 0.14880287647247314	; std	: 0.01846212148666382	; shrinking
mean	: 0.02288869023323059	; std	: 0.012100870721042156	; baunded
mean	: 0.10242058336734772	; std	: 0.02842435985803604	; non
mean	: 0.07341574132442474	; std	: 0.029567856341600418	; inflating
mean	: 0.1364583522081375	; std	: 0.01694594696164131	; shrinking
mean	: 0.02246193401515484	; std	: 0.011175619438290596	; baunded
mean	: 0.09807104617357254	; std	: 0.02479751780629158	; non
mean	: 0.06708148866891861	; std	: 0.028660032898187637	; inflating
mean	: 0.1326509714126587	; std	: 0.017682405188679695	; shrinking
mean	: 0.021862708032131195	; std	: 0.012474199756979942	; baunded
mean	: 0.09537380933761597	; std	: 0.024361731484532356	; non
mean	: 0.08028438687324524	; std	: 0.026818733662366867	; inflating
mean	: 0.14880287647247314	; std	: 0.01846212148666382	; shrinking
mean	: 0.02288869023323059	; std	: 0.012100870721042156	; baunded
mean	: 0.10242058336734772	; std	: 0.02842435985803604	; non
mean	: 0.07002448290586472	; std	: 0.029385531321167946	; inflating
mean	: 0.13375259935855865	; std	: 0.01688450388610363	; shrinking
mean	: 0.023148246109485626	; std	: 0.012181481346487999	; baunded
mean	: 0.09685155004262924	; std	: 0.024476703256368637	; non
mean	: 0.07002448290586472	; std	: 0.029385531321167946	; inflating
mean	: 0.13375259935855865	; std	: 0.01688450388610363	; shrinking
mean	: 0.023148246109485626	; std	: 0.012181481346487999	; baunded
mean	: 0.09685155004262924	; std	: 0.024476703256368637	; non
mean	: 0.09815794229507446	; std	: 0.03174401447176933	; inflating
mean	: 0.15174484252929688	; std	: 0.015760937705636024	; shrinking
mean	: 0.0455748476088047	; std	: 0.016511380672454834	; baunded
mean	: 0.11347184330224991	; std	: 0.026518933475017548	; non
mean	: 0.07350687682628632	; std	: 0.028407149016857147	; inflating
mean	: 0.1411852091550827	; std	: 0.01768328808248043	; shrinking
mean	: 0.019545529037714005	; std	: 0.011188480071723461	; baunded
mean	: 0.09906238317489624	; std	: 0.025429347530007362	; non
mean	: 0.09124676883220673	; std	: 0.026336222887039185	; inflating
mean	: 0.15993839502334595	; std	: 0.018290406093001366	; shrinking
mean	: 0.030526721850037575	; std	: 0.014918725937604904	; baunded
mean	: 0.10819102078676224	; std	: 0.034902334213256836	; non
mean	: 0.08511607348918915	; std	: 0.03047490119934082	; inflating
mean	: 0.1477116346359253	; std	: 0.01597422920167446	; shrinking
mean	: 0.026957830414175987	; std	: 0.010232364758849144	; baunded
mean	: 0.1050342321395874	; std	: 0.027612637728452682	; non
mean	: 0.07328884303569794	; std	: 0.03000689670443535	; inflating
mean	: 0.13367748260498047	; std	: 0.0166278425604105	; shrinking
mean	: 0.02762896753847599	; std	: 0.012662535533308983	; baunded
mean	: 0.09811573475599289	; std	: 0.024480711668729782	; non
mean	: 0.07111424207687378	; std	: 0.02847137488424778	; inflating
mean	: 0.13715210556983948	; std	: 0.017489692196249962	; shrinking
mean	: 0.019972460344433784	; std	: 0.010743919759988785	; baunded
mean	: 0.097227543592453	; std	: 0.024859633296728134	; non
mean	: 0.06672544777393341	; std	: 0.027448568493127823	; inflating
mean	: 0.13304388523101807	; std	: 0.018339520320296288	; shrinking
mean	: 0.021636826917529106	; std	: 0.013263234868645668	; baunded
mean	: 0.09517806023359299	; std	: 0.024263858795166016	; non
mean	: 0.07739724963903427	; std	: 0.02726624719798565	; inflating
mean	: 0.145538330078125	; std	: 0.01814431883394718	; shrinking
mean	: 0.0210755355656147	; std	: 0.010801609605550766	; baunded
mean	: 0.10086527466773987	; std	: 0.027082541957497597	; non
mean	: 0.06969811767339706	; std	: 0.027371563017368317	; inflating
mean	: 0.13329185545444489	; std	: 0.017074791714549065	; shrinking
mean	: 0.026261283084750175	; std	: 0.011560138314962387	; baunded
mean	: 0.09682533144950867	; std	: 0.02394952066242695	; non
mean	: 0.08656522631645203	; std	: 0.0255875363945961	; inflating
mean	: 0.15628570318222046	; std	: 0.0193475428968668	; shrinking
mean	: 0.03269636258482933	; std	: 0.01691836677491665	; baunded
mean	: 0.1069098487496376	; std	: 0.031480077654123306	; non
mean	: 0.0932142436504364	; std	: 0.026381980627775192	; inflating
mean	: 0.160872682929039	; std	: 0.01780697889626026	; shrinking
mean	: 0.03155211731791496	; std	: 0.013732099905610085	; baunded
mean	: 0.1089843213558197	; std	: 0.03582357242703438	; non
anchor name	: non
mean	: 0.053786784410476685	; std	: 0.017111385241150856	; inflating
mean	: 0.06891833990812302	; std	: 0.022722939029335976	; shrinking
mean	: 0.08946164697408676	; std	: 0.01026031095534563	; baunded
mean	: 0.06461255997419357	; std	: 0.06438905000686646	; non
mean	: 0.053786784410476685	; std	: 0.017111385241150856	; inflating
mean	: 0.06891833990812302	; std	: 0.022722939029335976	; shrinking
mean	: 0.08946164697408676	; std	: 0.01026031095534563	; baunded
mean	: 0.06461255997419357	; std	: 0.06438905000686646	; non
mean	: 0.053786784410476685	; std	: 0.017111385241150856	; inflating
mean	: 0.06891833990812302	; std	: 0.022722939029335976	; shrinking
mean	: 0.08946164697408676	; std	: 0.01026031095534563	; baunded
mean	: 0.06461255997419357	; std	: 0.06438905000686646	; non
mean	: 0.15231594443321228	; std	: 0.025820918381214142	; inflating
mean	: 0.21805663406848907	; std	: 0.016412215307354927	; shrinking
mean	: 0.08964873105287552	; std	: 0.011200325563549995	; baunded
mean	: 0.1402490735054016	; std	: 0.07905611395835876	; non
mean	: 0.09524253010749817	; std	: 0.02002773806452751	; inflating
mean	: 0.04985224828124046	; std	: 0.016434209421277046	; shrinking
mean	: 0.14611977338790894	; std	: 0.009604721330106258	; baunded
mean	: 0.09339427202939987	; std	: 0.07802890241146088	; non
mean	: 0.053786784410476685	; std	: 0.017111385241150856	; inflating
mean	: 0.06891833990812302	; std	: 0.022722939029335976	; shrinking
mean	: 0.08946164697408676	; std	: 0.01026031095534563	; baunded
mean	: 0.06461255997419357	; std	: 0.06438905000686646	; non
mean	: 0.15231594443321228	; std	: 0.025820918381214142	; inflating
mean	: 0.21805663406848907	; std	: 0.016412215307354927	; shrinking
mean	: 0.08964873105287552	; std	: 0.011200325563549995	; baunded
mean	: 0.1402490735054016	; std	: 0.07905611395835876	; non
mean	: 0.054122574627399445	; std	: 0.021607862785458565	; inflating
mean	: 0.07489161193370819	; std	: 0.020416976884007454	; shrinking
mean	: 0.08169560134410858	; std	: 0.010393635369837284	; baunded
mean	: 0.06783106923103333	; std	: 0.05902905762195587	; non
mean	: 0.05055347457528114	; std	: 0.014152055606245995	; inflating
mean	: 0.07591305673122406	; std	: 0.025730203837156296	; shrinking
mean	: 0.08661836385726929	; std	: 0.010506384074687958	; baunded
mean	: 0.06843897700309753	; std	: 0.060038015246391296	; non
mean	: 0.15231594443321228	; std	: 0.025820918381214142	; inflating
mean	: 0.21805663406848907	; std	: 0.016412215307354927	; shrinking
mean	: 0.08964873105287552	; std	: 0.011200325563549995	; baunded
mean	: 0.1402490735054016	; std	: 0.07905611395835876	; non
mean	: 0.1521787941455841	; std	: 0.027979573234915733	; inflating
mean	: 0.21465706825256348	; std	: 0.015033797360956669	; shrinking
mean	: 0.08529133349657059	; std	: 0.00817100703716278	; baunded
mean	: 0.1420411765575409	; std	: 0.07241851091384888	; non
mean	: 0.05055347457528114	; std	: 0.014152055606245995	; inflating
mean	: 0.07591305673122406	; std	: 0.025730203837156296	; shrinking
mean	: 0.08661836385726929	; std	: 0.010506384074687958	; baunded
mean	: 0.06843897700309753	; std	: 0.060038015246391296	; non
mean	: 0.053786784410476685	; std	: 0.017111385241150856	; inflating
mean	: 0.06891833990812302	; std	: 0.022722939029335976	; shrinking
mean	: 0.08946164697408676	; std	: 0.01026031095534563	; baunded
mean	: 0.06461255997419357	; std	: 0.06438905000686646	; non
mean	: 0.05226051062345505	; std	: 0.013770170509815216	; inflating
mean	: 0.07448454201221466	; std	: 0.025552552193403244	; shrinking
mean	: 0.08639730513095856	; std	: 0.010210264474153519	; baunded
mean	: 0.06773418188095093	; std	: 0.05960323289036751	; non
mean	: 0.0939742922782898	; std	: 0.02002789080142975	; inflating
mean	: 0.052750036120414734	; std	: 0.025119034573435783	; shrinking
mean	: 0.14667625725269318	; std	: 0.009671253152191639	; baunded
mean	: 0.09412796050310135	; std	: 0.077780582010746	; non
mean	: 0.15231594443321228	; std	: 0.025820918381214142	; inflating
mean	: 0.21805663406848907	; std	: 0.016412215307354927	; shrinking
mean	: 0.08964873105287552	; std	: 0.011200325563549995	; baunded
mean	: 0.1402490735054016	; std	: 0.07905611395835876	; non
mean	: 0.06129835173487663	; std	: 0.02621963806450367	; inflating
mean	: 0.07267801463603973	; std	: 0.019420167431235313	; shrinking
mean	: 0.0880630686879158	; std	: 0.010542148724198341	; baunded
mean	: 0.07310031354427338	; std	: 0.058466535061597824	; non
mean	: 0.054122574627399445	; std	: 0.021607862785458565	; inflating
mean	: 0.07489161193370819	; std	: 0.020416976884007454	; shrinking
mean	: 0.08169560134410858	; std	: 0.010393635369837284	; baunded
mean	: 0.06783106923103333	; std	: 0.05902905762195587	; non
mean	: 0.053124021738767624	; std	: 0.01692589372396469	; inflating
mean	: 0.07120049744844437	; std	: 0.022956769913434982	; shrinking
mean	: 0.08679289370775223	; std	: 0.010282094590365887	; baunded
mean	: 0.06484545022249222	; std	: 0.06301538646221161	; non
mean	: 0.053786784410476685	; std	: 0.017111385241150856	; inflating
mean	: 0.06891833990812302	; std	: 0.022722939029335976	; shrinking
mean	: 0.08946164697408676	; std	: 0.01026031095534563	; baunded
mean	: 0.06461255997419357	; std	: 0.06438905000686646	; non
mean	: 0.14775130152702332	; std	: 0.02597884088754654	; inflating
mean	: 0.21361568570137024	; std	: 0.016379497945308685	; shrinking
mean	: 0.08505746722221375	; std	: 0.011166412383317947	; baunded
mean	: 0.136875718832016	; std	: 0.07724044471979141	; non
mean	: 0.09944590926170349	; std	: 0.022283080965280533	; inflating
mean	: 0.04839033633470535	; std	: 0.012830634601414204	; shrinking
mean	: 0.14717364311218262	; std	: 0.009739992208778858	; baunded
mean	: 0.09711074829101562	; std	: 0.07643763720989227	; non
mean	: 0.09524253010749817	; std	: 0.02002773806452751	; inflating
mean	: 0.04985224828124046	; std	: 0.016434209421277046	; shrinking
mean	: 0.14611977338790894	; std	: 0.009604721330106258	; baunded
mean	: 0.09339427202939987	; std	: 0.07802890241146088	; non
mean	: 0.1439245641231537	; std	: 0.026068761944770813	; inflating
mean	: 0.210182785987854	; std	: 0.016281872987747192	; shrinking
mean	: 0.08201439678668976	; std	: 0.011520372703671455	; baunded
mean	: 0.13483449816703796	; std	: 0.07506097108125687	; non
mean	: 0.06129835173487663	; std	: 0.02621963806450367	; inflating
mean	: 0.07267801463603973	; std	: 0.019420167431235313	; shrinking
mean	: 0.0880630686879158	; std	: 0.010542148724198341	; baunded
mean	: 0.07310031354427338	; std	: 0.058466535061597824	; non
mean	: 0.053124021738767624	; std	: 0.01692589372396469	; inflating
mean	: 0.07120049744844437	; std	: 0.022956769913434982	; shrinking
mean	: 0.08679289370775223	; std	: 0.010282094590365887	; baunded
mean	: 0.06484545022249222	; std	: 0.06301538646221161	; non
mean	: 0.1490609049797058	; std	: 0.026009613648056984	; inflating
mean	: 0.21489346027374268	; std	: 0.016238698735833168	; shrinking
mean	: 0.08626927435398102	; std	: 0.01121150329709053	; baunded
mean	: 0.13779935240745544	; std	: 0.07791531831026077	; non
mean	: 0.1521787941455841	; std	: 0.027979573234915733	; inflating
mean	: 0.21465706825256348	; std	: 0.015033797360956669	; shrinking
mean	: 0.08529133349657059	; std	: 0.00817100703716278	; baunded
mean	: 0.1420411765575409	; std	: 0.07241851091384888	; non
mean	: 0.051550135016441345	; std	: 0.014905975200235844	; inflating
mean	: 0.07226796448230743	; std	: 0.02356933243572712	; shrinking
mean	: 0.08814842998981476	; std	: 0.010384481400251389	; baunded
mean	: 0.06641791760921478	; std	: 0.06245025619864464	; non
mean	: 0.05226051062345505	; std	: 0.013770170509815216	; inflating
mean	: 0.07448454201221466	; std	: 0.025552552193403244	; shrinking
mean	: 0.08639730513095856	; std	: 0.010210264474153519	; baunded
mean	: 0.06773418188095093	; std	: 0.05960323289036751	; non
mean	: 0.09838228672742844	; std	: 0.021741127595305443	; inflating
mean	: 0.04825346916913986	; std	: 0.012216330505907536	; shrinking
mean	: 0.14684733748435974	; std	: 0.009691429324448109	; baunded
mean	: 0.09604006260633469	; std	: 0.07690349221229553	; non
mean	: 0.053316131234169006	; std	: 0.014835180714726448	; inflating
mean	: 0.07079213857650757	; std	: 0.026586947962641716	; shrinking
mean	: 0.0930970162153244	; std	: 0.010343541391193867	; baunded
mean	: 0.06919538974761963	; std	: 0.06171063706278801	; non
mean	: 0.1490609049797058	; std	: 0.026009613648056984	; inflating
mean	: 0.21489346027374268	; std	: 0.016238698735833168	; shrinking
mean	: 0.08626927435398102	; std	: 0.01121150329709053	; baunded
mean	: 0.13779935240745544	; std	: 0.07791531831026077	; non
mean	: 0.15231594443321228	; std	: 0.025820918381214142	; inflating
mean	: 0.21805663406848907	; std	: 0.016412215307354927	; shrinking
mean	: 0.08964873105287552	; std	: 0.011200325563549995	; baunded
mean	: 0.1402490735054016	; std	: 0.07905611395835876	; non
mean	: 0.054122574627399445	; std	: 0.021607862785458565	; inflating
mean	: 0.07489161193370819	; std	: 0.020416976884007454	; shrinking
mean	: 0.08169560134410858	; std	: 0.010393635369837284	; baunded
mean	: 0.06783106923103333	; std	: 0.05902905762195587	; non
mean	: 0.09361781179904938	; std	: 0.020138636231422424	; inflating
mean	: 0.05345720797777176	; std	: 0.027004553005099297	; shrinking
mean	: 0.14644566178321838	; std	: 0.009686734527349472	; baunded
mean	: 0.09447479248046875	; std	: 0.07723399251699448	; non
mean	: 0.1521787941455841	; std	: 0.027979573234915733	; inflating
mean	: 0.21465706825256348	; std	: 0.015033797360956669	; shrinking
mean	: 0.08529133349657059	; std	: 0.00817100703716278	; baunded
mean	: 0.1420411765575409	; std	: 0.07241851091384888	; non
mean	: 0.09369172155857086	; std	: 0.020158782601356506	; inflating
mean	: 0.053557612001895905	; std	: 0.02702425979077816	; shrinking
mean	: 0.1466321349143982	; std	: 0.009687339887022972	; baunded
mean	: 0.09459682554006577	; std	: 0.07729789614677429	; non
mean	: 0.06129835173487663	; std	: 0.02621963806450367	; inflating
mean	: 0.07267801463603973	; std	: 0.019420167431235313	; shrinking
mean	: 0.0880630686879158	; std	: 0.010542148724198341	; baunded
mean	: 0.07310031354427338	; std	: 0.058466535061597824	; non
mean	: 0.053355224430561066	; std	: 0.017617015168070793	; inflating
mean	: 0.0737256109714508	; std	: 0.022405831143260002	; shrinking
mean	: 0.0830334797501564	; std	: 0.010178829543292522	; baunded
mean	: 0.06570447236299515	; std	: 0.06051374599337578	; non
mean	: 0.1439245641231537	; std	: 0.026068761944770813	; inflating
mean	: 0.210182785987854	; std	: 0.016281872987747192	; shrinking
mean	: 0.08201439678668976	; std	: 0.011520372703671455	; baunded
mean	: 0.13483449816703796	; std	: 0.07506097108125687	; non
mean	: 0.1439245641231537	; std	: 0.026068761944770813	; inflating
mean	: 0.210182785987854	; std	: 0.016281872987747192	; shrinking
mean	: 0.08201439678668976	; std	: 0.011520372703671455	; baunded
mean	: 0.13483449816703796	; std	: 0.07506097108125687	; non
mean	: 0.053786784410476685	; std	: 0.017111385241150856	; inflating
mean	: 0.06891833990812302	; std	: 0.022722939029335976	; shrinking
mean	: 0.08946164697408676	; std	: 0.01026031095534563	; baunded
mean	: 0.06461255997419357	; std	: 0.06438905000686646	; non
mean	: 0.14737531542778015	; std	: 0.02804543823003769	; inflating
mean	: 0.2102344036102295	; std	: 0.015105755999684334	; shrinking
mean	: 0.08075996488332748	; std	: 0.00800305139273405	; baunded
mean	: 0.13853830099105835	; std	: 0.07063593715429306	; non
mean	: 0.09439761191606522	; std	: 0.020023878663778305	; inflating
mean	: 0.052812397480010986	; std	: 0.02424398809671402	; shrinking
mean	: 0.14734581112861633	; std	: 0.009661605581641197	; baunded
mean	: 0.09460989385843277	; std	: 0.07791876047849655	; non
mean	: 0.05055347457528114	; std	: 0.014152055606245995	; inflating
mean	: 0.07591305673122406	; std	: 0.025730203837156296	; shrinking
mean	: 0.08661836385726929	; std	: 0.010506384074687958	; baunded
mean	: 0.06843897700309753	; std	: 0.060038015246391296	; non
mean	: 0.09944590926170349	; std	: 0.022283080965280533	; inflating
mean	: 0.04839033633470535	; std	: 0.012830634601414204	; shrinking
mean	: 0.14717364311218262	; std	: 0.009739992208778858	; baunded
mean	: 0.09711074829101562	; std	: 0.07643763720989227	; non
mean	: 0.053786784410476685	; std	: 0.017111385241150856	; inflating
mean	: 0.06891833990812302	; std	: 0.022722939029335976	; shrinking
mean	: 0.08946164697408676	; std	: 0.01026031095534563	; baunded
mean	: 0.06461255997419357	; std	: 0.06438905000686646	; non
mean	: 0.0939742922782898	; std	: 0.02002789080142975	; inflating
mean	: 0.052750036120414734	; std	: 0.025119034573435783	; shrinking
mean	: 0.14667625725269318	; std	: 0.009671253152191639	; baunded
mean	: 0.09412796050310135	; std	: 0.077780582010746	; non
mean	: 0.09516952931880951	; std	: 0.020472263917326927	; inflating
mean	: 0.04939093068242073	; std	: 0.016564376652240753	; shrinking
mean	: 0.1457708477973938	; std	: 0.00970090739428997	; baunded
mean	: 0.09321221709251404	; std	: 0.07798689603805542	; non
mean	: 0.053316131234169006	; std	: 0.014835180714726448	; inflating
mean	: 0.07079213857650757	; std	: 0.026586947962641716	; shrinking
mean	: 0.0930970162153244	; std	: 0.010343541391193867	; baunded
mean	: 0.06919538974761963	; std	: 0.06171063706278801	; non
mean	: 0.09369172155857086	; std	: 0.020158782601356506	; inflating
mean	: 0.053557612001895905	; std	: 0.02702425979077816	; shrinking
mean	: 0.1466321349143982	; std	: 0.009687339887022972	; baunded
mean	: 0.09459682554006577	; std	: 0.07729789614677429	; non
mean	: 0.05214262008666992	; std	: 0.01528253499418497	; inflating
mean	: 0.07418876886367798	; std	: 0.02410513162612915	; shrinking
mean	: 0.08434060961008072	; std	: 0.010265760123729706	; baunded
mean	: 0.06593181192874908	; std	: 0.060787152498960495	; non
mean	: 0.0538196861743927	; std	: 0.019158849492669106	; inflating
mean	: 0.06899130344390869	; std	: 0.02079026959836483	; shrinking
mean	: 0.08905746042728424	; std	: 0.01034824550151825	; baunded
mean	: 0.06618388742208481	; std	: 0.0632900595664978	; non
mean	: 0.09815579652786255	; std	: 0.022127708420157433	; inflating
mean	: 0.047845885157585144	; std	: 0.013202927075326443	; shrinking
mean	: 0.14564663171768188	; std	: 0.009716968983411789	; baunded
mean	: 0.09577988088130951	; std	: 0.07617057114839554	; non
mean	: 0.051550135016441345	; std	: 0.014905975200235844	; inflating
mean	: 0.07226796448230743	; std	: 0.02356933243572712	; shrinking
mean	: 0.08814842998981476	; std	: 0.010384481400251389	; baunded
mean	: 0.06641791760921478	; std	: 0.06245025619864464	; non
mean	: 0.09549315273761749	; std	: 0.02022152580320835	; inflating
mean	: 0.049132801592350006	; std	: 0.014515667222440243	; shrinking
mean	: 0.1457497626543045	; std	: 0.00958271324634552	; baunded
mean	: 0.09346278011798859	; std	: 0.07768536359071732	; non
mean	: 0.09368164837360382	; std	: 0.020116128027439117	; inflating
mean	: 0.05332988500595093	; std	: 0.02656254917383194	; shrinking
mean	: 0.14662230014801025	; std	: 0.00968074332922697	; baunded
mean	: 0.09445028752088547	; std	: 0.07741381973028183	; non
mean	: 0.1439245641231537	; std	: 0.026068761944770813	; inflating
mean	: 0.210182785987854	; std	: 0.016281872987747192	; shrinking
mean	: 0.08201439678668976	; std	: 0.011520372703671455	; baunded
mean	: 0.13483449816703796	; std	: 0.07506097108125687	; non
mean	: 0.09364630281925201	; std	: 0.020349567756056786	; inflating
mean	: 0.048552535474300385	; std	: 0.01670476794242859	; shrinking
mean	: 0.14383050799369812	; std	: 0.009666354395449162	; baunded
mean	: 0.09193041920661926	; std	: 0.07728604972362518	; non
mean	: 0.14737531542778015	; std	: 0.02804543823003769	; inflating
mean	: 0.2102344036102295	; std	: 0.015105755999684334	; shrinking
mean	: 0.08075996488332748	; std	: 0.00800305139273405	; baunded
mean	: 0.13853830099105835	; std	: 0.07063593715429306	; non
mean	: 0.0538196861743927	; std	: 0.019158849492669106	; inflating
mean	: 0.06899130344390869	; std	: 0.02079026959836483	; shrinking
mean	: 0.08905746042728424	; std	: 0.01034824550151825	; baunded
mean	: 0.06618388742208481	; std	: 0.0632900595664978	; non
mean	: 0.0538196861743927	; std	: 0.019158849492669106	; inflating
mean	: 0.06899130344390869	; std	: 0.02079026959836483	; shrinking
mean	: 0.08905746042728424	; std	: 0.01034824550151825	; baunded
mean	: 0.06618388742208481	; std	: 0.0632900595664978	; non
mean	: 0.06129835173487663	; std	: 0.02621963806450367	; inflating
mean	: 0.07267801463603973	; std	: 0.019420167431235313	; shrinking
mean	: 0.0880630686879158	; std	: 0.010542148724198341	; baunded
mean	: 0.07310031354427338	; std	: 0.058466535061597824	; non
> end program
