output_dir	: stem_log/evaluate_unknown_state_estimation/2020-12-31-01-54-02(213341)
> load model
model_path	: stem_log/pre_train/2020-12-30-22-23-11(191646)/model-epoch-(10)-batch-(10)
Model: "model"
_________________________________________________________________
Layer (type)                 Output Shape              Param #   
=================================================================
input_1 (InputLayer)         [(None, 100, 2)]          0         
_________________________________________________________________
LSTM (Model)                 (None, 128)               67072     
_________________________________________________________________
tf.math.l2_normalize (TFOpLa (None, 128)               0         
=================================================================
Total params: 67,072
Trainable params: 67,072
Non-trainable params: 0
_________________________________________________________________
> load known_sample_dict
known_sample_dict_path	: stem_log/pre_train/2020-12-30-22-23-11(191646)/test_sample_dict.pkl
known_sample_dict	: {'inflating': 320, 'shrinking': 320, 'non': 320}
> load unknown_sample_dict
unknown_sample_dict_path	: stem_log/split_sample_dict/2020-12-30-21-53-44(190657)/sample_dict(baunded).pkl
unknown_sample_dict	: {'baunded': 1362}
> shuffle
> slice
known_sample_dict	: {'inflating': 10, 'shrinking': 10, 'non': 10}
unknown_sample_dict	: {'baunded': 10}
anchor_name	: baunded
frame_idx	: 0
comp_name	: baunded
distances	: [0.         0.00452173 0.01803527 0.00831643 0.00659257 0.00870175
 0.00796969 0.00697194 0.00429499 0.00304092]
mean_distance	: 0.00684453034773469
comp_name	: inflating
distances	: [0.02948086 0.01874124 0.01384633 0.02948086 0.01874124 0.01384633
 0.02316204 0.03141621 0.0140517  0.01342397]
mean_distance	: 0.020619075745344162
comp_name	: shrinking
distances	: [0.04143896 0.04143896 0.04143896 0.04201331 0.03969036 0.04201331
 0.03356815 0.04201331 0.03969037 0.0187472 ]
mean_distance	: 0.03820528835058212
comp_name	: non
distances	: [0.03749903 0.03749903 0.03749903 0.03767758 0.03749903 0.03767758
 0.02312444 0.02312444 0.03724295 0.056122  ]
mean_distance	: 0.03649651259183884
frame_idx	: 1
comp_name	: baunded
distances	: [0.00452173 0.         0.02108719 0.00634343 0.00937754 0.00511252
 0.00609008 0.00882958 0.00556403 0.00416525]
mean_distance	: 0.007109133992344141
comp_name	: inflating
distances	: [0.03044375 0.02246942 0.01415501 0.03044375 0.02246942 0.01415501
 0.02464542 0.03380866 0.01581778 0.01051268]
mean_distance	: 0.021892087534070015
comp_name	: shrinking
distances	: [0.04327986 0.04327986 0.04327986 0.04361825 0.04122667 0.04361825
 0.03541081 0.04361825 0.04122668 0.02074055]
mean_distance	: 0.03992990404367447
comp_name	: non
distances	: [0.03918891 0.03918891 0.03918891 0.03931012 0.03918891 0.03931012
 0.02460052 0.02460052 0.03894188 0.05789785]
mean_distance	: 0.03814166784286499
frame_idx	: 2
comp_name	: baunded
distances	: [0.01803527 0.02108719 0.         0.02617944 0.01366426 0.02576859
 0.02579965 0.01616403 0.01709346 0.02036765]
mean_distance	: 0.01841595210134983
comp_name	: inflating
distances	: [0.04221135 0.01737648 0.02938816 0.04221135 0.01737648 0.02938816
 0.03411663 0.01698923 0.02344852 0.02841223]
mean_distance	: 0.028091857209801674
comp_name	: shrinking
distances	: [0.05150937 0.05150937 0.05150937 0.05304136 0.05123831 0.05304136
 0.04473605 0.05304136 0.05123832 0.03131405]
mean_distance	: 0.049217890948057175
comp_name	: non
distances	: [0.04865509 0.04865509 0.04865509 0.04905977 0.04865509 0.04905977
 0.03583986 0.03583986 0.0483956  0.06460487]
mean_distance	: 0.047742005437612534
frame_idx	: 3
comp_name	: baunded
distances	: [0.00831643 0.00634343 0.02617944 0.         0.01377785 0.00474459
 0.00213239 0.01277416 0.01033907 0.00606461]
mean_distance	: 0.009067198261618614
comp_name	: inflating
distances	: [0.02579246 0.0242089  0.0099749  0.02579246 0.0242089  0.0099749
 0.02145336 0.03892529 0.01576029 0.01040276]
mean_distance	: 0.020649421960115433
comp_name	: shrinking
distances	: [0.04006909 0.04006909 0.04006909 0.03997812 0.0373105  0.03997812
 0.03157586 0.03997812 0.0373105  0.01667385]
mean_distance	: 0.03630123287439346
comp_name	: non
distances	: [0.03538995 0.03538995 0.03538995 0.03542036 0.03538995 0.03542036
 0.02013    0.02013    0.03516287 0.05534811]
mean_distance	: 0.034317146986722946
frame_idx	: 4
comp_name	: baunded
distances	: [0.00659257 0.00937754 0.01366426 0.01377785 0.         0.01358478
 0.01390703 0.00316512 0.00554863 0.0086286 ]
mean_distance	: 0.008824638091027737
comp_name	: inflating
distances	: [0.03445874 0.01934766 0.01967344 0.03445874 0.01934766 0.01967344
 0.02788061 0.02883141 0.01841182 0.01883434]
mean_distance	: 0.02409178391098976
comp_name	: shrinking
distances	: [0.04585199 0.04585199 0.04585199 0.04651916 0.04429634 0.04651916
 0.03819021 0.04651916 0.04429635 0.02267016]
mean_distance	: 0.04265664890408516
comp_name	: non
distances	: [0.04220208 0.04220208 0.04220208 0.04238938 0.04220208 0.04238938
 0.02766182 0.02766182 0.04195037 0.05984976]
mean_distance	: 0.0410710871219635
frame_idx	: 5
comp_name	: baunded
distances	: [0.00870175 0.00511252 0.02576859 0.00474459 0.01358478 0.
 0.00457945 0.01217856 0.00907309 0.00691088]
mean_distance	: 0.009065421298146248
comp_name	: inflating
distances	: [0.02991114 0.02635242 0.01389117 0.02991114 0.02635242 0.01389117
 0.0254247  0.03853396 0.01848675 0.00947464]
mean_distance	: 0.02322295308113098
comp_name	: shrinking
distances	: [0.04286841 0.04286841 0.04286841 0.04306008 0.04061436 0.04306008
 0.03501944 0.04306008 0.04061436 0.0208842 ]
mean_distance	: 0.03949178382754326
comp_name	: non
distances	: [0.03872919 0.03872919 0.03872919 0.03878336 0.03872919 0.03878336
 0.02439186 0.02439186 0.03844577 0.05762134]
mean_distance	: 0.03773342818021774
frame_idx	: 6
comp_name	: baunded
distances	: [0.00796969 0.00609008 0.02579965 0.00213239 0.01390703 0.00457945
 0.         0.0130059  0.01003651 0.00574671]
mean_distance	: 0.00892674084752798
comp_name	: inflating
distances	: [0.02561076 0.02364163 0.00975119 0.02561076 0.02364163 0.00975119
 0.02108646 0.03838854 0.01518284 0.01014142]
mean_distance	: 0.020280640572309494
comp_name	: shrinking
distances	: [0.03950593 0.03950593 0.03950593 0.03950257 0.03688975 0.03950257
 0.03116959 0.03950257 0.03688975 0.01673747]
mean_distance	: 0.03587120771408081
comp_name	: non
distances	: [0.03491126 0.03491126 0.03491126 0.03496407 0.03491126 0.03496407
 0.0200541  0.0200541  0.03467601 0.05484539]
mean_distance	: 0.0339202806353569
frame_idx	: 7
comp_name	: baunded
distances	: [0.00697194 0.00882958 0.01616403 0.01277416 0.00316512 0.01217856
 0.0130059  0.         0.00488333 0.00824373]
mean_distance	: 0.008621634915471077
comp_name	: inflating
distances	: [0.03475831 0.0218498  0.01984072 0.03475831 0.0218498  0.01984072
 0.02880546 0.031657   0.02010441 0.01876955]
mean_distance	: 0.02522340975701809
comp_name	: shrinking
distances	: [0.04635801 0.04635801 0.04635801 0.04686049 0.04458654 0.04686049
 0.03866401 0.04686049 0.04458654 0.02278402]
mean_distance	: 0.04302766174077988
comp_name	: non
distances	: [0.04265296 0.04265296 0.04265296 0.04278489 0.04265296 0.04278489
 0.02788919 0.02788919 0.04238911 0.06038224]
mean_distance	: 0.041473131626844406
frame_idx	: 8
comp_name	: baunded
distances	: [0.00429499 0.00556403 0.01709346 0.01033907 0.00554863 0.00907309
 0.01003651 0.00488333 0.         0.00512763]
mean_distance	: 0.007196073420345783
comp_name	: inflating
distances	: [0.03285179 0.02093362 0.01723166 0.03285179 0.02093362 0.01723166
 0.02673774 0.03133751 0.01759994 0.0149348 ]
mean_distance	: 0.023264413699507713
comp_name	: shrinking
distances	: [0.04477805 0.04477805 0.04477805 0.0455409  0.0432622  0.0455409
 0.03699258 0.0455409  0.04326221 0.0216856 ]
mean_distance	: 0.04161594435572624
comp_name	: non
distances	: [0.04103883 0.04103883 0.04103883 0.04123035 0.04103883 0.04123035
 0.02632423 0.02632423 0.04073182 0.05932374]
mean_distance	: 0.0399320013821125
frame_idx	: 9
comp_name	: baunded
distances	: [0.00304092 0.00416525 0.02036765 0.00606461 0.0086286  0.00691088
 0.00574671 0.00824373 0.00512763 0.        ]
mean_distance	: 0.0068295979872345924
comp_name	: inflating
distances	: [0.02799473 0.01993932 0.01222177 0.02799473 0.01993932 0.01222177
 0.02223193 0.03372514 0.01424912 0.01238975]
mean_distance	: 0.020290756598114967
comp_name	: shrinking
distances	: [0.04118665 0.04118665 0.04118665 0.04168269 0.03919658 0.04168269
 0.03285147 0.04168269 0.03919659 0.01733056]
mean_distance	: 0.03771831840276718
comp_name	: non
distances	: [0.03692828 0.03692828 0.03692828 0.03709046 0.03692828 0.03709046
 0.02163382 0.02163382 0.03665417 0.05639283]
mean_distance	: 0.035820867866277695
