output_dir	: stem_log/evaluate_each_state/2021-01-20-22-04-12(33450)
sys.argv	: ['tool/evaluate_each_state.py', '--pretrained-model', 'stem_log/pre_train/2021-01-20-21-49-49(32105)/model-epoch-5-batch-10', '--dicts', 'stem_log/pre_train/2021-01-20-21-49-49(32105)/test_sample_dict.pkl', '--n-samples', '64']
> load model
model_path	: stem_log/pre_train/2021-01-20-21-49-49(32105)/model-epoch-5-batch-10
Model: "model"
_________________________________________________________________
Layer (type)                 Output Shape              Param #   
=================================================================
input_1 (InputLayer)         [(None, 100, 2)]          0         
_________________________________________________________________
LSTM (Model)                 (None, 128)               67072     
_________________________________________________________________
tf.math.l2_normalize (TFOpLa (None, 128)               0         
=================================================================
Total params: 67,072
Trainable params: 67,072
Non-trainable params: 0
_________________________________________________________________
dicts	: ['stem_log/pre_train/2021-01-20-21-49-49(32105)/test_sample_dict.pkl']
> load dicts
sample_dict	: {'inflating': 320, 'shrinking': 320, 'baunded': 320, 'non': 320}
> shuffle
> slice
sample_dict	: {'inflating': 64, 'shrinking': 64, 'baunded': 64, 'non': 64}
frame_sampling_rate	: 50
> plot frame 0 / 64
> plot frame 1 / 64
> plot frame 2 / 64
> plot frame 3 / 64
> plot frame 4 / 64
> plot frame 5 / 64
> plot frame 6 / 64
> plot frame 7 / 64
> plot frame 8 / 64
> plot frame 9 / 64
> plot frame 10 / 64
> plot frame 11 / 64
> plot frame 12 / 64
> plot frame 13 / 64
> plot frame 14 / 64
> plot frame 15 / 64
> plot frame 16 / 64
> plot frame 17 / 64
> plot frame 18 / 64
> plot frame 19 / 64
> plot frame 20 / 64
> plot frame 21 / 64
> plot frame 22 / 64
> plot frame 23 / 64
> plot frame 24 / 64
> plot frame 25 / 64
> plot frame 26 / 64
> plot frame 27 / 64
> plot frame 28 / 64
> plot frame 29 / 64
> plot frame 30 / 64
> plot frame 31 / 64
> plot frame 32 / 64
> plot frame 33 / 64
> plot frame 34 / 64
> plot frame 35 / 64
> plot frame 36 / 64
> plot frame 37 / 64
> plot frame 38 / 64
> plot frame 39 / 64
> plot frame 40 / 64
> plot frame 41 / 64
> plot frame 42 / 64
> plot frame 43 / 64
> plot frame 44 / 64
> plot frame 45 / 64
> plot frame 46 / 64
> plot frame 47 / 64
> plot frame 48 / 64
> plot frame 49 / 64
> plot frame 50 / 64
> plot frame 51 / 64
> plot frame 52 / 64
> plot frame 53 / 64
> plot frame 54 / 64
> plot frame 55 / 64
> plot frame 56 / 64
> plot frame 57 / 64
> plot frame 58 / 64
> plot frame 59 / 64
> plot frame 60 / 64
> plot frame 61 / 64
> plot frame 62 / 64
> plot frame 63 / 64
> embeding
anchor name	: inflating
mean	: 0.027157705277204514	; std	: 0.010936027392745018	; inflating
mean	: 0.06516648083925247	; std	: 0.016932427883148193	; shrinking
mean	: 0.048254452645778656	; std	: 0.0037763752043247223	; baunded
mean	: 0.05741891264915466	; std	: 0.021366747096180916	; non
mean	: 0.027157705277204514	; std	: 0.010936027392745018	; inflating
mean	: 0.06516648083925247	; std	: 0.016932427883148193	; shrinking
mean	: 0.048254452645778656	; std	: 0.0037763752043247223	; baunded
mean	: 0.05741891264915466	; std	: 0.021366747096180916	; non
mean	: 0.02984347939491272	; std	: 0.018514087423682213	; inflating
mean	: 0.04822550714015961	; std	: 0.016522778198122978	; shrinking
mean	: 0.05869896337389946	; std	: 0.004011646844446659	; baunded
mean	: 0.045074839144945145	; std	: 0.02837502583861351	; non
mean	: 0.02487664297223091	; std	: 0.015330090187489986	; inflating
mean	: 0.0634162575006485	; std	: 0.022877724841237068	; shrinking
mean	: 0.0260644368827343	; std	: 0.004274238832294941	; baunded
mean	: 0.055243540555238724	; std	: 0.02532356232404709	; non
mean	: 0.028156518936157227	; std	: 0.010634073056280613	; inflating
mean	: 0.07464651763439178	; std	: 0.018329408019781113	; shrinking
mean	: 0.03821970149874687	; std	: 0.0032106004655361176	; baunded
mean	: 0.06324363499879837	; std	: 0.02036866545677185	; non
mean	: 0.02487664297223091	; std	: 0.015330090187489986	; inflating
mean	: 0.0634162575006485	; std	: 0.022877724841237068	; shrinking
mean	: 0.0260644368827343	; std	: 0.004274238832294941	; baunded
mean	: 0.055243540555238724	; std	: 0.02532356232404709	; non
mean	: 0.02984347939491272	; std	: 0.018514087423682213	; inflating
mean	: 0.04822550714015961	; std	: 0.016522778198122978	; shrinking
mean	: 0.05869896337389946	; std	: 0.004011646844446659	; baunded
mean	: 0.045074839144945145	; std	: 0.02837502583861351	; non
mean	: 0.02984347939491272	; std	: 0.018514087423682213	; inflating
mean	: 0.04822550714015961	; std	: 0.016522778198122978	; shrinking
mean	: 0.05869896337389946	; std	: 0.004011646844446659	; baunded
mean	: 0.045074839144945145	; std	: 0.02837502583861351	; non
mean	: 0.02984347939491272	; std	: 0.018514087423682213	; inflating
mean	: 0.04822550714015961	; std	: 0.016522778198122978	; shrinking
mean	: 0.05869896337389946	; std	: 0.004011646844446659	; baunded
mean	: 0.045074839144945145	; std	: 0.02837502583861351	; non
mean	: 0.023813720792531967	; std	: 0.01489028986543417	; inflating
mean	: 0.06335779279470444	; std	: 0.022450506687164307	; shrinking
mean	: 0.026773063465952873	; std	: 0.004264222923666239	; baunded
mean	: 0.055086538195610046	; std	: 0.02504538558423519	; non
mean	: 0.023813720792531967	; std	: 0.01489028986543417	; inflating
mean	: 0.06335779279470444	; std	: 0.022450506687164307	; shrinking
mean	: 0.026773063465952873	; std	: 0.004264222923666239	; baunded
mean	: 0.055086538195610046	; std	: 0.02504538558423519	; non
mean	: 0.027157705277204514	; std	: 0.010936027392745018	; inflating
mean	: 0.06516648083925247	; std	: 0.016932427883148193	; shrinking
mean	: 0.048254452645778656	; std	: 0.0037763752043247223	; baunded
mean	: 0.05741891264915466	; std	: 0.021366747096180916	; non
mean	: 0.03238128870725632	; std	: 0.017055446282029152	; inflating
mean	: 0.08059251308441162	; std	: 0.02039353922009468	; shrinking
mean	: 0.02216205559670925	; std	: 0.003503860207274556	; baunded
mean	: 0.06690648943185806	; std	: 0.025074344128370285	; non
mean	: 0.034810326993465424	; std	: 0.01794806495308876	; inflating
mean	: 0.08243913948535919	; std	: 0.02056950330734253	; shrinking
mean	: 0.020087487995624542	; std	: 0.003510501468554139	; baunded
mean	: 0.068123959004879	; std	: 0.026494145393371582	; non
mean	: 0.025975454598665237	; std	: 0.013522127643227577	; inflating
mean	: 0.05009457841515541	; std	: 0.020083151757717133	; shrinking
mean	: 0.04613219574093819	; std	: 0.003996373154222965	; baunded
mean	: 0.04429484158754349	; std	: 0.028997031971812248	; non
mean	: 0.02288951352238655	; std	: 0.01086745597422123	; inflating
mean	: 0.06361391395330429	; std	: 0.020429642871022224	; shrinking
mean	: 0.03464086726307869	; std	: 0.0039289346896111965	; baunded
mean	: 0.054818104952573776	; std	: 0.02385774254798889	; non
mean	: 0.02656395174562931	; std	: 0.010733063332736492	; inflating
mean	: 0.06356238573789597	; std	: 0.017324361950159073	; shrinking
mean	: 0.04829997569322586	; std	: 0.003798028454184532	; baunded
mean	: 0.05583585798740387	; std	: 0.02212165668606758	; non
mean	: 0.02524629980325699	; std	: 0.009646131657063961	; inflating
mean	: 0.0680282935500145	; std	: 0.01844925247132778	; shrinking
mean	: 0.03934933617711067	; std	: 0.0037408231291919947	; baunded
mean	: 0.058684464544057846	; std	: 0.02127094566822052	; non
mean	: 0.04101163148880005	; std	: 0.020277291536331177	; inflating
mean	: 0.09035517275333405	; std	: 0.01906384900212288	; shrinking
mean	: 0.03081919066607952	; std	: 0.003867784747853875	; baunded
mean	: 0.07438872009515762	; std	: 0.026296086609363556	; non
mean	: 0.02984347939491272	; std	: 0.018514087423682213	; inflating
mean	: 0.04822550714015961	; std	: 0.016522778198122978	; shrinking
mean	: 0.05869896337389946	; std	: 0.004011646844446659	; baunded
mean	: 0.045074839144945145	; std	: 0.02837502583861351	; non
mean	: 0.023813720792531967	; std	: 0.01489028986543417	; inflating
mean	: 0.06335779279470444	; std	: 0.022450506687164307	; shrinking
mean	: 0.026773063465952873	; std	: 0.004264222923666239	; baunded
mean	: 0.055086538195610046	; std	: 0.02504538558423519	; non
mean	: 0.037544798105955124	; std	: 0.019416745752096176	; inflating
mean	: 0.045949265360832214	; std	: 0.014797567389905453	; shrinking
mean	: 0.06762006133794785	; std	: 0.003858741372823715	; baunded
mean	: 0.04608103632926941	; std	: 0.027739129960536957	; non
mean	: 0.02487664297223091	; std	: 0.015330090187489986	; inflating
mean	: 0.0634162575006485	; std	: 0.022877724841237068	; shrinking
mean	: 0.0260644368827343	; std	: 0.004274238832294941	; baunded
mean	: 0.055243540555238724	; std	: 0.02532356232404709	; non
mean	: 0.04101163148880005	; std	: 0.020277291536331177	; inflating
mean	: 0.09035517275333405	; std	: 0.01906384900212288	; shrinking
mean	: 0.03081919066607952	; std	: 0.003867784747853875	; baunded
mean	: 0.07438872009515762	; std	: 0.026296086609363556	; non
mean	: 0.027157705277204514	; std	: 0.010936027392745018	; inflating
mean	: 0.06516648083925247	; std	: 0.016932427883148193	; shrinking
mean	: 0.048254452645778656	; std	: 0.0037763752043247223	; baunded
mean	: 0.05741891264915466	; std	: 0.021366747096180916	; non
mean	: 0.04101163148880005	; std	: 0.020277291536331177	; inflating
mean	: 0.09035517275333405	; std	: 0.01906384900212288	; shrinking
mean	: 0.03081919066607952	; std	: 0.003867784747853875	; baunded
mean	: 0.07438872009515762	; std	: 0.026296086609363556	; non
mean	: 0.02751186490058899	; std	: 0.014784928411245346	; inflating
mean	: 0.07048194110393524	; std	: 0.022350193932652473	; shrinking
mean	: 0.01844330132007599	; std	: 0.004114799201488495	; baunded
mean	: 0.05994495376944542	; std	: 0.025126595050096512	; non
mean	: 0.043539613485336304	; std	: 0.01906871609389782	; inflating
mean	: 0.0920691192150116	; std	: 0.01802440918982029	; shrinking
mean	: 0.03722022473812103	; std	: 0.003956346306949854	; baunded
mean	: 0.07659700512886047	; std	: 0.024039344862103462	; non
mean	: 0.03238128870725632	; std	: 0.017055446282029152	; inflating
mean	: 0.08059251308441162	; std	: 0.02039353922009468	; shrinking
mean	: 0.02216205559670925	; std	: 0.003503860207274556	; baunded
mean	: 0.06690648943185806	; std	: 0.025074344128370285	; non
mean	: 0.027656137943267822	; std	: 0.014464247971773148	; inflating
mean	: 0.0745415985584259	; std	: 0.02081284299492836	; shrinking
mean	: 0.022655358538031578	; std	: 0.0032478170469403267	; baunded
mean	: 0.062405914068222046	; std	: 0.02400115877389908	; non
mean	: 0.028957607224583626	; std	: 0.014275155030190945	; inflating
mean	: 0.07673026621341705	; std	: 0.019664952531456947	; shrinking
mean	: 0.027668045833706856	; std	: 0.0029706379864364862	; baunded
mean	: 0.06422154605388641	; std	: 0.022725075483322144	; non
mean	: 0.037544798105955124	; std	: 0.019416745752096176	; inflating
mean	: 0.045949265360832214	; std	: 0.014797567389905453	; shrinking
mean	: 0.06762006133794785	; std	: 0.003858741372823715	; baunded
mean	: 0.04608103632926941	; std	: 0.027739129960536957	; non
mean	: 0.038457322865724564	; std	: 0.020023273304104805	; inflating
mean	: 0.04766993969678879	; std	: 0.014293358661234379	; shrinking
mean	: 0.06898500770330429	; std	: 0.004058511927723885	; baunded
mean	: 0.047821640968322754	; std	: 0.028238674625754356	; non
mean	: 0.02656395174562931	; std	: 0.010733063332736492	; inflating
mean	: 0.06356238573789597	; std	: 0.017324361950159073	; shrinking
mean	: 0.04829997569322586	; std	: 0.003798028454184532	; baunded
mean	: 0.05583585798740387	; std	: 0.02212165668606758	; non
mean	: 0.02984347939491272	; std	: 0.018514087423682213	; inflating
mean	: 0.04822550714015961	; std	: 0.016522778198122978	; shrinking
mean	: 0.05869896337389946	; std	: 0.004011646844446659	; baunded
mean	: 0.045074839144945145	; std	: 0.02837502583861351	; non
mean	: 0.024330388754606247	; std	: 0.015015962533652782	; inflating
mean	: 0.06512852013111115	; std	: 0.022550947964191437	; shrinking
mean	: 0.025026017799973488	; std	: 0.004172975663095713	; baunded
mean	: 0.05618923157453537	; std	: 0.02502664178609848	; non
mean	: 0.02288951352238655	; std	: 0.01086745597422123	; inflating
mean	: 0.06361391395330429	; std	: 0.020429642871022224	; shrinking
mean	: 0.03464086726307869	; std	: 0.0039289346896111965	; baunded
mean	: 0.054818104952573776	; std	: 0.02385774254798889	; non
mean	: 0.02479660138487816	; std	: 0.014882134273648262	; inflating
mean	: 0.06267814338207245	; std	: 0.022845517843961716	; shrinking
mean	: 0.028178449720144272	; std	: 0.004177088849246502	; baunded
mean	: 0.05446255952119827	; std	: 0.025559086352586746	; non
mean	: 0.03001808375120163	; std	: 0.016142403706908226	; inflating
mean	: 0.04716814309358597	; std	: 0.018577340990304947	; shrinking
mean	: 0.05403687059879303	; std	: 0.004008081741631031	; baunded
mean	: 0.042756497859954834	; std	: 0.03045530989766121	; non
mean	: 0.04101163148880005	; std	: 0.020277291536331177	; inflating
mean	: 0.09035517275333405	; std	: 0.01906384900212288	; shrinking
mean	: 0.03081919066607952	; std	: 0.003867784747853875	; baunded
mean	: 0.07438872009515762	; std	: 0.026296086609363556	; non
mean	: 0.02479660138487816	; std	: 0.014882134273648262	; inflating
mean	: 0.06267814338207245	; std	: 0.022845517843961716	; shrinking
mean	: 0.028178449720144272	; std	: 0.004177088849246502	; baunded
mean	: 0.05446255952119827	; std	: 0.025559086352586746	; non
mean	: 0.02487664297223091	; std	: 0.015330090187489986	; inflating
mean	: 0.0634162575006485	; std	: 0.022877724841237068	; shrinking
mean	: 0.0260644368827343	; std	: 0.004274238832294941	; baunded
mean	: 0.055243540555238724	; std	: 0.02532356232404709	; non
mean	: 0.023813720792531967	; std	: 0.01489028986543417	; inflating
mean	: 0.06335779279470444	; std	: 0.022450506687164307	; shrinking
mean	: 0.026773063465952873	; std	: 0.004264222923666239	; baunded
mean	: 0.055086538195610046	; std	: 0.02504538558423519	; non
mean	: 0.023813720792531967	; std	: 0.01489028986543417	; inflating
mean	: 0.06335779279470444	; std	: 0.022450506687164307	; shrinking
mean	: 0.026773063465952873	; std	: 0.004264222923666239	; baunded
mean	: 0.055086538195610046	; std	: 0.02504538558423519	; non
mean	: 0.025647249072790146	; std	: 0.013480479829013348	; inflating
mean	: 0.050436049699783325	; std	: 0.01994851417839527	; shrinking
mean	: 0.046075548976659775	; std	: 0.0040142531506717205	; baunded
mean	: 0.044613972306251526	; std	: 0.02873448096215725	; non
mean	: 0.025416959077119827	; std	: 0.012983879074454308	; inflating
mean	: 0.05134577676653862	; std	: 0.02024189569056034	; shrinking
mean	: 0.044830288738012314	; std	: 0.003977483604103327	; baunded
mean	: 0.0452294647693634	; std	: 0.028423715382814407	; non
mean	: 0.0347692146897316	; std	: 0.016627125442028046	; inflating
mean	: 0.08383484184741974	; std	: 0.01854003593325615	; shrinking
mean	: 0.03272407501935959	; std	: 0.0032884657848626375	; baunded
mean	: 0.07001297920942307	; std	: 0.02238525077700615	; non
mean	: 0.03001808375120163	; std	: 0.016142403706908226	; inflating
mean	: 0.04716814309358597	; std	: 0.018577340990304947	; shrinking
mean	: 0.05403687059879303	; std	: 0.004008081741631031	; baunded
mean	: 0.042756497859954834	; std	: 0.03045530989766121	; non
mean	: 0.038457322865724564	; std	: 0.020023273304104805	; inflating
mean	: 0.04766993969678879	; std	: 0.014293358661234379	; shrinking
mean	: 0.06898500770330429	; std	: 0.004058511927723885	; baunded
mean	: 0.047821640968322754	; std	: 0.028238674625754356	; non
mean	: 0.023564046248793602	; std	: 0.012639609165489674	; inflating
mean	: 0.06680119782686234	; std	: 0.021363940089941025	; shrinking
mean	: 0.028134845197200775	; std	: 0.003855694318190217	; baunded
mean	: 0.05699187517166138	; std	: 0.02411843277513981	; non
mean	: 0.037544798105955124	; std	: 0.019416745752096176	; inflating
mean	: 0.045949265360832214	; std	: 0.014797567389905453	; shrinking
mean	: 0.06762006133794785	; std	: 0.003858741372823715	; baunded
mean	: 0.04608103632926941	; std	: 0.027739129960536957	; non
mean	: 0.04844123125076294	; std	: 0.021034136414527893	; inflating
mean	: 0.042673513293266296	; std	: 0.014003394171595573	; shrinking
mean	: 0.07891486585140228	; std	: 0.0040176971815526485	; baunded
mean	: 0.04762456566095352	; std	: 0.030714035034179688	; non
mean	: 0.037544798105955124	; std	: 0.019416745752096176	; inflating
mean	: 0.045949265360832214	; std	: 0.014797567389905453	; shrinking
mean	: 0.06762006133794785	; std	: 0.003858741372823715	; baunded
mean	: 0.04608103632926941	; std	: 0.027739129960536957	; non
mean	: 0.025647249072790146	; std	: 0.013480479829013348	; inflating
mean	: 0.050436049699783325	; std	: 0.01994851417839527	; shrinking
mean	: 0.046075548976659775	; std	: 0.0040142531506717205	; baunded
mean	: 0.044613972306251526	; std	: 0.02873448096215725	; non
mean	: 0.02905108965933323	; std	: 0.015069886110723019	; inflating
mean	: 0.07619573920965195	; std	: 0.020266031846404076	; shrinking
mean	: 0.023466523736715317	; std	: 0.0031142395455390215	; baunded
mean	: 0.06385776400566101	; std	: 0.0237712524831295	; non
mean	: 0.02479660138487816	; std	: 0.014882134273648262	; inflating
mean	: 0.06267814338207245	; std	: 0.022845517843961716	; shrinking
mean	: 0.028178449720144272	; std	: 0.004177088849246502	; baunded
mean	: 0.05446255952119827	; std	: 0.025559086352586746	; non
mean	: 0.02984347939491272	; std	: 0.018514087423682213	; inflating
mean	: 0.04822550714015961	; std	: 0.016522778198122978	; shrinking
mean	: 0.05869896337389946	; std	: 0.004011646844446659	; baunded
mean	: 0.045074839144945145	; std	: 0.02837502583861351	; non
mean	: 0.03605348616838455	; std	: 0.01763683557510376	; inflating
mean	: 0.08435243368148804	; std	: 0.020579000934958458	; shrinking
mean	: 0.02268911898136139	; std	: 0.003191375406458974	; baunded
mean	: 0.06907914578914642	; std	: 0.026679545640945435	; non
mean	: 0.03284924477338791	; std	: 0.013994935899972916	; inflating
mean	: 0.08151063323020935	; std	: 0.018186185508966446	; shrinking
mean	: 0.03665008768439293	; std	: 0.0032080409582704306	; baunded
mean	: 0.06843525171279907	; std	: 0.020622342824935913	; non
mean	: 0.02984347939491272	; std	: 0.018514087423682213	; inflating
mean	: 0.04822550714015961	; std	: 0.016522778198122978	; shrinking
mean	: 0.05869896337389946	; std	: 0.004011646844446659	; baunded
mean	: 0.045074839144945145	; std	: 0.02837502583861351	; non
mean	: 0.04183268919587135	; std	: 0.018790926784276962	; inflating
mean	: 0.08906258642673492	; std	: 0.019838955253362656	; shrinking
mean	: 0.026771102100610733	; std	: 0.0034171193838119507	; baunded
mean	: 0.07290947437286377	; std	: 0.027929186820983887	; non
mean	: 0.028779499232769012	; std	: 0.010950190015137196	; inflating
mean	: 0.07438728213310242	; std	: 0.01844426989555359	; shrinking
mean	: 0.036712050437927246	; std	: 0.003647190285846591	; baunded
mean	: 0.06349674612283707	; std	: 0.020411375910043716	; non
mean	: 0.024330388754606247	; std	: 0.015015962533652782	; inflating
mean	: 0.06512852013111115	; std	: 0.022550947964191437	; shrinking
mean	: 0.025026017799973488	; std	: 0.004172975663095713	; baunded
mean	: 0.05618923157453537	; std	: 0.02502664178609848	; non
mean	: 0.02479660138487816	; std	: 0.014882134273648262	; inflating
mean	: 0.06267814338207245	; std	: 0.022845517843961716	; shrinking
mean	: 0.028178449720144272	; std	: 0.004177088849246502	; baunded
mean	: 0.05446255952119827	; std	: 0.025559086352586746	; non
anchor name	: shrinking
mean	: 0.07743753492832184	; std	: 0.015339460223913193	; inflating
mean	: 0.03296530991792679	; std	: 0.016934705898165703	; shrinking
mean	: 0.0951051115989685	; std	: 0.004815015010535717	; baunded
mean	: 0.060991354286670685	; std	: 0.030060961842536926	; non
mean	: 0.05014892295002937	; std	: 0.012879665940999985	; inflating
mean	: 0.03405691310763359	; std	: 0.019088758155703545	; shrinking
mean	: 0.06127992272377014	; std	: 0.0043723792769014835	; baunded
mean	: 0.04719416797161102	; std	: 0.025886017829179764	; non
mean	: 0.08144503086805344	; std	: 0.01863611303269863	; inflating
mean	: 0.042866840958595276	; std	: 0.023015808314085007	; shrinking
mean	: 0.1078493595123291	; std	: 0.004182102624326944	; baunded
mean	: 0.05893247202038765	; std	: 0.04303470253944397	; non
mean	: 0.05014892295002937	; std	: 0.012879665940999985	; inflating
mean	: 0.03405691310763359	; std	: 0.019088758155703545	; shrinking
mean	: 0.06127992272377014	; std	: 0.0043723792769014835	; baunded
mean	: 0.04719416797161102	; std	: 0.025886017829179764	; non
mean	: 0.04636971652507782	; std	: 0.014882202260196209	; inflating
mean	: 0.03216323256492615	; std	: 0.017044346779584885	; shrinking
mean	: 0.06553462147712708	; std	: 0.003934241831302643	; baunded
mean	: 0.042018793523311615	; std	: 0.028731130063533783	; non
mean	: 0.07743753492832184	; std	: 0.015339460223913193	; inflating
mean	: 0.03296530991792679	; std	: 0.016934705898165703	; shrinking
mean	: 0.0951051115989685	; std	: 0.004815015010535717	; baunded
mean	: 0.060991354286670685	; std	: 0.030060961842536926	; non
mean	: 0.07743753492832184	; std	: 0.015339460223913193	; inflating
mean	: 0.03296530991792679	; std	: 0.016934705898165703	; shrinking
mean	: 0.0951051115989685	; std	: 0.004815015010535717	; baunded
mean	: 0.060991354286670685	; std	: 0.030060961842536926	; non
mean	: 0.08144503086805344	; std	: 0.01863611303269863	; inflating
mean	: 0.042866840958595276	; std	: 0.023015808314085007	; shrinking
mean	: 0.1078493595123291	; std	: 0.004182102624326944	; baunded
mean	: 0.05893247202038765	; std	: 0.04303470253944397	; non
mean	: 0.04636971652507782	; std	: 0.014882202260196209	; inflating
mean	: 0.03216323256492615	; std	: 0.017044346779584885	; shrinking
mean	: 0.06553462147712708	; std	: 0.003934241831302643	; baunded
mean	: 0.042018793523311615	; std	: 0.028731130063533783	; non
mean	: 0.05014892295002937	; std	: 0.012879665940999985	; inflating
mean	: 0.03405691310763359	; std	: 0.019088758155703545	; shrinking
mean	: 0.06127992272377014	; std	: 0.0043723792769014835	; baunded
mean	: 0.04719416797161102	; std	: 0.025886017829179764	; non
mean	: 0.036147262901067734	; std	: 0.012562797404825687	; inflating
mean	: 0.03861107677221298	; std	: 0.021194929257035255	; shrinking
mean	: 0.04975123703479767	; std	: 0.004315168596804142	; baunded
mean	: 0.04140858352184296	; std	: 0.02921607717871666	; non
mean	: 0.09158410131931305	; std	: 0.018607931211590767	; inflating
mean	: 0.054032500833272934	; std	: 0.0238244216889143	; shrinking
mean	: 0.11872222274541855	; std	: 0.004392108879983425	; baunded
mean	: 0.07061213254928589	; std	: 0.042658064514398575	; non
mean	: 0.036147262901067734	; std	: 0.012562797404825687	; inflating
mean	: 0.03861107677221298	; std	: 0.021194929257035255	; shrinking
mean	: 0.04975123703479767	; std	: 0.004315168596804142	; baunded
mean	: 0.04140858352184296	; std	: 0.02921607717871666	; non
mean	: 0.04636971652507782	; std	: 0.014882202260196209	; inflating
mean	: 0.03216323256492615	; std	: 0.017044346779584885	; shrinking
mean	: 0.06553462147712708	; std	: 0.003934241831302643	; baunded
mean	: 0.042018793523311615	; std	: 0.028731130063533783	; non
mean	: 0.05809367448091507	; std	: 0.014444508589804173	; inflating
mean	: 0.028727015480399132	; std	: 0.01369126234203577	; shrinking
mean	: 0.0741836279630661	; std	: 0.004659697879105806	; baunded
mean	: 0.04930509626865387	; std	: 0.026490794494748116	; non
mean	: 0.06431213021278381	; std	: 0.01729663647711277	; inflating
mean	: 0.03243503347039223	; std	: 0.016269715502858162	; shrinking
mean	: 0.08640025556087494	; std	: 0.0037861031014472246	; baunded
mean	: 0.04900919646024704	; std	: 0.03283995762467384	; non
mean	: 0.07707390934228897	; std	: 0.014587866142392159	; inflating
mean	: 0.03388197720050812	; std	: 0.015328656882047653	; shrinking
mean	: 0.09305833280086517	; std	: 0.0048691085539758205	; baunded
mean	: 0.06175268441438675	; std	: 0.028112920001149178	; non
mean	: 0.05809367448091507	; std	: 0.014444508589804173	; inflating
mean	: 0.028727015480399132	; std	: 0.01369126234203577	; shrinking
mean	: 0.0741836279630661	; std	: 0.004659697879105806	; baunded
mean	: 0.04930509626865387	; std	: 0.026490794494748116	; non
mean	: 0.05456283688545227	; std	: 0.010276710614562035	; inflating
mean	: 0.046492766588926315	; std	: 0.02022368833422661	; shrinking
mean	: 0.05479650944471359	; std	: 0.005329341161996126	; baunded
mean	: 0.058288976550102234	; std	: 0.02062295936048031	; non
mean	: 0.05036540329456329	; std	: 0.016998259350657463	; inflating
mean	: 0.03022659569978714	; std	: 0.014109534211456776	; shrinking
mean	: 0.07260464131832123	; std	: 0.004654893185943365	; baunded
mean	: 0.044678159058094025	; std	: 0.02925390563905239	; non
mean	: 0.05014892295002937	; std	: 0.012879665940999985	; inflating
mean	: 0.03405691310763359	; std	: 0.019088758155703545	; shrinking
mean	: 0.06127992272377014	; std	: 0.0043723792769014835	; baunded
mean	: 0.04719416797161102	; std	: 0.025886017829179764	; non
mean	: 0.09914631396532059	; std	: 0.014188196510076523	; inflating
mean	: 0.054318688809871674	; std	: 0.017486657947301865	; shrinking
mean	: 0.11517923325300217	; std	: 0.005532701965421438	; baunded
mean	: 0.08308948576450348	; std	: 0.028603732585906982	; non
mean	: 0.0742931216955185	; std	: 0.01575513556599617	; inflating
mean	: 0.03122871369123459	; std	: 0.01629527658224106	; shrinking
mean	: 0.09268883615732193	; std	: 0.00473830895498395	; baunded
mean	: 0.058182887732982635	; std	: 0.030425187200307846	; non
mean	: 0.0742931216955185	; std	: 0.01575513556599617	; inflating
mean	: 0.03122871369123459	; std	: 0.01629527658224106	; shrinking
mean	: 0.09268883615732193	; std	: 0.00473830895498395	; baunded
mean	: 0.058182887732982635	; std	: 0.030425187200307846	; non
mean	: 0.05014892295002937	; std	: 0.012879665940999985	; inflating
mean	: 0.03405691310763359	; std	: 0.019088758155703545	; shrinking
mean	: 0.06127992272377014	; std	: 0.0043723792769014835	; baunded
mean	: 0.04719416797161102	; std	: 0.025886017829179764	; non
mean	: 0.0774548202753067	; std	: 0.0186366718262434	; inflating
mean	: 0.03801136091351509	; std	: 0.021380705758929253	; shrinking
mean	: 0.10276313126087189	; std	: 0.003973002545535564	; baunded
mean	: 0.05501958727836609	; std	: 0.04114827886223793	; non
mean	: 0.04297352209687233	; std	: 0.011202449910342693	; inflating
mean	: 0.040505193173885345	; std	: 0.02138388715684414	; shrinking
mean	: 0.04908294603228569	; std	: 0.0049293371848762035	; baunded
mean	: 0.04859679564833641	; std	: 0.024757182225584984	; non
mean	: 0.07555487751960754	; std	: 0.01807914860546589	; inflating
mean	: 0.03462179750204086	; std	: 0.020075714215636253	; shrinking
mean	: 0.09965833276510239	; std	: 0.004235473461449146	; baunded
mean	: 0.054838065057992935	; std	: 0.038580816239118576	; non
mean	: 0.07743753492832184	; std	: 0.015339460223913193	; inflating
mean	: 0.03296530991792679	; std	: 0.016934705898165703	; shrinking
mean	: 0.0951051115989685	; std	: 0.004815015010535717	; baunded
mean	: 0.060991354286670685	; std	: 0.030060961842536926	; non
mean	: 0.03321651741862297	; std	: 0.01177998073399067	; inflating
mean	: 0.04462403431534767	; std	: 0.02287154272198677	; shrinking
mean	: 0.042319610714912415	; std	: 0.004546433687210083	; baunded
mean	: 0.045032866299152374	; std	: 0.027814405038952827	; non
mean	: 0.05121979862451553	; std	: 0.014670350588858128	; inflating
mean	: 0.03087572008371353	; std	: 0.013484025374054909	; shrinking
mean	: 0.0690019503235817	; std	: 0.0050217024981975555	; baunded
mean	: 0.047304943203926086	; std	: 0.026444246992468834	; non
mean	: 0.09158410131931305	; std	: 0.018607931211590767	; inflating
mean	: 0.054032500833272934	; std	: 0.0238244216889143	; shrinking
mean	: 0.11872222274541855	; std	: 0.004392108879983425	; baunded
mean	: 0.07061213254928589	; std	: 0.042658064514398575	; non
mean	: 0.04312729090452194	; std	: 0.01571108028292656	; inflating
mean	: 0.033695515245199203	; std	: 0.01515652984380722	; shrinking
mean	: 0.06414006650447845	; std	: 0.004816215019673109	; baunded
mean	: 0.04352510720491409	; std	: 0.0281791090965271	; non
mean	: 0.03818761929869652	; std	: 0.009931666776537895	; inflating
mean	: 0.043716877698898315	; std	: 0.02238570712506771	; shrinking
mean	: 0.0420394092798233	; std	: 0.00478255283087492	; baunded
mean	: 0.04840682074427605	; std	: 0.02403230033814907	; non
mean	: 0.05809367448091507	; std	: 0.014444508589804173	; inflating
mean	: 0.028727015480399132	; std	: 0.01369126234203577	; shrinking
mean	: 0.0741836279630661	; std	: 0.004659697879105806	; baunded
mean	: 0.04930509626865387	; std	: 0.026490794494748116	; non
mean	: 0.0499873086810112	; std	: 0.016485100612044334	; inflating
mean	: 0.029689732939004898	; std	: 0.01580142416059971	; shrinking
mean	: 0.0707896500825882	; std	: 0.004216473083943129	; baunded
mean	: 0.04287661612033844	; std	: 0.029818935319781303	; non
mean	: 0.05456283688545227	; std	: 0.010276710614562035	; inflating
mean	: 0.046492766588926315	; std	: 0.02022368833422661	; shrinking
mean	: 0.05479650944471359	; std	: 0.005329341161996126	; baunded
mean	: 0.058288976550102234	; std	: 0.02062295936048031	; non
mean	: 0.03818761929869652	; std	: 0.009931666776537895	; inflating
mean	: 0.043716877698898315	; std	: 0.02238570712506771	; shrinking
mean	: 0.0420394092798233	; std	: 0.00478255283087492	; baunded
mean	: 0.04840682074427605	; std	: 0.02403230033814907	; non
mean	: 0.09698113799095154	; std	: 0.009197263978421688	; inflating
mean	: 0.0623326301574707	; std	: 0.017105678096413612	; shrinking
mean	: 0.10008644312620163	; std	: 0.005662920884788036	; baunded
mean	: 0.08801683038473129	; std	: 0.015024404972791672	; non
mean	: 0.07085303962230682	; std	: 0.018263541162014008	; inflating
mean	: 0.03461766615509987	; std	: 0.019452862441539764	; shrinking
mean	: 0.09544502943754196	; std	: 0.0038944510743021965	; baunded
mean	: 0.05134321004152298	; std	: 0.03786991536617279	; non
mean	: 0.05036540329456329	; std	: 0.016998259350657463	; inflating
mean	: 0.03022659569978714	; std	: 0.014109534211456776	; shrinking
mean	: 0.07260464131832123	; std	: 0.004654893185943365	; baunded
mean	: 0.044678159058094025	; std	: 0.02925390563905239	; non
mean	: 0.09698113799095154	; std	: 0.009197263978421688	; inflating
mean	: 0.0623326301574707	; std	: 0.017105678096413612	; shrinking
mean	: 0.10008644312620163	; std	: 0.005662920884788036	; baunded
mean	: 0.08801683038473129	; std	: 0.015024404972791672	; non
mean	: 0.08960527181625366	; std	: 0.018948905169963837	; inflating
mean	: 0.05011651664972305	; std	: 0.023669330403208733	; shrinking
mean	: 0.11658450961112976	; std	: 0.004305259324610233	; baunded
mean	: 0.06705749779939651	; std	: 0.04356541857123375	; non
mean	: 0.03185488283634186	; std	: 0.011624526232481003	; inflating
mean	: 0.04785274714231491	; std	: 0.02343735843896866	; shrinking
mean	: 0.03834761679172516	; std	: 0.0045343381352722645	; baunded
mean	: 0.04692991077899933	; std	: 0.02694845385849476	; non
mean	: 0.07478807866573334	; std	: 0.01609024778008461	; inflating
mean	: 0.031477540731430054	; std	: 0.016671938821673393	; shrinking
mean	: 0.09413360059261322	; std	: 0.004574770573526621	; baunded
mean	: 0.05746990442276001	; std	: 0.03192456066608429	; non
mean	: 0.0742931216955185	; std	: 0.01575513556599617	; inflating
mean	: 0.03122871369123459	; std	: 0.01629527658224106	; shrinking
mean	: 0.09268883615732193	; std	: 0.00473830895498395	; baunded
mean	: 0.058182887732982635	; std	: 0.030425187200307846	; non
mean	: 0.04811703413724899	; std	: 0.015316534787416458	; inflating
mean	: 0.0327630415558815	; std	: 0.017509780824184418	; shrinking
mean	: 0.06613580882549286	; std	: 0.004044154658913612	; baunded
mean	: 0.042829252779483795	; std	: 0.02952893078327179	; non
mean	: 0.06431213021278381	; std	: 0.01729663647711277	; inflating
mean	: 0.03243503347039223	; std	: 0.016269715502858162	; shrinking
mean	: 0.08640025556087494	; std	: 0.0037861031014472246	; baunded
mean	: 0.04900919646024704	; std	: 0.03283995762467384	; non
mean	: 0.07492727786302567	; std	: 0.01831422932446003	; inflating
mean	: 0.036108050495386124	; std	: 0.02099597454071045	; shrinking
mean	: 0.10013574361801147	; std	: 0.004248686134815216	; baunded
mean	: 0.05443204566836357	; std	: 0.039675939828157425	; non
mean	: 0.09613683074712753	; std	: 0.007144128903746605	; inflating
mean	: 0.06801624596118927	; std	: 0.017171988263726234	; shrinking
mean	: 0.09558750689029694	; std	: 0.00582449184730649	; baunded
mean	: 0.09058433026075363	; std	: 0.011431029066443443	; non
mean	: 0.06785319745540619	; std	: 0.01857476495206356	; inflating
mean	: 0.03791804984211922	; std	: 0.01913311518728733	; shrinking
mean	: 0.09411774575710297	; std	: 0.0037656764034181833	; baunded
mean	: 0.05034509301185608	; std	: 0.03797737881541252	; non
mean	: 0.03818761929869652	; std	: 0.009931666776537895	; inflating
mean	: 0.043716877698898315	; std	: 0.02238570712506771	; shrinking
mean	: 0.0420394092798233	; std	: 0.00478255283087492	; baunded
mean	: 0.04840682074427605	; std	: 0.02403230033814907	; non
mean	: 0.07085303962230682	; std	: 0.018263541162014008	; inflating
mean	: 0.03461766615509987	; std	: 0.019452862441539764	; shrinking
mean	: 0.09544502943754196	; std	: 0.0038944510743021965	; baunded
mean	: 0.05134321004152298	; std	: 0.03786991536617279	; non
mean	: 0.07968461513519287	; std	: 0.018478643149137497	; inflating
mean	: 0.040796104818582535	; std	: 0.022199755534529686	; shrinking
mean	: 0.10566732287406921	; std	: 0.0043088654056191444	; baunded
mean	: 0.0582457035779953	; std	: 0.04156331717967987	; non
mean	: 0.07492727786302567	; std	: 0.01831422932446003	; inflating
mean	: 0.036108050495386124	; std	: 0.02099597454071045	; shrinking
mean	: 0.10013574361801147	; std	: 0.004248686134815216	; baunded
mean	: 0.05443204566836357	; std	: 0.039675939828157425	; non
mean	: 0.06712887436151505	; std	: 0.017199493944644928	; inflating
mean	: 0.03167309984564781	; std	: 0.017069773748517036	; shrinking
mean	: 0.0898151844739914	; std	: 0.0040362076833844185	; baunded
mean	: 0.05026775225996971	; std	: 0.03435510769486427	; non
mean	: 0.043231189250946045	; std	: 0.011326750740408897	; inflating
mean	: 0.05668722465634346	; std	: 0.024118341505527496	; shrinking
mean	: 0.03526141121983528	; std	: 0.0050081186927855015	; baunded
mean	: 0.05739506334066391	; std	: 0.02362372726202011	; non
mean	: 0.05282333493232727	; std	: 0.01594390720129013	; inflating
mean	: 0.03085651807487011	; std	: 0.016020722687244415	; shrinking
mean	: 0.07226632535457611	; std	: 0.003946004435420036	; baunded
mean	: 0.04422534629702568	; std	: 0.0294968169182539	; non
mean	: 0.07624943554401398	; std	: 0.018643425777554512	; inflating
mean	: 0.03712450712919235	; std	: 0.020841555669903755	; shrinking
mean	: 0.10139267146587372	; std	: 0.003978435881435871	; baunded
mean	: 0.05441472306847572	; std	: 0.04034016653895378	; non
mean	: 0.09914631396532059	; std	: 0.014188196510076523	; inflating
mean	: 0.054318688809871674	; std	: 0.017486657947301865	; shrinking
mean	: 0.11517923325300217	; std	: 0.005532701965421438	; baunded
mean	: 0.08308948576450348	; std	: 0.028603732585906982	; non
mean	: 0.06261377781629562	; std	: 0.016424288973212242	; inflating
mean	: 0.028845839202404022	; std	: 0.014439808204770088	; shrinking
mean	: 0.08260948956012726	; std	: 0.0042547546327114105	; baunded
mean	: 0.04904299974441528	; std	: 0.03051909990608692	; non
mean	: 0.07492727786302567	; std	: 0.01831422932446003	; inflating
mean	: 0.036108050495386124	; std	: 0.02099597454071045	; shrinking
mean	: 0.10013574361801147	; std	: 0.004248686134815216	; baunded
mean	: 0.05443204566836357	; std	: 0.039675939828157425	; non
mean	: 0.04335714131593704	; std	: 0.014132825657725334	; inflating
mean	: 0.03511960804462433	; std	: 0.01939837448298931	; shrinking
mean	: 0.0591730996966362	; std	: 0.004078302066773176	; baunded
mean	: 0.04170813411474228	; std	: 0.02968054823577404	; non
mean	: 0.07743753492832184	; std	: 0.015339460223913193	; inflating
mean	: 0.03296530991792679	; std	: 0.016934705898165703	; shrinking
mean	: 0.0951051115989685	; std	: 0.004815015010535717	; baunded
mean	: 0.060991354286670685	; std	: 0.030060961842536926	; non
anchor name	: baunded
mean	: 0.0385855995118618	; std	: 0.01600826159119606	; inflating
mean	: 0.07916612923145294	; std	: 0.02289215289056301	; shrinking
mean	: 0.008129691705107689	; std	: 0.004917929880321026	; baunded
mean	: 0.06619100272655487	; std	: 0.029272137209773064	; non
mean	: 0.0385855995118618	; std	: 0.01600826159119606	; inflating
mean	: 0.07916612923145294	; std	: 0.02289215289056301	; shrinking
mean	: 0.008129691705107689	; std	: 0.004917929880321026	; baunded
mean	: 0.06619100272655487	; std	: 0.029272137209773064	; non
mean	: 0.042219068855047226	; std	: 0.017143718898296356	; inflating
mean	: 0.08491228520870209	; std	: 0.022531773895025253	; shrinking
mean	: 0.010280044749379158	; std	: 0.0045586759224534035	; baunded
mean	: 0.0695081353187561	; std	: 0.03169380873441696	; non
mean	: 0.044452205300331116	; std	: 0.016324136406183243	; inflating
mean	: 0.08550994098186493	; std	: 0.02336292713880539	; shrinking
mean	: 0.01208253763616085	; std	: 0.005436314735561609	; baunded
mean	: 0.07033351808786392	; std	: 0.03204330801963806	; non
mean	: 0.03766273707151413	; std	: 0.015535606071352959	; inflating
mean	: 0.07699254900217056	; std	: 0.02267926000058651	; shrinking
mean	: 0.009711645543575287	; std	: 0.004648300353437662	; baunded
mean	: 0.06510122120380402	; std	: 0.02831996977329254	; non
mean	: 0.0385855995118618	; std	: 0.01600826159119606	; inflating
mean	: 0.07916612923145294	; std	: 0.02289215289056301	; shrinking
mean	: 0.008129691705107689	; std	: 0.004917929880321026	; baunded
mean	: 0.06619100272655487	; std	: 0.029272137209773064	; non
mean	: 0.042219068855047226	; std	: 0.017143718898296356	; inflating
mean	: 0.08491228520870209	; std	: 0.022531773895025253	; shrinking
mean	: 0.010280044749379158	; std	: 0.0045586759224534035	; baunded
mean	: 0.0695081353187561	; std	: 0.03169380873441696	; non
mean	: 0.04465707391500473	; std	: 0.015196295455098152	; inflating
mean	: 0.07985394448041916	; std	: 0.022984473034739494	; shrinking
mean	: 0.013036888092756271	; std	: 0.004808689467608929	; baunded
mean	: 0.06816229969263077	; std	: 0.030247291550040245	; non
mean	: 0.03766273707151413	; std	: 0.015535606071352959	; inflating
mean	: 0.07699254900217056	; std	: 0.02267926000058651	; shrinking
mean	: 0.009711645543575287	; std	: 0.004648300353437662	; baunded
mean	: 0.06510122120380402	; std	: 0.02831996977329254	; non
mean	: 0.03912794217467308	; std	: 0.015712343156337738	; inflating
mean	: 0.079063281416893	; std	: 0.021739481016993523	; shrinking
mean	: 0.013486353680491447	; std	: 0.004651361610740423	; baunded
mean	: 0.06706035882234573	; std	: 0.028020724654197693	; non
mean	: 0.03766273707151413	; std	: 0.015535606071352959	; inflating
mean	: 0.07699254900217056	; std	: 0.02267926000058651	; shrinking
mean	: 0.009711645543575287	; std	: 0.004648300353437662	; baunded
mean	: 0.06510122120380402	; std	: 0.02831996977329254	; non
mean	: 0.042219068855047226	; std	: 0.017143718898296356	; inflating
mean	: 0.08491228520870209	; std	: 0.022531773895025253	; shrinking
mean	: 0.010280044749379158	; std	: 0.0045586759224534035	; baunded
mean	: 0.0695081353187561	; std	: 0.03169380873441696	; non
mean	: 0.04840710386633873	; std	: 0.01843355968594551	; inflating
mean	: 0.09267351776361465	; std	: 0.021879982203245163	; shrinking
mean	: 0.018801087513566017	; std	: 0.006304647773504257	; baunded
mean	: 0.07427436113357544	; std	: 0.034573160111904144	; non
mean	: 0.03717317432165146	; std	: 0.013842792250216007	; inflating
mean	: 0.07183600217103958	; std	: 0.022464662790298462	; shrinking
mean	: 0.015842441469430923	; std	: 0.00578671507537365	; baunded
mean	: 0.06349954009056091	; std	: 0.025982914492487907	; non
mean	: 0.03961943835020065	; std	: 0.01624356582760811	; inflating
mean	: 0.08298810571432114	; std	: 0.023010648787021637	; shrinking
mean	: 0.012102212756872177	; std	: 0.005726019851863384	; baunded
mean	: 0.06805664300918579	; std	: 0.029841016978025436	; non
mean	: 0.0385855995118618	; std	: 0.01600826159119606	; inflating
mean	: 0.07916612923145294	; std	: 0.02289215289056301	; shrinking
mean	: 0.008129691705107689	; std	: 0.004917929880321026	; baunded
mean	: 0.06619100272655487	; std	: 0.029272137209773064	; non
mean	: 0.04840710386633873	; std	: 0.01843355968594551	; inflating
mean	: 0.09267351776361465	; std	: 0.021879982203245163	; shrinking
mean	: 0.018801087513566017	; std	: 0.006304647773504257	; baunded
mean	: 0.07427436113357544	; std	: 0.034573160111904144	; non
mean	: 0.03783443942666054	; std	: 0.014748013578355312	; inflating
mean	: 0.07594143599271774	; std	: 0.02138710208237171	; shrinking
mean	: 0.015055565163493156	; std	: 0.005906288046389818	; baunded
mean	: 0.06565086543560028	; std	: 0.02650691568851471	; non
mean	: 0.04495364427566528	; std	: 0.015132365748286247	; inflating
mean	: 0.07993805408477783	; std	: 0.0230733510106802	; shrinking
mean	: 0.013505326583981514	; std	: 0.004916033707559109	; baunded
mean	: 0.06826601922512054	; std	: 0.030257955193519592	; non
mean	: 0.03961943835020065	; std	: 0.01624356582760811	; inflating
mean	: 0.08298810571432114	; std	: 0.023010648787021637	; shrinking
mean	: 0.012102212756872177	; std	: 0.005726019851863384	; baunded
mean	: 0.06805664300918579	; std	: 0.029841016978025436	; non
mean	: 0.0385855995118618	; std	: 0.01600826159119606	; inflating
mean	: 0.07916612923145294	; std	: 0.02289215289056301	; shrinking
mean	: 0.008129691705107689	; std	: 0.004917929880321026	; baunded
mean	: 0.06619100272655487	; std	: 0.029272137209773064	; non
mean	: 0.041641198098659515	; std	: 0.015724852681159973	; inflating
mean	: 0.08012298494577408	; std	: 0.023276349529623985	; shrinking
mean	: 0.009794944897294044	; std	: 0.004965783562511206	; baunded
mean	: 0.06711748242378235	; std	: 0.030046461150050163	; non
mean	: 0.0390758141875267	; std	: 0.016042709350585938	; inflating
mean	: 0.07927156984806061	; std	: 0.022575711831450462	; shrinking
mean	: 0.009030446410179138	; std	: 0.004258444998413324	; baunded
mean	: 0.06638637185096741	; std	: 0.029179155826568604	; non
mean	: 0.03699490427970886	; std	: 0.0162185225635767	; inflating
mean	: 0.07956711947917938	; std	: 0.022504538297653198	; shrinking
mean	: 0.010320182889699936	; std	: 0.004274100065231323	; baunded
mean	: 0.06624782085418701	; std	: 0.028599444776773453	; non
mean	: 0.041641198098659515	; std	: 0.015724852681159973	; inflating
mean	: 0.08012298494577408	; std	: 0.023276349529623985	; shrinking
mean	: 0.009794944897294044	; std	: 0.004965783562511206	; baunded
mean	: 0.06711748242378235	; std	: 0.030046461150050163	; non
mean	: 0.04465707391500473	; std	: 0.015196295455098152	; inflating
mean	: 0.07985394448041916	; std	: 0.022984473034739494	; shrinking
mean	: 0.013036888092756271	; std	: 0.004808689467608929	; baunded
mean	: 0.06816229969263077	; std	: 0.030247291550040245	; non
mean	: 0.0390758141875267	; std	: 0.016042709350585938	; inflating
mean	: 0.07927156984806061	; std	: 0.022575711831450462	; shrinking
mean	: 0.009030446410179138	; std	: 0.004258444998413324	; baunded
mean	: 0.06638637185096741	; std	: 0.029179155826568604	; non
mean	: 0.0385855995118618	; std	: 0.01600826159119606	; inflating
mean	: 0.07916612923145294	; std	: 0.02289215289056301	; shrinking
mean	: 0.008129691705107689	; std	: 0.004917929880321026	; baunded
mean	: 0.06619100272655487	; std	: 0.029272137209773064	; non
mean	: 0.03844437003135681	; std	: 0.01587727665901184	; inflating
mean	: 0.07859140634536743	; std	: 0.02246561460196972	; shrinking
mean	: 0.009776467457413673	; std	: 0.004200599621981382	; baunded
mean	: 0.06619129329919815	; std	: 0.02870824560523033	; non
mean	: 0.04337553307414055	; std	: 0.016386495903134346	; inflating
mean	: 0.08467277884483337	; std	: 0.023106444627046585	; shrinking
mean	: 0.011677747592329979	; std	: 0.005692266393452883	; baunded
mean	: 0.0694221556186676	; std	: 0.031469911336898804	; non
mean	: 0.03783443942666054	; std	: 0.014748013578355312	; inflating
mean	: 0.07594143599271774	; std	: 0.02138710208237171	; shrinking
mean	: 0.015055565163493156	; std	: 0.005906288046389818	; baunded
mean	: 0.06565086543560028	; std	: 0.02650691568851471	; non
mean	: 0.0410759374499321	; std	: 0.01562451757490635	; inflating
mean	: 0.08078670501708984	; std	: 0.02326839230954647	; shrinking
mean	: 0.011921563185751438	; std	: 0.005513088312000036	; baunded
mean	: 0.0673806220293045	; std	: 0.029790660366415977	; non
mean	: 0.03783443942666054	; std	: 0.014748013578355312	; inflating
mean	: 0.07594143599271774	; std	: 0.02138710208237171	; shrinking
mean	: 0.015055565163493156	; std	: 0.005906288046389818	; baunded
mean	: 0.06565086543560028	; std	: 0.02650691568851471	; non
mean	: 0.03876418620347977	; std	: 0.015813393518328667	; inflating
mean	: 0.07856175303459167	; std	: 0.02281121164560318	; shrinking
mean	: 0.00920211523771286	; std	: 0.004421802703291178	; baunded
mean	: 0.06588955968618393	; std	: 0.028918683528900146	; non
mean	: 0.039381612092256546	; std	: 0.015752745792269707	; inflating
mean	: 0.07892806828022003	; std	: 0.02318081073462963	; shrinking
mean	: 0.009079322218894958	; std	: 0.004942735657095909	; baunded
mean	: 0.0660671591758728	; std	: 0.02932625077664852	; non
mean	: 0.03783443942666054	; std	: 0.014748013578355312	; inflating
mean	: 0.07594143599271774	; std	: 0.02138710208237171	; shrinking
mean	: 0.015055565163493156	; std	: 0.005906288046389818	; baunded
mean	: 0.06565086543560028	; std	: 0.02650691568851471	; non
mean	: 0.03945259004831314	; std	: 0.015909381210803986	; inflating
mean	: 0.07918771356344223	; std	: 0.022663220763206482	; shrinking
mean	: 0.009259901940822601	; std	: 0.004206739831715822	; baunded
mean	: 0.06656909734010696	; std	: 0.029221119359135628	; non
mean	: 0.0410759374499321	; std	: 0.01562451757490635	; inflating
mean	: 0.08078670501708984	; std	: 0.02326839230954647	; shrinking
mean	: 0.011921563185751438	; std	: 0.005513088312000036	; baunded
mean	: 0.0673806220293045	; std	: 0.029790660366415977	; non
mean	: 0.03912794217467308	; std	: 0.015712343156337738	; inflating
mean	: 0.079063281416893	; std	: 0.021739481016993523	; shrinking
mean	: 0.013486353680491447	; std	: 0.004651361610740423	; baunded
mean	: 0.06706035882234573	; std	: 0.028020724654197693	; non
mean	: 0.044948142021894455	; std	: 0.016749300062656403	; inflating
mean	: 0.08597230911254883	; std	: 0.02294832468032837	; shrinking
mean	: 0.011499924585223198	; std	: 0.00497065857052803	; baunded
mean	: 0.07032375037670135	; std	: 0.032685503363609314	; non
mean	: 0.032011669129133224	; std	: 0.015520642511546612	; inflating
mean	: 0.0750369280576706	; std	: 0.022625133395195007	; shrinking
mean	: 0.012768634594976902	; std	: 0.00424963841214776	; baunded
mean	: 0.06301841139793396	; std	: 0.026742320507764816	; non
mean	: 0.03974752128124237	; std	: 0.01560673862695694	; inflating
mean	: 0.07847091555595398	; std	: 0.023185664787888527	; shrinking
mean	: 0.009290093556046486	; std	: 0.0050986516289412975	; baunded
mean	: 0.06613703072071075	; std	: 0.02928505465388298	; non
mean	: 0.04337553307414055	; std	: 0.016386495903134346	; inflating
mean	: 0.08467277884483337	; std	: 0.023106444627046585	; shrinking
mean	: 0.011677747592329979	; std	: 0.005692266393452883	; baunded
mean	: 0.0694221556186676	; std	: 0.031469911336898804	; non
mean	: 0.03974752128124237	; std	: 0.01560673862695694	; inflating
mean	: 0.07847091555595398	; std	: 0.023185664787888527	; shrinking
mean	: 0.009290093556046486	; std	: 0.0050986516289412975	; baunded
mean	: 0.06613703072071075	; std	: 0.02928505465388298	; non
mean	: 0.04397862032055855	; std	: 0.016899866983294487	; inflating
mean	: 0.08507609367370605	; std	: 0.022208012640476227	; shrinking
mean	: 0.013057825155556202	; std	: 0.003917045425623655	; baunded
mean	: 0.07023467123508453	; std	: 0.031529106199741364	; non
mean	: 0.042219068855047226	; std	: 0.017143718898296356	; inflating
mean	: 0.08491228520870209	; std	: 0.022531773895025253	; shrinking
mean	: 0.010280044749379158	; std	: 0.0045586759224534035	; baunded
mean	: 0.0695081353187561	; std	: 0.03169380873441696	; non
mean	: 0.04627710580825806	; std	: 0.018754106014966965	; inflating
mean	: 0.0909740999341011	; std	: 0.021524891257286072	; shrinking
mean	: 0.01770060509443283	; std	: 0.0055382465943694115	; baunded
mean	: 0.07330434769392014	; std	: 0.03358565643429756	; non
mean	: 0.03909113630652428	; std	: 0.014996999874711037	; inflating
mean	: 0.07606916129589081	; std	: 0.023314520716667175	; shrinking
mean	: 0.012020979076623917	; std	: 0.005278256721794605	; baunded
mean	: 0.06497237831354141	; std	: 0.02821863628923893	; non
mean	: 0.044452205300331116	; std	: 0.016324136406183243	; inflating
mean	: 0.08550994098186493	; std	: 0.02336292713880539	; shrinking
mean	: 0.01208253763616085	; std	: 0.005436314735561609	; baunded
mean	: 0.07033351808786392	; std	: 0.03204330801963806	; non
mean	: 0.04050448164343834	; std	: 0.015880927443504333	; inflating
mean	: 0.08129221200942993	; std	: 0.023258667439222336	; shrinking
mean	: 0.011011452414095402	; std	: 0.005094174761325121	; baunded
mean	: 0.06745276600122452	; std	: 0.029808171093463898	; non
mean	: 0.03974752128124237	; std	: 0.01560673862695694	; inflating
mean	: 0.07847091555595398	; std	: 0.023185664787888527	; shrinking
mean	: 0.009290093556046486	; std	: 0.0050986516289412975	; baunded
mean	: 0.06613703072071075	; std	: 0.02928505465388298	; non
mean	: 0.04148372262716293	; std	: 0.016269249841570854	; inflating
mean	: 0.08451682329177856	; std	: 0.023125674575567245	; shrinking
mean	: 0.012903314083814621	; std	: 0.005969969555735588	; baunded
mean	: 0.06917465478181839	; std	: 0.030533621087670326	; non
mean	: 0.0430765300989151	; std	: 0.013938886113464832	; inflating
mean	: 0.07525788247585297	; std	: 0.022438473999500275	; shrinking
mean	: 0.01675289496779442	; std	: 0.005562432575970888	; baunded
mean	: 0.06664822995662689	; std	: 0.027400370687246323	; non
mean	: 0.04627710580825806	; std	: 0.018754106014966965	; inflating
mean	: 0.0909740999341011	; std	: 0.021524891257286072	; shrinking
mean	: 0.01770060509443283	; std	: 0.0055382465943694115	; baunded
mean	: 0.07330434769392014	; std	: 0.03358565643429756	; non
mean	: 0.038580819964408875	; std	: 0.014721372164785862	; inflating
mean	: 0.07484623044729233	; std	: 0.022659704089164734	; shrinking
mean	: 0.01242944598197937	; std	: 0.00502210995182395	; baunded
mean	: 0.06465165317058563	; std	: 0.02750670723617077	; non
mean	: 0.03724760562181473	; std	: 0.01639077253639698	; inflating
mean	: 0.08119546622037888	; std	: 0.022580742835998535	; shrinking
mean	: 0.011566318571567535	; std	: 0.00483740447089076	; baunded
mean	: 0.06696263700723648	; std	: 0.0288474652916193	; non
mean	: 0.03912167623639107	; std	: 0.016452606767416	; inflating
mean	: 0.08337754011154175	; std	: 0.022732773795723915	; shrinking
mean	: 0.012801431119441986	; std	: 0.00543441204354167	; baunded
mean	: 0.06827595829963684	; std	: 0.02957025356590748	; non
mean	: 0.0385855995118618	; std	: 0.01600826159119606	; inflating
mean	: 0.07916612923145294	; std	: 0.02289215289056301	; shrinking
mean	: 0.008129691705107689	; std	: 0.004917929880321026	; baunded
mean	: 0.06619100272655487	; std	: 0.029272137209773064	; non
mean	: 0.0410759374499321	; std	: 0.01562451757490635	; inflating
mean	: 0.08078670501708984	; std	: 0.02326839230954647	; shrinking
mean	: 0.011921563185751438	; std	: 0.005513088312000036	; baunded
mean	: 0.0673806220293045	; std	: 0.029790660366415977	; non
mean	: 0.03389442712068558	; std	: 0.014056548476219177	; inflating
mean	: 0.07108411937952042	; std	: 0.02213335782289505	; shrinking
mean	: 0.015249738469719887	; std	: 0.005473949480801821	; baunded
mean	: 0.06212706118822098	; std	: 0.025467921048402786	; non
mean	: 0.04411901906132698	; std	: 0.012996317818760872	; inflating
mean	: 0.07512737065553665	; std	: 0.021146871149539948	; shrinking
mean	: 0.02189822494983673	; std	: 0.006483402568846941	; baunded
mean	: 0.06777174025774002	; std	: 0.025761427357792854	; non
mean	: 0.038230493664741516	; std	: 0.015384381636977196	; inflating
mean	: 0.07683548331260681	; std	: 0.02320355921983719	; shrinking
mean	: 0.009983493015170097	; std	: 0.00509712565690279	; baunded
mean	: 0.06512518227100372	; std	: 0.028499366715550423	; non
mean	: 0.03724760562181473	; std	: 0.01639077253639698	; inflating
mean	: 0.08119546622037888	; std	: 0.022580742835998535	; shrinking
mean	: 0.011566318571567535	; std	: 0.00483740447089076	; baunded
mean	: 0.06696263700723648	; std	: 0.0288474652916193	; non
mean	: 0.0385855995118618	; std	: 0.01600826159119606	; inflating
mean	: 0.07916612923145294	; std	: 0.02289215289056301	; shrinking
mean	: 0.008129691705107689	; std	: 0.004917929880321026	; baunded
mean	: 0.06619100272655487	; std	: 0.029272137209773064	; non
anchor name	: non
mean	: 0.037606414407491684	; std	: 0.015902550891041756	; inflating
mean	: 0.038143012672662735	; std	: 0.018576467409729958	; shrinking
mean	: 0.0587337389588356	; std	: 0.004044525325298309	; baunded
mean	: 0.03810467571020126	; std	: 0.03309967368841171	; non
mean	: 0.035189587622880936	; std	: 0.015396767295897007	; inflating
mean	: 0.03965402767062187	; std	: 0.01914341375231743	; shrinking
mean	: 0.05586953088641167	; std	: 0.00403789896517992	; baunded
mean	: 0.037991639226675034	; std	: 0.03307092934846878	; non
mean	: 0.037606414407491684	; std	: 0.015902550891041756	; inflating
mean	: 0.038143012672662735	; std	: 0.018576467409729958	; shrinking
mean	: 0.0587337389588356	; std	: 0.004044525325298309	; baunded
mean	: 0.03810467571020126	; std	: 0.03309967368841171	; non
mean	: 0.059431880712509155	; std	: 0.017758626490831375	; inflating
mean	: 0.09742730855941772	; std	: 0.021904626861214638	; shrinking
mean	: 0.025552961975336075	; std	: 0.003759976476430893	; baunded
mean	: 0.07776139676570892	; std	: 0.04160817712545395	; non
mean	: 0.059431880712509155	; std	: 0.017758626490831375	; inflating
mean	: 0.09742730855941772	; std	: 0.021904626861214638	; shrinking
mean	: 0.025552961975336075	; std	: 0.003759976476430893	; baunded
mean	: 0.07776139676570892	; std	: 0.04160817712545395	; non
mean	: 0.07310917973518372	; std	: 0.01856802962720394	; inflating
mean	: 0.11162571609020233	; std	: 0.021362878382205963	; shrinking
mean	: 0.040656015276908875	; std	: 0.0045830556191504	; baunded
mean	: 0.0891660749912262	; std	: 0.046000633388757706	; non
mean	: 0.0323258638381958	; std	: 0.014757327735424042	; inflating
mean	: 0.04181472212076187	; std	: 0.019788170233368874	; shrinking
mean	: 0.05221504718065262	; std	: 0.004120789933949709	; baunded
mean	: 0.038845885545015335	; std	: 0.03255811333656311	; non
mean	: 0.07848601043224335	; std	: 0.019066737964749336	; inflating
mean	: 0.04215162247419357	; std	: 0.021886002272367477	; shrinking
mean	: 0.10524910688400269	; std	: 0.0038812109269201756	; baunded
mean	: 0.05541743338108063	; std	: 0.043485790491104126	; non
mean	: 0.03634902834892273	; std	: 0.015485959127545357	; inflating
mean	: 0.0387297123670578	; std	: 0.018937384709715843	; shrinking
mean	: 0.05711201950907707	; std	: 0.003989083226770163	; baunded
mean	: 0.03790263831615448	; std	: 0.03295790031552315	; non
mean	: 0.07837681472301483	; std	: 0.018938012421131134	; inflating
mean	: 0.04168319329619408	; std	: 0.022152753546833992	; shrinking
mean	: 0.10507754981517792	; std	: 0.0039652385748922825	; baunded
mean	: 0.05530637502670288	; std	: 0.04364580661058426	; non
mean	: 0.07837681472301483	; std	: 0.018938012421131134	; inflating
mean	: 0.04168319329619408	; std	: 0.022152753546833992	; shrinking
mean	: 0.10507754981517792	; std	: 0.0039652385748922825	; baunded
mean	: 0.05530637502670288	; std	: 0.04364580661058426	; non
mean	: 0.07310917973518372	; std	: 0.01856802962720394	; inflating
mean	: 0.11162571609020233	; std	: 0.021362878382205963	; shrinking
mean	: 0.040656015276908875	; std	: 0.0045830556191504	; baunded
mean	: 0.0891660749912262	; std	: 0.046000633388757706	; non
mean	: 0.07848601043224335	; std	: 0.019066737964749336	; inflating
mean	: 0.04215162247419357	; std	: 0.021886002272367477	; shrinking
mean	: 0.10524910688400269	; std	: 0.0038812109269201756	; baunded
mean	: 0.05541743338108063	; std	: 0.043485790491104126	; non
mean	: 0.037606414407491684	; std	: 0.015902550891041756	; inflating
mean	: 0.038143012672662735	; std	: 0.018576467409729958	; shrinking
mean	: 0.0587337389588356	; std	: 0.004044525325298309	; baunded
mean	: 0.03810467571020126	; std	: 0.03309967368841171	; non
mean	: 0.037606414407491684	; std	: 0.015902550891041756	; inflating
mean	: 0.038143012672662735	; std	: 0.018576467409729958	; shrinking
mean	: 0.0587337389588356	; std	: 0.004044525325298309	; baunded
mean	: 0.03810467571020126	; std	: 0.03309967368841171	; non
mean	: 0.07965727150440216	; std	: 0.01897970400750637	; inflating
mean	: 0.042851824313402176	; std	: 0.022466734051704407	; shrinking
mean	: 0.10654234886169434	; std	: 0.00400501349940896	; baunded
mean	: 0.05641090124845505	; std	: 0.04411584511399269	; non
mean	: 0.028545347973704338	; std	: 0.013134445995092392	; inflating
mean	: 0.046006739139556885	; std	: 0.020871633663773537	; shrinking
mean	: 0.04568425565958023	; std	: 0.0042492602951824665	; baunded
mean	: 0.04203116521239281	; std	: 0.03039836324751377	; non
mean	: 0.0323258638381958	; std	: 0.014757327735424042	; inflating
mean	: 0.04181472212076187	; std	: 0.019788170233368874	; shrinking
mean	: 0.05221504718065262	; std	: 0.004120789933949709	; baunded
mean	: 0.038845885545015335	; std	: 0.03255811333656311	; non
mean	: 0.028545347973704338	; std	: 0.013134445995092392	; inflating
mean	: 0.046006739139556885	; std	: 0.020871633663773537	; shrinking
mean	: 0.04568425565958023	; std	: 0.0042492602951824665	; baunded
mean	: 0.04203116521239281	; std	: 0.03039836324751377	; non
mean	: 0.07837681472301483	; std	: 0.018938012421131134	; inflating
mean	: 0.04168319329619408	; std	: 0.022152753546833992	; shrinking
mean	: 0.10507754981517792	; std	: 0.0039652385748922825	; baunded
mean	: 0.05530637502670288	; std	: 0.04364580661058426	; non
mean	: 0.07130403816699982	; std	: 0.018315531313419342	; inflating
mean	: 0.10892133414745331	; std	: 0.02135164476931095	; shrinking
mean	: 0.03859405219554901	; std	: 0.004414406139403582	; baunded
mean	: 0.08694756031036377	; std	: 0.04555215314030647	; non
mean	: 0.07442221790552139	; std	: 0.018216045573353767	; inflating
mean	: 0.11184428632259369	; std	: 0.021581729874014854	; shrinking
mean	: 0.041269540786743164	; std	: 0.004411410074681044	; baunded
mean	: 0.08985965698957443	; std	: 0.04592256247997284	; non
mean	: 0.08064448088407516	; std	: 0.019049296155571938	; inflating
mean	: 0.04349547624588013	; std	: 0.022622695192694664	; shrinking
mean	: 0.10761517286300659	; std	: 0.004025304690003395	; baunded
mean	: 0.057177912443876266	; std	: 0.04441490024328232	; non
mean	: 0.029879825189709663	; std	: 0.012927133589982986	; inflating
mean	: 0.04612526297569275	; std	: 0.02156900055706501	; shrinking
mean	: 0.044914912432432175	; std	: 0.004270677454769611	; baunded
mean	: 0.042667731642723083	; std	: 0.030289843678474426	; non
mean	: 0.07965727150440216	; std	: 0.01897970400750637	; inflating
mean	: 0.042851824313402176	; std	: 0.022466734051704407	; shrinking
mean	: 0.10654234886169434	; std	: 0.00400501349940896	; baunded
mean	: 0.05641090124845505	; std	: 0.04411584511399269	; non
mean	: 0.03480074927210808	; std	: 0.014871740713715553	; inflating
mean	: 0.03946829214692116	; std	: 0.019051944836974144	; shrinking
mean	: 0.05524890124797821	; std	: 0.00396474776789546	; baunded
mean	: 0.03840938210487366	; std	: 0.03197252377867699	; non
mean	: 0.07220321148633957	; std	: 0.018762631341814995	; inflating
mean	: 0.03856084868311882	; std	: 0.02026188187301159	; shrinking
mean	: 0.09835948050022125	; std	: 0.0037835687398910522	; baunded
mean	: 0.05196862667798996	; std	: 0.04008665308356285	; non
mean	: 0.03634902834892273	; std	: 0.015485959127545357	; inflating
mean	: 0.0387297123670578	; std	: 0.018937384709715843	; shrinking
mean	: 0.05711201950907707	; std	: 0.003989083226770163	; baunded
mean	: 0.03790263831615448	; std	: 0.03295790031552315	; non
mean	: 0.0323258638381958	; std	: 0.014757327735424042	; inflating
mean	: 0.04181472212076187	; std	: 0.019788170233368874	; shrinking
mean	: 0.05221504718065262	; std	: 0.004120789933949709	; baunded
mean	: 0.038845885545015335	; std	: 0.03255811333656311	; non
mean	: 0.03634902834892273	; std	: 0.015485959127545357	; inflating
mean	: 0.0387297123670578	; std	: 0.018937384709715843	; shrinking
mean	: 0.05711201950907707	; std	: 0.003989083226770163	; baunded
mean	: 0.03790263831615448	; std	: 0.03295790031552315	; non
mean	: 0.028545347973704338	; std	: 0.013134445995092392	; inflating
mean	: 0.046006739139556885	; std	: 0.020871633663773537	; shrinking
mean	: 0.04568425565958023	; std	: 0.0042492602951824665	; baunded
mean	: 0.04203116521239281	; std	: 0.03039836324751377	; non
mean	: 0.029879825189709663	; std	: 0.012927133589982986	; inflating
mean	: 0.04612526297569275	; std	: 0.02156900055706501	; shrinking
mean	: 0.044914912432432175	; std	: 0.004270677454769611	; baunded
mean	: 0.042667731642723083	; std	: 0.030289843678474426	; non
mean	: 0.08064448088407516	; std	: 0.019049296155571938	; inflating
mean	: 0.04349547624588013	; std	: 0.022622695192694664	; shrinking
mean	: 0.10761517286300659	; std	: 0.004025304690003395	; baunded
mean	: 0.057177912443876266	; std	: 0.04441490024328232	; non
mean	: 0.07310917973518372	; std	: 0.01856802962720394	; inflating
mean	: 0.11162571609020233	; std	: 0.021362878382205963	; shrinking
mean	: 0.040656015276908875	; std	: 0.0045830556191504	; baunded
mean	: 0.0891660749912262	; std	: 0.046000633388757706	; non
mean	: 0.07848601043224335	; std	: 0.019066737964749336	; inflating
mean	: 0.04215162247419357	; std	: 0.021886002272367477	; shrinking
mean	: 0.10524910688400269	; std	: 0.0038812109269201756	; baunded
mean	: 0.05541743338108063	; std	: 0.043485790491104126	; non
mean	: 0.1193917766213417	; std	: 0.01747157610952854	; inflating
mean	: 0.08595086634159088	; std	: 0.02122397907078266	; shrinking
mean	: 0.14592504501342773	; std	: 0.00474175438284874	; baunded
mean	: 0.10167158395051956	; std	: 0.040768492966890335	; non
mean	: 0.03243890404701233	; std	: 0.015481631271541119	; inflating
mean	: 0.0415305495262146	; std	: 0.019072307273745537	; shrinking
mean	: 0.054087456315755844	; std	: 0.004103906452655792	; baunded
mean	: 0.038706470280885696	; std	: 0.032522354274988174	; non
mean	: 0.037606414407491684	; std	: 0.015902550891041756	; inflating
mean	: 0.038143012672662735	; std	: 0.018576467409729958	; shrinking
mean	: 0.0587337389588356	; std	: 0.004044525325298309	; baunded
mean	: 0.03810467571020126	; std	: 0.03309967368841171	; non
mean	: 0.03651164472103119	; std	: 0.015284902416169643	; inflating
mean	: 0.03889618068933487	; std	: 0.019193345680832863	; shrinking
mean	: 0.056583743542432785	; std	: 0.004021832719445229	; baunded
mean	: 0.03809349983930588	; std	: 0.0330069400370121	; non
mean	: 0.056991156190633774	; std	: 0.018230639398097992	; inflating
mean	: 0.03342847898602486	; std	: 0.015912655740976334	; shrinking
mean	: 0.0818113461136818	; std	: 0.0038000307977199554	; baunded
mean	: 0.045181795954704285	; std	: 0.03302672132849693	; non
mean	: 0.08077550679445267	; std	: 0.019067129120230675	; inflating
mean	: 0.043488435447216034	; std	: 0.02262171357870102	; shrinking
mean	: 0.10773936659097672	; std	: 0.004023367073386908	; baunded
mean	: 0.057240091264247894	; std	: 0.04444262012839317	; non
mean	: 0.08064448088407516	; std	: 0.019049296155571938	; inflating
mean	: 0.04349547624588013	; std	: 0.022622695192694664	; shrinking
mean	: 0.10761517286300659	; std	: 0.004025304690003395	; baunded
mean	: 0.057177912443876266	; std	: 0.04441490024328232	; non
mean	: 0.03243890404701233	; std	: 0.015481631271541119	; inflating
mean	: 0.0415305495262146	; std	: 0.019072307273745537	; shrinking
mean	: 0.054087456315755844	; std	: 0.004103906452655792	; baunded
mean	: 0.038706470280885696	; std	: 0.032522354274988174	; non
mean	: 0.039367057383060455	; std	: 0.016170673072338104	; inflating
mean	: 0.036781374365091324	; std	: 0.018110791221261024	; shrinking
mean	: 0.06097296625375748	; std	: 0.003973247949033976	; baunded
mean	: 0.0384845994412899	; std	: 0.03246624395251274	; non
mean	: 0.059431880712509155	; std	: 0.017758626490831375	; inflating
mean	: 0.09742730855941772	; std	: 0.021904626861214638	; shrinking
mean	: 0.025552961975336075	; std	: 0.003759976476430893	; baunded
mean	: 0.07776139676570892	; std	: 0.04160817712545395	; non
mean	: 0.0323258638381958	; std	: 0.014757327735424042	; inflating
mean	: 0.04181472212076187	; std	: 0.019788170233368874	; shrinking
mean	: 0.05221504718065262	; std	: 0.004120789933949709	; baunded
mean	: 0.038845885545015335	; std	: 0.03255811333656311	; non
mean	: 0.056810468435287476	; std	: 0.018096430227160454	; inflating
mean	: 0.03340411186218262	; std	: 0.01589173823595047	; shrinking
mean	: 0.08146511018276215	; std	: 0.003788565518334508	; baunded
mean	: 0.045129578560590744	; std	: 0.032860301434993744	; non
mean	: 0.08356968313455582	; std	: 0.019160518422722816	; inflating
mean	: 0.04698266088962555	; std	: 0.023000074550509453	; shrinking
mean	: 0.11103131622076035	; std	: 0.004062161315232515	; baunded
mean	: 0.0607721284031868	; std	: 0.044281553477048874	; non
mean	: 0.059431880712509155	; std	: 0.017758626490831375	; inflating
mean	: 0.09742730855941772	; std	: 0.021904626861214638	; shrinking
mean	: 0.025552961975336075	; std	: 0.003759976476430893	; baunded
mean	: 0.07776139676570892	; std	: 0.04160817712545395	; non
mean	: 0.03408454358577728	; std	: 0.014979671686887741	; inflating
mean	: 0.04092857241630554	; std	: 0.019485263153910637	; shrinking
mean	: 0.05436442792415619	; std	: 0.003965148702263832	; baunded
mean	: 0.03835690766572952	; std	: 0.03276941925287247	; non
mean	: 0.07130403816699982	; std	: 0.018315531313419342	; inflating
mean	: 0.10892133414745331	; std	: 0.02135164476931095	; shrinking
mean	: 0.03859405219554901	; std	: 0.004414406139403582	; baunded
mean	: 0.08694756031036377	; std	: 0.04555215314030647	; non
mean	: 0.07130403816699982	; std	: 0.018315531313419342	; inflating
mean	: 0.10892133414745331	; std	: 0.02135164476931095	; shrinking
mean	: 0.03859405219554901	; std	: 0.004414406139403582	; baunded
mean	: 0.08694756031036377	; std	: 0.04555215314030647	; non
mean	: 0.08077550679445267	; std	: 0.019067129120230675	; inflating
mean	: 0.043488435447216034	; std	: 0.02262171357870102	; shrinking
mean	: 0.10773936659097672	; std	: 0.004023367073386908	; baunded
mean	: 0.057240091264247894	; std	: 0.04444262012839317	; non
mean	: 0.0323258638381958	; std	: 0.014757327735424042	; inflating
mean	: 0.04181472212076187	; std	: 0.019788170233368874	; shrinking
mean	: 0.05221504718065262	; std	: 0.004120789933949709	; baunded
mean	: 0.038845885545015335	; std	: 0.03255811333656311	; non
mean	: 0.06895311176776886	; std	: 0.018611939623951912	; inflating
mean	: 0.03805065155029297	; std	: 0.0193732101470232	; shrinking
mean	: 0.09510102868080139	; std	: 0.0037403274327516556	; baunded
mean	: 0.05058713257312775	; std	: 0.03855936601758003	; non
mean	: 0.06895311176776886	; std	: 0.018611939623951912	; inflating
mean	: 0.03805065155029297	; std	: 0.0193732101470232	; shrinking
mean	: 0.09510102868080139	; std	: 0.0037403274327516556	; baunded
mean	: 0.05058713257312775	; std	: 0.03855936601758003	; non
mean	: 0.037606414407491684	; std	: 0.015902550891041756	; inflating
mean	: 0.038143012672662735	; std	: 0.018576467409729958	; shrinking
mean	: 0.0587337389588356	; std	: 0.004044525325298309	; baunded
mean	: 0.03810467571020126	; std	: 0.03309967368841171	; non
mean	: 0.059431880712509155	; std	: 0.017758626490831375	; inflating
mean	: 0.09742730855941772	; std	: 0.021904626861214638	; shrinking
mean	: 0.025552961975336075	; std	: 0.003759976476430893	; baunded
mean	: 0.07776139676570892	; std	: 0.04160817712545395	; non
mean	: 0.03651164472103119	; std	: 0.015284902416169643	; inflating
mean	: 0.03889618068933487	; std	: 0.019193345680832863	; shrinking
mean	: 0.056583743542432785	; std	: 0.004021832719445229	; baunded
mean	: 0.03809349983930588	; std	: 0.0330069400370121	; non
mean	: 0.059661272913217545	; std	: 0.017848383635282516	; inflating
mean	: 0.09790590405464172	; std	: 0.02189984917640686	; shrinking
mean	: 0.025801867246627808	; std	: 0.003860681550577283	; baunded
mean	: 0.07808327674865723	; std	: 0.0417119637131691	; non
mean	: 0.06918038427829742	; std	: 0.018659064546227455	; inflating
mean	: 0.03737539425492287	; std	: 0.019557999446988106	; shrinking
mean	: 0.09534221142530441	; std	: 0.0038214654196053743	; baunded
mean	: 0.05049964413046837	; std	: 0.038852233439683914	; non
mean	: 0.08901956677436829	; std	: 0.018919434398412704	; inflating
mean	: 0.053394854068756104	; std	: 0.0234366562217474	; shrinking
mean	: 0.11674407869577408	; std	: 0.004190112464129925	; baunded
mean	: 0.06781178712844849	; std	: 0.04335903003811836	; non
mean	: 0.039367057383060455	; std	: 0.016170673072338104	; inflating
mean	: 0.036781374365091324	; std	: 0.018110791221261024	; shrinking
mean	: 0.06097296625375748	; std	: 0.003973247949033976	; baunded
mean	: 0.0384845994412899	; std	: 0.03246624395251274	; non
mean	: 0.03408454358577728	; std	: 0.014979671686887741	; inflating
mean	: 0.04092857241630554	; std	: 0.019485263153910637	; shrinking
mean	: 0.05436442792415619	; std	: 0.003965148702263832	; baunded
mean	: 0.03835690766572952	; std	: 0.03276941925287247	; non
> end program
