output_dir	: stem_log/evaluate_each_state/2021-01-20-22-22-17(36331)
sys.argv	: ['tool/evaluate_each_state.py', '--pretrained-model', 'stem_log/pre_train/2020-12-31-02-48-29(218685)/model-epoch-10-batch-10', '--dicts', 'stem_log/pre_train/2020-12-31-02-48-29(218685)/test_sample_dict.pkl', 'stem_log/split_sample_dict/2020-12-30-21-53-44(190657)/sample_dict(baunded).pkl', '--n-samples', '64']
> load model
model_path	: stem_log/pre_train/2020-12-31-02-48-29(218685)/model-epoch-10-batch-10
Model: "model"
_________________________________________________________________
Layer (type)                 Output Shape              Param #   
=================================================================
input_1 (InputLayer)         [(None, 100, 2)]          0         
_________________________________________________________________
LSTM (Model)                 (None, 128)               67072     
_________________________________________________________________
tf.math.l2_normalize (TFOpLa (None, 128)               0         
=================================================================
Total params: 67,072
Trainable params: 67,072
Non-trainable params: 0
_________________________________________________________________
dicts	: ['stem_log/pre_train/2020-12-31-02-48-29(218685)/test_sample_dict.pkl', 'stem_log/split_sample_dict/2020-12-30-21-53-44(190657)/sample_dict(baunded).pkl']
> load dicts
sample_dict	: {'inflating': 320, 'shrinking': 320, 'non': 320, 'baunded': 1362}
> shuffle
> slice
sample_dict	: {'inflating': 64, 'shrinking': 64, 'non': 64, 'baunded': 64}
frame_sampling_rate	: 50
> plot frame 0 / 64
> plot frame 1 / 64
> plot frame 2 / 64
> plot frame 3 / 64
> plot frame 4 / 64
> plot frame 5 / 64
> plot frame 6 / 64
> plot frame 7 / 64
> plot frame 8 / 64
> plot frame 9 / 64
> plot frame 10 / 64
> plot frame 11 / 64
> plot frame 12 / 64
> plot frame 13 / 64
> plot frame 14 / 64
> plot frame 15 / 64
> plot frame 16 / 64
> plot frame 17 / 64
> plot frame 18 / 64
> plot frame 19 / 64
> plot frame 20 / 64
> plot frame 21 / 64
> plot frame 22 / 64
> plot frame 23 / 64
> plot frame 24 / 64
> plot frame 25 / 64
> plot frame 26 / 64
> plot frame 27 / 64
> plot frame 28 / 64
> plot frame 29 / 64
> plot frame 30 / 64
> plot frame 31 / 64
> plot frame 32 / 64
> plot frame 33 / 64
> plot frame 34 / 64
> plot frame 35 / 64
> plot frame 36 / 64
> plot frame 37 / 64
> plot frame 38 / 64
> plot frame 39 / 64
> plot frame 40 / 64
> plot frame 41 / 64
> plot frame 42 / 64
> plot frame 43 / 64
> plot frame 44 / 64
> plot frame 45 / 64
> plot frame 46 / 64
> plot frame 47 / 64
> plot frame 48 / 64
> plot frame 49 / 64
> plot frame 50 / 64
> plot frame 51 / 64
> plot frame 52 / 64
> plot frame 53 / 64
> plot frame 54 / 64
> plot frame 55 / 64
> plot frame 56 / 64
> plot frame 57 / 64
> plot frame 58 / 64
> plot frame 59 / 64
> plot frame 60 / 64
> plot frame 61 / 64
> plot frame 62 / 64
> plot frame 63 / 64
> embeding
anchor name	: inflating
mean	: 0.025486618280410767	; std	: 0.010884069837629795	; inflating
mean	: 0.04818091541528702	; std	: 0.013036530464887619	; shrinking
mean	: 0.049074433743953705	; std	: 0.01984972134232521	; non
mean	: 0.01489056833088398	; std	: 0.0063023981638252735	; baunded
mean	: 0.025486618280410767	; std	: 0.010884069837629795	; inflating
mean	: 0.04818091541528702	; std	: 0.013036530464887619	; shrinking
mean	: 0.049074433743953705	; std	: 0.01984972134232521	; non
mean	: 0.01489056833088398	; std	: 0.0063023981638252735	; baunded
mean	: 0.03117476776242256	; std	: 0.020011847838759422	; inflating
mean	: 0.01824241131544113	; std	: 0.00718466192483902	; shrinking
mean	: 0.03476593270897865	; std	: 0.01729625277221203	; non
mean	: 0.04081937298178673	; std	: 0.005686113610863686	; baunded
mean	: 0.03081849217414856	; std	: 0.020082801580429077	; inflating
mean	: 0.016758665442466736	; std	: 0.007291225716471672	; shrinking
mean	: 0.03315404802560806	; std	: 0.01687522977590561	; non
mean	: 0.03975953906774521	; std	: 0.005754267796874046	; baunded
mean	: 0.02364135906100273	; std	: 0.009913133457303047	; inflating
mean	: 0.03397008031606674	; std	: 0.011961586773395538	; shrinking
mean	: 0.039625875651836395	; std	: 0.01797727309167385	; non
mean	: 0.021872131153941154	; std	: 0.003908965736627579	; baunded
mean	: 0.03117476776242256	; std	: 0.020011847838759422	; inflating
mean	: 0.01824241131544113	; std	: 0.00718466192483902	; shrinking
mean	: 0.03476593270897865	; std	: 0.01729625277221203	; non
mean	: 0.04081937298178673	; std	: 0.005686113610863686	; baunded
mean	: 0.03081849217414856	; std	: 0.020082801580429077	; inflating
mean	: 0.016758665442466736	; std	: 0.007291225716471672	; shrinking
mean	: 0.03315404802560806	; std	: 0.01687522977590561	; non
mean	: 0.03975953906774521	; std	: 0.005754267796874046	; baunded
mean	: 0.02364135906100273	; std	: 0.009913133457303047	; inflating
mean	: 0.03397008031606674	; std	: 0.011961586773395538	; shrinking
mean	: 0.039625875651836395	; std	: 0.01797727309167385	; non
mean	: 0.021872131153941154	; std	: 0.003908965736627579	; baunded
mean	: 0.02364135906100273	; std	: 0.009913133457303047	; inflating
mean	: 0.03397008031606674	; std	: 0.011961586773395538	; shrinking
mean	: 0.039625875651836395	; std	: 0.01797727309167385	; non
mean	: 0.021872131153941154	; std	: 0.003908965736627579	; baunded
mean	: 0.025486618280410767	; std	: 0.010884069837629795	; inflating
mean	: 0.04818091541528702	; std	: 0.013036530464887619	; shrinking
mean	: 0.049074433743953705	; std	: 0.01984972134232521	; non
mean	: 0.01489056833088398	; std	: 0.0063023981638252735	; baunded
mean	: 0.026088837534189224	; std	: 0.01402379386126995	; inflating
mean	: 0.048751845955848694	; std	: 0.01206064224243164	; shrinking
mean	: 0.05192473530769348	; std	: 0.02142222598195076	; non
mean	: 0.03288746252655983	; std	: 0.005859604105353355	; baunded
mean	: 0.026328712701797485	; std	: 0.01618487760424614	; inflating
mean	: 0.055068500339984894	; std	: 0.013068587519228458	; shrinking
mean	: 0.0557771772146225	; std	: 0.020882492884993553	; non
mean	: 0.026200396940112114	; std	: 0.008019039407372475	; baunded
mean	: 0.03081849217414856	; std	: 0.020082801580429077	; inflating
mean	: 0.016758665442466736	; std	: 0.007291225716471672	; shrinking
mean	: 0.03315404802560806	; std	: 0.01687522977590561	; non
mean	: 0.03975953906774521	; std	: 0.005754267796874046	; baunded
mean	: 0.026088837534189224	; std	: 0.01402379386126995	; inflating
mean	: 0.048751845955848694	; std	: 0.01206064224243164	; shrinking
mean	: 0.05192473530769348	; std	: 0.02142222598195076	; non
mean	: 0.03288746252655983	; std	: 0.005859604105353355	; baunded
mean	: 0.024881238117814064	; std	: 0.012957845814526081	; inflating
mean	: 0.026057306677103043	; std	: 0.010334872640669346	; shrinking
mean	: 0.03539976105093956	; std	: 0.017856556922197342	; non
mean	: 0.029521476477384567	; std	: 0.004235887434333563	; baunded
mean	: 0.0252457894384861	; std	: 0.014088451862335205	; inflating
mean	: 0.04974251240491867	; std	: 0.012734741903841496	; shrinking
mean	: 0.05171823874115944	; std	: 0.021159591153264046	; non
mean	: 0.028399284929037094	; std	: 0.006541615352034569	; baunded
mean	: 0.03117476776242256	; std	: 0.020011847838759422	; inflating
mean	: 0.01824241131544113	; std	: 0.00718466192483902	; shrinking
mean	: 0.03476593270897865	; std	: 0.01729625277221203	; non
mean	: 0.04081937298178673	; std	: 0.005686113610863686	; baunded
mean	: 0.03416876494884491	; std	: 0.014184956438839436	; inflating
mean	: 0.040833979845047	; std	: 0.008733868598937988	; shrinking
mean	: 0.04422694817185402	; std	: 0.014653800055384636	; non
mean	: 0.02323964238166809	; std	: 0.007539875339716673	; baunded
mean	: 0.03042036108672619	; std	: 0.017725711688399315	; inflating
mean	: 0.059383489191532135	; std	: 0.012310079298913479	; shrinking
mean	: 0.060770969837903976	; std	: 0.020662672817707062	; non
mean	: 0.03637798875570297	; std	: 0.007739277556538582	; baunded
mean	: 0.03081849217414856	; std	: 0.020082801580429077	; inflating
mean	: 0.016758665442466736	; std	: 0.007291225716471672	; shrinking
mean	: 0.03315404802560806	; std	: 0.01687522977590561	; non
mean	: 0.03975953906774521	; std	: 0.005754267796874046	; baunded
mean	: 0.030525103211402893	; std	: 0.01742267794907093	; inflating
mean	: 0.06208398565649986	; std	: 0.012864746153354645	; shrinking
mean	: 0.061363864690065384	; std	: 0.020439503714442253	; non
mean	: 0.027362223714590073	; std	: 0.008979443460702896	; baunded
mean	: 0.026088837534189224	; std	: 0.01402379386126995	; inflating
mean	: 0.048751845955848694	; std	: 0.01206064224243164	; shrinking
mean	: 0.05192473530769348	; std	: 0.02142222598195076	; non
mean	: 0.03288746252655983	; std	: 0.005859604105353355	; baunded
mean	: 0.027498364448547363	; std	: 0.017028966918587685	; inflating
mean	: 0.025092225521802902	; std	: 0.008136888965964317	; shrinking
mean	: 0.036358486860990524	; std	: 0.015511098317801952	; non
mean	: 0.0324489027261734	; std	: 0.00594946788623929	; baunded
mean	: 0.024881238117814064	; std	: 0.012957845814526081	; inflating
mean	: 0.026057306677103043	; std	: 0.010334872640669346	; shrinking
mean	: 0.03539976105093956	; std	: 0.017856556922197342	; non
mean	: 0.029521476477384567	; std	: 0.004235887434333563	; baunded
mean	: 0.0252457894384861	; std	: 0.014088451862335205	; inflating
mean	: 0.04974251240491867	; std	: 0.012734741903841496	; shrinking
mean	: 0.05171823874115944	; std	: 0.021159591153264046	; non
mean	: 0.028399284929037094	; std	: 0.006541615352034569	; baunded
mean	: 0.03081849217414856	; std	: 0.020082801580429077	; inflating
mean	: 0.016758665442466736	; std	: 0.007291225716471672	; shrinking
mean	: 0.03315404802560806	; std	: 0.01687522977590561	; non
mean	: 0.03975953906774521	; std	: 0.005754267796874046	; baunded
mean	: 0.03117476776242256	; std	: 0.020011847838759422	; inflating
mean	: 0.01824241131544113	; std	: 0.00718466192483902	; shrinking
mean	: 0.03476593270897865	; std	: 0.01729625277221203	; non
mean	: 0.04081937298178673	; std	: 0.005686113610863686	; baunded
mean	: 0.03042036108672619	; std	: 0.017725711688399315	; inflating
mean	: 0.059383489191532135	; std	: 0.012310079298913479	; shrinking
mean	: 0.060770969837903976	; std	: 0.020662672817707062	; non
mean	: 0.03637798875570297	; std	: 0.007739277556538582	; baunded
mean	: 0.03416876494884491	; std	: 0.014184956438839436	; inflating
mean	: 0.040833979845047	; std	: 0.008733868598937988	; shrinking
mean	: 0.04422694817185402	; std	: 0.014653800055384636	; non
mean	: 0.02323964238166809	; std	: 0.007539875339716673	; baunded
mean	: 0.03081849217414856	; std	: 0.020082801580429077	; inflating
mean	: 0.016758665442466736	; std	: 0.007291225716471672	; shrinking
mean	: 0.03315404802560806	; std	: 0.01687522977590561	; non
mean	: 0.03975953906774521	; std	: 0.005754267796874046	; baunded
mean	: 0.026088837534189224	; std	: 0.01402379386126995	; inflating
mean	: 0.048751845955848694	; std	: 0.01206064224243164	; shrinking
mean	: 0.05192473530769348	; std	: 0.02142222598195076	; non
mean	: 0.03288746252655983	; std	: 0.005859604105353355	; baunded
mean	: 0.027498364448547363	; std	: 0.017028966918587685	; inflating
mean	: 0.025092225521802902	; std	: 0.008136888965964317	; shrinking
mean	: 0.036358486860990524	; std	: 0.015511098317801952	; non
mean	: 0.0324489027261734	; std	: 0.00594946788623929	; baunded
mean	: 0.026328712701797485	; std	: 0.01618487760424614	; inflating
mean	: 0.055068500339984894	; std	: 0.013068587519228458	; shrinking
mean	: 0.0557771772146225	; std	: 0.020882492884993553	; non
mean	: 0.026200396940112114	; std	: 0.008019039407372475	; baunded
mean	: 0.0285630002617836	; std	: 0.015340832062065601	; inflating
mean	: 0.030082767829298973	; std	: 0.00828418880701065	; shrinking
mean	: 0.03866536170244217	; std	: 0.014043099246919155	; non
mean	: 0.028782956302165985	; std	: 0.0064225695095956326	; baunded
mean	: 0.0276412945240736	; std	: 0.015739474445581436	; inflating
mean	: 0.02220417559146881	; std	: 0.008716844953596592	; shrinking
mean	: 0.03531695902347565	; std	: 0.018336355686187744	; non
mean	: 0.0360175296664238	; std	: 0.004489311948418617	; baunded
mean	: 0.026656970381736755	; std	: 0.01437100488692522	; inflating
mean	: 0.049970827996730804	; std	: 0.01202294323593378	; shrinking
mean	: 0.053118471056222916	; std	: 0.02137691341340542	; non
mean	: 0.03375234082341194	; std	: 0.006009416189044714	; baunded
mean	: 0.03416876494884491	; std	: 0.014184956438839436	; inflating
mean	: 0.040833979845047	; std	: 0.008733868598937988	; shrinking
mean	: 0.04422694817185402	; std	: 0.014653800055384636	; non
mean	: 0.02323964238166809	; std	: 0.007539875339716673	; baunded
mean	: 0.03276798129081726	; std	: 0.019614743068814278	; inflating
mean	: 0.016384344547986984	; std	: 0.007291801739484072	; shrinking
mean	: 0.03393441438674927	; std	: 0.017489055171608925	; non
mean	: 0.04272904992103577	; std	: 0.005350974854081869	; baunded
mean	: 0.026919430121779442	; std	: 0.01653268374502659	; inflating
mean	: 0.05591679364442825	; std	: 0.012919207103550434	; shrinking
mean	: 0.05708615481853485	; std	: 0.021098537370562553	; non
mean	: 0.029418155550956726	; std	: 0.007691844832152128	; baunded
mean	: 0.026088837534189224	; std	: 0.01402379386126995	; inflating
mean	: 0.048751845955848694	; std	: 0.01206064224243164	; shrinking
mean	: 0.05192473530769348	; std	: 0.02142222598195076	; non
mean	: 0.03288746252655983	; std	: 0.005859604105353355	; baunded
mean	: 0.03421766683459282	; std	: 0.01969422958791256	; inflating
mean	: 0.06641444563865662	; std	: 0.012558861635625362	; shrinking
mean	: 0.06669165939092636	; std	: 0.02046683058142662	; non
mean	: 0.038708508014678955	; std	: 0.00867004320025444	; baunded
mean	: 0.027498364448547363	; std	: 0.017028966918587685	; inflating
mean	: 0.025092225521802902	; std	: 0.008136888965964317	; shrinking
mean	: 0.036358486860990524	; std	: 0.015511098317801952	; non
mean	: 0.0324489027261734	; std	: 0.00594946788623929	; baunded
mean	: 0.03960508853197098	; std	: 0.021201729774475098	; inflating
mean	: 0.07420507073402405	; std	: 0.012754022143781185	; shrinking
mean	: 0.07309208065271378	; std	: 0.020376551896333694	; non
mean	: 0.04112525284290314	; std	: 0.009418782778084278	; baunded
mean	: 0.03775954246520996	; std	: 0.021416425704956055	; inflating
mean	: 0.014784147031605244	; std	: 0.007145002018660307	; shrinking
mean	: 0.03396962583065033	; std	: 0.01706317439675331	; non
mean	: 0.046732280403375626	; std	: 0.006590696517378092	; baunded
mean	: 0.028137629851698875	; std	: 0.017024369910359383	; inflating
mean	: 0.058212291449308395	; std	: 0.01311780046671629	; shrinking
mean	: 0.058262623846530914	; std	: 0.020786937326192856	; non
mean	: 0.026009513065218925	; std	: 0.008825337514281273	; baunded
mean	: 0.029237991198897362	; std	: 0.014536735601723194	; inflating
mean	: 0.03293834254145622	; std	: 0.008480370976030827	; shrinking
mean	: 0.039952196180820465	; std	: 0.013719244860112667	; non
mean	: 0.026609638705849648	; std	: 0.0065016248263418674	; baunded
mean	: 0.04126099497079849	; std	: 0.020778384059667587	; inflating
mean	: 0.0760321095585823	; std	: 0.01269217673689127	; shrinking
mean	: 0.07437972724437714	; std	: 0.0204696636646986	; non
mean	: 0.04045964777469635	; std	: 0.009367740713059902	; baunded
mean	: 0.03089035302400589	; std	: 0.017903314903378487	; inflating
mean	: 0.06297668814659119	; std	: 0.012846507132053375	; shrinking
mean	: 0.06235257536172867	; std	: 0.0204940065741539	; non
mean	: 0.028960347175598145	; std	: 0.008946866728365421	; baunded
mean	: 0.026656970381736755	; std	: 0.01437100488692522	; inflating
mean	: 0.049970827996730804	; std	: 0.01202294323593378	; shrinking
mean	: 0.053118471056222916	; std	: 0.02137691341340542	; non
mean	: 0.03375234082341194	; std	: 0.006009416189044714	; baunded
mean	: 0.026328712701797485	; std	: 0.01618487760424614	; inflating
mean	: 0.055068500339984894	; std	: 0.013068587519228458	; shrinking
mean	: 0.0557771772146225	; std	: 0.020882492884993553	; non
mean	: 0.026200396940112114	; std	: 0.008019039407372475	; baunded
mean	: 0.03421766683459282	; std	: 0.01969422958791256	; inflating
mean	: 0.06641444563865662	; std	: 0.012558861635625362	; shrinking
mean	: 0.06669165939092636	; std	: 0.02046683058142662	; non
mean	: 0.038708508014678955	; std	: 0.00867004320025444	; baunded
mean	: 0.04126099497079849	; std	: 0.020778384059667587	; inflating
mean	: 0.0760321095585823	; std	: 0.01269217673689127	; shrinking
mean	: 0.07437972724437714	; std	: 0.0204696636646986	; non
mean	: 0.04045964777469635	; std	: 0.009367740713059902	; baunded
mean	: 0.03459050506353378	; std	: 0.014289319515228271	; inflating
mean	: 0.04071889445185661	; std	: 0.008605917915701866	; shrinking
mean	: 0.04414989799261093	; std	: 0.014555190689861774	; non
mean	: 0.023514559492468834	; std	: 0.00775608466938138	; baunded
mean	: 0.03960508853197098	; std	: 0.021201729774475098	; inflating
mean	: 0.07420507073402405	; std	: 0.012754022143781185	; shrinking
mean	: 0.07309208065271378	; std	: 0.020376551896333694	; non
mean	: 0.04112525284290314	; std	: 0.009418782778084278	; baunded
mean	: 0.03412824496626854	; std	: 0.016567686572670937	; inflating
mean	: 0.0650268942117691	; std	: 0.012478167191147804	; shrinking
mean	: 0.06353558599948883	; std	: 0.020047305151820183	; non
mean	: 0.028339769691228867	; std	: 0.008633634075522423	; baunded
mean	: 0.027498364448547363	; std	: 0.017028966918587685	; inflating
mean	: 0.025092225521802902	; std	: 0.008136888965964317	; shrinking
mean	: 0.036358486860990524	; std	: 0.015511098317801952	; non
mean	: 0.0324489027261734	; std	: 0.00594946788623929	; baunded
mean	: 0.028137629851698875	; std	: 0.017024369910359383	; inflating
mean	: 0.058212291449308395	; std	: 0.01311780046671629	; shrinking
mean	: 0.058262623846530914	; std	: 0.020786937326192856	; non
mean	: 0.026009513065218925	; std	: 0.008825337514281273	; baunded
mean	: 0.02790878526866436	; std	: 0.017103109508752823	; inflating
mean	: 0.05717676132917404	; std	: 0.012907368130981922	; shrinking
mean	: 0.05820097401738167	; std	: 0.020991049706935883	; non
mean	: 0.030701786279678345	; std	: 0.007884289138019085	; baunded
mean	: 0.027498364448547363	; std	: 0.017028966918587685	; inflating
mean	: 0.025092225521802902	; std	: 0.008136888965964317	; shrinking
mean	: 0.036358486860990524	; std	: 0.015511098317801952	; non
mean	: 0.0324489027261734	; std	: 0.00594946788623929	; baunded
mean	: 0.025486618280410767	; std	: 0.010884069837629795	; inflating
mean	: 0.04818091541528702	; std	: 0.013036530464887619	; shrinking
mean	: 0.049074433743953705	; std	: 0.01984972134232521	; non
mean	: 0.01489056833088398	; std	: 0.0063023981638252735	; baunded
mean	: 0.03314231336116791	; std	: 0.01713443547487259	; inflating
mean	: 0.0643807053565979	; std	: 0.012810379266738892	; shrinking
mean	: 0.06288841366767883	; std	: 0.020365359261631966	; non
mean	: 0.02669164538383484	; std	: 0.00923372246325016	; baunded
mean	: 0.029237991198897362	; std	: 0.014536735601723194	; inflating
mean	: 0.03293834254145622	; std	: 0.008480370976030827	; shrinking
mean	: 0.039952196180820465	; std	: 0.013719244860112667	; non
mean	: 0.026609638705849648	; std	: 0.0065016248263418674	; baunded
mean	: 0.03775954246520996	; std	: 0.021416425704956055	; inflating
mean	: 0.014784147031605244	; std	: 0.007145002018660307	; shrinking
mean	: 0.03396962583065033	; std	: 0.01706317439675331	; non
mean	: 0.046732280403375626	; std	: 0.006590696517378092	; baunded
mean	: 0.024415962398052216	; std	: 0.008411629125475883	; inflating
mean	: 0.03900793939828873	; std	: 0.013108445331454277	; shrinking
mean	: 0.042468585073947906	; std	: 0.018862485885620117	; non
mean	: 0.016194909811019897	; std	: 0.00422239862382412	; baunded
anchor name	: shrinking
mean	: 0.02660364843904972	; std	: 0.010140289552509785	; inflating
mean	: 0.026339558884501457	; std	: 0.013529907912015915	; shrinking
mean	: 0.03537847846746445	; std	: 0.018074167892336845	; non
mean	: 0.024828476831316948	; std	: 0.004228595644235611	; baunded
mean	: 0.02660364843904972	; std	: 0.010140289552509785	; inflating
mean	: 0.026339558884501457	; std	: 0.013529907912015915	; shrinking
mean	: 0.03537847846746445	; std	: 0.018074167892336845	; non
mean	: 0.024828476831316948	; std	: 0.004228595644235611	; baunded
mean	: 0.02660364843904972	; std	: 0.010140289552509785	; inflating
mean	: 0.026339558884501457	; std	: 0.013529907912015915	; shrinking
mean	: 0.03537847846746445	; std	: 0.018074167892336845	; non
mean	: 0.024828476831316948	; std	: 0.004228595644235611	; baunded
mean	: 0.055363819003105164	; std	: 0.020462147891521454	; inflating
mean	: 0.019138216972351074	; std	: 0.012189002707600594	; shrinking
mean	: 0.03930901736021042	; std	: 0.018804192543029785	; non
mean	: 0.06255574524402618	; std	: 0.006893348880112171	; baunded
mean	: 0.02660364843904972	; std	: 0.010140289552509785	; inflating
mean	: 0.026339558884501457	; std	: 0.013529907912015915	; shrinking
mean	: 0.03537847846746445	; std	: 0.018074167892336845	; non
mean	: 0.024828476831316948	; std	: 0.004228595644235611	; baunded
mean	: 0.034058213233947754	; std	: 0.01889287866652012	; inflating
mean	: 0.014888549223542213	; std	: 0.008002829737961292	; shrinking
mean	: 0.03357060253620148	; std	: 0.0174354650080204	; non
mean	: 0.0425131693482399	; std	: 0.005370960105210543	; baunded
mean	: 0.055363819003105164	; std	: 0.020462147891521454	; inflating
mean	: 0.019138216972351074	; std	: 0.012189002707600594	; shrinking
mean	: 0.03930901736021042	; std	: 0.018804192543029785	; non
mean	: 0.06255574524402618	; std	: 0.006893348880112171	; baunded
mean	: 0.043018706142902374	; std	: 0.02043440192937851	; inflating
mean	: 0.012743405997753143	; std	: 0.008512078784406185	; shrinking
mean	: 0.033840399235486984	; std	: 0.017294175922870636	; non
mean	: 0.04973778873682022	; std	: 0.00672705564647913	; baunded
mean	: 0.04042638838291168	; std	: 0.020013388246297836	; inflating
mean	: 0.013428866863250732	; std	: 0.007829000242054462	; shrinking
mean	: 0.03333435207605362	; std	: 0.015316512435674667	; non
mean	: 0.04552318900823593	; std	: 0.006989267189055681	; baunded
mean	: 0.02674112841486931	; std	: 0.011196190491318703	; inflating
mean	: 0.025189317762851715	; std	: 0.013051792047917843	; shrinking
mean	: 0.03498264029622078	; std	: 0.01783560961484909	; non
mean	: 0.025457262992858887	; std	: 0.004595961421728134	; baunded
mean	: 0.027847986668348312	; std	: 0.011315928772091866	; inflating
mean	: 0.025529224425554276	; std	: 0.012730145826935768	; shrinking
mean	: 0.03524811938405037	; std	: 0.01685851626098156	; non
mean	: 0.024818817153573036	; std	: 0.004993861541152	; baunded
mean	: 0.043018706142902374	; std	: 0.02043440192937851	; inflating
mean	: 0.012743405997753143	; std	: 0.008512078784406185	; shrinking
mean	: 0.033840399235486984	; std	: 0.017294175922870636	; non
mean	: 0.04973778873682022	; std	: 0.00672705564647913	; baunded
mean	: 0.02674112841486931	; std	: 0.011196190491318703	; inflating
mean	: 0.025189317762851715	; std	: 0.013051792047917843	; shrinking
mean	: 0.03498264029622078	; std	: 0.01783560961484909	; non
mean	: 0.025457262992858887	; std	: 0.004595961421728134	; baunded
mean	: 0.05679016560316086	; std	: 0.020220935344696045	; inflating
mean	: 0.02028582990169525	; std	: 0.012800336815416813	; shrinking
mean	: 0.039706386625766754	; std	: 0.018623435869812965	; non
mean	: 0.0640488713979721	; std	: 0.0067926677875220776	; baunded
mean	: 0.041569191962480545	; std	: 0.020911162719130516	; inflating
mean	: 0.013308647088706493	; std	: 0.008529425598680973	; shrinking
mean	: 0.03390544280409813	; std	: 0.018627915531396866	; non
mean	: 0.05047278851270676	; std	: 0.006420380435883999	; baunded
mean	: 0.04470372200012207	; std	: 0.020671384409070015	; inflating
mean	: 0.014022200368344784	; std	: 0.008552093990147114	; shrinking
mean	: 0.03438328206539154	; std	: 0.016276711598038673	; non
mean	: 0.05032653734087944	; std	: 0.00727435015141964	; baunded
mean	: 0.032568857073783875	; std	: 0.01799829676747322	; inflating
mean	: 0.015643013641238213	; std	: 0.00819166749715805	; shrinking
mean	: 0.03293170779943466	; std	: 0.017126431688666344	; non
mean	: 0.0401688814163208	; std	: 0.0052097514271736145	; baunded
mean	: 0.034058213233947754	; std	: 0.01889287866652012	; inflating
mean	: 0.014888549223542213	; std	: 0.008002829737961292	; shrinking
mean	: 0.03357060253620148	; std	: 0.0174354650080204	; non
mean	: 0.0425131693482399	; std	: 0.005370960105210543	; baunded
mean	: 0.032568857073783875	; std	: 0.01799829676747322	; inflating
mean	: 0.015643013641238213	; std	: 0.00819166749715805	; shrinking
mean	: 0.03293170779943466	; std	: 0.017126431688666344	; non
mean	: 0.0401688814163208	; std	: 0.0052097514271736145	; baunded
mean	: 0.041569191962480545	; std	: 0.020911162719130516	; inflating
mean	: 0.013308647088706493	; std	: 0.008529425598680973	; shrinking
mean	: 0.03390544280409813	; std	: 0.018627915531396866	; non
mean	: 0.05047278851270676	; std	: 0.006420380435883999	; baunded
mean	: 0.055363819003105164	; std	: 0.020462147891521454	; inflating
mean	: 0.019138216972351074	; std	: 0.012189002707600594	; shrinking
mean	: 0.03930901736021042	; std	: 0.018804192543029785	; non
mean	: 0.06255574524402618	; std	: 0.006893348880112171	; baunded
mean	: 0.042743340134620667	; std	: 0.020455431193113327	; inflating
mean	: 0.012741157785058022	; std	: 0.008453325368463993	; shrinking
mean	: 0.03371986374258995	; std	: 0.016996130347251892	; non
mean	: 0.04926678538322449	; std	: 0.006798091344535351	; baunded
mean	: 0.04042638838291168	; std	: 0.020013388246297836	; inflating
mean	: 0.013428866863250732	; std	: 0.007829000242054462	; shrinking
mean	: 0.03333435207605362	; std	: 0.015316512435674667	; non
mean	: 0.04552318900823593	; std	: 0.006989267189055681	; baunded
mean	: 0.056201282888650894	; std	: 0.02024957537651062	; inflating
mean	: 0.019887205213308334	; std	: 0.012646721675992012	; shrinking
mean	: 0.03952972590923309	; std	: 0.018820229917764664	; non
mean	: 0.06367320567369461	; std	: 0.006748785264790058	; baunded
mean	: 0.034058213233947754	; std	: 0.01889287866652012	; inflating
mean	: 0.014888549223542213	; std	: 0.008002829737961292	; shrinking
mean	: 0.03357060253620148	; std	: 0.0174354650080204	; non
mean	: 0.0425131693482399	; std	: 0.005370960105210543	; baunded
mean	: 0.034058213233947754	; std	: 0.01889287866652012	; inflating
mean	: 0.014888549223542213	; std	: 0.008002829737961292	; shrinking
mean	: 0.03357060253620148	; std	: 0.0174354650080204	; non
mean	: 0.0425131693482399	; std	: 0.005370960105210543	; baunded
mean	: 0.04286299645900726	; std	: 0.02089187130331993	; inflating
mean	: 0.014388106763362885	; std	: 0.008354013785719872	; shrinking
mean	: 0.03391595184803009	; std	: 0.01801363378763199	; non
mean	: 0.051510825753211975	; std	: 0.006624180823564529	; baunded
mean	: 0.057829100638628006	; std	: 0.019182175397872925	; inflating
mean	: 0.023961547762155533	; std	: 0.011386577039957047	; shrinking
mean	: 0.0379326194524765	; std	: 0.017548488453030586	; non
mean	: 0.06398487091064453	; std	: 0.006658586207777262	; baunded
mean	: 0.03297794610261917	; std	: 0.01784125715494156	; inflating
mean	: 0.015534644015133381	; std	: 0.008096964098513126	; shrinking
mean	: 0.032882507890462875	; std	: 0.016928983852267265	; non
mean	: 0.03990987688302994	; std	: 0.005304891150444746	; baunded
mean	: 0.04662112146615982	; std	: 0.020579572767019272	; inflating
mean	: 0.013961050659418106	; std	: 0.009176391176879406	; shrinking
mean	: 0.034668657928705215	; std	: 0.01789984107017517	; non
mean	: 0.05334233120083809	; std	: 0.006894685328006744	; baunded
mean	: 0.05684863030910492	; std	: 0.019879093393683434	; inflating
mean	: 0.020979268476366997	; std	: 0.012613694183528423	; shrinking
mean	: 0.038465775549411774	; std	: 0.018004005774855614	; non
mean	: 0.06370199471712112	; std	: 0.006766687612980604	; baunded
mean	: 0.05684863030910492	; std	: 0.019879093393683434	; inflating
mean	: 0.020979268476366997	; std	: 0.012613694183528423	; shrinking
mean	: 0.038465775549411774	; std	: 0.018004005774855614	; non
mean	: 0.06370199471712112	; std	: 0.006766687612980604	; baunded
mean	: 0.027847986668348312	; std	: 0.011315928772091866	; inflating
mean	: 0.025529224425554276	; std	: 0.012730145826935768	; shrinking
mean	: 0.03524811938405037	; std	: 0.01685851626098156	; non
mean	: 0.024818817153573036	; std	: 0.004993861541152	; baunded
mean	: 0.041569191962480545	; std	: 0.020911162719130516	; inflating
mean	: 0.013308647088706493	; std	: 0.008529425598680973	; shrinking
mean	: 0.03390544280409813	; std	: 0.018627915531396866	; non
mean	: 0.05047278851270676	; std	: 0.006420380435883999	; baunded
mean	: 0.032166145741939545	; std	: 0.017824525013566017	; inflating
mean	: 0.016079384833574295	; std	: 0.008320486173033714	; shrinking
mean	: 0.033174216747283936	; std	: 0.01736263558268547	; non
mean	: 0.039833247661590576	; std	: 0.005131755489856005	; baunded
mean	: 0.056201282888650894	; std	: 0.02024957537651062	; inflating
mean	: 0.019887205213308334	; std	: 0.012646721675992012	; shrinking
mean	: 0.03952972590923309	; std	: 0.018820229917764664	; non
mean	: 0.06367320567369461	; std	: 0.006748785264790058	; baunded
mean	: 0.028145192191004753	; std	: 0.013472165912389755	; inflating
mean	: 0.0215957872569561	; std	: 0.010099201463162899	; shrinking
mean	: 0.033726561814546585	; std	: 0.018648935481905937	; non
mean	: 0.03327866271138191	; std	: 0.004180870018899441	; baunded
mean	: 0.04568108171224594	; std	: 0.02062414400279522	; inflating
mean	: 0.014223313890397549	; std	: 0.008979116566479206	; shrinking
mean	: 0.03518407791852951	; std	: 0.019504865631461143	; non
mean	: 0.0538540855050087	; std	: 0.006517451256513596	; baunded
mean	: 0.04042638838291168	; std	: 0.020013388246297836	; inflating
mean	: 0.013428866863250732	; std	: 0.007829000242054462	; shrinking
mean	: 0.03333435207605362	; std	: 0.015316512435674667	; non
mean	: 0.04552318900823593	; std	: 0.006989267189055681	; baunded
mean	: 0.03297794610261917	; std	: 0.01784125715494156	; inflating
mean	: 0.015534644015133381	; std	: 0.008096964098513126	; shrinking
mean	: 0.032882507890462875	; std	: 0.016928983852267265	; non
mean	: 0.03990987688302994	; std	: 0.005304891150444746	; baunded
mean	: 0.04267645627260208	; std	: 0.020912103354930878	; inflating
mean	: 0.013140443712472916	; std	: 0.008784077130258083	; shrinking
mean	: 0.03376594930887222	; std	: 0.018796060234308243	; non
mean	: 0.051280174404382706	; std	: 0.006524880416691303	; baunded
mean	: 0.04446689784526825	; std	: 0.02068263664841652	; inflating
mean	: 0.01511644572019577	; std	: 0.0084213363006711	; shrinking
mean	: 0.034001871943473816	; std	: 0.017663709819316864	; non
mean	: 0.05271473526954651	; std	: 0.006703182589262724	; baunded
mean	: 0.041253991425037384	; std	: 0.020396096631884575	; inflating
mean	: 0.012710776180028915	; std	: 0.00804589781910181	; shrinking
mean	: 0.03337949514389038	; std	: 0.01792037859559059	; non
mean	: 0.04939623177051544	; std	: 0.006284213159233332	; baunded
mean	: 0.04625082015991211	; std	: 0.02022639475762844	; inflating
mean	: 0.01666358858346939	; std	: 0.008320784196257591	; shrinking
mean	: 0.03395991772413254	; std	: 0.016546424478292465	; non
mean	: 0.0537838488817215	; std	: 0.00676976703107357	; baunded
mean	: 0.04095921665430069	; std	: 0.02026713453233242	; inflating
mean	: 0.012961039319634438	; std	: 0.00801251269876957	; shrinking
mean	: 0.03325078636407852	; std	: 0.015883905813097954	; non
mean	: 0.04679013788700104	; std	: 0.006900929380208254	; baunded
mean	: 0.04470372200012207	; std	: 0.020671384409070015	; inflating
mean	: 0.014022200368344784	; std	: 0.008552093990147114	; shrinking
mean	: 0.03438328206539154	; std	: 0.016276711598038673	; non
mean	: 0.05032653734087944	; std	: 0.00727435015141964	; baunded
mean	: 0.04031844437122345	; std	: 0.019939737394452095	; inflating
mean	: 0.013342101126909256	; std	: 0.007810593117028475	; shrinking
mean	: 0.03335648775100708	; std	: 0.015445489436388016	; non
mean	: 0.04548904299736023	; std	: 0.006910186726599932	; baunded
mean	: 0.05684863030910492	; std	: 0.019879093393683434	; inflating
mean	: 0.020979268476366997	; std	: 0.012613694183528423	; shrinking
mean	: 0.038465775549411774	; std	: 0.018004005774855614	; non
mean	: 0.06370199471712112	; std	: 0.006766687612980604	; baunded
mean	: 0.04095921665430069	; std	: 0.02026713453233242	; inflating
mean	: 0.012961039319634438	; std	: 0.00801251269876957	; shrinking
mean	: 0.03325078636407852	; std	: 0.015883905813097954	; non
mean	: 0.04679013788700104	; std	: 0.006900929380208254	; baunded
mean	: 0.05650724470615387	; std	: 0.020108474418520927	; inflating
mean	: 0.020172838121652603	; std	: 0.01274188794195652	; shrinking
mean	: 0.03900190070271492	; std	: 0.018431464210152626	; non
mean	: 0.06367477774620056	; std	: 0.0067696645855903625	; baunded
mean	: 0.04267645627260208	; std	: 0.020912103354930878	; inflating
mean	: 0.013140443712472916	; std	: 0.008784077130258083	; shrinking
mean	: 0.03376594930887222	; std	: 0.018796060234308243	; non
mean	: 0.051280174404382706	; std	: 0.006524880416691303	; baunded
mean	: 0.053496502339839935	; std	: 0.02042674832046032	; inflating
mean	: 0.018165362998843193	; std	: 0.011495193466544151	; shrinking
mean	: 0.03839987888932228	; std	: 0.019408483058214188	; non
mean	: 0.06127963960170746	; std	: 0.0067071025259792805	; baunded
mean	: 0.034058213233947754	; std	: 0.01889287866652012	; inflating
mean	: 0.014888549223542213	; std	: 0.008002829737961292	; shrinking
mean	: 0.03357060253620148	; std	: 0.0174354650080204	; non
mean	: 0.0425131693482399	; std	: 0.005370960105210543	; baunded
mean	: 0.04267645627260208	; std	: 0.020912103354930878	; inflating
mean	: 0.013140443712472916	; std	: 0.008784077130258083	; shrinking
mean	: 0.03376594930887222	; std	: 0.018796060234308243	; non
mean	: 0.051280174404382706	; std	: 0.006524880416691303	; baunded
mean	: 0.0565640814602375	; std	: 0.02009253203868866	; inflating
mean	: 0.02024795673787594	; std	: 0.012742727994918823	; shrinking
mean	: 0.03895298019051552	; std	: 0.01837894693017006	; non
mean	: 0.06368674337863922	; std	: 0.006776283495128155	; baunded
mean	: 0.04292995482683182	; std	: 0.020376263186335564	; inflating
mean	: 0.012820867821574211	; std	: 0.008357027545571327	; shrinking
mean	: 0.03356996551156044	; std	: 0.01803961768746376	; non
mean	: 0.05069329962134361	; std	: 0.006412543822079897	; baunded
mean	: 0.04662112146615982	; std	: 0.020579572767019272	; inflating
mean	: 0.013961050659418106	; std	: 0.009176391176879406	; shrinking
mean	: 0.034668657928705215	; std	: 0.01789984107017517	; non
mean	: 0.05334233120083809	; std	: 0.006894685328006744	; baunded
mean	: 0.027645180001854897	; std	: 0.012438465841114521	; inflating
mean	: 0.023571671918034554	; std	: 0.011996576562523842	; shrinking
mean	: 0.03422671556472778	; std	: 0.017159607261419296	; non
mean	: 0.02697918191552162	; std	: 0.005014544818550348	; baunded
mean	: 0.03996104747056961	; std	: 0.01981230638921261	; inflating
mean	: 0.013363493606448174	; std	: 0.007690904196351767	; shrinking
mean	: 0.03331194072961807	; std	: 0.015467881225049496	; non
mean	: 0.04513730853796005	; std	: 0.006825325079262257	; baunded
mean	: 0.02660364843904972	; std	: 0.010140289552509785	; inflating
mean	: 0.026339558884501457	; std	: 0.013529907912015915	; shrinking
mean	: 0.03537847846746445	; std	: 0.018074167892336845	; non
mean	: 0.024828476831316948	; std	: 0.004228595644235611	; baunded
mean	: 0.04625082015991211	; std	: 0.02022639475762844	; inflating
mean	: 0.01666358858346939	; std	: 0.008320784196257591	; shrinking
mean	: 0.03395991772413254	; std	: 0.016546424478292465	; non
mean	: 0.0537838488817215	; std	: 0.00676976703107357	; baunded
mean	: 0.05684863030910492	; std	: 0.019879093393683434	; inflating
mean	: 0.020979268476366997	; std	: 0.012613694183528423	; shrinking
mean	: 0.038465775549411774	; std	: 0.018004005774855614	; non
mean	: 0.06370199471712112	; std	: 0.006766687612980604	; baunded
mean	: 0.03996104747056961	; std	: 0.01981230638921261	; inflating
mean	: 0.013363493606448174	; std	: 0.007690904196351767	; shrinking
mean	: 0.03331194072961807	; std	: 0.015467881225049496	; non
mean	: 0.04513730853796005	; std	: 0.006825325079262257	; baunded
mean	: 0.040608927607536316	; std	: 0.021011151373386383	; inflating
mean	: 0.013916131108999252	; std	: 0.00807830411940813	; shrinking
mean	: 0.0339253768324852	; std	: 0.01797884702682495	; non
mean	: 0.04957831650972366	; std	: 0.00648308452218771	; baunded
anchor name	: non
mean	: 0.06956657022237778	; std	: 0.014819617383182049	; inflating
mean	: 0.04630090668797493	; std	: 0.006394268479198217	; shrinking
mean	: 0.040600769221782684	; std	: 0.027786334976553917	; non
mean	: 0.0716397762298584	; std	: 0.005783275235444307	; baunded
mean	: 0.06956657022237778	; std	: 0.014819617383182049	; inflating
mean	: 0.04630090668797493	; std	: 0.006394268479198217	; shrinking
mean	: 0.040600769221782684	; std	: 0.027786334976553917	; non
mean	: 0.0716397762298584	; std	: 0.005783275235444307	; baunded
mean	: 0.02708040177822113	; std	: 0.01369637530297041	; inflating
mean	: 0.021927259862422943	; std	: 0.010512104257941246	; shrinking
mean	: 0.0333029180765152	; std	: 0.018769361078739166	; non
mean	: 0.03126835450530052	; std	: 0.004498685710132122	; baunded
mean	: 0.06956657022237778	; std	: 0.014819617383182049	; inflating
mean	: 0.04630090668797493	; std	: 0.006394268479198217	; shrinking
mean	: 0.040600769221782684	; std	: 0.027786334976553917	; non
mean	: 0.0716397762298584	; std	: 0.005783275235444307	; baunded
mean	: 0.06938305497169495	; std	: 0.014781798236072063	; inflating
mean	: 0.04630236700177193	; std	: 0.006300242617726326	; shrinking
mean	: 0.04050740599632263	; std	: 0.02774595469236374	; non
mean	: 0.0714091956615448	; std	: 0.00578294787555933	; baunded
mean	: 0.06938305497169495	; std	: 0.014781798236072063	; inflating
mean	: 0.04630236700177193	; std	: 0.006300242617726326	; shrinking
mean	: 0.04050740599632263	; std	: 0.02774595469236374	; non
mean	: 0.0714091956615448	; std	: 0.00578294787555933	; baunded
mean	: 0.02708040177822113	; std	: 0.01369637530297041	; inflating
mean	: 0.021927259862422943	; std	: 0.010512104257941246	; shrinking
mean	: 0.0333029180765152	; std	: 0.018769361078739166	; non
mean	: 0.03126835450530052	; std	: 0.004498685710132122	; baunded
mean	: 0.07001327723264694	; std	: 0.014736433513462543	; inflating
mean	: 0.046878643333911896	; std	: 0.006358901504427195	; shrinking
mean	: 0.04101499170064926	; std	: 0.027871614322066307	; non
mean	: 0.07202212512493134	; std	: 0.005758070386946201	; baunded
mean	: 0.04977226257324219	; std	: 0.008794272318482399	; inflating
mean	: 0.05893717706203461	; std	: 0.009309737011790276	; shrinking
mean	: 0.05450214818120003	; std	: 0.024244986474514008	; non
mean	: 0.028312454000115395	; std	: 0.004127330146729946	; baunded
mean	: 0.0640491470694542	; std	: 0.015364409424364567	; inflating
mean	: 0.04101996496319771	; std	: 0.0059786466881632805	; shrinking
mean	: 0.03868667408823967	; std	: 0.023386938497424126	; non
mean	: 0.06651444733142853	; std	: 0.00601967005059123	; baunded
mean	: 0.07001327723264694	; std	: 0.014736433513462543	; inflating
mean	: 0.046878643333911896	; std	: 0.006358901504427195	; shrinking
mean	: 0.04101499170064926	; std	: 0.027871614322066307	; non
mean	: 0.07202212512493134	; std	: 0.005758070386946201	; baunded
mean	: 0.06481297314167023	; std	: 0.015231925994157791	; inflating
mean	: 0.041916683316230774	; std	: 0.005961093585938215	; shrinking
mean	: 0.039011746644973755	; std	: 0.02394474297761917	; non
mean	: 0.06716307997703552	; std	: 0.005978793371468782	; baunded
mean	: 0.04977226257324219	; std	: 0.008794272318482399	; inflating
mean	: 0.05893717706203461	; std	: 0.009309737011790276	; shrinking
mean	: 0.05450214818120003	; std	: 0.024244986474514008	; non
mean	: 0.028312454000115395	; std	: 0.004127330146729946	; baunded
mean	: 0.02708040177822113	; std	: 0.01369637530297041	; inflating
mean	: 0.021927259862422943	; std	: 0.010512104257941246	; shrinking
mean	: 0.0333029180765152	; std	: 0.018769361078739166	; non
mean	: 0.03126835450530052	; std	: 0.004498685710132122	; baunded
mean	: 0.06938305497169495	; std	: 0.014781798236072063	; inflating
mean	: 0.04630236700177193	; std	: 0.006300242617726326	; shrinking
mean	: 0.04050740599632263	; std	: 0.02774595469236374	; non
mean	: 0.0714091956615448	; std	: 0.00578294787555933	; baunded
mean	: 0.04977226257324219	; std	: 0.008794272318482399	; inflating
mean	: 0.05893717706203461	; std	: 0.009309737011790276	; shrinking
mean	: 0.05450214818120003	; std	: 0.024244986474514008	; non
mean	: 0.028312454000115395	; std	: 0.004127330146729946	; baunded
mean	: 0.0640491470694542	; std	: 0.015364409424364567	; inflating
mean	: 0.04101996496319771	; std	: 0.0059786466881632805	; shrinking
mean	: 0.03868667408823967	; std	: 0.023386938497424126	; non
mean	: 0.06651444733142853	; std	: 0.00601967005059123	; baunded
mean	: 0.04775192588567734	; std	: 0.009785108268260956	; inflating
mean	: 0.05548609048128128	; std	: 0.008857418783009052	; shrinking
mean	: 0.05175776779651642	; std	: 0.023562796413898468	; non
mean	: 0.027368471026420593	; std	: 0.005151365417987108	; baunded
mean	: 0.06481297314167023	; std	: 0.015231925994157791	; inflating
mean	: 0.041916683316230774	; std	: 0.005961093585938215	; shrinking
mean	: 0.039011746644973755	; std	: 0.02394474297761917	; non
mean	: 0.06716307997703552	; std	: 0.005978793371468782	; baunded
mean	: 0.045334525406360626	; std	: 0.020838184282183647	; inflating
mean	: 0.014598095789551735	; std	: 0.00897970050573349	; shrinking
mean	: 0.03480346128344536	; std	: 0.020056867972016335	; non
mean	: 0.05423150211572647	; std	: 0.0065040248446166515	; baunded
mean	: 0.025302724912762642	; std	: 0.007703584153205156	; inflating
mean	: 0.03252439945936203	; std	: 0.012269670143723488	; shrinking
mean	: 0.03800469636917114	; std	: 0.021486790850758553	; non
mean	: 0.027362531051039696	; std	: 0.003481853287667036	; baunded
mean	: 0.050479136407375336	; std	: 0.02060544118285179	; inflating
mean	: 0.016428615897893906	; std	: 0.01041040476411581	; shrinking
mean	: 0.03621963411569595	; std	: 0.020071689039468765	; non
mean	: 0.05867984890937805	; std	: 0.006663355510681868	; baunded
mean	: 0.025129400193691254	; std	: 0.007990675047039986	; inflating
mean	: 0.03705447539687157	; std	: 0.012316498905420303	; shrinking
mean	: 0.04142014682292938	; std	: 0.02250426448881626	; non
mean	: 0.027964260429143906	; std	: 0.004011396784335375	; baunded
mean	: 0.028414379805326462	; std	: 0.015278765931725502	; inflating
mean	: 0.019820135086774826	; std	: 0.009491424076259136	; shrinking
mean	: 0.032676197588443756	; std	: 0.0178611408919096	; non
mean	: 0.033130940049886703	; std	: 0.004954409785568714	; baunded
mean	: 0.029859889298677444	; std	: 0.01681368239223957	; inflating
mean	: 0.017879588529467583	; std	: 0.008480404503643513	; shrinking
mean	: 0.032250575721263885	; std	: 0.01707436889410019	; non
mean	: 0.03533806651830673	; std	: 0.00535022746771574	; baunded
mean	: 0.04919573292136192	; std	: 0.02062855288386345	; inflating
mean	: 0.01572110317647457	; std	: 0.00998053140938282	; shrinking
mean	: 0.03543098270893097	; std	: 0.020223254337906837	; non
mean	: 0.0574691966176033	; std	: 0.006627306342124939	; baunded
mean	: 0.06948938220739365	; std	: 0.014706076122820377	; inflating
mean	: 0.04662157595157623	; std	: 0.006210378371179104	; shrinking
mean	: 0.04073948413133621	; std	: 0.027653858065605164	; non
mean	: 0.07144907116889954	; std	: 0.005767607595771551	; baunded
mean	: 0.04775192588567734	; std	: 0.009785108268260956	; inflating
mean	: 0.05548609048128128	; std	: 0.008857418783009052	; shrinking
mean	: 0.05175776779651642	; std	: 0.023562796413898468	; non
mean	: 0.027368471026420593	; std	: 0.005151365417987108	; baunded
mean	: 0.06956657022237778	; std	: 0.014819617383182049	; inflating
mean	: 0.04630090668797493	; std	: 0.006394268479198217	; shrinking
mean	: 0.040600769221782684	; std	: 0.027786334976553917	; non
mean	: 0.0716397762298584	; std	: 0.005783275235444307	; baunded
mean	: 0.025129400193691254	; std	: 0.007990675047039986	; inflating
mean	: 0.03705447539687157	; std	: 0.012316498905420303	; shrinking
mean	: 0.04142014682292938	; std	: 0.02250426448881626	; non
mean	: 0.027964260429143906	; std	: 0.004011396784335375	; baunded
mean	: 0.025302724912762642	; std	: 0.007703584153205156	; inflating
mean	: 0.03252439945936203	; std	: 0.012269670143723488	; shrinking
mean	: 0.03800469636917114	; std	: 0.021486790850758553	; non
mean	: 0.027362531051039696	; std	: 0.003481853287667036	; baunded
mean	: 0.06938305497169495	; std	: 0.014781798236072063	; inflating
mean	: 0.04630236700177193	; std	: 0.006300242617726326	; shrinking
mean	: 0.04050740599632263	; std	: 0.02774595469236374	; non
mean	: 0.0714091956615448	; std	: 0.00578294787555933	; baunded
mean	: 0.025129400193691254	; std	: 0.007990675047039986	; inflating
mean	: 0.03705447539687157	; std	: 0.012316498905420303	; shrinking
mean	: 0.04142014682292938	; std	: 0.02250426448881626	; non
mean	: 0.027964260429143906	; std	: 0.004011396784335375	; baunded
mean	: 0.04775192588567734	; std	: 0.009785108268260956	; inflating
mean	: 0.05548609048128128	; std	: 0.008857418783009052	; shrinking
mean	: 0.05175776779651642	; std	: 0.023562796413898468	; non
mean	: 0.027368471026420593	; std	: 0.005151365417987108	; baunded
mean	: 0.025434590876102448	; std	: 0.009588083252310753	; inflating
mean	: 0.02798502892255783	; std	: 0.011980108916759491	; shrinking
mean	: 0.03610038757324219	; std	: 0.020313244313001633	; non
mean	: 0.02862682193517685	; std	: 0.003477738704532385	; baunded
mean	: 0.04919573292136192	; std	: 0.02062855288386345	; inflating
mean	: 0.01572110317647457	; std	: 0.00998053140938282	; shrinking
mean	: 0.03543098270893097	; std	: 0.020223254337906837	; non
mean	: 0.0574691966176033	; std	: 0.006627306342124939	; baunded
mean	: 0.025129400193691254	; std	: 0.007990675047039986	; inflating
mean	: 0.03705447539687157	; std	: 0.012316498905420303	; shrinking
mean	: 0.04142014682292938	; std	: 0.02250426448881626	; non
mean	: 0.027964260429143906	; std	: 0.004011396784335375	; baunded
mean	: 0.048858050256967545	; std	: 0.010390713810920715	; inflating
mean	: 0.054826296865940094	; std	: 0.00841100886464119	; shrinking
mean	: 0.05194644257426262	; std	: 0.022156303748488426	; non
mean	: 0.02903107926249504	; std	: 0.0058960746973752975	; baunded
mean	: 0.06978395581245422	; std	: 0.014697053469717503	; inflating
mean	: 0.04684782400727272	; std	: 0.006256583612412214	; shrinking
mean	: 0.040869325399398804	; std	: 0.027846714481711388	; non
mean	: 0.07174575328826904	; std	: 0.005757786799222231	; baunded
mean	: 0.04747125878930092	; std	: 0.02073187194764614	; inflating
mean	: 0.01509992778301239	; std	: 0.009481334127485752	; shrinking
mean	: 0.03492477536201477	; std	: 0.020293910056352615	; non
mean	: 0.05606125295162201	; std	: 0.006572720129042864	; baunded
mean	: 0.04547399282455444	; std	: 0.020851993933320045	; inflating
mean	: 0.014680788852274418	; std	: 0.009000426158308983	; shrinking
mean	: 0.034894589334726334	; std	: 0.020084088668227196	; non
mean	: 0.05435483157634735	; std	: 0.006520510651171207	; baunded
mean	: 0.04286728426814079	; std	: 0.02088645100593567	; inflating
mean	: 0.013525239191949368	; std	: 0.00867379643023014	; shrinking
mean	: 0.033795617520809174	; std	: 0.019024809822440147	; non
mean	: 0.051785074174404144	; std	: 0.006454854272305965	; baunded
mean	: 0.06956657022237778	; std	: 0.014819617383182049	; inflating
mean	: 0.04630090668797493	; std	: 0.006394268479198217	; shrinking
mean	: 0.040600769221782684	; std	: 0.027786334976553917	; non
mean	: 0.0716397762298584	; std	: 0.005783275235444307	; baunded
mean	: 0.04919573292136192	; std	: 0.02062855288386345	; inflating
mean	: 0.01572110317647457	; std	: 0.00998053140938282	; shrinking
mean	: 0.03543098270893097	; std	: 0.020223254337906837	; non
mean	: 0.0574691966176033	; std	: 0.006627306342124939	; baunded
mean	: 0.025302724912762642	; std	: 0.007703584153205156	; inflating
mean	: 0.03252439945936203	; std	: 0.012269670143723488	; shrinking
mean	: 0.03800469636917114	; std	: 0.021486790850758553	; non
mean	: 0.027362531051039696	; std	: 0.003481853287667036	; baunded
mean	: 0.04919573292136192	; std	: 0.02062855288386345	; inflating
mean	: 0.01572110317647457	; std	: 0.00998053140938282	; shrinking
mean	: 0.03543098270893097	; std	: 0.020223254337906837	; non
mean	: 0.0574691966176033	; std	: 0.006627306342124939	; baunded
mean	: 0.04775192588567734	; std	: 0.009785108268260956	; inflating
mean	: 0.05548609048128128	; std	: 0.008857418783009052	; shrinking
mean	: 0.05175776779651642	; std	: 0.023562796413898468	; non
mean	: 0.027368471026420593	; std	: 0.005151365417987108	; baunded
mean	: 0.06978395581245422	; std	: 0.014697053469717503	; inflating
mean	: 0.04684782400727272	; std	: 0.006256583612412214	; shrinking
mean	: 0.040869325399398804	; std	: 0.027846714481711388	; non
mean	: 0.07174575328826904	; std	: 0.005757786799222231	; baunded
mean	: 0.047059834003448486	; std	: 0.020739249885082245	; inflating
mean	: 0.014919661916792393	; std	: 0.009380930103361607	; shrinking
mean	: 0.0347168892621994	; std	: 0.020222745835781097	; non
mean	: 0.055694714188575745	; std	: 0.006557597313076258	; baunded
mean	: 0.04775192588567734	; std	: 0.009785108268260956	; inflating
mean	: 0.05548609048128128	; std	: 0.008857418783009052	; shrinking
mean	: 0.05175776779651642	; std	: 0.023562796413898468	; non
mean	: 0.027368471026420593	; std	: 0.005151365417987108	; baunded
mean	: 0.04692317545413971	; std	: 0.020677972584962845	; inflating
mean	: 0.014956429600715637	; std	: 0.009295842610299587	; shrinking
mean	: 0.03495512902736664	; std	: 0.020282423123717308	; non
mean	: 0.05559992045164108	; std	: 0.006500799208879471	; baunded
mean	: 0.04722603037953377	; std	: 0.008717849850654602	; inflating
mean	: 0.0582432895898819	; std	: 0.009801716543734074	; shrinking
mean	: 0.05398515611886978	; std	: 0.02390759065747261	; non
mean	: 0.025523915886878967	; std	: 0.0038194935768842697	; baunded
mean	: 0.025129400193691254	; std	: 0.007990675047039986	; inflating
mean	: 0.03705447539687157	; std	: 0.012316498905420303	; shrinking
mean	: 0.04142014682292938	; std	: 0.02250426448881626	; non
mean	: 0.027964260429143906	; std	: 0.004011396784335375	; baunded
mean	: 0.07001327723264694	; std	: 0.014736433513462543	; inflating
mean	: 0.046878643333911896	; std	: 0.006358901504427195	; shrinking
mean	: 0.04101499170064926	; std	: 0.027871614322066307	; non
mean	: 0.07202212512493134	; std	: 0.005758070386946201	; baunded
mean	: 0.04547399282455444	; std	: 0.020851993933320045	; inflating
mean	: 0.014680788852274418	; std	: 0.009000426158308983	; shrinking
mean	: 0.034894589334726334	; std	: 0.020084088668227196	; non
mean	: 0.05435483157634735	; std	: 0.006520510651171207	; baunded
mean	: 0.025302724912762642	; std	: 0.007703584153205156	; inflating
mean	: 0.03252439945936203	; std	: 0.012269670143723488	; shrinking
mean	: 0.03800469636917114	; std	: 0.021486790850758553	; non
mean	: 0.027362531051039696	; std	: 0.003481853287667036	; baunded
mean	: 0.027507346123456955	; std	: 0.01468256488442421	; inflating
mean	: 0.021143916994333267	; std	: 0.010071910917758942	; shrinking
mean	: 0.032877638936042786	; std	: 0.017646629363298416	; non
mean	: 0.031025931239128113	; std	: 0.005058548413217068	; baunded
mean	: 0.026833461597561836	; std	: 0.013320944271981716	; inflating
mean	: 0.022435368970036507	; std	: 0.010633316822350025	; shrinking
mean	: 0.03353283926844597	; std	: 0.018896974623203278	; non
mean	: 0.031159689649939537	; std	: 0.004340777639299631	; baunded
mean	: 0.047059834003448486	; std	: 0.020739249885082245	; inflating
mean	: 0.014919661916792393	; std	: 0.009380930103361607	; shrinking
mean	: 0.0347168892621994	; std	: 0.020222745835781097	; non
mean	: 0.055694714188575745	; std	: 0.006557597313076258	; baunded
mean	: 0.03226494789123535	; std	: 0.01916438341140747	; inflating
mean	: 0.015728987753391266	; std	: 0.007389429956674576	; shrinking
mean	: 0.03238986060023308	; std	: 0.01642121747136116	; non
mean	: 0.03873252123594284	; std	: 0.006099078804254532	; baunded
mean	: 0.025302724912762642	; std	: 0.007703584153205156	; inflating
mean	: 0.03252439945936203	; std	: 0.012269670143723488	; shrinking
mean	: 0.03800469636917114	; std	: 0.021486790850758553	; non
mean	: 0.027362531051039696	; std	: 0.003481853287667036	; baunded
mean	: 0.031031005084514618	; std	: 0.018620340153574944	; inflating
mean	: 0.016626954078674316	; std	: 0.007681220304220915	; shrinking
mean	: 0.03234760835766792	; std	: 0.01660141348838806	; non
mean	: 0.03733493387699127	; std	: 0.00592036172747612	; baunded
mean	: 0.04346097633242607	; std	: 0.020837413147091866	; inflating
mean	: 0.014016895554959774	; std	: 0.008680323138833046	; shrinking
mean	: 0.03430254012346268	; std	: 0.019446520134806633	; non
mean	: 0.05252522975206375	; std	: 0.006413699127733707	; baunded
mean	: 0.06978395581245422	; std	: 0.014697053469717503	; inflating
mean	: 0.04684782400727272	; std	: 0.006256583612412214	; shrinking
mean	: 0.040869325399398804	; std	: 0.027846714481711388	; non
mean	: 0.07174575328826904	; std	: 0.005757786799222231	; baunded
anchor name	: baunded
mean	: 0.03144970163702965	; std	: 0.008422034792602062	; inflating
mean	: 0.04524219036102295	; std	: 0.012201680801808834	; shrinking
mean	: 0.046014927327632904	; std	: 0.018754808232188225	; non
mean	: 0.010316075757145882	; std	: 0.005272205453366041	; baunded
mean	: 0.029739990830421448	; std	: 0.008667056448757648	; inflating
mean	: 0.045632295310497284	; std	: 0.012427736073732376	; shrinking
mean	: 0.04628812521696091	; std	: 0.018606455996632576	; non
mean	: 0.010333103127777576	; std	: 0.005258651450276375	; baunded
mean	: 0.03425515815615654	; std	: 0.01165649015456438	; inflating
mean	: 0.05764519423246384	; std	: 0.012988714501261711	; shrinking
mean	: 0.056043777614831924	; std	: 0.020581567659974098	; non
mean	: 0.015204811468720436	; std	: 0.008830279111862183	; baunded
mean	: 0.03712238371372223	; std	: 0.00903538428246975	; inflating
mean	: 0.05103567987680435	; std	: 0.011108379811048508	; shrinking
mean	: 0.04949607700109482	; std	: 0.02034943178296089	; non
mean	: 0.015380016528069973	; std	: 0.004481257870793343	; baunded
mean	: 0.031060900539159775	; std	: 0.007577703800052404	; inflating
mean	: 0.04420718923211098	; std	: 0.012757234275341034	; shrinking
mean	: 0.04584159702062607	; std	: 0.01861397549510002	; non
mean	: 0.011668158695101738	; std	: 0.0052050077356398106	; baunded
mean	: 0.028958464041352272	; std	: 0.008726825937628746	; inflating
mean	: 0.041260018944740295	; std	: 0.012286807410418987	; shrinking
mean	: 0.04344769939780235	; std	: 0.017788713797926903	; non
mean	: 0.011511944234371185	; std	: 0.0055076046846807	; baunded
mean	: 0.029288405552506447	; std	: 0.009282010607421398	; inflating
mean	: 0.048469413071870804	; std	: 0.013178708963096142	; shrinking
mean	: 0.04900716617703438	; std	: 0.019741225987672806	; non
mean	: 0.011100439354777336	; std	: 0.006952938623726368	; baunded
mean	: 0.030400648713111877	; std	: 0.01009276695549488	; inflating
mean	: 0.05171986669301987	; std	: 0.012877880595624447	; shrinking
mean	: 0.051206886768341064	; std	: 0.02001195028424263	; non
mean	: 0.011106418445706367	; std	: 0.0070839435793459415	; baunded
mean	: 0.02899761125445366	; std	: 0.008237125352025032	; inflating
mean	: 0.042115889489650726	; std	: 0.012551883235573769	; shrinking
mean	: 0.0440724641084671	; std	: 0.01827026531100273	; non
mean	: 0.010554840788245201	; std	: 0.00539661617949605	; baunded
mean	: 0.029287172481417656	; std	: 0.008600414730608463	; inflating
mean	: 0.04313873499631882	; std	: 0.012438981793820858	; shrinking
mean	: 0.0446937158703804	; std	: 0.01812940463423729	; non
mean	: 0.01100689172744751	; std	: 0.005318659357726574	; baunded
mean	: 0.03324322775006294	; std	: 0.010589304380118847	; inflating
mean	: 0.054936014115810394	; std	: 0.012950063683092594	; shrinking
mean	: 0.0536608062684536	; std	: 0.02028624527156353	; non
mean	: 0.012791328132152557	; std	: 0.008076178841292858	; baunded
mean	: 0.03141099214553833	; std	: 0.009987142868340015	; inflating
mean	: 0.05187895894050598	; std	: 0.013004767708480358	; shrinking
mean	: 0.05142655968666077	; std	: 0.019967781379818916	; non
mean	: 0.011692062020301819	; std	: 0.007814407348632812	; baunded
mean	: 0.02920377068221569	; std	: 0.01068340428173542	; inflating
mean	: 0.05127619206905365	; std	: 0.013260631822049618	; shrinking
mean	: 0.051205459982156754	; std	: 0.02016385644674301	; non
mean	: 0.011929582804441452	; std	: 0.008103366009891033	; baunded
mean	: 0.029747596010565758	; std	: 0.009540294297039509	; inflating
mean	: 0.0497327521443367	; std	: 0.01288799662142992	; shrinking
mean	: 0.04951786994934082	; std	: 0.01956033892929554	; non
mean	: 0.010311257094144821	; std	: 0.0065181017853319645	; baunded
mean	: 0.032863590866327286	; std	: 0.009831198491156101	; inflating
mean	: 0.05363496020436287	; std	: 0.012268813326954842	; shrinking
mean	: 0.05229431390762329	; std	: 0.019893672317266464	; non
mean	: 0.013298798352479935	; std	: 0.006037525366991758	; baunded
mean	: 0.03089229390025139	; std	: 0.0083451634272933	; inflating
mean	: 0.04245687276124954	; std	: 0.012219391763210297	; shrinking
mean	: 0.04431319236755371	; std	: 0.018077760934829712	; non
mean	: 0.01119148451834917	; std	: 0.005533772055059671	; baunded
mean	: 0.0316990502178669	; std	: 0.00880006980150938	; inflating
mean	: 0.04952258616685867	; std	: 0.012814926914870739	; shrinking
mean	: 0.04933568835258484	; std	: 0.01960563100874424	; non
mean	: 0.010122775100171566	; std	: 0.006318105384707451	; baunded
mean	: 0.0363379642367363	; std	: 0.012831646017730236	; inflating
mean	: 0.042930737137794495	; std	: 0.00881049782037735	; shrinking
mean	: 0.04483304172754288	; std	: 0.0157181303948164	; non
mean	: 0.02192680351436138	; std	: 0.007633717730641365	; baunded
mean	: 0.03102865070104599	; std	: 0.010208318009972572	; inflating
mean	: 0.05237864702939987	; std	: 0.012929053045809269	; shrinking
mean	: 0.051627762615680695	; std	: 0.020071428269147873	; non
mean	: 0.011020950973033905	; std	: 0.0075205289758741856	; baunded
mean	: 0.031702734529972076	; std	: 0.008712299168109894	; inflating
mean	: 0.04714566841721535	; std	: 0.012118501588702202	; shrinking
mean	: 0.04715239256620407	; std	: 0.01887197233736515	; non
mean	: 0.010750904679298401	; std	: 0.0050461203791201115	; baunded
mean	: 0.033259276300668716	; std	: 0.011304007843136787	; inflating
mean	: 0.03892718628048897	; std	: 0.010299229994416237	; shrinking
mean	: 0.04213332384824753	; std	: 0.016006125137209892	; non
mean	: 0.016870690509676933	; std	: 0.007845788262784481	; baunded
mean	: 0.030882375314831734	; std	: 0.008880223147571087	; inflating
mean	: 0.048813387751579285	; std	: 0.012748705223202705	; shrinking
mean	: 0.04863386228680611	; std	: 0.01935539022088051	; non
mean	: 0.00971243530511856	; std	: 0.0059946863912045956	; baunded
mean	: 0.03306081146001816	; std	: 0.013308017514646053	; inflating
mean	: 0.05875663831830025	; std	: 0.01321182120591402	; shrinking
mean	: 0.05734947323799133	; std	: 0.02053498476743698	; non
mean	: 0.017479388043284416	; std	: 0.009831521660089493	; baunded
mean	: 0.035171668976545334	; std	: 0.013327835127711296	; inflating
mean	: 0.037196338176727295	; std	: 0.008874201215803623	; shrinking
mean	: 0.041493725031614304	; std	: 0.014201592653989792	; non
mean	: 0.021599680185317993	; std	: 0.009316802024841309	; baunded
mean	: 0.029683556407690048	; std	: 0.010615861974656582	; inflating
mean	: 0.051433540880680084	; std	: 0.01329112984240055	; shrinking
mean	: 0.05141628533601761	; std	: 0.0201173797249794	; non
mean	: 0.012603459879755974	; std	: 0.008174359798431396	; baunded
mean	: 0.030263490974903107	; std	: 0.008477242663502693	; inflating
mean	: 0.04422199726104736	; std	: 0.012283384799957275	; shrinking
mean	: 0.04529312998056412	; std	: 0.018461715430021286	; non
mean	: 0.010346976108849049	; std	: 0.005286799278110266	; baunded
mean	: 0.03220684826374054	; std	: 0.009154532104730606	; inflating
mean	: 0.05097997933626175	; std	: 0.012815983965992928	; shrinking
mean	: 0.050408512353897095	; std	: 0.019864143803715706	; non
mean	: 0.010496382601559162	; std	: 0.006703271064907312	; baunded
mean	: 0.032018303871154785	; std	: 0.009086595848202705	; inflating
mean	: 0.04113662987947464	; std	: 0.01153641939163208	; shrinking
mean	: 0.04339229315519333	; std	: 0.01745135709643364	; non
mean	: 0.01305605098605156	; std	: 0.006071317940950394	; baunded
mean	: 0.028852054849267006	; std	: 0.00879000686109066	; inflating
mean	: 0.04631834104657173	; std	: 0.01274804212152958	; shrinking
mean	: 0.04690096899867058	; std	: 0.01894206367433071	; non
mean	: 0.010026633739471436	; std	: 0.00566201563924551	; baunded
mean	: 0.03237517550587654	; std	: 0.013982384465634823	; inflating
mean	: 0.05925585329532623	; std	: 0.013167162425816059	; shrinking
mean	: 0.05788687616586685	; std	: 0.020598625764250755	; non
mean	: 0.018354052677750587	; std	: 0.009935924783349037	; baunded
mean	: 0.02929489128291607	; std	: 0.008213936351239681	; inflating
mean	: 0.039201077073812485	; std	: 0.012501963414251804	; shrinking
mean	: 0.042340461164712906	; std	: 0.01759576052427292	; non
mean	: 0.01252842228859663	; std	: 0.005465794820338488	; baunded
mean	: 0.031999342143535614	; std	: 0.01367354579269886	; inflating
mean	: 0.05857052281498909	; std	: 0.013224213384091854	; shrinking
mean	: 0.057181358337402344	; std	: 0.020479030907154083	; non
mean	: 0.017522737383842468	; std	: 0.009791158139705658	; baunded
mean	: 0.03053438290953636	; std	: 0.009256599470973015	; inflating
mean	: 0.04957226291298866	; std	: 0.012951922602951527	; shrinking
mean	: 0.04939815029501915	; std	: 0.019608143717050552	; non
mean	: 0.009997816756367683	; std	: 0.006893125828355551	; baunded
mean	: 0.030289549380540848	; std	: 0.008646685630083084	; inflating
mean	: 0.04304193705320358	; std	: 0.012158991768956184	; shrinking
mean	: 0.04464803636074066	; std	: 0.018247270956635475	; non
mean	: 0.010842736810445786	; std	: 0.005511438474059105	; baunded
mean	: 0.03362850472331047	; std	: 0.012423472478985786	; inflating
mean	: 0.05837797746062279	; std	: 0.01301946584135294	; shrinking
mean	: 0.05668189004063606	; std	: 0.020542435348033905	; non
mean	: 0.015954913571476936	; std	: 0.009236922487616539	; baunded
mean	: 0.028771456331014633	; std	: 0.0084619652479887	; inflating
mean	: 0.044665224850177765	; std	: 0.012820991687476635	; shrinking
mean	: 0.04591981694102287	; std	: 0.018872065469622612	; non
mean	: 0.009967406280338764	; std	: 0.005472982302308083	; baunded
mean	: 0.02883305214345455	; std	: 0.009043890982866287	; inflating
mean	: 0.04730996489524841	; std	: 0.012932407669723034	; shrinking
mean	: 0.04783626273274422	; std	: 0.019423561170697212	; non
mean	: 0.009851539507508278	; std	: 0.00638258783146739	; baunded
mean	: 0.03282108157873154	; std	: 0.009053417481482029	; inflating
mean	: 0.04100433737039566	; std	: 0.01149383932352066	; shrinking
mean	: 0.04343976452946663	; std	: 0.017275772988796234	; non
mean	: 0.013818001374602318	; std	: 0.006213444285094738	; baunded
mean	: 0.02989019826054573	; std	: 0.009315346367657185	; inflating
mean	: 0.049188584089279175	; std	: 0.01276053674519062	; shrinking
mean	: 0.049135223031044006	; std	: 0.019642991945147514	; non
mean	: 0.009947570040822029	; std	: 0.006443118676543236	; baunded
mean	: 0.03020472638309002	; std	: 0.009669196791946888	; inflating
mean	: 0.050211988389492035	; std	: 0.012949774041771889	; shrinking
mean	: 0.04990958422422409	; std	: 0.0196794793009758	; non
mean	: 0.010510007850825787	; std	: 0.007255333475768566	; baunded
mean	: 0.030811596661806107	; std	: 0.010481644421815872	; inflating
mean	: 0.05230075865983963	; std	: 0.013258482329547405	; shrinking
mean	: 0.051955245435237885	; std	: 0.020101120695471764	; non
mean	: 0.012372879311442375	; std	: 0.008139437064528465	; baunded
mean	: 0.02812395617365837	; std	: 0.010153345763683319	; inflating
mean	: 0.049062930047512054	; std	: 0.013279727660119534	; shrinking
mean	: 0.04949914664030075	; std	: 0.019870763644576073	; non
mean	: 0.012104407884180546	; std	: 0.007537913043051958	; baunded
mean	: 0.03144326061010361	; std	: 0.009289795532822609	; inflating
mean	: 0.04040601849555969	; std	: 0.011666973121464252	; shrinking
mean	: 0.04282186180353165	; std	: 0.01702059619128704	; non
mean	: 0.013112399727106094	; std	: 0.006280962377786636	; baunded
mean	: 0.03483201935887337	; std	: 0.011756722815334797	; inflating
mean	: 0.03867878019809723	; std	: 0.00984044000506401	; shrinking
mean	: 0.04197411239147186	; std	: 0.015185692347586155	; non
mean	: 0.018772490322589874	; std	: 0.008526158519089222	; baunded
mean	: 0.03236681595444679	; std	: 0.01110988762229681	; inflating
mean	: 0.037869494408369064	; std	: 0.010654941201210022	; shrinking
mean	: 0.04147695004940033	; std	: 0.015514470636844635	; non
mean	: 0.0168762244284153	; std	: 0.00769961578771472	; baunded
mean	: 0.030876707285642624	; std	: 0.011747373268008232	; inflating
mean	: 0.05461495369672775	; std	: 0.01321565080434084	; shrinking
mean	: 0.053814828395843506	; std	: 0.020347343757748604	; non
mean	: 0.01368781365454197	; std	: 0.008994825184345245	; baunded
mean	: 0.03506174683570862	; std	: 0.011816457845270634	; inflating
mean	: 0.038554754108190536	; std	: 0.009798303246498108	; shrinking
mean	: 0.04201086610555649	; std	: 0.014981494285166264	; non
mean	: 0.019165700301527977	; std	: 0.008541037328541279	; baunded
mean	: 0.02882145717740059	; std	: 0.008248528465628624	; inflating
mean	: 0.04441367834806442	; std	: 0.012832910753786564	; shrinking
mean	: 0.0456850603222847	; std	: 0.018866661936044693	; non
mean	: 0.00998412724584341	; std	: 0.005614020861685276	; baunded
mean	: 0.03006010875105858	; std	: 0.008013896644115448	; inflating
mean	: 0.04580315202474594	; std	: 0.013073795475065708	; shrinking
mean	: 0.047098979353904724	; std	: 0.019207848235964775	; non
mean	: 0.011415006592869759	; std	: 0.005779920145869255	; baunded
mean	: 0.029850909486413002	; std	: 0.011750549077987671	; inflating
mean	: 0.053927429020404816	; std	: 0.013168289326131344	; shrinking
mean	: 0.05335857719182968	; std	: 0.020371008664369583	; non
mean	: 0.01351206749677658	; std	: 0.008681178092956543	; baunded
mean	: 0.03145977109670639	; std	: 0.008781238459050655	; inflating
mean	: 0.04901847988367081	; std	: 0.012655374594032764	; shrinking
mean	: 0.04873036593198776	; std	: 0.01941155083477497	; non
mean	: 0.009732307866215706	; std	: 0.00602498184889555	; baunded
mean	: 0.031352199614048004	; std	: 0.008705045096576214	; inflating
mean	: 0.048743121325969696	; std	: 0.01269989088177681	; shrinking
mean	: 0.04849528893828392	; std	: 0.019282128661870956	; non
mean	: 0.009871833957731724	; std	: 0.006018602289259434	; baunded
mean	: 0.0344548299908638	; std	: 0.013048543594777584	; inflating
mean	: 0.036612704396247864	; std	: 0.009193441830575466	; shrinking
mean	: 0.04099780321121216	; std	: 0.014049102552235126	; non
mean	: 0.020936856046319008	; std	: 0.00918869860470295	; baunded
mean	: 0.03455246239900589	; std	: 0.012665526010096073	; inflating
mean	: 0.03769516199827194	; std	: 0.00936849880963564	; shrinking
mean	: 0.04161287099123001	; std	: 0.014773859642446041	; non
mean	: 0.020008035004138947	; std	: 0.008989715948700905	; baunded
mean	: 0.0304835494607687	; std	: 0.013590664602816105	; inflating
mean	: 0.05694670230150223	; std	: 0.013215843588113785	; shrinking
mean	: 0.056096188724040985	; std	: 0.020585453137755394	; non
mean	: 0.017221923917531967	; std	: 0.009650353342294693	; baunded
mean	: 0.03772460296750069	; std	: 0.007513811811804771	; inflating
mean	: 0.04999852180480957	; std	: 0.01179540529847145	; shrinking
mean	: 0.04980550333857536	; std	: 0.019475048407912254	; non
mean	: 0.01567136123776436	; std	: 0.004503568634390831	; baunded
mean	: 0.02883938141167164	; std	: 0.009558691643178463	; inflating
mean	: 0.03970896452665329	; std	: 0.011816732585430145	; shrinking
mean	: 0.04259885102510452	; std	: 0.01724892482161522	; non
mean	: 0.013344306498765945	; std	: 0.005763806402683258	; baunded
mean	: 0.027522925287485123	; std	: 0.011032626032829285	; inflating
mean	: 0.050138384103775024	; std	: 0.013235500082373619	; shrinking
mean	: 0.050359394401311874	; std	: 0.020010970532894135	; non
mean	: 0.013266775757074356	; std	: 0.007910889573395252	; baunded
mean	: 0.03989949822425842	; std	: 0.01481922809034586	; inflating
mean	: 0.037611886858940125	; std	: 0.007230889517813921	; shrinking
mean	: 0.04282879829406738	; std	: 0.012234238907694817	; non
mean	: 0.028396543115377426	; std	: 0.009969508275389671	; baunded
mean	: 0.029761619865894318	; std	: 0.00802088063210249	; inflating
mean	: 0.04412801191210747	; std	: 0.012763943523168564	; shrinking
mean	: 0.04563751444220543	; std	: 0.018763264641165733	; non
mean	: 0.010453092865645885	; std	: 0.005384333897382021	; baunded
mean	: 0.031086169183254242	; std	: 0.010048174299299717	; inflating
mean	: 0.051841843873262405	; std	: 0.013034703209996223	; shrinking
mean	: 0.051261164247989655	; std	: 0.019938159734010696	; non
mean	: 0.011124778538942337	; std	: 0.0077349464409053326	; baunded
mean	: 0.028330668807029724	; std	: 0.00882718712091446	; inflating
mean	: 0.045951444655656815	; std	: 0.0127244358882308	; shrinking
mean	: 0.046771176159381866	; std	: 0.01907942444086075	; non
mean	: 0.010160433128476143	; std	: 0.0056765214540064335	; baunded
mean	: 0.03133917599916458	; std	: 0.009271943010389805	; inflating
mean	: 0.050493255257606506	; std	: 0.012620540335774422	; shrinking
mean	: 0.04986261948943138	; std	: 0.019640235230326653	; non
mean	: 0.010370096191763878	; std	: 0.006067943759262562	; baunded
mean	: 0.034333646297454834	; std	: 0.008489331230521202	; inflating
mean	: 0.04750917851924896	; std	: 0.011821536347270012	; shrinking
mean	: 0.04729301482439041	; std	: 0.019122470170259476	; non
mean	: 0.012091170996427536	; std	: 0.0048980507999658585	; baunded
> end program
