output_dir	: stem_log/evaluate_each_state/2021-01-23-00-28-45(40305)
sys.argv	: ['tool/evaluate_each_state.py', '--pretrained-model', 'stem_log/pre_train/2021-01-06-17-57-19(37298)/model-epoch-10-batch-10', '--dicts', 'stem_log/pre_train/2021-01-06-17-57-19(37298)/test_sample_dict.pkl', 'stem_log/split_sample_dict/2021-01-23-00-25-17(40055)/sample_dict(baunded).pkl', '--n-samples', '64', '--plot-samples']
> load model
model_path	: stem_log/pre_train/2021-01-06-17-57-19(37298)/model-epoch-10-batch-10
Model: "model"
_________________________________________________________________
Layer (type)                 Output Shape              Param #   
=================================================================
input_1 (InputLayer)         [(None, 100, 2)]          0         
_________________________________________________________________
LSTM (Model)                 (None, 128)               67072     
_________________________________________________________________
tf.math.l2_normalize (TFOpLa (None, 128)               0         
=================================================================
Total params: 67,072
Trainable params: 67,072
Non-trainable params: 0
_________________________________________________________________
dicts	: ['stem_log/pre_train/2021-01-06-17-57-19(37298)/test_sample_dict.pkl', 'stem_log/split_sample_dict/2021-01-23-00-25-17(40055)/sample_dict(baunded).pkl']
> load dicts
sample_dict	: {'inflating': 320, 'shrinking': 320, 'baunded': 1362}
> shuffle
> slice
sample_dict	: {'inflating': 64, 'shrinking': 64, 'baunded': 64}
frame_sampling_rate	: 50
> dump sample dict
> plot frame 0 / 64
> plot frame 1 / 64
> plot frame 2 / 64
> plot frame 3 / 64
> plot frame 4 / 64
> plot frame 5 / 64
> plot frame 6 / 64
> plot frame 7 / 64
> plot frame 8 / 64
> plot frame 9 / 64
> plot frame 10 / 64
> plot frame 11 / 64
> plot frame 12 / 64
> plot frame 13 / 64
> plot frame 14 / 64
> plot frame 15 / 64
> plot frame 16 / 64
> plot frame 17 / 64
> plot frame 18 / 64
> plot frame 19 / 64
> plot frame 20 / 64
> plot frame 21 / 64
> plot frame 22 / 64
> plot frame 23 / 64
> plot frame 24 / 64
> plot frame 25 / 64
> plot frame 26 / 64
> plot frame 27 / 64
> plot frame 28 / 64
> plot frame 29 / 64
> plot frame 30 / 64
> plot frame 31 / 64
> plot frame 32 / 64
> plot frame 33 / 64
> plot frame 34 / 64
> plot frame 35 / 64
> plot frame 36 / 64
> plot frame 37 / 64
> plot frame 38 / 64
> plot frame 39 / 64
> plot frame 40 / 64
> plot frame 41 / 64
> plot frame 42 / 64
> plot frame 43 / 64
> plot frame 44 / 64
> plot frame 45 / 64
> plot frame 46 / 64
> plot frame 47 / 64
> plot frame 48 / 64
> plot frame 49 / 64
> plot frame 50 / 64
> plot frame 51 / 64
> plot frame 52 / 64
> plot frame 53 / 64
> plot frame 54 / 64
> plot frame 55 / 64
> plot frame 56 / 64
> plot frame 57 / 64
> plot frame 58 / 64
> plot frame 59 / 64
> plot frame 60 / 64
> plot frame 61 / 64
> plot frame 62 / 64
> plot frame 63 / 64
> embeding
anchor name	: inflating
mean	: 0.03650084510445595	; std	: 0.021597938612103462	; inflating
mean	: 0.04958600923418999	; std	: 0.013707962818443775	; shrinking
mean	: 0.07350821793079376	; std	: 0.01112798135727644	; baunded
mean	: 0.03650084510445595	; std	: 0.021597938612103462	; inflating
mean	: 0.04958600923418999	; std	: 0.013707962818443775	; shrinking
mean	: 0.07350821793079376	; std	: 0.01112798135727644	; baunded
mean	: 0.03650084510445595	; std	: 0.021597938612103462	; inflating
mean	: 0.04958600923418999	; std	: 0.013707962818443775	; shrinking
mean	: 0.07350821793079376	; std	: 0.01112798135727644	; baunded
mean	: 0.03650084510445595	; std	: 0.021597938612103462	; inflating
mean	: 0.04958600923418999	; std	: 0.013707962818443775	; shrinking
mean	: 0.07350821793079376	; std	: 0.01112798135727644	; baunded
mean	: 0.031800076365470886	; std	: 0.023082099854946136	; inflating
mean	: 0.06572462618350983	; std	: 0.03316919878125191	; shrinking
mean	: 0.029482480138540268	; std	: 0.007650249637663364	; baunded
mean	: 0.03534029796719551	; std	: 0.022970836609601974	; inflating
mean	: 0.07118324190378189	; std	: 0.03106776438653469	; shrinking
mean	: 0.03394675254821777	; std	: 0.006712122820317745	; baunded
mean	: 0.03534029796719551	; std	: 0.022970836609601974	; inflating
mean	: 0.07118324190378189	; std	: 0.03106776438653469	; shrinking
mean	: 0.03394675254821777	; std	: 0.006712122820317745	; baunded
mean	: 0.03171168267726898	; std	: 0.015934869647026062	; inflating
mean	: 0.050519153475761414	; std	: 0.019171133637428284	; shrinking
mean	: 0.062119048088788986	; std	: 0.010493200272321701	; baunded
mean	: 0.0430828332901001	; std	: 0.028471196070313454	; inflating
mean	: 0.07835044711828232	; std	: 0.035621482878923416	; shrinking
mean	: 0.019917543977499008	; std	: 0.0058615682646632195	; baunded
mean	: 0.03650084510445595	; std	: 0.021597938612103462	; inflating
mean	: 0.04958600923418999	; std	: 0.013707962818443775	; shrinking
mean	: 0.07350821793079376	; std	: 0.01112798135727644	; baunded
mean	: 0.0430828332901001	; std	: 0.028471196070313454	; inflating
mean	: 0.07835044711828232	; std	: 0.035621482878923416	; shrinking
mean	: 0.019917543977499008	; std	: 0.0058615682646632195	; baunded
mean	: 0.0430828332901001	; std	: 0.028471196070313454	; inflating
mean	: 0.07835044711828232	; std	: 0.035621482878923416	; shrinking
mean	: 0.019917543977499008	; std	: 0.0058615682646632195	; baunded
mean	: 0.0430828332901001	; std	: 0.028471196070313454	; inflating
mean	: 0.07835044711828232	; std	: 0.035621482878923416	; shrinking
mean	: 0.019917543977499008	; std	: 0.0058615682646632195	; baunded
mean	: 0.031800076365470886	; std	: 0.023082099854946136	; inflating
mean	: 0.06572462618350983	; std	: 0.03316919878125191	; shrinking
mean	: 0.029482480138540268	; std	: 0.007650249637663364	; baunded
mean	: 0.0430828332901001	; std	: 0.028471196070313454	; inflating
mean	: 0.07835044711828232	; std	: 0.035621482878923416	; shrinking
mean	: 0.019917543977499008	; std	: 0.0058615682646632195	; baunded
mean	: 0.030936051160097122	; std	: 0.022213000804185867	; inflating
mean	: 0.06367883831262589	; std	: 0.033358555287122726	; shrinking
mean	: 0.03011973947286606	; std	: 0.008110669441521168	; baunded
mean	: 0.03171168267726898	; std	: 0.015934869647026062	; inflating
mean	: 0.050519153475761414	; std	: 0.019171133637428284	; shrinking
mean	: 0.062119048088788986	; std	: 0.010493200272321701	; baunded
mean	: 0.03650084510445595	; std	: 0.021597938612103462	; inflating
mean	: 0.04958600923418999	; std	: 0.013707962818443775	; shrinking
mean	: 0.07350821793079376	; std	: 0.01112798135727644	; baunded
mean	: 0.03650084510445595	; std	: 0.021597938612103462	; inflating
mean	: 0.04958600923418999	; std	: 0.013707962818443775	; shrinking
mean	: 0.07350821793079376	; std	: 0.01112798135727644	; baunded
mean	: 0.030369771644473076	; std	: 0.01870989426970482	; inflating
mean	: 0.06153129041194916	; std	: 0.030522046610713005	; shrinking
mean	: 0.03740810975432396	; std	: 0.008599799126386642	; baunded
mean	: 0.030936051160097122	; std	: 0.022213000804185867	; inflating
mean	: 0.06367883831262589	; std	: 0.033358555287122726	; shrinking
mean	: 0.03011973947286606	; std	: 0.008110669441521168	; baunded
mean	: 0.031800076365470886	; std	: 0.023082099854946136	; inflating
mean	: 0.06572462618350983	; std	: 0.03316919878125191	; shrinking
mean	: 0.029482480138540268	; std	: 0.007650249637663364	; baunded
mean	: 0.03534029796719551	; std	: 0.022970836609601974	; inflating
mean	: 0.07118324190378189	; std	: 0.03106776438653469	; shrinking
mean	: 0.03394675254821777	; std	: 0.006712122820317745	; baunded
mean	: 0.030936051160097122	; std	: 0.022213000804185867	; inflating
mean	: 0.06367883831262589	; std	: 0.033358555287122726	; shrinking
mean	: 0.03011973947286606	; std	: 0.008110669441521168	; baunded
mean	: 0.030022889375686646	; std	: 0.014250622130930424	; inflating
mean	: 0.053909704089164734	; std	: 0.023653054609894753	; shrinking
mean	: 0.05323958769440651	; std	: 0.009866141714155674	; baunded
mean	: 0.03744640573859215	; std	: 0.02503294311463833	; inflating
mean	: 0.07463930547237396	; std	: 0.032514479011297226	; shrinking
mean	: 0.029885683208703995	; std	: 0.005769242998212576	; baunded
mean	: 0.03501321002840996	; std	: 0.018579650670289993	; inflating
mean	: 0.05931324511766434	; std	: 0.035093069076538086	; shrinking
mean	: 0.031773392111063004	; std	: 0.008490818552672863	; baunded
mean	: 0.043749257922172546	; std	: 0.024906955659389496	; inflating
mean	: 0.04367474094033241	; std	: 0.011950879357755184	; shrinking
mean	: 0.08443386852741241	; std	: 0.011776281520724297	; baunded
mean	: 0.051701001822948456	; std	: 0.026728583499789238	; inflating
mean	: 0.04252142086625099	; std	: 0.012793410569429398	; shrinking
mean	: 0.09131377935409546	; std	: 0.011879120953381062	; baunded
mean	: 0.04810269922018051	; std	: 0.02877836488187313	; inflating
mean	: 0.08289286494255066	; std	: 0.035719141364097595	; shrinking
mean	: 0.019581742584705353	; std	: 0.00677019078284502	; baunded
mean	: 0.030022889375686646	; std	: 0.014250622130930424	; inflating
mean	: 0.053909704089164734	; std	: 0.023653054609894753	; shrinking
mean	: 0.05323958769440651	; std	: 0.009866141714155674	; baunded
mean	: 0.030936051160097122	; std	: 0.022213000804185867	; inflating
mean	: 0.06367883831262589	; std	: 0.033358555287122726	; shrinking
mean	: 0.03011973947286606	; std	: 0.008110669441521168	; baunded
mean	: 0.02920871041715145	; std	: 0.017022594809532166	; inflating
mean	: 0.05676999315619469	; std	: 0.031103845685720444	; shrinking
mean	: 0.037709228694438934	; std	: 0.009445587173104286	; baunded
mean	: 0.051701001822948456	; std	: 0.026728583499789238	; inflating
mean	: 0.04252142086625099	; std	: 0.012793410569429398	; shrinking
mean	: 0.09131377935409546	; std	: 0.011879120953381062	; baunded
mean	: 0.0430828332901001	; std	: 0.028471196070313454	; inflating
mean	: 0.07835044711828232	; std	: 0.035621482878923416	; shrinking
mean	: 0.019917543977499008	; std	: 0.0058615682646632195	; baunded
mean	: 0.03542216122150421	; std	: 0.024729713797569275	; inflating
mean	: 0.07180669903755188	; std	: 0.03258729353547096	; shrinking
mean	: 0.029172996059060097	; std	: 0.006397313438355923	; baunded
mean	: 0.04560798034071922	; std	: 0.02430650219321251	; inflating
mean	: 0.04209507629275322	; std	: 0.012255074456334114	; shrinking
mean	: 0.08417642116546631	; std	: 0.011923127807676792	; baunded
mean	: 0.030185706913471222	; std	: 0.012705962173640728	; inflating
mean	: 0.050617851316928864	; std	: 0.028790194541215897	; shrinking
mean	: 0.04654155671596527	; std	: 0.009942879900336266	; baunded
mean	: 0.043749257922172546	; std	: 0.024906955659389496	; inflating
mean	: 0.04367474094033241	; std	: 0.011950879357755184	; shrinking
mean	: 0.08443386852741241	; std	: 0.011776281520724297	; baunded
mean	: 0.0430828332901001	; std	: 0.028471196070313454	; inflating
mean	: 0.07835044711828232	; std	: 0.035621482878923416	; shrinking
mean	: 0.019917543977499008	; std	: 0.0058615682646632195	; baunded
mean	: 0.030022889375686646	; std	: 0.014250622130930424	; inflating
mean	: 0.053909704089164734	; std	: 0.023653054609894753	; shrinking
mean	: 0.05323958769440651	; std	: 0.009866141714155674	; baunded
mean	: 0.04810269922018051	; std	: 0.02877836488187313	; inflating
mean	: 0.08289286494255066	; std	: 0.035719141364097595	; shrinking
mean	: 0.019581742584705353	; std	: 0.00677019078284502	; baunded
mean	: 0.03196041285991669	; std	: 0.011342115700244904	; inflating
mean	: 0.04887707531452179	; std	: 0.02676287479698658	; shrinking
mean	: 0.05083714425563812	; std	: 0.01004800759255886	; baunded
mean	: 0.030022889375686646	; std	: 0.014250622130930424	; inflating
mean	: 0.053909704089164734	; std	: 0.023653054609894753	; shrinking
mean	: 0.05323958769440651	; std	: 0.009866141714155674	; baunded
mean	: 0.03640691190958023	; std	: 0.01417954545468092	; inflating
mean	: 0.042572565376758575	; std	: 0.01927504874765873	; shrinking
mean	: 0.06474286317825317	; std	: 0.01136893779039383	; baunded
mean	: 0.04513004422187805	; std	: 0.02518959902226925	; inflating
mean	: 0.04442719370126724	; std	: 0.011833139695227146	; shrinking
mean	: 0.08624185621738434	; std	: 0.011707362718880177	; baunded
mean	: 0.03342077136039734	; std	: 0.021585477516055107	; inflating
mean	: 0.06396788358688354	; std	: 0.03453252092003822	; shrinking
mean	: 0.029488565400242805	; std	: 0.00720627885311842	; baunded
mean	: 0.03650084510445595	; std	: 0.021597938612103462	; inflating
mean	: 0.04958600923418999	; std	: 0.013707962818443775	; shrinking
mean	: 0.07350821793079376	; std	: 0.01112798135727644	; baunded
mean	: 0.043749257922172546	; std	: 0.024906955659389496	; inflating
mean	: 0.04367474094033241	; std	: 0.011950879357755184	; shrinking
mean	: 0.08443386852741241	; std	: 0.011776281520724297	; baunded
mean	: 0.051701001822948456	; std	: 0.026728583499789238	; inflating
mean	: 0.04252142086625099	; std	: 0.012793410569429398	; shrinking
mean	: 0.09131377935409546	; std	: 0.011879120953381062	; baunded
mean	: 0.032262299209833145	; std	: 0.01841781474649906	; inflating
mean	: 0.060315292328596115	; std	: 0.0326886884868145	; shrinking
mean	: 0.03584440425038338	; std	: 0.007574695628136396	; baunded
mean	: 0.051701001822948456	; std	: 0.026728583499789238	; inflating
mean	: 0.04252142086625099	; std	: 0.012793410569429398	; shrinking
mean	: 0.09131377935409546	; std	: 0.011879120953381062	; baunded
mean	: 0.04999150335788727	; std	: 0.025898411870002747	; inflating
mean	: 0.041981346905231476	; std	: 0.01256851851940155	; shrinking
mean	: 0.08916552364826202	; std	: 0.011812091805040836	; baunded
mean	: 0.030378151684999466	; std	: 0.012612763792276382	; inflating
mean	: 0.0506189726293087	; std	: 0.028663447126746178	; shrinking
mean	: 0.046879660338163376	; std	: 0.00989894475787878	; baunded
mean	: 0.03650084510445595	; std	: 0.021597938612103462	; inflating
mean	: 0.04958600923418999	; std	: 0.013707962818443775	; shrinking
mean	: 0.07350821793079376	; std	: 0.01112798135727644	; baunded
mean	: 0.03171168267726898	; std	: 0.015934869647026062	; inflating
mean	: 0.050519153475761414	; std	: 0.019171133637428284	; shrinking
mean	: 0.062119048088788986	; std	: 0.010493200272321701	; baunded
mean	: 0.039222948253154755	; std	: 0.017859460785984993	; inflating
mean	: 0.04245053231716156	; std	: 0.01576201803982258	; shrinking
mean	: 0.07195116579532623	; std	: 0.011526057496666908	; baunded
mean	: 0.030210454016923904	; std	: 0.01383971981704235	; inflating
mean	: 0.05264115706086159	; std	: 0.0303523950278759	; shrinking
mean	: 0.0432417094707489	; std	: 0.009545212611556053	; baunded
mean	: 0.04252109304070473	; std	: 0.02160646952688694	; inflating
mean	: 0.04195602610707283	; std	: 0.01322986651211977	; shrinking
mean	: 0.07873368263244629	; std	: 0.011780734173953533	; baunded
mean	: 0.03542216122150421	; std	: 0.024729713797569275	; inflating
mean	: 0.07180669903755188	; std	: 0.03258729353547096	; shrinking
mean	: 0.029172996059060097	; std	: 0.006397313438355923	; baunded
mean	: 0.030672749504446983	; std	: 0.018486792221665382	; inflating
mean	: 0.05782647058367729	; std	: 0.033493880182504654	; shrinking
mean	: 0.033808670938014984	; std	: 0.008809085004031658	; baunded
mean	: 0.03542216122150421	; std	: 0.024729713797569275	; inflating
mean	: 0.07180669903755188	; std	: 0.03258729353547096	; shrinking
mean	: 0.029172996059060097	; std	: 0.006397313438355923	; baunded
mean	: 0.031024258583784103	; std	: 0.021305134519934654	; inflating
mean	: 0.063420869410038	; std	: 0.03242573142051697	; shrinking
mean	: 0.03193456307053566	; std	: 0.008397892117500305	; baunded
mean	: 0.06562921404838562	; std	: 0.028285812586545944	; inflating
mean	: 0.04427044093608856	; std	: 0.0198068767786026	; shrinking
mean	: 0.10634201020002365	; std	: 0.012157932855188847	; baunded
anchor name	: shrinking
mean	: 0.06478027999401093	; std	: 0.02306949347257614	; inflating
mean	: 0.03539440408349037	; std	: 0.024143289774656296	; shrinking
mean	: 0.10043542087078094	; std	: 0.011953878216445446	; baunded
mean	: 0.03328893706202507	; std	: 0.011671568267047405	; inflating
mean	: 0.04725636541843414	; std	: 0.03309851512312889	; shrinking
mean	: 0.039795391261577606	; std	: 0.012132256291806698	; baunded
mean	: 0.03328893706202507	; std	: 0.011671568267047405	; inflating
mean	: 0.04725636541843414	; std	: 0.03309851512312889	; shrinking
mean	: 0.039795391261577606	; std	: 0.012132256291806698	; baunded
mean	: 0.03328893706202507	; std	: 0.011671568267047405	; inflating
mean	: 0.04725636541843414	; std	: 0.03309851512312889	; shrinking
mean	: 0.039795391261577606	; std	: 0.012132256291806698	; baunded
mean	: 0.07656022906303406	; std	: 0.024362821131944656	; inflating
mean	: 0.03896909952163696	; std	: 0.030305486172437668	; shrinking
mean	: 0.11240601539611816	; std	: 0.011919837445020676	; baunded
mean	: 0.06478027999401093	; std	: 0.02306949347257614	; inflating
mean	: 0.03539440408349037	; std	: 0.024143289774656296	; shrinking
mean	: 0.10043542087078094	; std	: 0.011953878216445446	; baunded
mean	: 0.03328893706202507	; std	: 0.011671568267047405	; inflating
mean	: 0.04725636541843414	; std	: 0.03309851512312889	; shrinking
mean	: 0.039795391261577606	; std	: 0.012132256291806698	; baunded
mean	: 0.052569687366485596	; std	: 0.019996613264083862	; inflating
mean	: 0.033533260226249695	; std	: 0.017308758571743965	; shrinking
mean	: 0.0851835384964943	; std	: 0.012027213349938393	; baunded
mean	: 0.03328893706202507	; std	: 0.011671568267047405	; inflating
mean	: 0.04725636541843414	; std	: 0.03309851512312889	; shrinking
mean	: 0.039795391261577606	; std	: 0.012132256291806698	; baunded
mean	: 0.06617134809494019	; std	: 0.023795664310455322	; inflating
mean	: 0.035990159958601	; std	: 0.024996545165777206	; shrinking
mean	: 0.10249215364456177	; std	: 0.012036538682878017	; baunded
mean	: 0.06617134809494019	; std	: 0.023795664310455322	; inflating
mean	: 0.035990159958601	; std	: 0.024996545165777206	; shrinking
mean	: 0.10249215364456177	; std	: 0.012036538682878017	; baunded
mean	: 0.07656022906303406	; std	: 0.024362821131944656	; inflating
mean	: 0.03896909952163696	; std	: 0.030305486172437668	; shrinking
mean	: 0.11240601539611816	; std	: 0.011919837445020676	; baunded
mean	: 0.03328893706202507	; std	: 0.011671568267047405	; inflating
mean	: 0.04725636541843414	; std	: 0.03309851512312889	; shrinking
mean	: 0.039795391261577606	; std	: 0.012132256291806698	; baunded
mean	: 0.08366435766220093	; std	: 0.024989886209368706	; inflating
mean	: 0.044188521802425385	; std	: 0.03371449559926987	; shrinking
mean	: 0.12055076658725739	; std	: 0.011902100406587124	; baunded
mean	: 0.08465959131717682	; std	: 0.024651281535625458	; inflating
mean	: 0.04393601417541504	; std	: 0.03367794305086136	; shrinking
mean	: 0.12062279880046844	; std	: 0.011822910979390144	; baunded
mean	: 0.052569687366485596	; std	: 0.019996613264083862	; inflating
mean	: 0.033533260226249695	; std	: 0.017308758571743965	; shrinking
mean	: 0.0851835384964943	; std	: 0.012027213349938393	; baunded
mean	: 0.09769263863563538	; std	: 0.025956131517887115	; inflating
mean	: 0.05662212148308754	; std	: 0.036526232957839966	; shrinking
mean	: 0.13528722524642944	; std	: 0.011903549544513226	; baunded
mean	: 0.03912647068500519	; std	: 0.013078364543616772	; inflating
mean	: 0.03723691403865814	; std	: 0.019005663692951202	; shrinking
mean	: 0.06455082446336746	; std	: 0.012216503731906414	; baunded
mean	: 0.037710968405008316	; std	: 0.01754867471754551	; inflating
mean	: 0.057898301631212234	; std	: 0.03669819235801697	; shrinking
mean	: 0.028755497187376022	; std	: 0.01038180198520422	; baunded
mean	: 0.036004021763801575	; std	: 0.013405759818851948	; inflating
mean	: 0.05102820694446564	; std	: 0.03468117490410805	; shrinking
mean	: 0.035619087517261505	; std	: 0.011678619310259819	; baunded
mean	: 0.07012584805488586	; std	: 0.023050358518958092	; inflating
mean	: 0.03670303523540497	; std	: 0.025775963440537453	; shrinking
mean	: 0.10473771393299103	; std	: 0.011858449317514896	; baunded
mean	: 0.034713514149188995	; std	: 0.013752247206866741	; inflating
mean	: 0.05102429538965225	; std	: 0.03481677174568176	; shrinking
mean	: 0.03518475219607353	; std	: 0.01174758467823267	; baunded
mean	: 0.03607029467821121	; std	: 0.012595205567777157	; inflating
mean	: 0.03897273167967796	; std	: 0.020297490060329437	; shrinking
mean	: 0.06121334061026573	; std	: 0.012394506484270096	; baunded
mean	: 0.03351163864135742	; std	: 0.011362220160663128	; inflating
mean	: 0.04686027020215988	; std	: 0.032716866582632065	; shrinking
mean	: 0.04059722647070885	; std	: 0.012051234021782875	; baunded
mean	: 0.052569687366485596	; std	: 0.019996613264083862	; inflating
mean	: 0.033533260226249695	; std	: 0.017308758571743965	; shrinking
mean	: 0.0851835384964943	; std	: 0.012027213349938393	; baunded
mean	: 0.03607029467821121	; std	: 0.012595205567777157	; inflating
mean	: 0.03897273167967796	; std	: 0.020297490060329437	; shrinking
mean	: 0.06121334061026573	; std	: 0.012394506484270096	; baunded
mean	: 0.07012584805488586	; std	: 0.023050358518958092	; inflating
mean	: 0.03670303523540497	; std	: 0.025775963440537453	; shrinking
mean	: 0.10473771393299103	; std	: 0.011858449317514896	; baunded
mean	: 0.04384008049964905	; std	: 0.016620205715298653	; inflating
mean	: 0.034994225949048996	; std	: 0.015868285670876503	; shrinking
mean	: 0.07372986525297165	; std	: 0.012139775790274143	; baunded
mean	: 0.036004021763801575	; std	: 0.013405759818851948	; inflating
mean	: 0.05102820694446564	; std	: 0.03468117490410805	; shrinking
mean	: 0.035619087517261505	; std	: 0.011678619310259819	; baunded
mean	: 0.07629033923149109	; std	: 0.023991186171770096	; inflating
mean	: 0.03980201110243797	; std	: 0.030058611184358597	; shrinking
mean	: 0.11234798282384872	; std	: 0.011858988553285599	; baunded
mean	: 0.08366435766220093	; std	: 0.024989886209368706	; inflating
mean	: 0.044188521802425385	; std	: 0.03371449559926987	; shrinking
mean	: 0.12055076658725739	; std	: 0.011902100406587124	; baunded
mean	: 0.06478027999401093	; std	: 0.02306949347257614	; inflating
mean	: 0.03539440408349037	; std	: 0.024143289774656296	; shrinking
mean	: 0.10043542087078094	; std	: 0.011953878216445446	; baunded
mean	: 0.07656022906303406	; std	: 0.024362821131944656	; inflating
mean	: 0.03896909952163696	; std	: 0.030305486172437668	; shrinking
mean	: 0.11240601539611816	; std	: 0.011919837445020676	; baunded
mean	: 0.07926692068576813	; std	: 0.024333596229553223	; inflating
mean	: 0.04042983800172806	; std	: 0.0313890241086483	; shrinking
mean	: 0.1149396002292633	; std	: 0.011894629336893559	; baunded
mean	: 0.06478027999401093	; std	: 0.02306949347257614	; inflating
mean	: 0.03539440408349037	; std	: 0.024143289774656296	; shrinking
mean	: 0.10043542087078094	; std	: 0.011953878216445446	; baunded
mean	: 0.08984583616256714	; std	: 0.02520356886088848	; inflating
mean	: 0.04776676744222641	; std	: 0.03572791814804077	; shrinking
mean	: 0.12627017498016357	; std	: 0.011858038604259491	; baunded
mean	: 0.07656022906303406	; std	: 0.024362821131944656	; inflating
mean	: 0.03896909952163696	; std	: 0.030305486172437668	; shrinking
mean	: 0.11240601539611816	; std	: 0.011919837445020676	; baunded
mean	: 0.08984583616256714	; std	: 0.02520356886088848	; inflating
mean	: 0.04776676744222641	; std	: 0.03572791814804077	; shrinking
mean	: 0.12627017498016357	; std	: 0.011858038604259491	; baunded
mean	: 0.052569687366485596	; std	: 0.019996613264083862	; inflating
mean	: 0.033533260226249695	; std	: 0.017308758571743965	; shrinking
mean	: 0.0851835384964943	; std	: 0.012027213349938393	; baunded
mean	: 0.037710968405008316	; std	: 0.01754867471754551	; inflating
mean	: 0.057898301631212234	; std	: 0.03669819235801697	; shrinking
mean	: 0.028755497187376022	; std	: 0.01038180198520422	; baunded
mean	: 0.0896856039762497	; std	: 0.025211770087480545	; inflating
mean	: 0.04759003967046738	; std	: 0.03571827709674835	; shrinking
mean	: 0.12608462572097778	; std	: 0.011890092864632607	; baunded
mean	: 0.05670728534460068	; std	: 0.021825378760695457	; inflating
mean	: 0.0339297391474247	; std	: 0.018973786383867264	; shrinking
mean	: 0.0911213755607605	; std	: 0.012077894061803818	; baunded
mean	: 0.04787314683198929	; std	: 0.018759869039058685	; inflating
mean	: 0.0340767577290535	; std	: 0.015839627012610435	; shrinking
mean	: 0.07966557145118713	; std	: 0.012108850292861462	; baunded
mean	: 0.03781593218445778	; std	: 0.010242162272334099	; inflating
mean	: 0.04785805940628052	; std	: 0.03132358565926552	; shrinking
mean	: 0.04283922165632248	; std	: 0.011674013920128345	; baunded
mean	: 0.039453014731407166	; std	: 0.009589786641299725	; inflating
mean	: 0.041632264852523804	; std	: 0.02305336855351925	; shrinking
mean	: 0.057672031223773956	; std	: 0.011904493905603886	; baunded
mean	: 0.08366435766220093	; std	: 0.024989886209368706	; inflating
mean	: 0.044188521802425385	; std	: 0.03371449559926987	; shrinking
mean	: 0.12055076658725739	; std	: 0.011902100406587124	; baunded
mean	: 0.052569687366485596	; std	: 0.019996613264083862	; inflating
mean	: 0.033533260226249695	; std	: 0.017308758571743965	; shrinking
mean	: 0.0851835384964943	; std	: 0.012027213349938393	; baunded
mean	: 0.0896856039762497	; std	: 0.025211770087480545	; inflating
mean	: 0.04759003967046738	; std	: 0.03571827709674835	; shrinking
mean	: 0.12608462572097778	; std	: 0.011890092864632607	; baunded
mean	: 0.0896856039762497	; std	: 0.025211770087480545	; inflating
mean	: 0.04759003967046738	; std	: 0.03571827709674835	; shrinking
mean	: 0.12608462572097778	; std	: 0.011890092864632607	; baunded
mean	: 0.07868524640798569	; std	: 0.025299036875367165	; inflating
mean	: 0.040843281894922256	; std	: 0.031052468344569206	; shrinking
mean	: 0.11526405066251755	; std	: 0.012198549695312977	; baunded
mean	: 0.09607521444559097	; std	: 0.025816932320594788	; inflating
mean	: 0.05493072420358658	; std	: 0.03642837703227997	; shrinking
mean	: 0.13353008031845093	; std	: 0.011904182843863964	; baunded
mean	: 0.08984583616256714	; std	: 0.02520356886088848	; inflating
mean	: 0.04776676744222641	; std	: 0.03572791814804077	; shrinking
mean	: 0.12627017498016357	; std	: 0.011858038604259491	; baunded
mean	: 0.037710968405008316	; std	: 0.01754867471754551	; inflating
mean	: 0.057898301631212234	; std	: 0.03669819235801697	; shrinking
mean	: 0.028755497187376022	; std	: 0.01038180198520422	; baunded
mean	: 0.03912647068500519	; std	: 0.013078364543616772	; inflating
mean	: 0.03723691403865814	; std	: 0.019005663692951202	; shrinking
mean	: 0.06455082446336746	; std	: 0.012216503731906414	; baunded
mean	: 0.044508129358291626	; std	: 0.01595197059214115	; inflating
mean	: 0.03577709570527077	; std	: 0.015914304181933403	; shrinking
mean	: 0.07261502742767334	; std	: 0.012208865955471992	; baunded
mean	: 0.037710968405008316	; std	: 0.01754867471754551	; inflating
mean	: 0.057898301631212234	; std	: 0.03669819235801697	; shrinking
mean	: 0.028755497187376022	; std	: 0.01038180198520422	; baunded
mean	: 0.0914258062839508	; std	: 0.025522179901599884	; inflating
mean	: 0.05065608769655228	; std	: 0.035716116428375244	; shrinking
mean	: 0.1287008821964264	; std	: 0.011899316683411598	; baunded
mean	: 0.03328893706202507	; std	: 0.011671568267047405	; inflating
mean	: 0.04725636541843414	; std	: 0.03309851512312889	; shrinking
mean	: 0.039795391261577606	; std	: 0.012132256291806698	; baunded
mean	: 0.037710968405008316	; std	: 0.01754867471754551	; inflating
mean	: 0.057898301631212234	; std	: 0.03669819235801697	; shrinking
mean	: 0.028755497187376022	; std	: 0.01038180198520422	; baunded
mean	: 0.03735615313053131	; std	: 0.01004977710545063	; inflating
mean	: 0.04726485162973404	; std	: 0.030806543305516243	; shrinking
mean	: 0.04395199567079544	; std	: 0.011520865373313427	; baunded
mean	: 0.039453014731407166	; std	: 0.009589786641299725	; inflating
mean	: 0.041632264852523804	; std	: 0.02305336855351925	; shrinking
mean	: 0.057672031223773956	; std	: 0.011904493905603886	; baunded
mean	: 0.04384008049964905	; std	: 0.016620205715298653	; inflating
mean	: 0.034994225949048996	; std	: 0.015868285670876503	; shrinking
mean	: 0.07372986525297165	; std	: 0.012139775790274143	; baunded
mean	: 0.08003070950508118	; std	: 0.02557484433054924	; inflating
mean	: 0.041847292333841324	; std	: 0.031527213752269745	; shrinking
mean	: 0.11684446781873703	; std	: 0.012204138562083244	; baunded
mean	: 0.032401058822870255	; std	: 0.01073249988257885	; inflating
mean	: 0.045451074838638306	; std	: 0.029829520732164383	; shrinking
mean	: 0.04386477544903755	; std	: 0.011758501641452312	; baunded
anchor name	: baunded
mean	: 0.05617475137114525	; std	: 0.028583485633134842	; inflating
mean	: 0.09011790156364441	; std	: 0.03551574423909187	; shrinking
mean	: 0.01686467044055462	; std	: 0.009748926386237144	; baunded
mean	: 0.05911499261856079	; std	: 0.028413332998752594	; inflating
mean	: 0.093043252825737	; std	: 0.03524307161569595	; shrinking
mean	: 0.017546648159623146	; std	: 0.01048403698951006	; baunded
mean	: 0.04520866647362709	; std	: 0.021727392449975014	; inflating
mean	: 0.07085435092449188	; std	: 0.03525952622294426	; shrinking
mean	: 0.018126625567674637	; std	: 0.010034037753939629	; baunded
mean	: 0.041436195373535156	; std	: 0.020721152424812317	; inflating
mean	: 0.06867337226867676	; std	: 0.03402954712510109	; shrinking
mean	: 0.021700937300920486	; std	: 0.010784654878079891	; baunded
mean	: 0.053657300770282745	; std	: 0.028047800064086914	; inflating
mean	: 0.08802329748868942	; std	: 0.035383306443691254	; shrinking
mean	: 0.015391973778605461	; std	: 0.008489880710840225	; baunded
mean	: 0.06295742839574814	; std	: 0.028344353660941124	; inflating
mean	: 0.09626379609107971	; std	: 0.035407815128564835	; shrinking
mean	: 0.020022081211209297	; std	: 0.011057275347411633	; baunded
mean	: 0.0395507737994194	; std	: 0.016055986285209656	; inflating
mean	: 0.05943233147263527	; std	: 0.03437521308660507	; shrinking
mean	: 0.027631158009171486	; std	: 0.013226698152720928	; baunded
mean	: 0.047907717525959015	; std	: 0.02241743914783001	; inflating
mean	: 0.07508459687232971	; std	: 0.034874580800533295	; shrinking
mean	: 0.017802149057388306	; std	: 0.00893353670835495	; baunded
mean	: 0.04573589563369751	; std	: 0.023015335202217102	; inflating
mean	: 0.07329966127872467	; std	: 0.03521186113357544	; shrinking
mean	: 0.01656923070549965	; std	: 0.008993451483547688	; baunded
mean	: 0.04723355919122696	; std	: 0.02559482678771019	; inflating
mean	: 0.07818854600191116	; std	: 0.03559967502951622	; shrinking
mean	: 0.014433436095714569	; std	: 0.007010346278548241	; baunded
mean	: 0.06225426122546196	; std	: 0.028820322826504707	; inflating
mean	: 0.09705022722482681	; std	: 0.03530637174844742	; shrinking
mean	: 0.020534642040729523	; std	: 0.012037618085741997	; baunded
mean	: 0.044190920889377594	; std	: 0.019283631816506386	; inflating
mean	: 0.06928333640098572	; std	: 0.03349267318844795	; shrinking
mean	: 0.023337196558713913	; std	: 0.011500805616378784	; baunded
mean	: 0.06082139536738396	; std	: 0.028332969173789024	; inflating
mean	: 0.09561043977737427	; std	: 0.03503342717885971	; shrinking
mean	: 0.01940886490046978	; std	: 0.010842732153832912	; baunded
mean	: 0.048137493431568146	; std	: 0.026731161400675774	; inflating
mean	: 0.08156657963991165	; std	: 0.03535320237278938	; shrinking
mean	: 0.014839809387922287	; std	: 0.006800287403166294	; baunded
mean	: 0.050914183259010315	; std	: 0.026933712884783745	; inflating
mean	: 0.0855179950594902	; std	: 0.03472113236784935	; shrinking
mean	: 0.017321864143013954	; std	: 0.007305749226361513	; baunded
mean	: 0.03986028581857681	; std	: 0.019753634929656982	; inflating
mean	: 0.06602989137172699	; std	: 0.03391851857304573	; shrinking
mean	: 0.02328113466501236	; std	: 0.011429816484451294	; baunded
mean	: 0.04111770913004875	; std	: 0.014589640311896801	; inflating
mean	: 0.05876365303993225	; std	: 0.033386796712875366	; shrinking
mean	: 0.02986884117126465	; std	: 0.013712202198803425	; baunded
mean	: 0.04482671618461609	; std	: 0.024015771225094795	; inflating
mean	: 0.07356652617454529	; std	: 0.03585662692785263	; shrinking
mean	: 0.01581016555428505	; std	: 0.008378865197300911	; baunded
mean	: 0.05409644544124603	; std	: 0.0285138338804245	; inflating
mean	: 0.08992163091897964	; std	: 0.03492534160614014	; shrinking
mean	: 0.017961222678422928	; std	: 0.009493536315858364	; baunded
mean	: 0.06197257339954376	; std	: 0.02817174792289734	; inflating
mean	: 0.09662656486034393	; std	: 0.03490110859274864	; shrinking
mean	: 0.02040313184261322	; std	: 0.010715171694755554	; baunded
mean	: 0.0445646271109581	; std	: 0.022434821352362633	; inflating
mean	: 0.07186757028102875	; std	: 0.035577867180109024	; shrinking
mean	: 0.017275186255574226	; std	: 0.009667717851698399	; baunded
mean	: 0.06692708283662796	; std	: 0.028543120250105858	; inflating
mean	: 0.10091931372880936	; std	: 0.03549179807305336	; shrinking
mean	: 0.02378072589635849	; std	: 0.012121008709073067	; baunded
mean	: 0.04601665213704109	; std	: 0.023025866597890854	; inflating
mean	: 0.0729527473449707	; std	: 0.03570529446005821	; shrinking
mean	: 0.01680193841457367	; std	: 0.008878618478775024	; baunded
mean	: 0.05663369223475456	; std	: 0.02847975119948387	; inflating
mean	: 0.09095092862844467	; std	: 0.035524461418390274	; shrinking
mean	: 0.016446154564619064	; std	: 0.009825769811868668	; baunded
mean	: 0.039867885410785675	; std	: 0.020459510385990143	; inflating
mean	: 0.06567017734050751	; std	: 0.03536476567387581	; shrinking
mean	: 0.021003615111112595	; std	: 0.01115014124661684	; baunded
mean	: 0.049986060708761215	; std	: 0.028468003496527672	; inflating
mean	: 0.08458556234836578	; std	: 0.03552590683102608	; shrinking
mean	: 0.015689682215452194	; std	: 0.007869457826018333	; baunded
mean	: 0.047328900545835495	; std	: 0.02468184567987919	; inflating
mean	: 0.07641993463039398	; std	: 0.036028213798999786	; shrinking
mean	: 0.015632158145308495	; std	: 0.007518768776208162	; baunded
mean	: 0.05553485453128815	; std	: 0.027190089225769043	; inflating
mean	: 0.0866386741399765	; std	: 0.03581628203392029	; shrinking
mean	: 0.017356283962726593	; std	: 0.007475453894585371	; baunded
mean	: 0.04188079386949539	; std	: 0.015616806223988533	; inflating
mean	: 0.061243604868650436	; std	: 0.03333476185798645	; shrinking
mean	: 0.02808806486427784	; std	: 0.013482991605997086	; baunded
mean	: 0.06313841044902802	; std	: 0.028492363169789314	; inflating
mean	: 0.0964578241109848	; std	: 0.035369087010622025	; shrinking
mean	: 0.020722005516290665	; std	: 0.011373123154044151	; baunded
mean	: 0.051809679716825485	; std	: 0.02842000313103199	; inflating
mean	: 0.08603150397539139	; std	: 0.03565901145339012	; shrinking
mean	: 0.015424968674778938	; std	: 0.008238452486693859	; baunded
mean	: 0.060648031532764435	; std	: 0.028635278344154358	; inflating
mean	: 0.09594722092151642	; std	: 0.03500932455062866	; shrinking
mean	: 0.01991257257759571	; std	: 0.01142349373549223	; baunded
mean	: 0.04314570128917694	; std	: 0.019759388640522957	; inflating
mean	: 0.06675870716571808	; std	: 0.03537511080503464	; shrinking
mean	: 0.021154865622520447	; std	: 0.011400357820093632	; baunded
mean	: 0.050061799585819244	; std	: 0.02719825878739357	; inflating
mean	: 0.08401137590408325	; std	: 0.03525563329458237	; shrinking
mean	: 0.015064947307109833	; std	: 0.007159296423196793	; baunded
mean	: 0.05572039633989334	; std	: 0.028340941295027733	; inflating
mean	: 0.0887875109910965	; std	: 0.035672228783369064	; shrinking
mean	: 0.017728211358189583	; std	: 0.008937794715166092	; baunded
mean	: 0.04984454810619354	; std	: 0.024768542498350143	; inflating
mean	: 0.08043882995843887	; std	: 0.034777309745550156	; shrinking
mean	: 0.016407746821641922	; std	: 0.006801541894674301	; baunded
mean	: 0.07138048857450485	; std	: 0.02883085422217846	; inflating
mean	: 0.10668933391571045	; std	: 0.03468240797519684	; shrinking
mean	: 0.029324956238269806	; std	: 0.013510803692042828	; baunded
mean	: 0.049249157309532166	; std	: 0.025431180372834206	; inflating
mean	: 0.0783054530620575	; std	: 0.03596789017319679	; shrinking
mean	: 0.01653645746409893	; std	: 0.006949180271476507	; baunded
mean	: 0.05856116861104965	; std	: 0.02833421900868416	; inflating
mean	: 0.09224015474319458	; std	: 0.0354497916996479	; shrinking
mean	: 0.017106588929891586	; std	: 0.010089538991451263	; baunded
mean	: 0.05647774413228035	; std	: 0.02870873175561428	; inflating
mean	: 0.09117070585489273	; std	: 0.03519487753510475	; shrinking
mean	: 0.01729685440659523	; std	: 0.010290557518601418	; baunded
mean	: 0.04336422309279442	; std	: 0.023905497044324875	; inflating
mean	: 0.07286164164543152	; std	: 0.03549277409911156	; shrinking
mean	: 0.016176309436559677	; std	: 0.008517066016793251	; baunded
mean	: 0.047953154891729355	; std	: 0.025864843279123306	; inflating
mean	: 0.0779319554567337	; std	: 0.03595593199133873	; shrinking
mean	: 0.01570611633360386	; std	: 0.006934030447155237	; baunded
mean	: 0.04200368374586105	; std	: 0.02409854158759117	; inflating
mean	: 0.07165935635566711	; std	: 0.03602773696184158	; shrinking
mean	: 0.016758985817432404	; std	: 0.008339307270944118	; baunded
mean	: 0.05018933489918709	; std	: 0.026434481143951416	; inflating
mean	: 0.0816710889339447	; std	: 0.03567955270409584	; shrinking
mean	: 0.014229184947907925	; std	: 0.0067087034694850445	; baunded
mean	: 0.06288628280162811	; std	: 0.02900904044508934	; inflating
mean	: 0.09822086989879608	; std	: 0.034877341240644455	; shrinking
mean	: 0.023325059562921524	; std	: 0.012437587603926659	; baunded
mean	: 0.04289035499095917	; std	: 0.025832438841462135	; inflating
mean	: 0.07663185894489288	; std	: 0.03466949611902237	; shrinking
mean	: 0.018004771322011948	; std	: 0.0068528116680681705	; baunded
mean	: 0.0712754875421524	; std	: 0.02774772047996521	; inflating
mean	: 0.10237213969230652	; std	: 0.035011716187000275	; shrinking
mean	: 0.030171621590852737	; std	: 0.011218571104109287	; baunded
mean	: 0.06432375311851501	; std	: 0.02900121919810772	; inflating
mean	: 0.09964977204799652	; std	: 0.03517528250813484	; shrinking
mean	: 0.023776669055223465	; std	: 0.012716044671833515	; baunded
mean	: 0.05378638207912445	; std	: 0.029001466929912567	; inflating
mean	: 0.09001929312944412	; std	: 0.035136427730321884	; shrinking
mean	: 0.01960332691669464	; std	: 0.009710376150906086	; baunded
mean	: 0.04231619834899902	; std	: 0.025981483981013298	; inflating
mean	: 0.07396236062049866	; std	: 0.03611600026488304	; shrinking
mean	: 0.01791548915207386	; std	: 0.0066852448508143425	; baunded
mean	: 0.0539594367146492	; std	: 0.026182886213064194	; inflating
mean	: 0.08671718835830688	; std	: 0.034600503742694855	; shrinking
mean	: 0.017634298652410507	; std	: 0.006744529120624065	; baunded
mean	: 0.06826725602149963	; std	: 0.028631819412112236	; inflating
mean	: 0.10327189415693283	; std	: 0.03475271910429001	; shrinking
mean	: 0.02571849152445793	; std	: 0.0126958591863513	; baunded
mean	: 0.05299893021583557	; std	: 0.028107760474085808	; inflating
mean	: 0.08906175196170807	; std	: 0.0347227081656456	; shrinking
mean	: 0.018657296895980835	; std	: 0.008808372542262077	; baunded
mean	: 0.050450555980205536	; std	: 0.025756144896149635	; inflating
mean	: 0.07994681596755981	; std	: 0.03589002788066864	; shrinking
mean	: 0.015988526865839958	; std	: 0.006817090790718794	; baunded
mean	: 0.04597453400492668	; std	: 0.018614787608385086	; inflating
mean	: 0.06720161437988281	; std	: 0.03458965942263603	; shrinking
mean	: 0.02325817197561264	; std	: 0.011509343050420284	; baunded
mean	: 0.05018588900566101	; std	: 0.026219181716442108	; inflating
mean	: 0.08146816492080688	; std	: 0.03581373393535614	; shrinking
mean	: 0.014409635215997696	; std	: 0.006675417535007	; baunded
mean	: 0.04403483867645264	; std	: 0.021971233189105988	; inflating
mean	: 0.07013744115829468	; std	: 0.03579152747988701	; shrinking
mean	: 0.018108882009983063	; std	: 0.00990444328635931	; baunded
mean	: 0.04313546419143677	; std	: 0.01508396677672863	; inflating
mean	: 0.060136690735816956	; std	: 0.034155767410993576	; shrinking
mean	: 0.029605556279420853	; std	: 0.012872179038822651	; baunded
mean	: 0.04782339185476303	; std	: 0.019994400441646576	; inflating
mean	: 0.07285774499177933	; std	: 0.03378792107105255	; shrinking
mean	: 0.02213834598660469	; std	: 0.010549348779022694	; baunded
mean	: 0.05170639231801033	; std	: 0.025951312854886055	; inflating
mean	: 0.08273942768573761	; std	: 0.035354457795619965	; shrinking
mean	: 0.014870615676045418	; std	: 0.006465200800448656	; baunded
mean	: 0.04554599151015282	; std	: 0.020262455567717552	; inflating
mean	: 0.07096080482006073	; std	: 0.03386116027832031	; shrinking
mean	: 0.02131316438317299	; std	: 0.01084455382078886	; baunded
mean	: 0.05105594918131828	; std	: 0.0281069315969944	; inflating
mean	: 0.08520479500293732	; std	: 0.035376861691474915	; shrinking
mean	: 0.014993218705058098	; std	: 0.00790870375931263	; baunded
mean	: 0.05377490073442459	; std	: 0.026426905766129494	; inflating
mean	: 0.08371245861053467	; std	: 0.03592241182923317	; shrinking
mean	: 0.019043736159801483	; std	: 0.0068851858377456665	; baunded
mean	: 0.047175079584121704	; std	: 0.02661278285086155	; inflating
mean	: 0.0823502466082573	; std	: 0.034340642392635345	; shrinking
mean	: 0.018987664952874184	; std	: 0.006941921077668667	; baunded
> end program
