output_dir	: stem_log/evaluate_each_state/2021-01-20-23-10-55(8006)
sys.argv	: ['tool/evaluate_each_state.py', '--pretrained-model', 'stem_log/pre_train/2021-01-20-22-56-11(7299)/model-epoch-10-batch-10', '--dicts', 'stem_log/pre_train/2021-01-20-22-56-11(7299)/test_sample_dict.pkl', '--n-samples', '64']
> load model
model_path	: stem_log/pre_train/2021-01-20-22-56-11(7299)/model-epoch-10-batch-10
Model: "model"
_________________________________________________________________
Layer (type)                 Output Shape              Param #   
=================================================================
input_1 (InputLayer)         [(None, 100, 2)]          0         
_________________________________________________________________
LSTM (Model)                 (None, 128)               67072     
_________________________________________________________________
tf.math.l2_normalize (TFOpLa (None, 128)               0         
=================================================================
Total params: 67,072
Trainable params: 67,072
Non-trainable params: 0
_________________________________________________________________
dicts	: ['stem_log/pre_train/2021-01-20-22-56-11(7299)/test_sample_dict.pkl']
> load dicts
sample_dict	: {'inflating': 320, 'shrinking': 320, 'baunded': 320}
> shuffle
> slice
sample_dict	: {'inflating': 64, 'shrinking': 64, 'baunded': 64}
frame_sampling_rate	: 50
> plot frame 0 / 64
> plot frame 1 / 64
> plot frame 2 / 64
> plot frame 3 / 64
> plot frame 4 / 64
> plot frame 5 / 64
> plot frame 6 / 64
> plot frame 7 / 64
> plot frame 8 / 64
> plot frame 9 / 64
> plot frame 10 / 64
> plot frame 11 / 64
> plot frame 12 / 64
> plot frame 13 / 64
> plot frame 14 / 64
> plot frame 15 / 64
> plot frame 16 / 64
> plot frame 17 / 64
> plot frame 18 / 64
> plot frame 19 / 64
> plot frame 20 / 64
> plot frame 21 / 64
> plot frame 22 / 64
> plot frame 23 / 64
> plot frame 24 / 64
> plot frame 25 / 64
> plot frame 26 / 64
> plot frame 27 / 64
> plot frame 28 / 64
> plot frame 29 / 64
> plot frame 30 / 64
> plot frame 31 / 64
> plot frame 32 / 64
> plot frame 33 / 64
> plot frame 34 / 64
> plot frame 35 / 64
> plot frame 36 / 64
> plot frame 37 / 64
> plot frame 38 / 64
> plot frame 39 / 64
> plot frame 40 / 64
> plot frame 41 / 64
> plot frame 42 / 64
> plot frame 43 / 64
> plot frame 44 / 64
> plot frame 45 / 64
> plot frame 46 / 64
> plot frame 47 / 64
> plot frame 48 / 64
> plot frame 49 / 64
> plot frame 50 / 64
> plot frame 51 / 64
> plot frame 52 / 64
> plot frame 53 / 64
> plot frame 54 / 64
> plot frame 55 / 64
> plot frame 56 / 64
> plot frame 57 / 64
> plot frame 58 / 64
> plot frame 59 / 64
> plot frame 60 / 64
> plot frame 61 / 64
> plot frame 62 / 64
> plot frame 63 / 64
> embeding
anchor name	: inflating
mean	: 0.035382650792598724	; std	: 0.012757871299982071	; inflating
mean	: 0.06417049467563629	; std	: 0.012169125489890575	; shrinking
mean	: 0.06674975156784058	; std	: 0.008736548013985157	; baunded
mean	: 0.035382650792598724	; std	: 0.012757871299982071	; inflating
mean	: 0.06417049467563629	; std	: 0.012169125489890575	; shrinking
mean	: 0.06674975156784058	; std	: 0.008736548013985157	; baunded
mean	: 0.03688615933060646	; std	: 0.01582639105618	; inflating
mean	: 0.06272489577531815	; std	: 0.02006278932094574	; shrinking
mean	: 0.04384277015924454	; std	: 0.00816698744893074	; baunded
mean	: 0.03688615933060646	; std	: 0.01582639105618	; inflating
mean	: 0.06272489577531815	; std	: 0.02006278932094574	; shrinking
mean	: 0.04384277015924454	; std	: 0.00816698744893074	; baunded
mean	: 0.03303004428744316	; std	: 0.017789239063858986	; inflating
mean	: 0.09103907644748688	; std	: 0.011973069049417973	; shrinking
mean	: 0.0690549910068512	; std	: 0.007468258496373892	; baunded
mean	: 0.028735026717185974	; std	: 0.01629146933555603	; inflating
mean	: 0.0863673985004425	; std	: 0.014876320958137512	; shrinking
mean	: 0.05406786501407623	; std	: 0.00808525737375021	; baunded
mean	: 0.03303004428744316	; std	: 0.017789239063858986	; inflating
mean	: 0.09103907644748688	; std	: 0.011973069049417973	; shrinking
mean	: 0.0690549910068512	; std	: 0.007468258496373892	; baunded
mean	: 0.034357402473688126	; std	: 0.014396619983017445	; inflating
mean	: 0.07360418140888214	; std	: 0.02136813849210739	; shrinking
mean	: 0.034351468086242676	; std	: 0.007793407421559095	; baunded
mean	: 0.03303004428744316	; std	: 0.017789239063858986	; inflating
mean	: 0.09103907644748688	; std	: 0.011973069049417973	; shrinking
mean	: 0.0690549910068512	; std	: 0.007468258496373892	; baunded
mean	: 0.035382650792598724	; std	: 0.012757871299982071	; inflating
mean	: 0.06417049467563629	; std	: 0.012169125489890575	; shrinking
mean	: 0.06674975156784058	; std	: 0.008736548013985157	; baunded
mean	: 0.048061028122901917	; std	: 0.017952773720026016	; inflating
mean	: 0.0474577322602272	; std	: 0.015142987482249737	; shrinking
mean	: 0.06678880006074905	; std	: 0.008094362914562225	; baunded
mean	: 0.03688615933060646	; std	: 0.01582639105618	; inflating
mean	: 0.06272489577531815	; std	: 0.02006278932094574	; shrinking
mean	: 0.04384277015924454	; std	: 0.00816698744893074	; baunded
mean	: 0.034493301063776016	; std	: 0.02011813223361969	; inflating
mean	: 0.09794357419013977	; std	: 0.016604287549853325	; shrinking
mean	: 0.05341427028179169	; std	: 0.006655018776655197	; baunded
mean	: 0.030765483155846596	; std	: 0.01315644383430481	; inflating
mean	: 0.07590322196483612	; std	: 0.012432157061994076	; shrinking
mean	: 0.06365901231765747	; std	: 0.008531086146831512	; baunded
mean	: 0.034493301063776016	; std	: 0.02011813223361969	; inflating
mean	: 0.09794357419013977	; std	: 0.016604287549853325	; shrinking
mean	: 0.05341427028179169	; std	: 0.006655018776655197	; baunded
mean	: 0.03879096359014511	; std	: 0.021319609135389328	; inflating
mean	: 0.10042247176170349	; std	: 0.01982586644589901	; shrinking
mean	: 0.040577590465545654	; std	: 0.006540432572364807	; baunded
mean	: 0.028274189680814743	; std	: 0.02093055658042431	; inflating
mean	: 0.09415613859891891	; std	: 0.016454273834824562	; shrinking
mean	: 0.04990660771727562	; std	: 0.006907109171152115	; baunded
mean	: 0.048061028122901917	; std	: 0.017952773720026016	; inflating
mean	: 0.0474577322602272	; std	: 0.015142987482249737	; shrinking
mean	: 0.06678880006074905	; std	: 0.008094362914562225	; baunded
mean	: 0.028274189680814743	; std	: 0.02093055658042431	; inflating
mean	: 0.09415613859891891	; std	: 0.016454273834824562	; shrinking
mean	: 0.04990660771727562	; std	: 0.006907109171152115	; baunded
mean	: 0.07343659549951553	; std	: 0.020968124270439148	; inflating
mean	: 0.05434909090399742	; std	: 0.018576405942440033	; shrinking
mean	: 0.10962830483913422	; std	: 0.007920891977846622	; baunded
mean	: 0.048061028122901917	; std	: 0.017952773720026016	; inflating
mean	: 0.0474577322602272	; std	: 0.015142987482249737	; shrinking
mean	: 0.06678880006074905	; std	: 0.008094362914562225	; baunded
mean	: 0.028274189680814743	; std	: 0.02093055658042431	; inflating
mean	: 0.09415613859891891	; std	: 0.016454273834824562	; shrinking
mean	: 0.04990660771727562	; std	: 0.006907109171152115	; baunded
mean	: 0.03775443136692047	; std	: 0.015985922887921333	; inflating
mean	: 0.06636624038219452	; std	: 0.021335333585739136	; shrinking
mean	: 0.03936260938644409	; std	: 0.0076195066794753075	; baunded
mean	: 0.028274189680814743	; std	: 0.02093055658042431	; inflating
mean	: 0.09415613859891891	; std	: 0.016454273834824562	; shrinking
mean	: 0.04990660771727562	; std	: 0.006907109171152115	; baunded
mean	: 0.028735026717185974	; std	: 0.01629146933555603	; inflating
mean	: 0.0863673985004425	; std	: 0.014876320958137512	; shrinking
mean	: 0.05406786501407623	; std	: 0.00808525737375021	; baunded
mean	: 0.03208799660205841	; std	: 0.017226940020918846	; inflating
mean	: 0.09037743508815765	; std	: 0.012960132211446762	; shrinking
mean	: 0.06279648095369339	; std	: 0.007812013849616051	; baunded
mean	: 0.029302215203642845	; std	: 0.012396649457514286	; inflating
mean	: 0.08104301989078522	; std	: 0.014098232612013817	; shrinking
mean	: 0.05874504894018173	; std	: 0.007820562459528446	; baunded
mean	: 0.034368544816970825	; std	: 0.021413972601294518	; inflating
mean	: 0.10021726042032242	; std	: 0.016694802790880203	; shrinking
mean	: 0.05289900675415993	; std	: 0.006503130774945021	; baunded
mean	: 0.032799385488033295	; std	: 0.014380082488059998	; inflating
mean	: 0.07681241631507874	; std	: 0.021057013422250748	; shrinking
mean	: 0.03330296277999878	; std	: 0.008085587993264198	; baunded
mean	: 0.03879096359014511	; std	: 0.021319609135389328	; inflating
mean	: 0.10042247176170349	; std	: 0.01982586644589901	; shrinking
mean	: 0.040577590465545654	; std	: 0.006540432572364807	; baunded
mean	: 0.03775443136692047	; std	: 0.015985922887921333	; inflating
mean	: 0.06636624038219452	; std	: 0.021335333585739136	; shrinking
mean	: 0.03936260938644409	; std	: 0.0076195066794753075	; baunded
mean	: 0.02900846302509308	; std	: 0.0201712716370821	; inflating
mean	: 0.09378798305988312	; std	: 0.016919584944844246	; shrinking
mean	: 0.04884937405586243	; std	: 0.006914819125086069	; baunded
mean	: 0.032799385488033295	; std	: 0.014380082488059998	; inflating
mean	: 0.07681241631507874	; std	: 0.021057013422250748	; shrinking
mean	: 0.03330296277999878	; std	: 0.008085587993264198	; baunded
mean	: 0.030131174251437187	; std	: 0.01816677302122116	; inflating
mean	: 0.09128217399120331	; std	: 0.013144691474735737	; shrinking
mean	: 0.06300880014896393	; std	: 0.007503209635615349	; baunded
mean	: 0.02836097590625286	; std	: 0.019350958988070488	; inflating
mean	: 0.09223267436027527	; std	: 0.01472699549049139	; shrinking
mean	: 0.05633053928613663	; std	: 0.007257076445966959	; baunded
mean	: 0.030765483155846596	; std	: 0.01315644383430481	; inflating
mean	: 0.07590322196483612	; std	: 0.012432157061994076	; shrinking
mean	: 0.06365901231765747	; std	: 0.008531086146831512	; baunded
mean	: 0.03775443136692047	; std	: 0.015985922887921333	; inflating
mean	: 0.06636624038219452	; std	: 0.021335333585739136	; shrinking
mean	: 0.03936260938644409	; std	: 0.0076195066794753075	; baunded
mean	: 0.02968667633831501	; std	: 0.012152905575931072	; inflating
mean	: 0.07540656626224518	; std	: 0.017788726836442947	; shrinking
mean	: 0.043807487934827805	; std	: 0.008475295267999172	; baunded
mean	: 0.02900846302509308	; std	: 0.0201712716370821	; inflating
mean	: 0.09378798305988312	; std	: 0.016919584944844246	; shrinking
mean	: 0.04884937405586243	; std	: 0.006914819125086069	; baunded
mean	: 0.07343659549951553	; std	: 0.020968124270439148	; inflating
mean	: 0.05434909090399742	; std	: 0.018576405942440033	; shrinking
mean	: 0.10962830483913422	; std	: 0.007920891977846622	; baunded
mean	: 0.03316637501120567	; std	: 0.01698259823024273	; inflating
mean	: 0.08747163414955139	; std	: 0.011401517316699028	; shrinking
mean	: 0.06959100067615509	; std	: 0.008031262084841728	; baunded
mean	: 0.030765483155846596	; std	: 0.01315644383430481	; inflating
mean	: 0.07590322196483612	; std	: 0.012432157061994076	; shrinking
mean	: 0.06365901231765747	; std	: 0.008531086146831512	; baunded
mean	: 0.028923969715833664	; std	: 0.02120996080338955	; inflating
mean	: 0.09489796310663223	; std	: 0.016933193430304527	; shrinking
mean	: 0.0482681579887867	; std	: 0.006793908774852753	; baunded
mean	: 0.03688615933060646	; std	: 0.01582639105618	; inflating
mean	: 0.06272489577531815	; std	: 0.02006278932094574	; shrinking
mean	: 0.04384277015924454	; std	: 0.00816698744893074	; baunded
mean	: 0.057368356734514236	; std	: 0.01847725734114647	; inflating
mean	: 0.042487889528274536	; std	: 0.014543343335390091	; shrinking
mean	: 0.08354521542787552	; std	: 0.0076900627464056015	; baunded
mean	: 0.0349251851439476	; std	: 0.02036498300731182	; inflating
mean	: 0.09807527810335159	; std	: 0.017717953771352768	; shrinking
mean	: 0.048929549753665924	; std	: 0.006659455131739378	; baunded
mean	: 0.028923969715833664	; std	: 0.02120996080338955	; inflating
mean	: 0.09489796310663223	; std	: 0.016933193430304527	; shrinking
mean	: 0.0482681579887867	; std	: 0.006793908774852753	; baunded
mean	: 0.03303004428744316	; std	: 0.017789239063858986	; inflating
mean	: 0.09103907644748688	; std	: 0.011973069049417973	; shrinking
mean	: 0.0690549910068512	; std	: 0.007468258496373892	; baunded
mean	: 0.03454770892858505	; std	: 0.021337581798434258	; inflating
mean	: 0.09836914390325546	; std	: 0.019268322736024857	; shrinking
mean	: 0.03981839492917061	; std	: 0.006383610423654318	; baunded
mean	: 0.028274189680814743	; std	: 0.02093055658042431	; inflating
mean	: 0.09415613859891891	; std	: 0.016454273834824562	; shrinking
mean	: 0.04990660771727562	; std	: 0.006907109171152115	; baunded
mean	: 0.042882904410362244	; std	: 0.01940014213323593	; inflating
mean	: 0.09930417686700821	; std	: 0.02200954034924507	; shrinking
mean	: 0.028316453099250793	; std	: 0.006457765121012926	; baunded
mean	: 0.04514240473508835	; std	: 0.014049283228814602	; inflating
mean	: 0.06331288814544678	; std	: 0.010370812378823757	; shrinking
mean	: 0.07980597019195557	; std	: 0.009112682193517685	; baunded
mean	: 0.028923969715833664	; std	: 0.02120996080338955	; inflating
mean	: 0.09489796310663223	; std	: 0.016933193430304527	; shrinking
mean	: 0.0482681579887867	; std	: 0.006793908774852753	; baunded
mean	: 0.03454770892858505	; std	: 0.021337581798434258	; inflating
mean	: 0.09836914390325546	; std	: 0.019268322736024857	; shrinking
mean	: 0.03981839492917061	; std	: 0.006383610423654318	; baunded
mean	: 0.032668981701135635	; std	: 0.019232185557484627	; inflating
mean	: 0.09305132925510406	; std	: 0.019926946610212326	; shrinking
mean	: 0.03663702681660652	; std	: 0.007044813130050898	; baunded
mean	: 0.03316637501120567	; std	: 0.01698259823024273	; inflating
mean	: 0.08747163414955139	; std	: 0.011401517316699028	; shrinking
mean	: 0.06959100067615509	; std	: 0.008031262084841728	; baunded
mean	: 0.028017450124025345	; std	: 0.018995966762304306	; inflating
mean	: 0.09149118512868881	; std	: 0.014826765283942223	; shrinking
mean	: 0.05578067526221275	; std	: 0.007336796261370182	; baunded
mean	: 0.02836097590625286	; std	: 0.019350958988070488	; inflating
mean	: 0.09223267436027527	; std	: 0.01472699549049139	; shrinking
mean	: 0.05633053928613663	; std	: 0.007257076445966959	; baunded
mean	: 0.033790647983551025	; std	: 0.02125624753534794	; inflating
mean	: 0.09886771440505981	; std	: 0.01826487109065056	; shrinking
mean	: 0.0437442921102047	; std	: 0.006396832875907421	; baunded
mean	: 0.028735026717185974	; std	: 0.01629146933555603	; inflating
mean	: 0.0863673985004425	; std	: 0.014876320958137512	; shrinking
mean	: 0.05406786501407623	; std	: 0.00808525737375021	; baunded
mean	: 0.04499473422765732	; std	: 0.01475783996284008	; inflating
mean	: 0.051410116255283356	; std	: 0.014905245043337345	; shrinking
mean	: 0.06646952033042908	; std	: 0.007549763191491365	; baunded
mean	: 0.06147081032395363	; std	: 0.019683662801980972	; inflating
mean	: 0.04376562684774399	; std	: 0.015507068485021591	; shrinking
mean	: 0.09321019053459167	; std	: 0.008354607969522476	; baunded
mean	: 0.032668981701135635	; std	: 0.019232185557484627	; inflating
mean	: 0.09305132925510406	; std	: 0.019926946610212326	; shrinking
mean	: 0.03663702681660652	; std	: 0.007044813130050898	; baunded
mean	: 0.03316637501120567	; std	: 0.01698259823024273	; inflating
mean	: 0.08747163414955139	; std	: 0.011401517316699028	; shrinking
mean	: 0.06959100067615509	; std	: 0.008031262084841728	; baunded
anchor name	: shrinking
mean	: 0.06781172752380371	; std	: 0.01812826097011566	; inflating
mean	: 0.03671690821647644	; std	: 0.017664680257439613	; shrinking
mean	: 0.08193331956863403	; std	: 0.006923554930835962	; baunded
mean	: 0.06353573501110077	; std	: 0.014425694942474365	; inflating
mean	: 0.05145737901329994	; std	: 0.02553441748023033	; shrinking
mean	: 0.056244976818561554	; std	: 0.008334130980074406	; baunded
mean	: 0.06781172752380371	; std	: 0.01812826097011566	; inflating
mean	: 0.03671690821647644	; std	: 0.017664680257439613	; shrinking
mean	: 0.08193331956863403	; std	: 0.006923554930835962	; baunded
mean	: 0.07369781285524368	; std	: 0.01773078180849552	; inflating
mean	: 0.03343844413757324	; std	: 0.015493211336433887	; shrinking
mean	: 0.08644680678844452	; std	: 0.00842229463160038	; baunded
mean	: 0.06353573501110077	; std	: 0.014425694942474365	; inflating
mean	: 0.05145737901329994	; std	: 0.02553441748023033	; shrinking
mean	: 0.056244976818561554	; std	: 0.008334130980074406	; baunded
mean	: 0.09670278429985046	; std	: 0.02065466344356537	; inflating
mean	: 0.04144614189863205	; std	: 0.028343066573143005	; shrinking
mean	: 0.12414168566465378	; std	: 0.008583510294556618	; baunded
mean	: 0.06353573501110077	; std	: 0.014425694942474365	; inflating
mean	: 0.05145737901329994	; std	: 0.02553441748023033	; shrinking
mean	: 0.056244976818561554	; std	: 0.008334130980074406	; baunded
mean	: 0.07286437600851059	; std	: 0.01888309046626091	; inflating
mean	: 0.032883062958717346	; std	: 0.016845853999257088	; shrinking
mean	: 0.09593573957681656	; std	: 0.00842507928609848	; baunded
mean	: 0.09670278429985046	; std	: 0.02065466344356537	; inflating
mean	: 0.04144614189863205	; std	: 0.028343066573143005	; shrinking
mean	: 0.12414168566465378	; std	: 0.008583510294556618	; baunded
mean	: 0.11043024063110352	; std	: 0.020045703276991844	; inflating
mean	: 0.05826240032911301	; std	: 0.02887609601020813	; shrinking
mean	: 0.13993105292320251	; std	: 0.008904458954930305	; baunded
mean	: 0.08830335736274719	; std	: 0.020918002352118492	; inflating
mean	: 0.040674347430467606	; std	: 0.024362947791814804	; shrinking
mean	: 0.1171824187040329	; std	: 0.00800179410725832	; baunded
mean	: 0.06353573501110077	; std	: 0.014425694942474365	; inflating
mean	: 0.05145737901329994	; std	: 0.02553441748023033	; shrinking
mean	: 0.056244976818561554	; std	: 0.008334130980074406	; baunded
mean	: 0.07383854687213898	; std	: 0.01968725211918354	; inflating
mean	: 0.03156176954507828	; std	: 0.018189584836363792	; shrinking
mean	: 0.09260810911655426	; std	: 0.007672440726310015	; baunded
mean	: 0.09670278429985046	; std	: 0.02065466344356537	; inflating
mean	: 0.04144614189863205	; std	: 0.028343066573143005	; shrinking
mean	: 0.12414168566465378	; std	: 0.008583510294556618	; baunded
mean	: 0.09283207356929779	; std	: 0.020789816975593567	; inflating
mean	: 0.03743555396795273	; std	: 0.026922058314085007	; shrinking
mean	: 0.11950303614139557	; std	: 0.008450583554804325	; baunded
mean	: 0.09670278429985046	; std	: 0.02065466344356537	; inflating
mean	: 0.04144614189863205	; std	: 0.028343066573143005	; shrinking
mean	: 0.12414168566465378	; std	: 0.008583510294556618	; baunded
mean	: 0.06353573501110077	; std	: 0.014425694942474365	; inflating
mean	: 0.05145737901329994	; std	: 0.02553441748023033	; shrinking
mean	: 0.056244976818561554	; std	: 0.008334130980074406	; baunded
mean	: 0.08830335736274719	; std	: 0.020918002352118492	; inflating
mean	: 0.040674347430467606	; std	: 0.024362947791814804	; shrinking
mean	: 0.1171824187040329	; std	: 0.00800179410725832	; baunded
mean	: 0.0731993168592453	; std	: 0.013597723096609116	; inflating
mean	: 0.07148037850856781	; std	: 0.029218735173344612	; shrinking
mean	: 0.047685809433460236	; std	: 0.005560686346143484	; baunded
mean	: 0.08203313499689102	; std	: 0.01976095698773861	; inflating
mean	: 0.030656415969133377	; std	: 0.019131837412714958	; shrinking
mean	: 0.10043661296367645	; std	: 0.008003409951925278	; baunded
mean	: 0.08044712245464325	; std	: 0.020312126725912094	; inflating
mean	: 0.031826432794332504	; std	: 0.02059420570731163	; shrinking
mean	: 0.10243292152881622	; std	: 0.007756843231618404	; baunded
mean	: 0.0731993168592453	; std	: 0.013597723096609116	; inflating
mean	: 0.07148037850856781	; std	: 0.029218735173344612	; shrinking
mean	: 0.047685809433460236	; std	: 0.005560686346143484	; baunded
mean	: 0.08624544739723206	; std	: 0.020983094349503517	; inflating
mean	: 0.034720055758953094	; std	: 0.024354595690965652	; shrinking
mean	: 0.11299964785575867	; std	: 0.008108683861792088	; baunded
mean	: 0.07286437600851059	; std	: 0.01888309046626091	; inflating
mean	: 0.032883062958717346	; std	: 0.016845853999257088	; shrinking
mean	: 0.09593573957681656	; std	: 0.00842507928609848	; baunded
mean	: 0.08203313499689102	; std	: 0.01976095698773861	; inflating
mean	: 0.030656415969133377	; std	: 0.019131837412714958	; shrinking
mean	: 0.10043661296367645	; std	: 0.008003409951925278	; baunded
mean	: 0.06781172752380371	; std	: 0.01812826097011566	; inflating
mean	: 0.03671690821647644	; std	: 0.017664680257439613	; shrinking
mean	: 0.08193331956863403	; std	: 0.006923554930835962	; baunded
mean	: 0.08918061852455139	; std	: 0.020683884620666504	; inflating
mean	: 0.03387200087308884	; std	: 0.02506987378001213	; shrinking
mean	: 0.11473153531551361	; std	: 0.00834683421999216	; baunded
mean	: 0.07298915088176727	; std	: 0.016350645571947098	; inflating
mean	: 0.04467696696519852	; std	: 0.019508935511112213	; shrinking
mean	: 0.07178214937448502	; std	: 0.006980991922318935	; baunded
mean	: 0.08203313499689102	; std	: 0.01976095698773861	; inflating
mean	: 0.030656415969133377	; std	: 0.019131837412714958	; shrinking
mean	: 0.10043661296367645	; std	: 0.008003409951925278	; baunded
mean	: 0.08735010027885437	; std	: 0.01976616308093071	; inflating
mean	: 0.03225639462471008	; std	: 0.020286157727241516	; shrinking
mean	: 0.10814312100410461	; std	: 0.008354955352842808	; baunded
mean	: 0.09283207356929779	; std	: 0.020789816975593567	; inflating
mean	: 0.03743555396795273	; std	: 0.026922058314085007	; shrinking
mean	: 0.11950303614139557	; std	: 0.008450583554804325	; baunded
mean	: 0.09670278429985046	; std	: 0.02065466344356537	; inflating
mean	: 0.04144614189863205	; std	: 0.028343066573143005	; shrinking
mean	: 0.12414168566465378	; std	: 0.008583510294556618	; baunded
mean	: 0.08044712245464325	; std	: 0.020312126725912094	; inflating
mean	: 0.031826432794332504	; std	: 0.02059420570731163	; shrinking
mean	: 0.10243292152881622	; std	: 0.007756843231618404	; baunded
mean	: 0.11043024063110352	; std	: 0.020045703276991844	; inflating
mean	: 0.05826240032911301	; std	: 0.02887609601020813	; shrinking
mean	: 0.13993105292320251	; std	: 0.008904458954930305	; baunded
mean	: 0.07852698862552643	; std	: 0.013618419878184795	; inflating
mean	: 0.06480120867490768	; std	: 0.026658637449145317	; shrinking
mean	: 0.05981592833995819	; std	: 0.006894533522427082	; baunded
mean	: 0.06353573501110077	; std	: 0.014425694942474365	; inflating
mean	: 0.05145737901329994	; std	: 0.02553441748023033	; shrinking
mean	: 0.056244976818561554	; std	: 0.008334130980074406	; baunded
mean	: 0.08879075944423676	; std	: 0.021100811660289764	; inflating
mean	: 0.04009472578763962	; std	: 0.02599666640162468	; shrinking
mean	: 0.11778179556131363	; std	: 0.008257743902504444	; baunded
mean	: 0.07091346383094788	; std	: 0.01875099539756775	; inflating
mean	: 0.03658521920442581	; std	: 0.016796011477708817	; shrinking
mean	: 0.08288203179836273	; std	: 0.007453321013599634	; baunded
mean	: 0.08918061852455139	; std	: 0.020683884620666504	; inflating
mean	: 0.03387200087308884	; std	: 0.02506987378001213	; shrinking
mean	: 0.11473153531551361	; std	: 0.00834683421999216	; baunded
mean	: 0.08044712245464325	; std	: 0.020312126725912094	; inflating
mean	: 0.031826432794332504	; std	: 0.02059420570731163	; shrinking
mean	: 0.10243292152881622	; std	: 0.007756843231618404	; baunded
mean	: 0.11080649495124817	; std	: 0.01317056268453598	; inflating
mean	: 0.06896504014730453	; std	: 0.015506214462220669	; shrinking
mean	: 0.11095516383647919	; std	: 0.008874638006091118	; baunded
mean	: 0.07091346383094788	; std	: 0.01875099539756775	; inflating
mean	: 0.03658521920442581	; std	: 0.016796011477708817	; shrinking
mean	: 0.08288203179836273	; std	: 0.007453321013599634	; baunded
mean	: 0.06781172752380371	; std	: 0.01812826097011566	; inflating
mean	: 0.03671690821647644	; std	: 0.017664680257439613	; shrinking
mean	: 0.08193331956863403	; std	: 0.006923554930835962	; baunded
mean	: 0.07369781285524368	; std	: 0.01773078180849552	; inflating
mean	: 0.03343844413757324	; std	: 0.015493211336433887	; shrinking
mean	: 0.08644680678844452	; std	: 0.00842229463160038	; baunded
mean	: 0.049950290471315384	; std	: 0.013080970384180546	; inflating
mean	: 0.04856029152870178	; std	: 0.014844785444438457	; shrinking
mean	: 0.06501022726297379	; std	: 0.010025453753769398	; baunded
mean	: 0.05297424644231796	; std	: 0.015538136474788189	; inflating
mean	: 0.05720731243491173	; std	: 0.024163080379366875	; shrinking
mean	: 0.046233225613832474	; std	: 0.006451479159295559	; baunded
mean	: 0.08735010027885437	; std	: 0.01976616308093071	; inflating
mean	: 0.03225639462471008	; std	: 0.020286157727241516	; shrinking
mean	: 0.10814312100410461	; std	: 0.008354955352842808	; baunded
mean	: 0.07383854687213898	; std	: 0.01968725211918354	; inflating
mean	: 0.03156176954507828	; std	: 0.018189584836363792	; shrinking
mean	: 0.09260810911655426	; std	: 0.007672440726310015	; baunded
mean	: 0.07369891554117203	; std	: 0.019149448722600937	; inflating
mean	: 0.030900223180651665	; std	: 0.017334232106804848	; shrinking
mean	: 0.0904904305934906	; std	: 0.007982388138771057	; baunded
mean	: 0.04586944356560707	; std	: 0.014102454297244549	; inflating
mean	: 0.06299647688865662	; std	: 0.024263465777039528	; shrinking
mean	: 0.03926458954811096	; std	: 0.007359152659773827	; baunded
mean	: 0.08089841902256012	; std	: 0.018717065453529358	; inflating
mean	: 0.034347906708717346	; std	: 0.015601128339767456	; shrinking
mean	: 0.09352350980043411	; std	: 0.008132732473313808	; baunded
mean	: 0.09154948592185974	; std	: 0.020812079310417175	; inflating
mean	: 0.03725966811180115	; std	: 0.026440540328621864	; shrinking
mean	: 0.11907705664634705	; std	: 0.008389245718717575	; baunded
mean	: 0.08309931308031082	; std	: 0.01979699172079563	; inflating
mean	: 0.03077549859881401	; std	: 0.019274139776825905	; shrinking
mean	: 0.10194997489452362	; std	: 0.008099569007754326	; baunded
mean	: 0.09154948592185974	; std	: 0.020812079310417175	; inflating
mean	: 0.03725966811180115	; std	: 0.026440540328621864	; shrinking
mean	: 0.11907705664634705	; std	: 0.008389245718717575	; baunded
mean	: 0.09670278429985046	; std	: 0.02065466344356537	; inflating
mean	: 0.04144614189863205	; std	: 0.028343066573143005	; shrinking
mean	: 0.12414168566465378	; std	: 0.008583510294556618	; baunded
mean	: 0.07369781285524368	; std	: 0.01773078180849552	; inflating
mean	: 0.03343844413757324	; std	: 0.015493211336433887	; shrinking
mean	: 0.08644680678844452	; std	: 0.00842229463160038	; baunded
mean	: 0.08854515850543976	; std	: 0.020457740873098373	; inflating
mean	: 0.03323346748948097	; std	: 0.023819871246814728	; shrinking
mean	: 0.11312943696975708	; std	: 0.008382529020309448	; baunded
mean	: 0.05728813260793686	; std	: 0.016861964017152786	; inflating
mean	: 0.04452139139175415	; std	: 0.019495295360684395	; shrinking
mean	: 0.06299299746751785	; std	: 0.007172062993049622	; baunded
mean	: 0.08663176000118256	; std	: 0.02096831612288952	; inflating
mean	: 0.034007057547569275	; std	: 0.024450628086924553	; shrinking
mean	: 0.11263202130794525	; std	: 0.008140386082231998	; baunded
mean	: 0.09047655761241913	; std	: 0.020678138360381126	; inflating
mean	: 0.03645351529121399	; std	: 0.025771645829081535	; shrinking
mean	: 0.11757487058639526	; std	: 0.008415932767093182	; baunded
mean	: 0.11080649495124817	; std	: 0.01317056268453598	; inflating
mean	: 0.06896504014730453	; std	: 0.015506214462220669	; shrinking
mean	: 0.11095516383647919	; std	: 0.008874638006091118	; baunded
mean	: 0.07369891554117203	; std	: 0.019149448722600937	; inflating
mean	: 0.030900223180651665	; std	: 0.017334232106804848	; shrinking
mean	: 0.0904904305934906	; std	: 0.007982388138771057	; baunded
mean	: 0.10441496968269348	; std	: 0.02023160643875599	; inflating
mean	: 0.05933871492743492	; std	: 0.026526954025030136	; shrinking
mean	: 0.1365608125925064	; std	: 0.008319384418427944	; baunded
mean	: 0.09047655761241913	; std	: 0.020678138360381126	; inflating
mean	: 0.03645351529121399	; std	: 0.025771645829081535	; shrinking
mean	: 0.11757487058639526	; std	: 0.008415932767093182	; baunded
anchor name	: baunded
mean	: 0.05385943129658699	; std	: 0.016673728823661804	; inflating
mean	: 0.09405414760112762	; std	: 0.026164446026086807	; shrinking
mean	: 0.015012909658253193	; std	: 0.007343119941651821	; baunded
mean	: 0.050931598991155624	; std	: 0.016522474586963654	; inflating
mean	: 0.09228501468896866	; std	: 0.025430230423808098	; shrinking
mean	: 0.014779573306441307	; std	: 0.008062602952122688	; baunded
mean	: 0.05385943129658699	; std	: 0.016673728823661804	; inflating
mean	: 0.09405414760112762	; std	: 0.026164446026086807	; shrinking
mean	: 0.015012909658253193	; std	: 0.007343119941651821	; baunded
mean	: 0.048789605498313904	; std	: 0.0172638688236475	; inflating
mean	: 0.09410790354013443	; std	: 0.02508174628019333	; shrinking
mean	: 0.015294216573238373	; std	: 0.007807341869920492	; baunded
mean	: 0.055096402764320374	; std	: 0.017150066792964935	; inflating
mean	: 0.09979771077632904	; std	: 0.025157110765576363	; shrinking
mean	: 0.019109535962343216	; std	: 0.010235484689474106	; baunded
mean	: 0.05385943129658699	; std	: 0.016673728823661804	; inflating
mean	: 0.09405414760112762	; std	: 0.026164446026086807	; shrinking
mean	: 0.015012909658253193	; std	: 0.007343119941651821	; baunded
mean	: 0.05385943129658699	; std	: 0.016673728823661804	; inflating
mean	: 0.09405414760112762	; std	: 0.026164446026086807	; shrinking
mean	: 0.015012909658253193	; std	: 0.007343119941651821	; baunded
mean	: 0.055096402764320374	; std	: 0.017150066792964935	; inflating
mean	: 0.09979771077632904	; std	: 0.025157110765576363	; shrinking
mean	: 0.019109535962343216	; std	: 0.010235484689474106	; baunded
mean	: 0.0512286052107811	; std	: 0.01672661118209362	; inflating
mean	: 0.09336318075656891	; std	: 0.02541143260896206	; shrinking
mean	: 0.014098105020821095	; std	: 0.008302433416247368	; baunded
mean	: 0.058719001710414886	; std	: 0.01693875901401043	; inflating
mean	: 0.10126030445098877	; std	: 0.02543606422841549	; shrinking
mean	: 0.019276859238743782	; std	: 0.008731001988053322	; baunded
mean	: 0.05674438923597336	; std	: 0.01647993177175522	; inflating
mean	: 0.09589816629886627	; std	: 0.02590586058795452	; shrinking
mean	: 0.01659276708960533	; std	: 0.007711012847721577	; baunded
mean	: 0.055096402764320374	; std	: 0.017150066792964935	; inflating
mean	: 0.09979771077632904	; std	: 0.025157110765576363	; shrinking
mean	: 0.019109535962343216	; std	: 0.010235484689474106	; baunded
mean	: 0.0512286052107811	; std	: 0.01672661118209362	; inflating
mean	: 0.09336318075656891	; std	: 0.02541143260896206	; shrinking
mean	: 0.014098105020821095	; std	: 0.008302433416247368	; baunded
mean	: 0.06208302825689316	; std	: 0.017334869131445885	; inflating
mean	: 0.10357257723808289	; std	: 0.026412323117256165	; shrinking
mean	: 0.01807081326842308	; std	: 0.008400393649935722	; baunded
mean	: 0.05890408158302307	; std	: 0.01636461354792118	; inflating
mean	: 0.09527555108070374	; std	: 0.02687981352210045	; shrinking
mean	: 0.016124755144119263	; std	: 0.0063846237026154995	; baunded
mean	: 0.0512286052107811	; std	: 0.01672661118209362	; inflating
mean	: 0.09336318075656891	; std	: 0.02541143260896206	; shrinking
mean	: 0.014098105020821095	; std	: 0.008302433416247368	; baunded
mean	: 0.05674438923597336	; std	: 0.01647993177175522	; inflating
mean	: 0.09589816629886627	; std	: 0.02590586058795452	; shrinking
mean	: 0.01659276708960533	; std	: 0.007711012847721577	; baunded
mean	: 0.04713035002350807	; std	: 0.016484368592500687	; inflating
mean	: 0.09051123261451721	; std	: 0.02500590868294239	; shrinking
mean	: 0.01834178902208805	; std	: 0.00752835301682353	; baunded
mean	: 0.0512286052107811	; std	: 0.01672661118209362	; inflating
mean	: 0.09336318075656891	; std	: 0.02541143260896206	; shrinking
mean	: 0.014098105020821095	; std	: 0.008302433416247368	; baunded
mean	: 0.0512286052107811	; std	: 0.01672661118209362	; inflating
mean	: 0.09336318075656891	; std	: 0.02541143260896206	; shrinking
mean	: 0.014098105020821095	; std	: 0.008302433416247368	; baunded
mean	: 0.07039788365364075	; std	: 0.01748676784336567	; inflating
mean	: 0.1107773631811142	; std	: 0.02679256536066532	; shrinking
mean	: 0.02430516481399536	; std	: 0.009199056774377823	; baunded
mean	: 0.05715275928378105	; std	: 0.016265906393527985	; inflating
mean	: 0.09470845758914948	; std	: 0.026013921946287155	; shrinking
mean	: 0.01721321791410446	; std	: 0.007681763265281916	; baunded
mean	: 0.04713035002350807	; std	: 0.016484368592500687	; inflating
mean	: 0.09051123261451721	; std	: 0.02500590868294239	; shrinking
mean	: 0.01834178902208805	; std	: 0.00752835301682353	; baunded
mean	: 0.06757361441850662	; std	: 0.017513077706098557	; inflating
mean	: 0.11031188815832138	; std	: 0.02605881728231907	; shrinking
mean	: 0.026501543819904327	; std	: 0.01111683715134859	; baunded
mean	: 0.048789605498313904	; std	: 0.0172638688236475	; inflating
mean	: 0.09410790354013443	; std	: 0.02508174628019333	; shrinking
mean	: 0.015294216573238373	; std	: 0.007807341869920492	; baunded
mean	: 0.05890408158302307	; std	: 0.01636461354792118	; inflating
mean	: 0.09527555108070374	; std	: 0.02687981352210045	; shrinking
mean	: 0.016124755144119263	; std	: 0.0063846237026154995	; baunded
mean	: 0.05873928964138031	; std	: 0.017510071396827698	; inflating
mean	: 0.10204586386680603	; std	: 0.026018278673291206	; shrinking
mean	: 0.016371209174394608	; std	: 0.008788121864199638	; baunded
mean	: 0.05122904106974602	; std	: 0.015531030483543873	; inflating
mean	: 0.08564445376396179	; std	: 0.026176361367106438	; shrinking
mean	: 0.017458811402320862	; std	: 0.007856451906263828	; baunded
mean	: 0.05746970325708389	; std	: 0.017995020374655724	; inflating
mean	: 0.10340455174446106	; std	: 0.025592001155018806	; shrinking
mean	: 0.017378894612193108	; std	: 0.008843760937452316	; baunded
mean	: 0.05122904106974602	; std	: 0.015531030483543873	; inflating
mean	: 0.08564445376396179	; std	: 0.026176361367106438	; shrinking
mean	: 0.017458811402320862	; std	: 0.007856451906263828	; baunded
mean	: 0.055096402764320374	; std	: 0.017150066792964935	; inflating
mean	: 0.09979771077632904	; std	: 0.025157110765576363	; shrinking
mean	: 0.019109535962343216	; std	: 0.010235484689474106	; baunded
mean	: 0.07257431745529175	; std	: 0.016116533428430557	; inflating
mean	: 0.10424179583787918	; std	: 0.02825506217777729	; shrinking
mean	: 0.02758462354540825	; std	: 0.0077142128720879555	; baunded
mean	: 0.07257431745529175	; std	: 0.016116533428430557	; inflating
mean	: 0.10424179583787918	; std	: 0.02825506217777729	; shrinking
mean	: 0.02758462354540825	; std	: 0.0077142128720879555	; baunded
mean	: 0.048789605498313904	; std	: 0.0172638688236475	; inflating
mean	: 0.09410790354013443	; std	: 0.02508174628019333	; shrinking
mean	: 0.015294216573238373	; std	: 0.007807341869920492	; baunded
mean	: 0.04713035002350807	; std	: 0.016484368592500687	; inflating
mean	: 0.09051123261451721	; std	: 0.02500590868294239	; shrinking
mean	: 0.01834178902208805	; std	: 0.00752835301682353	; baunded
mean	: 0.07499774545431137	; std	: 0.017158962786197662	; inflating
mean	: 0.11066678166389465	; std	: 0.028070401400327682	; shrinking
mean	: 0.027096785604953766	; std	: 0.007911453023552895	; baunded
mean	: 0.05385943129658699	; std	: 0.016673728823661804	; inflating
mean	: 0.09405414760112762	; std	: 0.026164446026086807	; shrinking
mean	: 0.015012909658253193	; std	: 0.007343119941651821	; baunded
mean	: 0.050788115710020065	; std	: 0.013241925276815891	; inflating
mean	: 0.07873817533254623	; std	: 0.02466055005788803	; shrinking
mean	: 0.029758933931589127	; std	: 0.01190219633281231	; baunded
mean	: 0.06757361441850662	; std	: 0.017513077706098557	; inflating
mean	: 0.11031188815832138	; std	: 0.02605881728231907	; shrinking
mean	: 0.026501543819904327	; std	: 0.01111683715134859	; baunded
mean	: 0.048468638211488724	; std	: 0.01625838689506054	; inflating
mean	: 0.08975373208522797	; std	: 0.02530020661652088	; shrinking
mean	: 0.016408715397119522	; std	: 0.007662198971956968	; baunded
mean	: 0.062155984342098236	; std	: 0.01767564006149769	; inflating
mean	: 0.1057702824473381	; std	: 0.026042094454169273	; shrinking
mean	: 0.020151812583208084	; std	: 0.009963957592844963	; baunded
mean	: 0.05019707232713699	; std	: 0.016889387741684914	; inflating
mean	: 0.09378881752490997	; std	: 0.02513030171394348	; shrinking
mean	: 0.015106708742678165	; std	: 0.008031005971133709	; baunded
mean	: 0.05715275928378105	; std	: 0.016265906393527985	; inflating
mean	: 0.09470845758914948	; std	: 0.026013921946287155	; shrinking
mean	: 0.01721321791410446	; std	: 0.007681763265281916	; baunded
mean	: 0.04811819642782211	; std	: 0.014635564759373665	; inflating
mean	: 0.08455953001976013	; std	: 0.024492479860782623	; shrinking
mean	: 0.02390824630856514	; std	: 0.010108819231390953	; baunded
mean	: 0.050788115710020065	; std	: 0.013241925276815891	; inflating
mean	: 0.07873817533254623	; std	: 0.02466055005788803	; shrinking
mean	: 0.029758933931589127	; std	: 0.01190219633281231	; baunded
mean	: 0.058679819107055664	; std	: 0.017224173992872238	; inflating
mean	: 0.10077130049467087	; std	: 0.02599298022687435	; shrinking
mean	: 0.015998374670743942	; std	: 0.007785468827933073	; baunded
mean	: 0.07257431745529175	; std	: 0.016116533428430557	; inflating
mean	: 0.10424179583787918	; std	: 0.02825506217777729	; shrinking
mean	: 0.02758462354540825	; std	: 0.0077142128720879555	; baunded
mean	: 0.07499774545431137	; std	: 0.017158962786197662	; inflating
mean	: 0.11066678166389465	; std	: 0.028070401400327682	; shrinking
mean	: 0.027096785604953766	; std	: 0.007911453023552895	; baunded
mean	: 0.05873928964138031	; std	: 0.017510071396827698	; inflating
mean	: 0.10204586386680603	; std	: 0.026018278673291206	; shrinking
mean	: 0.016371209174394608	; std	: 0.008788121864199638	; baunded
mean	: 0.054047536104917526	; std	: 0.016767945140600204	; inflating
mean	: 0.09541112929582596	; std	: 0.025676747784018517	; shrinking
mean	: 0.014709294773638248	; std	: 0.007899721153080463	; baunded
mean	: 0.05019707232713699	; std	: 0.016889387741684914	; inflating
mean	: 0.09378881752490997	; std	: 0.02513030171394348	; shrinking
mean	: 0.015106708742678165	; std	: 0.008031005971133709	; baunded
mean	: 0.04983873665332794	; std	: 0.015157180838286877	; inflating
mean	: 0.08618234097957611	; std	: 0.025600874796509743	; shrinking
mean	: 0.02033611759543419	; std	: 0.008266040123999119	; baunded
mean	: 0.05572238564491272	; std	: 0.016161272302269936	; inflating
mean	: 0.09236754477024078	; std	: 0.026387616991996765	; shrinking
mean	: 0.015923257917165756	; std	: 0.0070768361911177635	; baunded
mean	: 0.04811819642782211	; std	: 0.014635564759373665	; inflating
mean	: 0.08455953001976013	; std	: 0.024492479860782623	; shrinking
mean	: 0.02390824630856514	; std	: 0.010108819231390953	; baunded
mean	: 0.050788115710020065	; std	: 0.013241925276815891	; inflating
mean	: 0.07873817533254623	; std	: 0.02466055005788803	; shrinking
mean	: 0.029758933931589127	; std	: 0.01190219633281231	; baunded
mean	: 0.05416717007756233	; std	: 0.01684902422130108	; inflating
mean	: 0.09602090716362	; std	: 0.025611700490117073	; shrinking
mean	: 0.014839453622698784	; std	: 0.00792061910033226	; baunded
mean	: 0.050788115710020065	; std	: 0.013241925276815891	; inflating
mean	: 0.07873817533254623	; std	: 0.02466055005788803	; shrinking
mean	: 0.029758933931589127	; std	: 0.01190219633281231	; baunded
mean	: 0.05327649042010307	; std	: 0.015867944806814194	; inflating
mean	: 0.0882759541273117	; std	: 0.02649116702377796	; shrinking
mean	: 0.015799837186932564	; std	: 0.00697713065892458	; baunded
mean	: 0.055096402764320374	; std	: 0.017150066792964935	; inflating
mean	: 0.09979771077632904	; std	: 0.025157110765576363	; shrinking
mean	: 0.019109535962343216	; std	: 0.010235484689474106	; baunded
mean	: 0.05255961790680885	; std	: 0.016014864668250084	; inflating
mean	: 0.09055496752262115	; std	: 0.02590176649391651	; shrinking
mean	: 0.016396906226873398	; std	: 0.007745614740997553	; baunded
mean	: 0.061055995523929596	; std	: 0.017329679802060127	; inflating
mean	: 0.10346154868602753	; std	: 0.026004554703831673	; shrinking
mean	: 0.01825687102973461	; std	: 0.00919569656252861	; baunded
mean	: 0.06439757347106934	; std	: 0.01780630648136139	; inflating
mean	: 0.10841775685548782	; std	: 0.025984037667512894	; shrinking
mean	: 0.02318008616566658	; std	: 0.010606623254716396	; baunded
mean	: 0.05452829599380493	; std	: 0.016366062685847282	; inflating
mean	: 0.09375542402267456	; std	: 0.0257496889680624	; shrinking
mean	: 0.01602328196167946	; std	: 0.007899278774857521	; baunded
mean	: 0.05374336987733841	; std	: 0.01772957295179367	; inflating
mean	: 0.099626824259758	; std	: 0.025286709889769554	; shrinking
mean	: 0.015921272337436676	; std	: 0.00789647176861763	; baunded
> end program
