output_dir	: stem_log/evaluate_unknown_state_estimation/2020-12-31-01-56-05(213581)
> load model
model_path	: stem_log/pre_train/2020-12-30-22-23-11(191646)/model-epoch-(10)-batch-(10)
Model: "model"
_________________________________________________________________
Layer (type)                 Output Shape              Param #   
=================================================================
input_1 (InputLayer)         [(None, 100, 2)]          0         
_________________________________________________________________
LSTM (Model)                 (None, 128)               67072     
_________________________________________________________________
tf.math.l2_normalize (TFOpLa (None, 128)               0         
=================================================================
Total params: 67,072
Trainable params: 67,072
Non-trainable params: 0
_________________________________________________________________
> load known_sample_dict
known_sample_dict_path	: stem_log/pre_train/2020-12-30-22-23-11(191646)/test_sample_dict.pkl
known_sample_dict	: {'inflating': 320, 'shrinking': 320, 'non': 320}
> load unknown_sample_dict
unknown_sample_dict_path	: stem_log/split_sample_dict/2020-12-30-21-53-44(190657)/sample_dict(baunded).pkl
unknown_sample_dict	: {'baunded': 1362}
> shuffle
> slice
known_sample_dict	: {'inflating': 20, 'shrinking': 20, 'non': 20}
unknown_sample_dict	: {'baunded': 20}
anchor_name	: baunded
frame_idx	: 0
comp_name	: baunded
distances	: [0.         0.02343556 0.01748838 0.00741416 0.00907828 0.00987872
 0.00461138 0.00982142 0.01024522 0.01132487 0.0188775  0.01770854
 0.0171925  0.00959576 0.02138113 0.01201374 0.01333077 0.00721737
 0.02281297 0.01146981]
mean_distance	: 0.012744905427098274
comp_name	: inflating
distances	: [0.02711567 0.02247013 0.02711567 0.02711567 0.02711567 0.02711567
 0.01255888 0.02240436 0.01648211 0.01255888 0.02819481 0.02711567
 0.03718373 0.01648211 0.02069776 0.01255888 0.03718373 0.0373499
 0.03718372 0.01834059]
mean_distance	: 0.02471717819571495
comp_name	: shrinking
distances	: [0.04055157 0.04055157 0.01922342 0.01922342 0.01922342 0.01922342
 0.01922342 0.01613905 0.04062299 0.03213732 0.03213732 0.04055157
 0.0376473  0.03932653 0.04027927 0.01962823 0.03932653 0.03612701
 0.01962822 0.01962822]
mean_distance	: 0.02951999567449093
comp_name	: non
distances	: [0.0359789  0.05370097 0.0359789  0.03597463 0.0358589  0.05370097
 0.05528416 0.02065147 0.02065147 0.0358589  0.05563147 0.03601779
 0.02065147 0.03597463 0.01979474 0.05528416 0.02065147 0.05528416
 0.03621288 0.05373384]
mean_distance	: 0.038643792271614075
frame_idx	: 1
comp_name	: baunded
distances	: [0.02343556 0.         0.00778489 0.01670207 0.01847205 0.01759987
 0.02203982 0.01458408 0.01515643 0.01495854 0.00781025 0.01359056
 0.00693502 0.01708082 0.00560366 0.012221   0.01262149 0.01745059
 0.00620902 0.01497972]
mean_distance	: 0.013261774554848671
comp_name	: inflating
distances	: [0.04243325 0.01836225 0.04243325 0.04243325 0.04243325 0.04243325
 0.02880041 0.03422662 0.02281563 0.02880041 0.03589556 0.04243325
 0.02027339 0.02281563 0.0143342  0.02880041 0.02027339 0.01624656
 0.02027338 0.03045322]
mean_distance	: 0.029848527163267136
comp_name	: shrinking
distances	: [0.0514803  0.0514803  0.03420522 0.03420522 0.03420522 0.03420522
 0.03420522 0.03195282 0.05157465 0.04489569 0.04489569 0.0514803
 0.05147033 0.05052594 0.05320524 0.03419133 0.05052594 0.04787185
 0.0341913  0.0341913 ]
mean_distance	: 0.04274795204401016
comp_name	: non
distances	: [0.0487968  0.06264593 0.0487968  0.04922637 0.0486392  0.06264593
 0.06458603 0.03627199 0.03627199 0.0486392  0.06495141 0.048539
 0.03627199 0.04922637 0.033243   0.06458603 0.03627199 0.06458603
 0.0494657  0.06258646]
mean_distance	: 0.050812412053346634
frame_idx	: 2
comp_name	: baunded
distances	: [0.01748838 0.00778489 0.         0.01059295 0.01452442 0.01392918
 0.01684394 0.00977381 0.01048713 0.01160992 0.00475115 0.01436861
 0.00585524 0.01343125 0.00838454 0.00775681 0.0103465  0.01184646
 0.01069219 0.01225923]
mean_distance	: 0.010636329650878906
comp_name	: inflating
distances	: [0.03641558 0.0141084  0.03641558 0.03641558 0.03641558 0.03641558
 0.02336339 0.02867311 0.01844575 0.02336339 0.03051605 0.03641558
 0.02222416 0.01844575 0.01385376 0.02336339 0.02222416 0.02153436
 0.02222415 0.0253033 ]
mean_distance	: 0.02630682848393917
comp_name	: shrinking
distances	: [0.04649442 0.04649442 0.02749828 0.02749828 0.02749828 0.02749828
 0.02749828 0.02510758 0.04659223 0.03916454 0.03916454 0.04649442
 0.04583748 0.04543363 0.04782866 0.02752668 0.04543363 0.04253652
 0.02752666 0.02752666]
mean_distance	: 0.03683267533779144
comp_name	: non
distances	: [0.04326098 0.0584953  0.04326098 0.04362376 0.04310524 0.0584953
 0.06028483 0.02980919 0.02980919 0.04310524 0.0606436  0.04307852
 0.02980919 0.04362376 0.02678814 0.06028483 0.02980919 0.06028482
 0.04388745 0.05846909]
mean_distance	: 0.04549643397331238
frame_idx	: 3
comp_name	: baunded
distances	: [0.00741416 0.01670207 0.01059295 0.         0.00859412 0.00872599
 0.00683796 0.00527804 0.00668489 0.00821425 0.01182983 0.01448055
 0.0110594  0.00815325 0.01456976 0.00609715 0.00855246 0.00541797
 0.01720362 0.00863437]
mean_distance	: 0.009252140298485756
comp_name	: inflating
distances	: [0.03132393 0.01876025 0.03132393 0.03132393 0.03132393 0.03132393
 0.01700565 0.02512833 0.01676581 0.01700565 0.02938054 0.03132393
 0.03162463 0.01676581 0.01739679 0.01700565 0.03162463 0.03119222
 0.03162462 0.02127238]
mean_distance	: 0.025524824857711792
comp_name	: shrinking
distances	: [0.04351178 0.04351178 0.02247852 0.02247852 0.02247852 0.02247852
 0.02247852 0.01948782 0.04358288 0.03549381 0.03549381 0.04351178
 0.04143797 0.04234472 0.0438233  0.0227734  0.04234473 0.03926963
 0.02277339 0.02277339]
mean_distance	: 0.03272633999586105
comp_name	: non
distances	: [0.03946711 0.05621206 0.03946711 0.03959785 0.0393321  0.05621206
 0.05785346 0.02449261 0.02449261 0.0393321  0.05820053 0.03942209
 0.02449261 0.03959785 0.02252568 0.05785346 0.02449261 0.05785345
 0.0398434  0.05622409]
mean_distance	: 0.04184824228286743
frame_idx	: 4
comp_name	: baunded
distances	: [0.00907828 0.01847205 0.01452442 0.00859412 0.         0.00248021
 0.00952893 0.00884739 0.00432858 0.00382061 0.01659919 0.01063702
 0.01157934 0.00353551 0.0168107  0.00834457 0.00738838 0.00551585
 0.01734724 0.00474861]
mean_distance	: 0.009109050035476685
comp_name	: inflating
distances	: [0.02908057 0.01982654 0.02908057 0.02908057 0.02908057 0.02908057
 0.0131783  0.02297927 0.01413656 0.0131783  0.02784936 0.02908057
 0.03287665 0.01413656 0.0158834  0.0131783  0.03287665 0.03244686
 0.03287663 0.01815072]
mean_distance	: 0.023902876302599907
comp_name	: shrinking
distances	: [0.04162984 0.04162984 0.02155478 0.02155478 0.02155478 0.02155478
 0.02155478 0.01902671 0.04172884 0.03362573 0.03362573 0.04162984
 0.03998499 0.04048191 0.04235009 0.02183251 0.04048191 0.03730404
 0.02183249 0.02183249]
mean_distance	: 0.03133854269981384
comp_name	: non
distances	: [0.0376149  0.05457513 0.0376149  0.03782269 0.03747103 0.05457513
 0.05676547 0.02301511 0.02301511 0.03747103 0.05717535 0.03743819
 0.02301511 0.03782269 0.02149259 0.05676547 0.02301511 0.05676546
 0.03802737 0.05452715]
mean_distance	: 0.040299251675605774
frame_idx	: 5
comp_name	: baunded
distances	: [0.00987872 0.01759987 0.01392918 0.00872599 0.00248021 0.
 0.00951553 0.00801146 0.00469835 0.00289074 0.01555152 0.00936806
 0.0107875  0.0019872  0.01565682 0.00717353 0.00635043 0.00636493
 0.01622359 0.00347403]
mean_distance	: 0.008533382788300514
comp_name	: inflating
distances	: [0.03066856 0.02038576 0.03066856 0.03066856 0.03066856 0.03066856
 0.01466802 0.02457695 0.01546287 0.01466802 0.0290159  0.03066856
 0.03272624 0.01546287 0.01611135 0.01466802 0.03272623 0.03191152
 0.03272622 0.01971873]
mean_distance	: 0.024942001327872276
comp_name	: shrinking
distances	: [0.04238683 0.04238683 0.02269251 0.02269251 0.02269251 0.02269251
 0.02269251 0.02024016 0.04247746 0.0345946  0.0345946  0.04238683
 0.04113184 0.04126333 0.04338486 0.02297589 0.04126333 0.03814681
 0.02297587 0.02297587]
mean_distance	: 0.03233238309621811
comp_name	: non
distances	: [0.03869402 0.05514425 0.03869402 0.03893236 0.03854039 0.05514425
 0.05728916 0.02444719 0.02444719 0.03854039 0.0576934  0.03847767
 0.02444719 0.03893236 0.02286126 0.05728916 0.02444719 0.05728916
 0.03915624 0.05509296]
mean_distance	: 0.041277993470430374
frame_idx	: 6
comp_name	: baunded
distances	: [0.00461138 0.02203982 0.01684394 0.00683796 0.00952893 0.00951553
 0.         0.00834003 0.01066371 0.01078109 0.01714656 0.01600679
 0.01615702 0.00884731 0.01915616 0.0104971  0.01157717 0.00873505
 0.02127354 0.01027731]
mean_distance	: 0.0119418203830719
comp_name	: inflating
distances	: [0.03162007 0.02461717 0.03162007 0.03162007 0.03162007 0.03162007
 0.0166     0.02676949 0.0196571  0.0166     0.03222216 0.03162007
 0.03782333 0.0196571  0.02147548 0.0166     0.03782333 0.03673921
 0.03782332 0.02246677]
mean_distance	: 0.027829745784401894
comp_name	: shrinking
distances	: [0.04393849 0.04393849 0.02341633 0.02341633 0.02341633 0.02341633
 0.02341633 0.02038961 0.04398311 0.03605755 0.03605755 0.04393849
 0.04142097 0.04277347 0.04386489 0.0238568  0.04277348 0.03977264
 0.02385678 0.02385678]
mean_distance	: 0.033378034830093384
comp_name	: non
distances	: [0.03985797 0.05654089 0.03985797 0.03986041 0.03973379 0.05654089
 0.05804357 0.0251072  0.0251072  0.03973379 0.05837424 0.03985626
 0.0251072  0.03986041 0.02414424 0.05804357 0.0251072  0.05804357
 0.04010008 0.05657017]
mean_distance	: 0.04227953404188156
frame_idx	: 7
comp_name	: baunded
distances	: [0.00982142 0.01458408 0.00977381 0.00527804 0.00884739 0.00801146
 0.00834003 0.         0.00729062 0.00740831 0.01024791 0.01104893
 0.00917219 0.00663619 0.01284784 0.00465021 0.0072131  0.00638725
 0.01351803 0.00663408]
mean_distance	: 0.008385546505451202
comp_name	: inflating
distances	: [0.0334463  0.01920498 0.0334463  0.0334463  0.0334463  0.0334463
 0.01815664 0.02671308 0.01672372 0.01815664 0.03091221 0.0334463
 0.03019974 0.01672372 0.01479897 0.01815664 0.03019974 0.02868858
 0.03019973 0.02221249]
mean_distance	: 0.02608623541891575
comp_name	: shrinking
distances	: [0.04474913 0.04474913 0.02500989 0.02500989 0.02500989 0.02500989
 0.02500989 0.02222751 0.04482964 0.037096   0.037096   0.04474913
 0.04332046 0.04363196 0.04552262 0.02517823 0.04363196 0.04064931
 0.02517821 0.02517821]
mean_distance	: 0.034641847014427185
comp_name	: non
distances	: [0.04114105 0.05713239 0.04114105 0.04134969 0.04099807 0.05713239
 0.05875421 0.02690828 0.02690828 0.04099807 0.05909788 0.04103068
 0.02690828 0.04134969 0.0249266  0.05875421 0.02690828 0.05875421
 0.04161724 0.05713454]
mean_distance	: 0.04344725236296654
frame_idx	: 8
comp_name	: baunded
distances	: [0.01024522 0.01515643 0.01048713 0.00668489 0.00432858 0.00469835
 0.01066371 0.00729062 0.         0.00324564 0.01311807 0.0108194
 0.00835125 0.00508016 0.01392834 0.00564582 0.00599867 0.00427996
 0.01503521 0.00517689]
mean_distance	: 0.008011719211935997
comp_name	: inflating
distances	: [0.02981572 0.0164475  0.02981572 0.02981572 0.02981572 0.02981572
 0.01488011 0.02301309 0.01350179 0.01488011 0.02692358 0.02981572
 0.02928725 0.01350179 0.01406532 0.01488011 0.02928725 0.02923155
 0.02928723 0.01869916]
mean_distance	: 0.023339007049798965
comp_name	: shrinking
distances	: [0.04204113 0.04204113 0.02157325 0.02157325 0.02157325 0.02157325
 0.02157325 0.01901867 0.04214693 0.03399672 0.03399672 0.04204113
 0.04061817 0.04089247 0.04293538 0.02177372 0.04089247 0.03770621
 0.0217737  0.0217737 ]
mean_distance	: 0.031575724482536316
comp_name	: non
distances	: [0.03810488 0.05494982 0.03810488 0.03836983 0.03795492 0.05494982
 0.05707271 0.02339758 0.02339758 0.03795492 0.05747503 0.03792535
 0.02339758 0.03836983 0.0212339  0.05707271 0.02339758 0.05707271
 0.0385918  0.05490577]
mean_distance	: 0.040684960782527924
frame_idx	: 9
comp_name	: baunded
distances	: [0.01132487 0.01495854 0.01160992 0.00821425 0.00382061 0.00289074
 0.01078109 0.00740831 0.00324564 0.         0.01346468 0.00829141
 0.00809459 0.00344823 0.01322914 0.00549461 0.00442097 0.00631692
 0.01405723 0.00251648]
mean_distance	: 0.007679411675781012
comp_name	: inflating
distances	: [0.03185324 0.01881495 0.03185324 0.03185324 0.03185324 0.03185324
 0.01625822 0.02522942 0.01535669 0.01625822 0.02921723 0.03185324
 0.03041449 0.01535669 0.01455184 0.01625822 0.03041449 0.02942043
 0.03041448 0.02054521]
mean_distance	: 0.024981502443552017
comp_name	: shrinking
distances	: [0.04315398 0.04315398 0.0237799  0.0237799  0.0237799  0.0237799
 0.0237799  0.02131637 0.04324472 0.03554489 0.03554489 0.04315398
 0.04206653 0.04205507 0.04424212 0.02401317 0.04205507 0.03900958
 0.02401316 0.02401316]
mean_distance	: 0.03327400982379913
comp_name	: non
distances	: [0.03958965 0.05569601 0.03958965 0.03986065 0.03943555 0.05569601
 0.05785998 0.0255925  0.0255925  0.03943555 0.05826459 0.03936881
 0.0255925  0.03986065 0.02364036 0.05785998 0.0255925  0.05785998
 0.04008064 0.05564087]
mean_distance	: 0.04210544750094414
frame_idx	: 10
comp_name	: baunded
distances	: [0.0188775  0.00781025 0.00475115 0.01182983 0.01659919 0.01555152
 0.01714656 0.01024791 0.01311807 0.01346468 0.         0.01478649
 0.00775803 0.01474942 0.00647706 0.00851454 0.01104926 0.01437635
 0.01043862 0.01349592]
mean_distance	: 0.011552119627594948
comp_name	: inflating
distances	: [0.04015691 0.01851541 0.04015691 0.04015691 0.04015691 0.04015691
 0.02647965 0.03269036 0.02238586 0.02647965 0.03468687 0.04015691
 0.02452844 0.02238586 0.01685065 0.02647965 0.02452843 0.02213914
 0.02452842 0.02909938]
mean_distance	: 0.0296359620988369
comp_name	: shrinking
distances	: [0.04978139 0.04978139 0.0308545  0.0308545  0.0308545  0.0308545
 0.0308545  0.02835707 0.04985557 0.04269551 0.04269551 0.04978139
 0.04922708 0.04874458 0.05114742 0.0309557  0.04874458 0.04596132
 0.03095568 0.03095568]
mean_distance	: 0.04019561782479286
comp_name	: non
distances	: [0.04681585 0.06145528 0.04681585 0.04714834 0.0466602  0.06145528
 0.06308005 0.0333522  0.0333522  0.0466602  0.0634141  0.04662773
 0.0333522  0.04714834 0.03051899 0.06308005 0.0333522  0.06308004
 0.04742485 0.06143766]
mean_distance	: 0.04881158471107483
frame_idx	: 11
comp_name	: baunded
distances	: [0.01770854 0.01359056 0.01436861 0.01448055 0.01063702 0.00936806
 0.01600679 0.01104893 0.0108194  0.00829141 0.01478649 0.
 0.00911322 0.00868361 0.0123438  0.00995298 0.00722257 0.013084
 0.00993293 0.00672137]
mean_distance	: 0.010908043012022972
comp_name	: inflating
distances	: [0.03805589 0.02293145 0.03805589 0.03805589 0.03805589 0.03805589
 0.022066   0.03090879 0.01949561 0.022066   0.03496816 0.03805589
 0.03013586 0.01949561 0.01382111 0.022066   0.03013586 0.0265133
 0.03013585 0.02568485]
mean_distance	: 0.028937989845871925
comp_name	: shrinking
distances	: [0.04869867 0.04869867 0.03097653 0.03097653 0.03097653 0.03097653
 0.03097653 0.0286756  0.0487957  0.04172326 0.04172326 0.04869867
 0.04820481 0.04769279 0.05015669 0.03108978 0.04769279 0.04485342
 0.03108976 0.03108976]
mean_distance	: 0.039688318967819214
comp_name	: non
distances	: [0.04562946 0.06050443 0.04562946 0.0459637  0.04547722 0.06050443
 0.06265536 0.03243155 0.03243155 0.04547722 0.06304771 0.04534828
 0.03243155 0.0459637  0.03054874 0.06265536 0.03243155 0.06265536
 0.04617833 0.06042992]
mean_distance	: 0.04791974276304245
frame_idx	: 12
comp_name	: baunded
distances	: [0.0171925  0.00693502 0.00585524 0.0110594  0.01157934 0.0107875
 0.01615702 0.00917219 0.00835125 0.00809459 0.00775803 0.00911322
 0.         0.01041965 0.00683146 0.00625689 0.00648613 0.01101774
 0.00771565 0.00841913]
mean_distance	: 0.008960098028182983
comp_name	: inflating
distances	: [0.03674883 0.01636314 0.03674883 0.03674883 0.03674883 0.03674883
 0.02236392 0.02899868 0.01780814 0.02236392 0.03158238 0.03674883
 0.02391917 0.01780814 0.01202759 0.02236392 0.02391917 0.02188541
 0.02391916 0.02485401]
mean_distance	: 0.02653348818421364
comp_name	: shrinking
distances	: [0.04692702 0.04692702 0.02848924 0.02848924 0.02848924 0.02848924
 0.02848924 0.02613026 0.04702504 0.03978788 0.03978788 0.04692702
 0.04644179 0.04589588 0.04839347 0.02855694 0.04589588 0.04302868
 0.02855692 0.02855692]
mean_distance	: 0.0375642403960228
comp_name	: non
distances	: [0.04380038 0.05884377 0.04380038 0.04417388 0.04364368 0.05884377
 0.06091761 0.03048388 0.03048388 0.04364368 0.06130535 0.04355533
 0.03048388 0.04417388 0.02777241 0.06091761 0.03048388 0.06091761
 0.04440681 0.0587847 ]
mean_distance	: 0.046071819961071014
frame_idx	: 13
comp_name	: baunded
distances	: [0.00959576 0.01708082 0.01343125 0.00815325 0.00353551 0.0019872
 0.00884731 0.00663619 0.00508016 0.00344823 0.01474942 0.00868361
 0.01041965 0.         0.01512833 0.00648842 0.00581189 0.00611629
 0.01535518 0.00291494]
mean_distance	: 0.008173171430826187
comp_name	: inflating
distances	: [0.03136043 0.02052957 0.03136043 0.03136043 0.03136043 0.03136043
 0.0152031  0.02510706 0.01559028 0.0152031  0.0297262  0.03136043
 0.03247146 0.01559028 0.01553191 0.0152031  0.03247146 0.03131482
 0.03247144 0.02015271]
mean_distance	: 0.025236453860998154
comp_name	: shrinking
distances	: [0.04347149 0.04347149 0.02344907 0.02344907 0.02344907 0.02344907
 0.02344907 0.02091419 0.04356613 0.03558728 0.03558728 0.04347149
 0.04212599 0.04233944 0.04440781 0.02369653 0.04233944 0.03920355
 0.02369651 0.02369651]
mean_distance	: 0.03324102610349655
comp_name	: non
distances	: [0.03970964 0.05623061 0.03970964 0.03994131 0.03955869 0.05623061
 0.05823595 0.02514317 0.02514317 0.03955869 0.05862308 0.03951591
 0.02514317 0.03994131 0.0235577  0.05823595 0.02514317 0.05823594
 0.04017474 0.05619105]
mean_distance	: 0.04221116751432419
frame_idx	: 14
comp_name	: baunded
distances	: [0.02138113 0.00560366 0.00838454 0.01456976 0.0168107  0.01565682
 0.01915616 0.01284784 0.01392834 0.01322914 0.00647706 0.0123438
 0.00683146 0.01512833 0.         0.00983087 0.00991866 0.01652104
 0.00851805 0.01308427]
mean_distance	: 0.012011081911623478
comp_name	: inflating
distances	: [0.04298899 0.02141669 0.04298899 0.04298899 0.04298899 0.04298899
 0.02855907 0.03543773 0.02448873 0.02855907 0.03765525 0.04298899
 0.02554289 0.02448873 0.01759058 0.02855907 0.02554289 0.0214071
 0.02554288 0.0314534 ]
mean_distance	: 0.03170890361070633
comp_name	: shrinking
distances	: [0.05241318 0.05241318 0.03408056 0.03408056 0.03408056 0.03408056
 0.03408056 0.0316258  0.0524785  0.04566986 0.04566986 0.05241318
 0.05210315 0.05142945 0.05392598 0.03423301 0.05142945 0.04874368
 0.03423299 0.03423299]
mean_distance	: 0.04317085072398186
comp_name	: non
distances	: [0.04965507 0.06371564 0.04965507 0.05000379 0.0494958  0.06371564
 0.0655665  0.03641035 0.03641035 0.0494958  0.06591971 0.04941151
 0.03641035 0.05000379 0.03367808 0.0655665  0.03641035 0.0655665
 0.05024364 0.06366549]
mean_distance	: 0.051549993455410004
frame_idx	: 15
comp_name	: baunded
distances	: [0.01201374 0.012221   0.00775681 0.00609715 0.00834457 0.00717353
 0.0104971  0.00465021 0.00564582 0.00549461 0.00851454 0.00995298
 0.00625689 0.00648842 0.00983087 0.         0.00425216 0.00747724
 0.01226116 0.00574475]
mean_distance	: 0.0075336783193051815
comp_name	: inflating
distances	: [0.03447551 0.01839598 0.03447551 0.03447551 0.03447551 0.03447551
 0.01946867 0.02765924 0.01771062 0.01946867 0.03100988 0.03447551
 0.02888251 0.01771062 0.01531663 0.01946867 0.02888251 0.0274634
 0.0288825  0.02341548]
mean_distance	: 0.026529422029852867
comp_name	: shrinking
distances	: [0.04548758 0.04548758 0.0254686  0.0254686  0.0254686  0.0254686
 0.0254686  0.02285059 0.0455669  0.0378711  0.0378711  0.04548758
 0.04444627 0.04438426 0.0465905  0.02569206 0.04438427 0.04137788
 0.02569204 0.02569204]
mean_distance	: 0.03531123697757721
comp_name	: non
distances	: [0.04204637 0.05786508 0.04204637 0.04231495 0.04188989 0.05786508
 0.0597063  0.02773066 0.02773066 0.04188989 0.06007189 0.04185876
 0.02773066 0.04231495 0.02546289 0.0597063  0.02773066 0.0597063
 0.04256935 0.0578366 ]
mean_distance	: 0.04430367797613144
frame_idx	: 16
comp_name	: baunded
distances	: [0.01333077 0.01262149 0.0103465  0.00855246 0.00738838 0.00635043
 0.01157717 0.0072131  0.00599867 0.00442097 0.01104926 0.00722257
 0.00648613 0.00581189 0.00991866 0.00425216 0.         0.00893437
 0.01197059 0.00417766]
mean_distance	: 0.0078811626881361
comp_name	: inflating
distances	: [0.03552001 0.02030695 0.03552001 0.03552001 0.03552001 0.03552001
 0.02003172 0.02871698 0.01842756 0.02003172 0.03255111 0.03552001
 0.03003691 0.01842756 0.01540004 0.02003172 0.03003691 0.02784672
 0.0300369  0.02414345]
mean_distance	: 0.02745731547474861
comp_name	: shrinking
distances	: [0.04726825 0.04726825 0.02721308 0.02721308 0.02721308 0.02721308
 0.02721308 0.02463381 0.04735388 0.03964303 0.03964303 0.04726825
 0.04613721 0.04617348 0.04832093 0.02745406 0.04617348 0.04314962
 0.02745405 0.02745405]
mean_distance	: 0.037073034793138504
comp_name	: non
distances	: [0.04371874 0.05965109 0.04371874 0.04398361 0.04356795 0.05965109
 0.06167246 0.02913281 0.02913281 0.04356795 0.06205249 0.04350536
 0.02913281 0.04398361 0.02707029 0.06167246 0.02913281 0.06167246
 0.04420448 0.05960115]
mean_distance	: 0.04599125310778618
frame_idx	: 17
comp_name	: baunded
distances	: [0.00721737 0.01745059 0.01184646 0.00541797 0.00551585 0.00636493
 0.00873505 0.00638725 0.00427996 0.00631692 0.01437635 0.013084
 0.01101774 0.00611629 0.01652104 0.00747724 0.00893437 0.
 0.01692453 0.00709512]
mean_distance	: 0.009053952060639858
comp_name	: inflating
distances	: [0.02769224 0.01651478 0.02769224 0.02769224 0.02769224 0.02769224
 0.01260469 0.02101528 0.01190082 0.01260469 0.02572265 0.02769224
 0.03044555 0.01190082 0.01419651 0.01260469 0.03044554 0.03077353
 0.03044553 0.01660838]
mean_distance	: 0.022196844220161438
comp_name	: shrinking
distances	: [0.04035767 0.04035767 0.01973335 0.01973335 0.01973335 0.01973335
 0.01973335 0.01694626 0.04046443 0.03211964 0.03211964 0.04035767
 0.03844941 0.0391763  0.04087    0.0198951  0.03917631 0.03596022
 0.01989509 0.01989509]
mean_distance	: 0.02973536029458046
comp_name	: non
distances	: [0.03614244 0.05339981 0.03614244 0.0363404  0.03600266 0.05339981
 0.05528441 0.0212894  0.0212894  0.03600266 0.05566582 0.03605802
 0.0212894  0.0363404  0.01934215 0.05528441 0.0212894  0.0552844
 0.03657952 0.05339073]
mean_distance	: 0.038790881633758545
frame_idx	: 18
comp_name	: baunded
distances	: [0.02281297 0.00620902 0.01069219 0.01720362 0.01734724 0.01622359
 0.02127354 0.01351803 0.01503521 0.01405723 0.01043862 0.00993293
 0.00771565 0.01535518 0.00851805 0.01226116 0.01197059 0.01692453
 0.         0.01328806]
mean_distance	: 0.013038870878517628
comp_name	: inflating
distances	: [0.04208425 0.02014394 0.04208425 0.04208425 0.04208425 0.04208425
 0.02749413 0.03385013 0.02168632 0.02749413 0.03631676 0.04208425
 0.02231011 0.02168632 0.01191489 0.02749413 0.02231011 0.01732704
 0.0223101  0.02938004]
mean_distance	: 0.029711183160543442
comp_name	: shrinking
distances	: [0.05147411 0.05147411 0.03451913 0.03451913 0.03451913 0.03451913
 0.03451913 0.03229874 0.05158286 0.04485735 0.04485735 0.05147411
 0.05156969 0.05052041 0.05331282 0.03445855 0.05052041 0.04782524
 0.03445853 0.03445853]
mean_distance	: 0.042886920273303986
comp_name	: non
distances	: [0.04880171 0.06272996 0.04880171 0.04924328 0.04864449 0.06272996
 0.06467559 0.03627382 0.03627382 0.04864449 0.06504221 0.04851847
 0.03627382 0.04924328 0.03358104 0.06467559 0.03627382 0.06467559
 0.04949058 0.06266578]
mean_distance	: 0.05086294934153557
frame_idx	: 19
comp_name	: baunded
distances	: [0.01146981 0.01497972 0.01225923 0.00863437 0.00474861 0.00347403
 0.01027731 0.00663408 0.00517689 0.00251648 0.01349592 0.00672137
 0.00841913 0.00291494 0.01308427 0.00574475 0.00417766 0.00709512
 0.01328806 0.        ]
mean_distance	: 0.007755587808787823
comp_name	: inflating
distances	: [0.0331854  0.02031175 0.0331854  0.0331854  0.0331854  0.0331854
 0.0171453  0.02654936 0.01624887 0.0171453  0.03092082 0.0331854
 0.03113795 0.01624887 0.01439207 0.0171453  0.03113795 0.02937414
 0.03113794 0.02158659]
mean_distance	: 0.02597973123192787
comp_name	: shrinking
distances	: [0.04436192 0.04436192 0.02541933 0.02541933 0.02541933 0.02541933
 0.02541933 0.022889   0.04444637 0.0369296  0.0369296  0.04436192
 0.04325205 0.04328259 0.04538916 0.02563778 0.04328259 0.04031437
 0.02563776 0.02563776]
mean_distance	: 0.034690551459789276
comp_name	: non
distances	: [0.04088566 0.05668582 0.04088566 0.04113555 0.0407359  0.05668582
 0.05874625 0.0270708  0.0270708  0.0407359  0.05913734 0.04068157
 0.0270708  0.04113555 0.02527495 0.05874625 0.0270708  0.05874625
 0.04135778 0.05663886]
mean_distance	: 0.04332491755485535
