output_dir	: stem_log/evaluate_each_state/2021-01-20-22-02-25(32951)
sys.argv	: ['tool/evaluate_each_state.py', '--pretrained-model', 'stem_log/pre_train/2021-01-20-21-49-49(32105)/model-epoch-5-batch-10', '--dicts', 'stem_log/pre_train/2021-01-20-21-49-49(32105)/train_sample_dict.pkl', '--n-samples', '64']
> load model
model_path	: stem_log/pre_train/2021-01-20-21-49-49(32105)/model-epoch-5-batch-10
Model: "model"
_________________________________________________________________
Layer (type)                 Output Shape              Param #   
=================================================================
input_1 (InputLayer)         [(None, 100, 2)]          0         
_________________________________________________________________
LSTM (Model)                 (None, 128)               67072     
_________________________________________________________________
tf.math.l2_normalize (TFOpLa (None, 128)               0         
=================================================================
Total params: 67,072
Trainable params: 67,072
Non-trainable params: 0
_________________________________________________________________
dicts	: ['stem_log/pre_train/2021-01-20-21-49-49(32105)/train_sample_dict.pkl']
> load dicts
sample_dict	: {'inflating': 320, 'shrinking': 320, 'baunded': 320, 'non': 320}
> shuffle
> slice
sample_dict	: {'inflating': 64, 'shrinking': 64, 'baunded': 64, 'non': 64}
frame_sampling_rate	: 50
> plot frame 0 / 64
> plot frame 1 / 64
> plot frame 2 / 64
> plot frame 3 / 64
> plot frame 4 / 64
> plot frame 5 / 64
> plot frame 6 / 64
> plot frame 7 / 64
> plot frame 8 / 64
> plot frame 9 / 64
> plot frame 10 / 64
> plot frame 11 / 64
> plot frame 12 / 64
> plot frame 13 / 64
> plot frame 14 / 64
> plot frame 15 / 64
> plot frame 16 / 64
> plot frame 17 / 64
> plot frame 18 / 64
> plot frame 19 / 64
> plot frame 20 / 64
> plot frame 21 / 64
> plot frame 22 / 64
> plot frame 23 / 64
> plot frame 24 / 64
> plot frame 25 / 64
> plot frame 26 / 64
> plot frame 27 / 64
> plot frame 28 / 64
> plot frame 29 / 64
> plot frame 30 / 64
> plot frame 31 / 64
> plot frame 32 / 64
> plot frame 33 / 64
> plot frame 34 / 64
> plot frame 35 / 64
> plot frame 36 / 64
> plot frame 37 / 64
> plot frame 38 / 64
> plot frame 39 / 64
> plot frame 40 / 64
> plot frame 41 / 64
> plot frame 42 / 64
> plot frame 43 / 64
> plot frame 44 / 64
> plot frame 45 / 64
> plot frame 46 / 64
> plot frame 47 / 64
> plot frame 48 / 64
> plot frame 49 / 64
> plot frame 50 / 64
> plot frame 51 / 64
> plot frame 52 / 64
> plot frame 53 / 64
> plot frame 54 / 64
> plot frame 55 / 64
> plot frame 56 / 64
> plot frame 57 / 64
> plot frame 58 / 64
> plot frame 59 / 64
> plot frame 60 / 64
> plot frame 61 / 64
> plot frame 62 / 64
> plot frame 63 / 64
> embeding
anchor name	: inflating
mean	: 0.029280465096235275	; std	: 0.024020284414291382	; inflating
mean	: 0.0792856216430664	; std	: 0.021112868562340736	; shrinking
mean	: 0.03360653296113014	; std	: 0.0037782706785947084	; baunded
mean	: 0.07344824075698853	; std	: 0.026935158297419548	; non
mean	: 0.03484029322862625	; std	: 0.022805552929639816	; inflating
mean	: 0.07991862297058105	; std	: 0.02497406117618084	; shrinking
mean	: 0.020811736583709717	; std	: 0.006322008091956377	; baunded
mean	: 0.07309135794639587	; std	: 0.033421289175748825	; non
mean	: 0.028994308784604073	; std	: 0.02371550165116787	; inflating
mean	: 0.07871991395950317	; std	: 0.021247146651148796	; shrinking
mean	: 0.03309464454650879	; std	: 0.003791909199208021	; baunded
mean	: 0.0730217844247818	; std	: 0.02694275975227356	; non
mean	: 0.028994308784604073	; std	: 0.02371550165116787	; inflating
mean	: 0.07871991395950317	; std	: 0.021247146651148796	; shrinking
mean	: 0.03309464454650879	; std	: 0.003791909199208021	; baunded
mean	: 0.0730217844247818	; std	: 0.02694275975227356	; non
mean	: 0.028994308784604073	; std	: 0.02371550165116787	; inflating
mean	: 0.07871991395950317	; std	: 0.021247146651148796	; shrinking
mean	: 0.03309464454650879	; std	: 0.003791909199208021	; baunded
mean	: 0.0730217844247818	; std	: 0.02694275975227356	; non
mean	: 0.03484029322862625	; std	: 0.022805552929639816	; inflating
mean	: 0.07991862297058105	; std	: 0.02497406117618084	; shrinking
mean	: 0.020811736583709717	; std	: 0.006322008091956377	; baunded
mean	: 0.07309135794639587	; std	: 0.033421289175748825	; non
mean	: 0.028994308784604073	; std	: 0.02371550165116787	; inflating
mean	: 0.07871991395950317	; std	: 0.021247146651148796	; shrinking
mean	: 0.03309464454650879	; std	: 0.003791909199208021	; baunded
mean	: 0.0730217844247818	; std	: 0.02694275975227356	; non
mean	: 0.03506050258874893	; std	: 0.024767447263002396	; inflating
mean	: 0.0852394625544548	; std	: 0.019481433555483818	; shrinking
mean	: 0.040729865431785583	; std	: 0.004117713309824467	; baunded
mean	: 0.07819854468107224	; std	: 0.026415621861815453	; non
mean	: 0.029280465096235275	; std	: 0.024020284414291382	; inflating
mean	: 0.0792856216430664	; std	: 0.021112868562340736	; shrinking
mean	: 0.03360653296113014	; std	: 0.0037782706785947084	; baunded
mean	: 0.07344824075698853	; std	: 0.026935158297419548	; non
mean	: 0.03506050258874893	; std	: 0.024767447263002396	; inflating
mean	: 0.0852394625544548	; std	: 0.019481433555483818	; shrinking
mean	: 0.040729865431785583	; std	: 0.004117713309824467	; baunded
mean	: 0.07819854468107224	; std	: 0.026415621861815453	; non
mean	: 0.028994308784604073	; std	: 0.02371550165116787	; inflating
mean	: 0.07871991395950317	; std	: 0.021247146651148796	; shrinking
mean	: 0.03309464454650879	; std	: 0.003791909199208021	; baunded
mean	: 0.0730217844247818	; std	: 0.02694275975227356	; non
mean	: 0.028994308784604073	; std	: 0.02371550165116787	; inflating
mean	: 0.07871991395950317	; std	: 0.021247146651148796	; shrinking
mean	: 0.03309464454650879	; std	: 0.003791909199208021	; baunded
mean	: 0.0730217844247818	; std	: 0.02694275975227356	; non
mean	: 0.04239432513713837	; std	: 0.021983154118061066	; inflating
mean	: 0.04258723184466362	; std	: 0.009473903104662895	; shrinking
mean	: 0.062024928629398346	; std	: 0.004305902868509293	; baunded
mean	: 0.04590221121907234	; std	: 0.03199807181954384	; non
mean	: 0.03511201590299606	; std	: 0.0263181384652853	; inflating
mean	: 0.08528905361890793	; std	: 0.02200424298644066	; shrinking
mean	: 0.031671442091464996	; std	: 0.004955863580107689	; baunded
mean	: 0.07728474587202072	; std	: 0.03150024637579918	; non
mean	: 0.04969046264886856	; std	: 0.022693710401654243	; inflating
mean	: 0.037027232348918915	; std	: 0.008496584370732307	; shrinking
mean	: 0.06724981963634491	; std	: 0.004323773551732302	; baunded
mean	: 0.0424383208155632	; std	: 0.0351531058549881	; non
mean	: 0.03441257029771805	; std	: 0.024056538939476013	; inflating
mean	: 0.08158430457115173	; std	: 0.023433450609445572	; shrinking
mean	: 0.02596013993024826	; std	: 0.004902233835309744	; baunded
mean	: 0.0744137316942215	; std	: 0.03217494860291481	; non
mean	: 0.03506050258874893	; std	: 0.024767447263002396	; inflating
mean	: 0.0852394625544548	; std	: 0.019481433555483818	; shrinking
mean	: 0.040729865431785583	; std	: 0.004117713309824467	; baunded
mean	: 0.07819854468107224	; std	: 0.026415621861815453	; non
mean	: 0.035240016877651215	; std	: 0.015580977313220501	; inflating
mean	: 0.05119432508945465	; std	: 0.024357950314879417	; shrinking
mean	: 0.036326806992292404	; std	: 0.0047996132634580135	; baunded
mean	: 0.05536093935370445	; std	: 0.028971683233976364	; non
mean	: 0.031152982264757156	; std	: 0.01316822785884142	; inflating
mean	: 0.05805834382772446	; std	: 0.019308146089315414	; shrinking
mean	: 0.04237273335456848	; std	: 0.004031409043818712	; baunded
mean	: 0.059073347598314285	; std	: 0.024486320093274117	; non
mean	: 0.04969046264886856	; std	: 0.022693710401654243	; inflating
mean	: 0.037027232348918915	; std	: 0.008496584370732307	; shrinking
mean	: 0.06724981963634491	; std	: 0.004323773551732302	; baunded
mean	: 0.0424383208155632	; std	: 0.0351531058549881	; non
mean	: 0.029810279607772827	; std	: 0.02104489877820015	; inflating
mean	: 0.076783686876297	; std	: 0.02210371568799019	; shrinking
mean	: 0.03034696914255619	; std	: 0.0041590589098632336	; baunded
mean	: 0.07149672508239746	; std	: 0.027574852108955383	; non
mean	: 0.034345366060733795	; std	: 0.01657448522746563	; inflating
mean	: 0.04757563769817352	; std	: 0.01876762881875038	; shrinking
mean	: 0.04491537809371948	; std	: 0.004360751714557409	; baunded
mean	: 0.05027412995696068	; std	: 0.029852835461497307	; non
mean	: 0.04359499365091324	; std	: 0.022528639063239098	; inflating
mean	: 0.04277005046606064	; std	: 0.00888654962182045	; shrinking
mean	: 0.06369459629058838	; std	: 0.004397343844175339	; baunded
mean	: 0.04654178023338318	; std	: 0.031795140355825424	; non
mean	: 0.035240016877651215	; std	: 0.015580977313220501	; inflating
mean	: 0.05119432508945465	; std	: 0.024357950314879417	; shrinking
mean	: 0.036326806992292404	; std	: 0.0047996132634580135	; baunded
mean	: 0.05536093935370445	; std	: 0.028971683233976364	; non
mean	: 0.03506050258874893	; std	: 0.024767447263002396	; inflating
mean	: 0.0852394625544548	; std	: 0.019481433555483818	; shrinking
mean	: 0.040729865431785583	; std	: 0.004117713309824467	; baunded
mean	: 0.07819854468107224	; std	: 0.026415621861815453	; non
mean	: 0.04239432513713837	; std	: 0.021983154118061066	; inflating
mean	: 0.04258723184466362	; std	: 0.009473903104662895	; shrinking
mean	: 0.062024928629398346	; std	: 0.004305902868509293	; baunded
mean	: 0.04590221121907234	; std	: 0.03199807181954384	; non
mean	: 0.03484029322862625	; std	: 0.022805552929639816	; inflating
mean	: 0.07991862297058105	; std	: 0.02497406117618084	; shrinking
mean	: 0.020811736583709717	; std	: 0.006322008091956377	; baunded
mean	: 0.07309135794639587	; std	: 0.033421289175748825	; non
mean	: 0.029280465096235275	; std	: 0.024020284414291382	; inflating
mean	: 0.0792856216430664	; std	: 0.021112868562340736	; shrinking
mean	: 0.03360653296113014	; std	: 0.0037782706785947084	; baunded
mean	: 0.07344824075698853	; std	: 0.026935158297419548	; non
mean	: 0.06868132203817368	; std	: 0.025222256779670715	; inflating
mean	: 0.04446562007069588	; std	: 0.018067559227347374	; shrinking
mean	: 0.09213752299547195	; std	: 0.004331689327955246	; baunded
mean	: 0.05475731939077377	; std	: 0.03472517058253288	; non
mean	: 0.04359499365091324	; std	: 0.022528639063239098	; inflating
mean	: 0.04277005046606064	; std	: 0.00888654962182045	; shrinking
mean	: 0.06369459629058838	; std	: 0.004397343844175339	; baunded
mean	: 0.04654178023338318	; std	: 0.031795140355825424	; non
mean	: 0.06868132203817368	; std	: 0.025222256779670715	; inflating
mean	: 0.04446562007069588	; std	: 0.018067559227347374	; shrinking
mean	: 0.09213752299547195	; std	: 0.004331689327955246	; baunded
mean	: 0.05475731939077377	; std	: 0.03472517058253288	; non
mean	: 0.03557729348540306	; std	: 0.017095552757382393	; inflating
mean	: 0.04806240648031235	; std	: 0.020085876807570457	; shrinking
mean	: 0.044694799929857254	; std	: 0.004664457403123379	; baunded
mean	: 0.05165007710456848	; std	: 0.02986566722393036	; non
mean	: 0.0366518460214138	; std	: 0.015737799927592278	; inflating
mean	: 0.05580538511276245	; std	: 0.016146734356880188	; shrinking
mean	: 0.051856525242328644	; std	: 0.0043578497134149075	; baunded
mean	: 0.05788813531398773	; std	: 0.025150317698717117	; non
mean	: 0.06868132203817368	; std	: 0.025222256779670715	; inflating
mean	: 0.04446562007069588	; std	: 0.018067559227347374	; shrinking
mean	: 0.09213752299547195	; std	: 0.004331689327955246	; baunded
mean	: 0.05475731939077377	; std	: 0.03472517058253288	; non
mean	: 0.031152982264757156	; std	: 0.01316822785884142	; inflating
mean	: 0.05805834382772446	; std	: 0.019308146089315414	; shrinking
mean	: 0.04237273335456848	; std	: 0.004031409043818712	; baunded
mean	: 0.059073347598314285	; std	: 0.024486320093274117	; non
mean	: 0.04359499365091324	; std	: 0.022528639063239098	; inflating
mean	: 0.04277005046606064	; std	: 0.00888654962182045	; shrinking
mean	: 0.06369459629058838	; std	: 0.004397343844175339	; baunded
mean	: 0.04654178023338318	; std	: 0.031795140355825424	; non
mean	: 0.02873649075627327	; std	: 0.0192581657320261	; inflating
mean	: 0.07217251509428024	; std	: 0.023612184450030327	; shrinking
mean	: 0.02418983168900013	; std	: 0.0035779038444161415	; baunded
mean	: 0.068377785384655	; std	: 0.028053395450115204	; non
mean	: 0.033976491540670395	; std	: 0.019276222214102745	; inflating
mean	: 0.07349027693271637	; std	: 0.02597287856042385	; shrinking
mean	: 0.014643488451838493	; std	: 0.005388172343373299	; baunded
mean	: 0.0692187249660492	; std	: 0.03194909915328026	; non
mean	: 0.03484029322862625	; std	: 0.022805552929639816	; inflating
mean	: 0.07991862297058105	; std	: 0.02497406117618084	; shrinking
mean	: 0.020811736583709717	; std	: 0.006322008091956377	; baunded
mean	: 0.07309135794639587	; std	: 0.033421289175748825	; non
mean	: 0.029810279607772827	; std	: 0.02104489877820015	; inflating
mean	: 0.076783686876297	; std	: 0.02210371568799019	; shrinking
mean	: 0.03034696914255619	; std	: 0.0041590589098632336	; baunded
mean	: 0.07149672508239746	; std	: 0.027574852108955383	; non
mean	: 0.03370517119765282	; std	: 0.013052862137556076	; inflating
mean	: 0.05866212397813797	; std	: 0.01822790317237377	; shrinking
mean	: 0.046105001121759415	; std	: 0.00415117247030139	; baunded
mean	: 0.05992512032389641	; std	: 0.0239325650036335	; non
mean	: 0.04239432513713837	; std	: 0.021983154118061066	; inflating
mean	: 0.04258723184466362	; std	: 0.009473903104662895	; shrinking
mean	: 0.062024928629398346	; std	: 0.004305902868509293	; baunded
mean	: 0.04590221121907234	; std	: 0.03199807181954384	; non
mean	: 0.029280465096235275	; std	: 0.024020284414291382	; inflating
mean	: 0.0792856216430664	; std	: 0.021112868562340736	; shrinking
mean	: 0.03360653296113014	; std	: 0.0037782706785947084	; baunded
mean	: 0.07344824075698853	; std	: 0.026935158297419548	; non
mean	: 0.03125835210084915	; std	: 0.02459915168583393	; inflating
mean	: 0.08156819641590118	; std	: 0.02170383557677269	; shrinking
mean	: 0.03214503824710846	; std	: 0.004461710806936026	; baunded
mean	: 0.07474473118782043	; std	: 0.028932007029652596	; non
mean	: 0.03511201590299606	; std	: 0.0263181384652853	; inflating
mean	: 0.08528905361890793	; std	: 0.02200424298644066	; shrinking
mean	: 0.031671442091464996	; std	: 0.004955863580107689	; baunded
mean	: 0.07728474587202072	; std	: 0.03150024637579918	; non
mean	: 0.034345366060733795	; std	: 0.01657448522746563	; inflating
mean	: 0.04757563769817352	; std	: 0.01876762881875038	; shrinking
mean	: 0.04491537809371948	; std	: 0.004360751714557409	; baunded
mean	: 0.05027412995696068	; std	: 0.029852835461497307	; non
mean	: 0.03347835689783096	; std	: 0.014686890877783298	; inflating
mean	: 0.05253150314092636	; std	: 0.024700285866856575	; shrinking
mean	: 0.03376062214374542	; std	: 0.004769379738718271	; baunded
mean	: 0.0562189519405365	; std	: 0.02831970900297165	; non
mean	: 0.030240755528211594	; std	: 0.023123128339648247	; inflating
mean	: 0.07728564739227295	; std	: 0.02315516769886017	; shrinking
mean	: 0.02492707408964634	; std	: 0.0038695039693266153	; baunded
mean	: 0.07165975868701935	; std	: 0.029786359518766403	; non
mean	: 0.03441257029771805	; std	: 0.024056538939476013	; inflating
mean	: 0.08158430457115173	; std	: 0.023433450609445572	; shrinking
mean	: 0.02596013993024826	; std	: 0.004902233835309744	; baunded
mean	: 0.0744137316942215	; std	: 0.03217494860291481	; non
mean	: 0.03210032358765602	; std	: 0.014964068308472633	; inflating
mean	: 0.05262745916843414	; std	: 0.018900463357567787	; shrinking
mean	: 0.04371947422623634	; std	: 0.004249871242791414	; baunded
mean	: 0.05458000302314758	; std	: 0.02695474773645401	; non
mean	: 0.029280465096235275	; std	: 0.024020284414291382	; inflating
mean	: 0.0792856216430664	; std	: 0.021112868562340736	; shrinking
mean	: 0.03360653296113014	; std	: 0.0037782706785947084	; baunded
mean	: 0.07344824075698853	; std	: 0.026935158297419548	; non
mean	: 0.041830889880657196	; std	: 0.021010015159845352	; inflating
mean	: 0.04261275380849838	; std	: 0.012136957608163357	; shrinking
mean	: 0.05834667384624481	; std	: 0.004468449391424656	; baunded
mean	: 0.04585239291191101	; std	: 0.03290850296616554	; non
mean	: 0.031931936740875244	; std	: 0.0145577322691679	; inflating
mean	: 0.05508390814065933	; std	: 0.01882222667336464	; shrinking
mean	: 0.04427742213010788	; std	: 0.004231045488268137	; baunded
mean	: 0.056797198951244354	; std	: 0.025637894868850708	; non
mean	: 0.03125835210084915	; std	: 0.02459915168583393	; inflating
mean	: 0.08156819641590118	; std	: 0.02170383557677269	; shrinking
mean	: 0.03214503824710846	; std	: 0.004461710806936026	; baunded
mean	: 0.07474473118782043	; std	: 0.028932007029652596	; non
mean	: 0.03260717913508415	; std	: 0.024625256657600403	; inflating
mean	: 0.08169768750667572	; std	: 0.022751079872250557	; shrinking
mean	: 0.027801450341939926	; std	: 0.005396358203142881	; baunded
mean	: 0.0744081437587738	; std	: 0.031254786998033524	; non
mean	: 0.035006243735551834	; std	: 0.02627759985625744	; inflating
mean	: 0.08521699160337448	; std	: 0.022053472697734833	; shrinking
mean	: 0.03153369203209877	; std	: 0.00496917637065053	; baunded
mean	: 0.07721619307994843	; std	: 0.03151920065283775	; non
mean	: 0.03511201590299606	; std	: 0.0263181384652853	; inflating
mean	: 0.08528905361890793	; std	: 0.02200424298644066	; shrinking
mean	: 0.031671442091464996	; std	: 0.004955863580107689	; baunded
mean	: 0.07728474587202072	; std	: 0.03150024637579918	; non
mean	: 0.0366518460214138	; std	: 0.015737799927592278	; inflating
mean	: 0.05580538511276245	; std	: 0.016146734356880188	; shrinking
mean	: 0.051856525242328644	; std	: 0.0043578497134149075	; baunded
mean	: 0.05788813531398773	; std	: 0.025150317698717117	; non
mean	: 0.030240755528211594	; std	: 0.023123128339648247	; inflating
mean	: 0.07728564739227295	; std	: 0.02315516769886017	; shrinking
mean	: 0.02492707408964634	; std	: 0.0038695039693266153	; baunded
mean	: 0.07165975868701935	; std	: 0.029786359518766403	; non
mean	: 0.035240016877651215	; std	: 0.015580977313220501	; inflating
mean	: 0.05119432508945465	; std	: 0.024357950314879417	; shrinking
mean	: 0.036326806992292404	; std	: 0.0047996132634580135	; baunded
mean	: 0.05536093935370445	; std	: 0.028971683233976364	; non
mean	: 0.03328770399093628	; std	: 0.016099268570542336	; inflating
mean	: 0.04936492443084717	; std	: 0.01782018132507801	; shrinking
mean	: 0.04588324576616287	; std	: 0.0043211933225393295	; baunded
mean	: 0.051899172365665436	; std	: 0.028144000098109245	; non
mean	: 0.03347835689783096	; std	: 0.014686890877783298	; inflating
mean	: 0.05253150314092636	; std	: 0.024700285866856575	; shrinking
mean	: 0.03376062214374542	; std	: 0.004769379738718271	; baunded
mean	: 0.0562189519405365	; std	: 0.02831970900297165	; non
mean	: 0.031152982264757156	; std	: 0.01316822785884142	; inflating
mean	: 0.05805834382772446	; std	: 0.019308146089315414	; shrinking
mean	: 0.04237273335456848	; std	: 0.004031409043818712	; baunded
mean	: 0.059073347598314285	; std	: 0.024486320093274117	; non
mean	: 0.034117795526981354	; std	: 0.016350973397493362	; inflating
mean	: 0.05277390778064728	; std	: 0.01731189340353012	; shrinking
mean	: 0.04851027950644493	; std	: 0.004388878587633371	; baunded
mean	: 0.05496864393353462	; std	: 0.026796316727995872	; non
anchor name	: shrinking
mean	: 0.04875493049621582	; std	: 0.01671408675611019	; inflating
mean	: 0.03560715168714523	; std	: 0.014805823564529419	; shrinking
mean	: 0.05629320070147514	; std	: 0.004281299188733101	; baunded
mean	: 0.045075081288814545	; std	: 0.03146732226014137	; non
mean	: 0.04875493049621582	; std	: 0.01671408675611019	; inflating
mean	: 0.03560715168714523	; std	: 0.014805823564529419	; shrinking
mean	: 0.05629320070147514	; std	: 0.004281299188733101	; baunded
mean	: 0.045075081288814545	; std	: 0.03146732226014137	; non
mean	: 0.04875493049621582	; std	: 0.01671408675611019	; inflating
mean	: 0.03560715168714523	; std	: 0.014805823564529419	; shrinking
mean	: 0.05629320070147514	; std	: 0.004281299188733101	; baunded
mean	: 0.045075081288814545	; std	: 0.03146732226014137	; non
mean	: 0.07718764245510101	; std	: 0.022904006764292717	; inflating
mean	: 0.032343532890081406	; std	: 0.02610633708536625	; shrinking
mean	: 0.09419500082731247	; std	: 0.004560848232358694	; baunded
mean	: 0.05438541620969772	; std	: 0.03628621995449066	; non
mean	: 0.0809578225016594	; std	: 0.022760942578315735	; inflating
mean	: 0.033783864229917526	; std	: 0.027094077318906784	; shrinking
mean	: 0.09729158878326416	; std	: 0.004734213929623365	; baunded
mean	: 0.056970104575157166	; std	: 0.036503858864307404	; non
mean	: 0.040255893021821976	; std	: 0.011952048167586327	; inflating
mean	: 0.05109558254480362	; std	: 0.028435468673706055	; shrinking
mean	: 0.029311196878552437	; std	: 0.005655673332512379	; baunded
mean	: 0.0589878112077713	; std	: 0.027034400030970573	; non
mean	: 0.0809578225016594	; std	: 0.022760942578315735	; inflating
mean	: 0.033783864229917526	; std	: 0.027094077318906784	; shrinking
mean	: 0.09729158878326416	; std	: 0.004734213929623365	; baunded
mean	: 0.056970104575157166	; std	: 0.036503858864307404	; non
mean	: 0.040255893021821976	; std	: 0.011952048167586327	; inflating
mean	: 0.05109558254480362	; std	: 0.028435468673706055	; shrinking
mean	: 0.029311196878552437	; std	: 0.005655673332512379	; baunded
mean	: 0.0589878112077713	; std	: 0.027034400030970573	; non
mean	: 0.07718764245510101	; std	: 0.022904006764292717	; inflating
mean	: 0.032343532890081406	; std	: 0.02610633708536625	; shrinking
mean	: 0.09419500082731247	; std	: 0.004560848232358694	; baunded
mean	: 0.05438541620969772	; std	: 0.03628621995449066	; non
mean	: 0.05717272683978081	; std	: 0.014771373011171818	; inflating
mean	: 0.039949458092451096	; std	: 0.020720835775136948	; shrinking
mean	: 0.0548069067299366	; std	: 0.005934107583016157	; baunded
mean	: 0.05622421205043793	; std	: 0.025840967893600464	; non
mean	: 0.040255893021821976	; std	: 0.011952048167586327	; inflating
mean	: 0.05109558254480362	; std	: 0.028435468673706055	; shrinking
mean	: 0.029311196878552437	; std	: 0.005655673332512379	; baunded
mean	: 0.0589878112077713	; std	: 0.027034400030970573	; non
mean	: 0.04875493049621582	; std	: 0.01671408675611019	; inflating
mean	: 0.03560715168714523	; std	: 0.014805823564529419	; shrinking
mean	: 0.05629320070147514	; std	: 0.004281299188733101	; baunded
mean	: 0.045075081288814545	; std	: 0.03146732226014137	; non
mean	: 0.08057823777198792	; std	: 0.02321871742606163	; inflating
mean	: 0.035339079797267914	; std	: 0.028301136568188667	; shrinking
mean	: 0.09886108338832855	; std	: 0.004632401280105114	; baunded
mean	: 0.05633459612727165	; std	: 0.03823111206293106	; non
mean	: 0.048823319375514984	; std	: 0.012001310475170612	; inflating
mean	: 0.04860103502869606	; std	: 0.027032721787691116	; shrinking
mean	: 0.037379294633865356	; std	: 0.005468834191560745	; baunded
mean	: 0.05951613932847977	; std	: 0.026435917243361473	; non
mean	: 0.05717272683978081	; std	: 0.014771373011171818	; inflating
mean	: 0.039949458092451096	; std	: 0.020720835775136948	; shrinking
mean	: 0.0548069067299366	; std	: 0.005934107583016157	; baunded
mean	: 0.05622421205043793	; std	: 0.025840967893600464	; non
mean	: 0.04274192824959755	; std	: 0.01463996060192585	; inflating
mean	: 0.041533615440130234	; std	: 0.022964976727962494	; shrinking
mean	: 0.042602576315402985	; std	: 0.004693040624260902	; baunded
mean	: 0.05040270835161209	; std	: 0.02971288561820984	; non
mean	: 0.0809578225016594	; std	: 0.022760942578315735	; inflating
mean	: 0.033783864229917526	; std	: 0.027094077318906784	; shrinking
mean	: 0.09729158878326416	; std	: 0.004734213929623365	; baunded
mean	: 0.056970104575157166	; std	: 0.036503858864307404	; non
mean	: 0.048823319375514984	; std	: 0.012001310475170612	; inflating
mean	: 0.04860103502869606	; std	: 0.027032721787691116	; shrinking
mean	: 0.037379294633865356	; std	: 0.005468834191560745	; baunded
mean	: 0.05951613932847977	; std	: 0.026435917243361473	; non
mean	: 0.08567366003990173	; std	: 0.023848844692111015	; inflating
mean	: 0.04144727811217308	; std	: 0.02913345769047737	; shrinking
mean	: 0.10529761016368866	; std	: 0.004774676635861397	; baunded
mean	: 0.05947745591402054	; std	: 0.041186802089214325	; non
mean	: 0.05717272683978081	; std	: 0.014771373011171818	; inflating
mean	: 0.039949458092451096	; std	: 0.020720835775136948	; shrinking
mean	: 0.0548069067299366	; std	: 0.005934107583016157	; baunded
mean	: 0.05622421205043793	; std	: 0.025840967893600464	; non
mean	: 0.09585912525653839	; std	: 0.02405942790210247	; inflating
mean	: 0.053546592593193054	; std	: 0.029469499364495277	; shrinking
mean	: 0.11661316454410553	; std	: 0.004900727886706591	; baunded
mean	: 0.06780318915843964	; std	: 0.044256292283535004	; non
mean	: 0.07717779278755188	; std	: 0.02318444848060608	; inflating
mean	: 0.0336105115711689	; std	: 0.026591863483190536	; shrinking
mean	: 0.09524032473564148	; std	: 0.004300285596400499	; baunded
mean	: 0.05411292240023613	; std	: 0.03718067705631256	; non
mean	: 0.08211284875869751	; std	: 0.02198312059044838	; inflating
mean	: 0.035508301109075546	; std	: 0.024584341794252396	; shrinking
mean	: 0.09672554582357407	; std	: 0.0050586676225066185	; baunded
mean	: 0.05883127823472023	; std	: 0.03478351980447769	; non
mean	: 0.07718764245510101	; std	: 0.022904006764292717	; inflating
mean	: 0.032343532890081406	; std	: 0.02610633708536625	; shrinking
mean	: 0.09419500082731247	; std	: 0.004560848232358694	; baunded
mean	: 0.05438541620969772	; std	: 0.03628621995449066	; non
mean	: 0.07526865601539612	; std	: 0.02198648825287819	; inflating
mean	: 0.03262196481227875	; std	: 0.02170134149491787	; shrinking
mean	: 0.0900639072060585	; std	: 0.0046015153639018536	; baunded
mean	: 0.054027579724788666	; std	: 0.0340709388256073	; non
mean	: 0.08057823777198792	; std	: 0.02321871742606163	; inflating
mean	: 0.035339079797267914	; std	: 0.028301136568188667	; shrinking
mean	: 0.09886108338832855	; std	: 0.004632401280105114	; baunded
mean	: 0.05633459612727165	; std	: 0.03823111206293106	; non
mean	: 0.07717779278755188	; std	: 0.02318444848060608	; inflating
mean	: 0.0336105115711689	; std	: 0.026591863483190536	; shrinking
mean	: 0.09524032473564148	; std	: 0.004300285596400499	; baunded
mean	: 0.05411292240023613	; std	: 0.03718067705631256	; non
mean	: 0.05717272683978081	; std	: 0.014771373011171818	; inflating
mean	: 0.039949458092451096	; std	: 0.020720835775136948	; shrinking
mean	: 0.0548069067299366	; std	: 0.005934107583016157	; baunded
mean	: 0.05622421205043793	; std	: 0.025840967893600464	; non
mean	: 0.07690826058387756	; std	: 0.02311776578426361	; inflating
mean	: 0.03305480256676674	; std	: 0.026619011536240578	; shrinking
mean	: 0.09480077028274536	; std	: 0.00438019959256053	; baunded
mean	: 0.053986985236406326	; std	: 0.03697718307375908	; non
mean	: 0.08880773186683655	; std	: 0.024337036535143852	; inflating
mean	: 0.042663298547267914	; std	: 0.02991374023258686	; shrinking
mean	: 0.10847004503011703	; std	: 0.004569306969642639	; baunded
mean	: 0.0608336515724659	; std	: 0.04236716404557228	; non
mean	: 0.059035222977399826	; std	: 0.011030346155166626	; inflating
mean	: 0.04738147184252739	; std	: 0.023359324783086777	; shrinking
mean	: 0.04880908131599426	; std	: 0.0066368780098855495	; baunded
mean	: 0.06260809302330017	; std	: 0.022709086537361145	; non
mean	: 0.07690826058387756	; std	: 0.02311776578426361	; inflating
mean	: 0.03305480256676674	; std	: 0.026619011536240578	; shrinking
mean	: 0.09480077028274536	; std	: 0.00438019959256053	; baunded
mean	: 0.053986985236406326	; std	: 0.03697718307375908	; non
mean	: 0.07138945162296295	; std	: 0.01245046965777874	; inflating
mean	: 0.048751916736364365	; std	: 0.018718423321843147	; shrinking
mean	: 0.06407876312732697	; std	: 0.00604622159153223	; baunded
mean	: 0.06677678227424622	; std	: 0.02102576196193695	; non
mean	: 0.059035222977399826	; std	: 0.011030346155166626	; inflating
mean	: 0.04738147184252739	; std	: 0.023359324783086777	; shrinking
mean	: 0.04880908131599426	; std	: 0.0066368780098855495	; baunded
mean	: 0.06260809302330017	; std	: 0.022709086537361145	; non
mean	: 0.039327703416347504	; std	: 0.013599209487438202	; inflating
mean	: 0.04906151443719864	; std	: 0.025439605116844177	; shrinking
mean	: 0.037137024104595184	; std	: 0.005797160789370537	; baunded
mean	: 0.05689939111471176	; std	: 0.02684101276099682	; non
mean	: 0.039327703416347504	; std	: 0.013599209487438202	; inflating
mean	: 0.04906151443719864	; std	: 0.025439605116844177	; shrinking
mean	: 0.037137024104595184	; std	: 0.005797160789370537	; baunded
mean	: 0.05689939111471176	; std	: 0.02684101276099682	; non
mean	: 0.040255893021821976	; std	: 0.011952048167586327	; inflating
mean	: 0.05109558254480362	; std	: 0.028435468673706055	; shrinking
mean	: 0.029311196878552437	; std	: 0.005655673332512379	; baunded
mean	: 0.0589878112077713	; std	: 0.027034400030970573	; non
mean	: 0.05717272683978081	; std	: 0.014771373011171818	; inflating
mean	: 0.039949458092451096	; std	: 0.020720835775136948	; shrinking
mean	: 0.0548069067299366	; std	: 0.005934107583016157	; baunded
mean	: 0.05622421205043793	; std	: 0.025840967893600464	; non
mean	: 0.05157157778739929	; std	: 0.020329853519797325	; inflating
mean	: 0.03858588635921478	; std	: 0.00883566401898861	; shrinking
mean	: 0.06553342938423157	; std	: 0.005686142016202211	; baunded
mean	: 0.04907289892435074	; std	: 0.02966259978711605	; non
mean	: 0.08057823777198792	; std	: 0.02321871742606163	; inflating
mean	: 0.035339079797267914	; std	: 0.028301136568188667	; shrinking
mean	: 0.09886108338832855	; std	: 0.004632401280105114	; baunded
mean	: 0.05633459612727165	; std	: 0.03823111206293106	; non
mean	: 0.08083953708410263	; std	: 0.023572659119963646	; inflating
mean	: 0.0357041098177433	; std	: 0.02859950251877308	; shrinking
mean	: 0.09962736070156097	; std	: 0.004472146742045879	; baunded
mean	: 0.05608326941728592	; std	: 0.0389738529920578	; non
mean	: 0.08567366003990173	; std	: 0.023848844692111015	; inflating
mean	: 0.04144727811217308	; std	: 0.02913345769047737	; shrinking
mean	: 0.10529761016368866	; std	: 0.004774676635861397	; baunded
mean	: 0.05947745591402054	; std	: 0.041186802089214325	; non
mean	: 0.08084714412689209	; std	: 0.022967366501688957	; inflating
mean	: 0.033837586641311646	; std	: 0.02758723497390747	; shrinking
mean	: 0.09769371151924133	; std	: 0.004603845998644829	; baunded
mean	: 0.056614018976688385	; std	: 0.03703204542398453	; non
mean	: 0.07138945162296295	; std	: 0.01245046965777874	; inflating
mean	: 0.048751916736364365	; std	: 0.018718423321843147	; shrinking
mean	: 0.06407876312732697	; std	: 0.00604622159153223	; baunded
mean	: 0.06677678227424622	; std	: 0.02102576196193695	; non
mean	: 0.051425859332084656	; std	: 0.015518058091402054	; inflating
mean	: 0.03525129705667496	; std	: 0.01451865117996931	; shrinking
mean	: 0.05594984069466591	; std	: 0.004821865353733301	; baunded
mean	: 0.047815561294555664	; std	: 0.028799349442124367	; non
mean	: 0.08184491842985153	; std	: 0.02336226962506771	; inflating
mean	: 0.03478752821683884	; std	: 0.028018983080983162	; shrinking
mean	: 0.09926092624664307	; std	: 0.004580809269100428	; baunded
mean	: 0.057008348405361176	; std	: 0.037877731025218964	; non
mean	: 0.04274192824959755	; std	: 0.01463996060192585	; inflating
mean	: 0.041533615440130234	; std	: 0.022964976727962494	; shrinking
mean	: 0.042602576315402985	; std	: 0.004693040624260902	; baunded
mean	: 0.05040270835161209	; std	: 0.02971288561820984	; non
mean	: 0.09027477353811264	; std	: 0.024095771834254265	; inflating
mean	: 0.04669797420501709	; std	: 0.029880493879318237	; shrinking
mean	: 0.11068807542324066	; std	: 0.004715334624052048	; baunded
mean	: 0.06247199326753616	; std	: 0.0434785857796669	; non
mean	: 0.0603579506278038	; std	: 0.01852225698530674	; inflating
mean	: 0.03451000154018402	; std	: 0.010827647522091866	; shrinking
mean	: 0.06775537133216858	; std	: 0.004748559556901455	; baunded
mean	: 0.049492500722408295	; std	: 0.030070167034864426	; non
mean	: 0.0417775958776474	; std	: 0.01567894220352173	; inflating
mean	: 0.03978453576564789	; std	: 0.020894963294267654	; shrinking
mean	: 0.04515771195292473	; std	: 0.0049241818487644196	; baunded
mean	: 0.04820311442017555	; std	: 0.030426006764173508	; non
mean	: 0.08211284875869751	; std	: 0.02198312059044838	; inflating
mean	: 0.035508301109075546	; std	: 0.024584341794252396	; shrinking
mean	: 0.09672554582357407	; std	: 0.0050586676225066185	; baunded
mean	: 0.05883127823472023	; std	: 0.03478351980447769	; non
mean	: 0.08184491842985153	; std	: 0.02336226962506771	; inflating
mean	: 0.03478752821683884	; std	: 0.028018983080983162	; shrinking
mean	: 0.09926092624664307	; std	: 0.004580809269100428	; baunded
mean	: 0.057008348405361176	; std	: 0.037877731025218964	; non
mean	: 0.09048286080360413	; std	: 0.024136893451213837	; inflating
mean	: 0.04672607034444809	; std	: 0.029980598017573357	; shrinking
mean	: 0.11090679466724396	; std	: 0.004701549187302589	; baunded
mean	: 0.062517449259758	; std	: 0.04361344128847122	; non
mean	: 0.04290158674120903	; std	: 0.014496282674372196	; inflating
mean	: 0.04315868020057678	; std	: 0.02427596226334572	; shrinking
mean	: 0.04094432666897774	; std	: 0.004861851222813129	; baunded
mean	: 0.052239447832107544	; std	: 0.0292345080524683	; non
mean	: 0.07930915057659149	; std	: 0.023230670019984245	; inflating
mean	: 0.03572668880224228	; std	: 0.02776588685810566	; shrinking
mean	: 0.09807419776916504	; std	: 0.004311817232519388	; baunded
mean	: 0.055443547666072845	; std	: 0.038216155022382736	; non
mean	: 0.07518517225980759	; std	: 0.02204226143658161	; inflating
mean	: 0.03267710283398628	; std	: 0.02394285425543785	; shrinking
mean	: 0.09141679108142853	; std	: 0.004419817589223385	; baunded
mean	: 0.05373307690024376	; std	: 0.034903451800346375	; non
mean	: 0.07717779278755188	; std	: 0.02318444848060608	; inflating
mean	: 0.0336105115711689	; std	: 0.026591863483190536	; shrinking
mean	: 0.09524032473564148	; std	: 0.004300285596400499	; baunded
mean	: 0.05411292240023613	; std	: 0.03718067705631256	; non
mean	: 0.04078255966305733	; std	: 0.01349364873021841	; inflating
mean	: 0.04532668739557266	; std	: 0.02537183277308941	; shrinking
mean	: 0.03660581260919571	; std	: 0.004772919230163097	; baunded
mean	: 0.05348610132932663	; std	: 0.028643982484936714	; non
mean	: 0.08057823777198792	; std	: 0.02321871742606163	; inflating
mean	: 0.035339079797267914	; std	: 0.028301136568188667	; shrinking
mean	: 0.09886108338832855	; std	: 0.004632401280105114	; baunded
mean	: 0.05633459612727165	; std	: 0.03823111206293106	; non
mean	: 0.03672882169485092	; std	: 0.011484786868095398	; inflating
mean	: 0.05100799351930618	; std	: 0.022021766752004623	; shrinking
mean	: 0.039172880351543427	; std	: 0.006014947313815355	; baunded
mean	: 0.057356126606464386	; std	: 0.024145713075995445	; non
mean	: 0.03582268953323364	; std	: 0.01002412661910057	; inflating
mean	: 0.05469106137752533	; std	: 0.021062327548861504	; shrinking
mean	: 0.03916506469249725	; std	: 0.005660777911543846	; baunded
mean	: 0.0594990998506546	; std	: 0.02267729490995407	; non
mean	: 0.07690826058387756	; std	: 0.02311776578426361	; inflating
mean	: 0.03305480256676674	; std	: 0.026619011536240578	; shrinking
mean	: 0.09480077028274536	; std	: 0.00438019959256053	; baunded
mean	: 0.053986985236406326	; std	: 0.03697718307375908	; non
mean	: 0.0809578225016594	; std	: 0.022760942578315735	; inflating
mean	: 0.033783864229917526	; std	: 0.027094077318906784	; shrinking
mean	: 0.09729158878326416	; std	: 0.004734213929623365	; baunded
mean	: 0.056970104575157166	; std	: 0.036503858864307404	; non
mean	: 0.0725487619638443	; std	: 0.02113104984164238	; inflating
mean	: 0.03345055505633354	; std	: 0.017385123297572136	; shrinking
mean	: 0.08555740118026733	; std	: 0.004492929670959711	; baunded
mean	: 0.05318199843168259	; std	: 0.032476745545864105	; non
anchor name	: baunded
mean	: 0.04235023260116577	; std	: 0.023318765684962273	; inflating
mean	: 0.08555309474468231	; std	: 0.02532018907368183	; shrinking
mean	: 0.020643383264541626	; std	: 0.008241148665547371	; baunded
mean	: 0.07622009515762329	; std	: 0.038382671773433685	; non
mean	: 0.04235023260116577	; std	: 0.023318765684962273	; inflating
mean	: 0.08555309474468231	; std	: 0.02532018907368183	; shrinking
mean	: 0.020643383264541626	; std	: 0.008241148665547371	; baunded
mean	: 0.07622009515762329	; std	: 0.038382671773433685	; non
mean	: 0.041973136365413666	; std	: 0.016483547165989876	; inflating
mean	: 0.07238294184207916	; std	: 0.027886001393198967	; shrinking
mean	: 0.011497421190142632	; std	: 0.004973184317350388	; baunded
mean	: 0.07013766467571259	; std	: 0.03298380970954895	; non
mean	: 0.04116179794073105	; std	: 0.018644260242581367	; inflating
mean	: 0.07670634984970093	; std	: 0.027395641431212425	; shrinking
mean	: 0.011280136182904243	; std	: 0.0071267494931817055	; baunded
mean	: 0.07185377925634384	; std	: 0.03496513143181801	; non
mean	: 0.041973136365413666	; std	: 0.016483547165989876	; inflating
mean	: 0.07238294184207916	; std	: 0.027886001393198967	; shrinking
mean	: 0.011497421190142632	; std	: 0.004973184317350388	; baunded
mean	: 0.07013766467571259	; std	: 0.03298380970954895	; non
mean	: 0.04076371341943741	; std	: 0.018007954582571983	; inflating
mean	: 0.07483428716659546	; std	: 0.02740585431456566	; shrinking
mean	: 0.010843554511666298	; std	: 0.006081197410821915	; baunded
mean	: 0.07077816873788834	; std	: 0.03424028679728508	; non
mean	: 0.041474342346191406	; std	: 0.01799737475812435	; inflating
mean	: 0.07622793316841125	; std	: 0.027194801717996597	; shrinking
mean	: 0.012994385324418545	; std	: 0.00669134920462966	; baunded
mean	: 0.07173434644937515	; std	: 0.034394655376672745	; non
mean	: 0.04235023260116577	; std	: 0.023318765684962273	; inflating
mean	: 0.08555309474468231	; std	: 0.02532018907368183	; shrinking
mean	: 0.020643383264541626	; std	: 0.008241148665547371	; baunded
mean	: 0.07622009515762329	; std	: 0.038382671773433685	; non
mean	: 0.04386816918849945	; std	: 0.013746452517807484	; inflating
mean	: 0.0683448314666748	; std	: 0.027377210557460785	; shrinking
mean	: 0.016332101076841354	; std	: 0.008104568347334862	; baunded
mean	: 0.06950587779283524	; std	: 0.02939898893237114	; non
mean	: 0.04116179794073105	; std	: 0.018644260242581367	; inflating
mean	: 0.07670634984970093	; std	: 0.027395641431212425	; shrinking
mean	: 0.011280136182904243	; std	: 0.0071267494931817055	; baunded
mean	: 0.07185377925634384	; std	: 0.03496513143181801	; non
mean	: 0.03700895234942436	; std	: 0.018317431211471558	; inflating
mean	: 0.07417283207178116	; std	: 0.02681412734091282	; shrinking
mean	: 0.012885935604572296	; std	: 0.007355414796620607	; baunded
mean	: 0.06997140496969223	; std	: 0.03292115777730942	; non
mean	: 0.04116179794073105	; std	: 0.018644260242581367	; inflating
mean	: 0.07670634984970093	; std	: 0.027395641431212425	; shrinking
mean	: 0.011280136182904243	; std	: 0.0071267494931817055	; baunded
mean	: 0.07185377925634384	; std	: 0.03496513143181801	; non
mean	: 0.04116179794073105	; std	: 0.018644260242581367	; inflating
mean	: 0.07670634984970093	; std	: 0.027395641431212425	; shrinking
mean	: 0.011280136182904243	; std	: 0.0071267494931817055	; baunded
mean	: 0.07185377925634384	; std	: 0.03496513143181801	; non
mean	: 0.041973136365413666	; std	: 0.016483547165989876	; inflating
mean	: 0.07238294184207916	; std	: 0.027886001393198967	; shrinking
mean	: 0.011497421190142632	; std	: 0.004973184317350388	; baunded
mean	: 0.07013766467571259	; std	: 0.03298380970954895	; non
mean	: 0.044203054159879684	; std	: 0.019331855699419975	; inflating
mean	: 0.07984980195760727	; std	: 0.027255382388830185	; shrinking
mean	: 0.013715086504817009	; std	: 0.0062878308817744255	; baunded
mean	: 0.07374392449855804	; std	: 0.03691263124346733	; non
mean	: 0.03995180130004883	; std	: 0.018824277445673943	; inflating
mean	: 0.07677796483039856	; std	: 0.027022622525691986	; shrinking
mean	: 0.013266656547784805	; std	: 0.008122814819216728	; baunded
mean	: 0.07164134830236435	; std	: 0.034517303109169006	; non
mean	: 0.04386816918849945	; std	: 0.013746452517807484	; inflating
mean	: 0.0683448314666748	; std	: 0.027377210557460785	; shrinking
mean	: 0.016332101076841354	; std	: 0.008104568347334862	; baunded
mean	: 0.06950587779283524	; std	: 0.02939898893237114	; non
mean	: 0.04116179794073105	; std	: 0.018644260242581367	; inflating
mean	: 0.07670634984970093	; std	: 0.027395641431212425	; shrinking
mean	: 0.011280136182904243	; std	: 0.0071267494931817055	; baunded
mean	: 0.07185377925634384	; std	: 0.03496513143181801	; non
mean	: 0.04171181097626686	; std	: 0.017456205561757088	; inflating
mean	: 0.07534882426261902	; std	: 0.027970090508461	; shrinking
mean	: 0.011982946656644344	; std	: 0.0069718738086521626	; baunded
mean	: 0.07149827480316162	; std	: 0.03424958884716034	; non
mean	: 0.04386816918849945	; std	: 0.013746452517807484	; inflating
mean	: 0.0683448314666748	; std	: 0.027377210557460785	; shrinking
mean	: 0.016332101076841354	; std	: 0.008104568347334862	; baunded
mean	: 0.06950587779283524	; std	: 0.02939898893237114	; non
mean	: 0.0520658940076828	; std	: 0.012146467342972755	; inflating
mean	: 0.07229206711053848	; std	: 0.02559194155037403	; shrinking
mean	: 0.028016379103064537	; std	: 0.009429695084691048	; baunded
mean	: 0.07472635805606842	; std	: 0.027029844000935555	; non
mean	: 0.045858319848775864	; std	: 0.015057220123708248	; inflating
mean	: 0.07255150377750397	; std	: 0.026905499398708344	; shrinking
mean	: 0.017197255045175552	; std	: 0.008003240451216698	; baunded
mean	: 0.07205931842327118	; std	: 0.030826084315776825	; non
mean	: 0.045858319848775864	; std	: 0.015057220123708248	; inflating
mean	: 0.07255150377750397	; std	: 0.026905499398708344	; shrinking
mean	: 0.017197255045175552	; std	: 0.008003240451216698	; baunded
mean	: 0.07205931842327118	; std	: 0.030826084315776825	; non
mean	: 0.038197487592697144	; std	: 0.012704971246421337	; inflating
mean	: 0.06351640075445175	; std	: 0.02711571380496025	; shrinking
mean	: 0.017880970612168312	; std	: 0.006847298704087734	; baunded
mean	: 0.06568615138530731	; std	: 0.027600280940532684	; non
mean	: 0.03632142394781113	; std	: 0.01539373304694891	; inflating
mean	: 0.06760273873806	; std	: 0.026848413050174713	; shrinking
mean	: 0.013836140744388103	; std	: 0.004986089188605547	; baunded
mean	: 0.06695821136236191	; std	: 0.02965182438492775	; non
mean	: 0.045858319848775864	; std	: 0.015057220123708248	; inflating
mean	: 0.07255150377750397	; std	: 0.026905499398708344	; shrinking
mean	: 0.017197255045175552	; std	: 0.008003240451216698	; baunded
mean	: 0.07205931842327118	; std	: 0.030826084315776825	; non
mean	: 0.03919615596532822	; std	: 0.020778222009539604	; inflating
mean	: 0.07823949307203293	; std	: 0.025643877685070038	; shrinking
mean	: 0.01657921075820923	; std	: 0.00360108376480639	; baunded
mean	: 0.07264888286590576	; std	: 0.03423330932855606	; non
mean	: 0.03632142394781113	; std	: 0.01539373304694891	; inflating
mean	: 0.06760273873806	; std	: 0.026848413050174713	; shrinking
mean	: 0.013836140744388103	; std	: 0.004986089188605547	; baunded
mean	: 0.06695821136236191	; std	: 0.02965182438492775	; non
mean	: 0.04129081219434738	; std	: 0.01716400869190693	; inflating
mean	: 0.07423052191734314	; std	: 0.027809234336018562	; shrinking
mean	: 0.011477217078208923	; std	: 0.00607306556776166	; baunded
mean	: 0.07085229456424713	; std	: 0.03374069184064865	; non
mean	: 0.04129081219434738	; std	: 0.01716400869190693	; inflating
mean	: 0.07423052191734314	; std	: 0.027809234336018562	; shrinking
mean	: 0.011477217078208923	; std	: 0.00607306556776166	; baunded
mean	: 0.07085229456424713	; std	: 0.03374069184064865	; non
mean	: 0.042378682643175125	; std	: 0.01846848800778389	; inflating
mean	: 0.07770826667547226	; std	: 0.027463000267744064	; shrinking
mean	: 0.013984802179038525	; std	: 0.0076912809163331985	; baunded
mean	: 0.07265463471412659	; std	: 0.03511788696050644	; non
mean	: 0.03995180130004883	; std	: 0.018824277445673943	; inflating
mean	: 0.07677796483039856	; std	: 0.027022622525691986	; shrinking
mean	: 0.013266656547784805	; std	: 0.008122814819216728	; baunded
mean	: 0.07164134830236435	; std	: 0.034517303109169006	; non
mean	: 0.045858319848775864	; std	: 0.015057220123708248	; inflating
mean	: 0.07255150377750397	; std	: 0.026905499398708344	; shrinking
mean	: 0.017197255045175552	; std	: 0.008003240451216698	; baunded
mean	: 0.07205931842327118	; std	: 0.030826084315776825	; non
mean	: 0.038959480822086334	; std	: 0.01445040013641119	; inflating
mean	: 0.06685654073953629	; std	: 0.027651401236653328	; shrinking
mean	: 0.01360845286399126	; std	: 0.005754873622208834	; baunded
mean	: 0.06722597032785416	; std	: 0.02977014146745205	; non
mean	: 0.039550162851810455	; std	: 0.015891358256340027	; inflating
mean	: 0.07099492847919464	; std	: 0.027609175071120262	; shrinking
mean	: 0.013766776770353317	; std	: 0.006950690411031246	; baunded
mean	: 0.06874996423721313	; std	: 0.03211485594511032	; non
mean	: 0.04235023260116577	; std	: 0.023318765684962273	; inflating
mean	: 0.08555309474468231	; std	: 0.02532018907368183	; shrinking
mean	: 0.020643383264541626	; std	: 0.008241148665547371	; baunded
mean	: 0.07622009515762329	; std	: 0.038382671773433685	; non
mean	: 0.04070205241441727	; std	: 0.016577716916799545	; inflating
mean	: 0.07238060235977173	; std	: 0.027731703594326973	; shrinking
mean	: 0.012725511565804482	; std	: 0.006013387814164162	; baunded
mean	: 0.0698218122124672	; std	: 0.03274111822247505	; non
mean	: 0.04386816918849945	; std	: 0.013746452517807484	; inflating
mean	: 0.0683448314666748	; std	: 0.027377210557460785	; shrinking
mean	: 0.016332101076841354	; std	: 0.008104568347334862	; baunded
mean	: 0.06950587779283524	; std	: 0.02939898893237114	; non
mean	: 0.03782365098595619	; std	: 0.016279641538858414	; inflating
mean	: 0.07012808322906494	; std	: 0.027465693652629852	; shrinking
mean	: 0.011683763936161995	; std	: 0.005481346510350704	; baunded
mean	: 0.06804868578910828	; std	: 0.03176829591393471	; non
mean	: 0.04244290664792061	; std	: 0.018436148762702942	; inflating
mean	: 0.0775119960308075	; std	: 0.027523478493094444	; shrinking
mean	: 0.012947062030434608	; std	: 0.00777204055339098	; baunded
mean	: 0.07246499508619308	; std	: 0.035299744457006454	; non
mean	: 0.04386816918849945	; std	: 0.013746452517807484	; inflating
mean	: 0.0683448314666748	; std	: 0.027377210557460785	; shrinking
mean	: 0.016332101076841354	; std	: 0.008104568347334862	; baunded
mean	: 0.06950587779283524	; std	: 0.02939898893237114	; non
mean	: 0.041816696524620056	; std	: 0.016598107293248177	; inflating
mean	: 0.0728960856795311	; std	: 0.027258774265646935	; shrinking
mean	: 0.01298298966139555	; std	: 0.004667981062084436	; baunded
mean	: 0.07058931887149811	; std	: 0.032509226351976395	; non
mean	: 0.041816696524620056	; std	: 0.016598107293248177	; inflating
mean	: 0.0728960856795311	; std	: 0.027258774265646935	; shrinking
mean	: 0.01298298966139555	; std	: 0.004667981062084436	; baunded
mean	: 0.07058931887149811	; std	: 0.032509226351976395	; non
mean	: 0.04070205241441727	; std	: 0.016577716916799545	; inflating
mean	: 0.07238060235977173	; std	: 0.027731703594326973	; shrinking
mean	: 0.012725511565804482	; std	: 0.006013387814164162	; baunded
mean	: 0.0698218122124672	; std	: 0.03274111822247505	; non
mean	: 0.03787483274936676	; std	: 0.017910178750753403	; inflating
mean	: 0.07456953823566437	; std	: 0.027349146082997322	; shrinking
mean	: 0.01391460932791233	; std	: 0.007109194062650204	; baunded
mean	: 0.07056417316198349	; std	: 0.03301682695746422	; non
mean	: 0.04240827262401581	; std	: 0.01820977032184601	; inflating
mean	: 0.07799195498228073	; std	: 0.027424905449151993	; shrinking
mean	: 0.01458497904241085	; std	: 0.008527779020369053	; baunded
mean	: 0.07282695174217224	; std	: 0.035038042813539505	; non
mean	: 0.044203054159879684	; std	: 0.019331855699419975	; inflating
mean	: 0.07984980195760727	; std	: 0.027255382388830185	; shrinking
mean	: 0.013715086504817009	; std	: 0.0062878308817744255	; baunded
mean	: 0.07374392449855804	; std	: 0.03691263124346733	; non
mean	: 0.043426696211099625	; std	: 0.011282553896307945	; inflating
mean	: 0.06275198608636856	; std	: 0.027132099494338036	; shrinking
mean	: 0.021960899233818054	; std	: 0.008494026027619839	; baunded
mean	: 0.06697951257228851	; std	: 0.026491424068808556	; non
mean	: 0.04171181097626686	; std	: 0.017456205561757088	; inflating
mean	: 0.07534882426261902	; std	: 0.027970090508461	; shrinking
mean	: 0.011982946656644344	; std	: 0.0069718738086521626	; baunded
mean	: 0.07149827480316162	; std	: 0.03424958884716034	; non
mean	: 0.04059764742851257	; std	: 0.016047168523073196	; inflating
mean	: 0.0706942230463028	; std	: 0.027607331052422523	; shrinking
mean	: 0.01213164534419775	; std	: 0.004606267903000116	; baunded
mean	: 0.06926746666431427	; std	: 0.031715840101242065	; non
mean	: 0.041816696524620056	; std	: 0.016598107293248177	; inflating
mean	: 0.0728960856795311	; std	: 0.027258774265646935	; shrinking
mean	: 0.01298298966139555	; std	: 0.004667981062084436	; baunded
mean	: 0.07058931887149811	; std	: 0.032509226351976395	; non
mean	: 0.038959480822086334	; std	: 0.01445040013641119	; inflating
mean	: 0.06685654073953629	; std	: 0.027651401236653328	; shrinking
mean	: 0.01360845286399126	; std	: 0.005754873622208834	; baunded
mean	: 0.06722597032785416	; std	: 0.02977014146745205	; non
mean	: 0.040946945548057556	; std	: 0.01844726875424385	; inflating
mean	: 0.07703068107366562	; std	: 0.02726295404136181	; shrinking
mean	: 0.013076774775981903	; std	: 0.008314058184623718	; baunded
mean	: 0.0720033198595047	; std	: 0.034708160907030106	; non
mean	: 0.03700895234942436	; std	: 0.018317431211471558	; inflating
mean	: 0.07417283207178116	; std	: 0.02681412734091282	; shrinking
mean	: 0.012885935604572296	; std	: 0.007355414796620607	; baunded
mean	: 0.06997140496969223	; std	: 0.03292115777730942	; non
mean	: 0.0388840027153492	; std	: 0.015246478840708733	; inflating
mean	: 0.0689070075750351	; std	: 0.02805427834391594	; shrinking
mean	: 0.013884671032428741	; std	: 0.00536327762529254	; baunded
mean	: 0.0679827407002449	; std	: 0.031094873324036598	; non
mean	: 0.04413069412112236	; std	: 0.01527971401810646	; inflating
mean	: 0.07113905251026154	; std	: 0.028118515387177467	; shrinking
mean	: 0.013456915505230427	; std	: 0.005015849135816097	; baunded
mean	: 0.07033738493919373	; std	: 0.032069429755210876	; non
mean	: 0.037422679364681244	; std	: 0.01713925413787365	; inflating
mean	: 0.07347685098648071	; std	: 0.026689205318689346	; shrinking
mean	: 0.015587067231535912	; std	: 0.008025980554521084	; baunded
mean	: 0.06961295008659363	; std	: 0.032332438975572586	; non
mean	: 0.040946945548057556	; std	: 0.01844726875424385	; inflating
mean	: 0.07703068107366562	; std	: 0.02726295404136181	; shrinking
mean	: 0.013076774775981903	; std	: 0.008314058184623718	; baunded
mean	: 0.0720033198595047	; std	: 0.034708160907030106	; non
mean	: 0.041474342346191406	; std	: 0.01799737475812435	; inflating
mean	: 0.07622793316841125	; std	: 0.027194801717996597	; shrinking
mean	: 0.012994385324418545	; std	: 0.00669134920462966	; baunded
mean	: 0.07173434644937515	; std	: 0.034394655376672745	; non
mean	: 0.037422679364681244	; std	: 0.01713925413787365	; inflating
mean	: 0.07347685098648071	; std	: 0.026689205318689346	; shrinking
mean	: 0.015587067231535912	; std	: 0.008025980554521084	; baunded
mean	: 0.06961295008659363	; std	: 0.032332438975572586	; non
mean	: 0.0385468453168869	; std	: 0.012895341031253338	; inflating
mean	: 0.06380248069763184	; std	: 0.027459846809506416	; shrinking
mean	: 0.016989093273878098	; std	: 0.006732966750860214	; baunded
mean	: 0.06587077677249908	; std	: 0.028027774766087532	; non
mean	: 0.045858319848775864	; std	: 0.015057220123708248	; inflating
mean	: 0.07255150377750397	; std	: 0.026905499398708344	; shrinking
mean	: 0.017197255045175552	; std	: 0.008003240451216698	; baunded
mean	: 0.07205931842327118	; std	: 0.030826084315776825	; non
mean	: 0.03700895234942436	; std	: 0.018317431211471558	; inflating
mean	: 0.07417283207178116	; std	: 0.02681412734091282	; shrinking
mean	: 0.012885935604572296	; std	: 0.007355414796620607	; baunded
mean	: 0.06997140496969223	; std	: 0.03292115777730942	; non
mean	: 0.03898436576128006	; std	: 0.017275376245379448	; inflating
mean	: 0.07252053916454315	; std	: 0.025945544242858887	; shrinking
mean	: 0.015868287533521652	; std	: 0.00481365667656064	; baunded
mean	: 0.07017703354358673	; std	: 0.03086199052631855	; non
anchor name	: non
mean	: 0.0464620441198349	; std	: 0.020437506958842278	; inflating
mean	: 0.03710758313536644	; std	: 0.010600447654724121	; shrinking
mean	: 0.06117932125926018	; std	: 0.0042589097283780575	; baunded
mean	: 0.040623739361763	; std	: 0.0361618809401989	; non
mean	: 0.0464620441198349	; std	: 0.020437506958842278	; inflating
mean	: 0.03710758313536644	; std	: 0.010600447654724121	; shrinking
mean	: 0.06117932125926018	; std	: 0.0042589097283780575	; baunded
mean	: 0.040623739361763	; std	: 0.0361618809401989	; non
mean	: 0.0464620441198349	; std	: 0.020437506958842278	; inflating
mean	: 0.03710758313536644	; std	: 0.010600447654724121	; shrinking
mean	: 0.06117932125926018	; std	: 0.0042589097283780575	; baunded
mean	: 0.040623739361763	; std	: 0.0361618809401989	; non
mean	: 0.0464620441198349	; std	: 0.020437506958842278	; inflating
mean	: 0.03710758313536644	; std	: 0.010600447654724121	; shrinking
mean	: 0.06117932125926018	; std	: 0.0042589097283780575	; baunded
mean	: 0.040623739361763	; std	: 0.0361618809401989	; non
mean	: 0.0464620441198349	; std	: 0.020437506958842278	; inflating
mean	: 0.03710758313536644	; std	: 0.010600447654724121	; shrinking
mean	: 0.06117932125926018	; std	: 0.0042589097283780575	; baunded
mean	: 0.040623739361763	; std	: 0.0361618809401989	; non
mean	: 0.051738638430833817	; std	: 0.022304126992821693	; inflating
mean	: 0.0906587615609169	; std	: 0.02640046738088131	; shrinking
mean	: 0.024241548031568527	; std	: 0.005279385484755039	; baunded
mean	: 0.07945454120635986	; std	: 0.043977174907922745	; non
mean	: 0.0464620441198349	; std	: 0.020437506958842278	; inflating
mean	: 0.03710758313536644	; std	: 0.010600447654724121	; shrinking
mean	: 0.06117932125926018	; std	: 0.0042589097283780575	; baunded
mean	: 0.040623739361763	; std	: 0.0361618809401989	; non
mean	: 0.049573417752981186	; std	: 0.02101554162800312	; inflating
mean	: 0.036145228892564774	; std	: 0.009510409086942673	; shrinking
mean	: 0.06472579389810562	; std	: 0.004216764587908983	; baunded
mean	: 0.04131732136011124	; std	: 0.035729166120290756	; non
mean	: 0.052232250571250916	; std	: 0.022267691791057587	; inflating
mean	: 0.09070809185504913	; std	: 0.02614370733499527	; shrinking
mean	: 0.024776477366685867	; std	: 0.005333594512194395	; baunded
mean	: 0.0793435275554657	; std	: 0.044227439910173416	; non
mean	: 0.04737909138202667	; std	: 0.021198896691203117	; inflating
mean	: 0.03699575737118721	; std	: 0.010209652595221996	; shrinking
mean	: 0.06242892146110535	; std	: 0.004376991186290979	; baunded
mean	: 0.041103579103946686	; std	: 0.03611931949853897	; non
mean	: 0.03966480866074562	; std	: 0.01696946658194065	; inflating
mean	: 0.042797744274139404	; std	: 0.019927121698856354	; shrinking
mean	: 0.04625008627772331	; std	: 0.004612479824572802	; baunded
mean	: 0.047852203249931335	; std	: 0.03212412819266319	; non
mean	: 0.052232250571250916	; std	: 0.022267691791057587	; inflating
mean	: 0.09070809185504913	; std	: 0.02614370733499527	; shrinking
mean	: 0.024776477366685867	; std	: 0.005333594512194395	; baunded
mean	: 0.0793435275554657	; std	: 0.044227439910173416	; non
mean	: 0.06468626111745834	; std	: 0.022938482463359833	; inflating
mean	: 0.1029064804315567	; std	: 0.025088652968406677	; shrinking
mean	: 0.03955284506082535	; std	: 0.005819522775709629	; baunded
mean	: 0.0888625904917717	; std	: 0.048011112958192825	; non
mean	: 0.1296076625585556	; std	: 0.021779274567961693	; inflating
mean	: 0.09425254166126251	; std	: 0.024969806894659996	; shrinking
mean	: 0.14954987168312073	; std	: 0.005707039963454008	; baunded
mean	: 0.10342457890510559	; std	: 0.045493707060813904	; non
mean	: 0.06708939373493195	; std	: 0.023248519748449326	; inflating
mean	: 0.1060388833284378	; std	: 0.025321299210190773	; shrinking
mean	: 0.041811779141426086	; std	: 0.005872698035091162	; baunded
mean	: 0.09124832600355148	; std	: 0.04938308522105217	; non
mean	: 0.06708939373493195	; std	: 0.023248519748449326	; inflating
mean	: 0.1060388833284378	; std	: 0.025321299210190773	; shrinking
mean	: 0.041811779141426086	; std	: 0.005872698035091162	; baunded
mean	: 0.09124832600355148	; std	: 0.04938308522105217	; non
mean	: 0.051706381142139435	; std	: 0.02244892716407776	; inflating
mean	: 0.09090184420347214	; std	: 0.026266612112522125	; shrinking
mean	: 0.024567265063524246	; std	: 0.005446405149996281	; baunded
mean	: 0.07951779663562775	; std	: 0.04408380389213562	; non
mean	: 0.049573417752981186	; std	: 0.02101554162800312	; inflating
mean	: 0.036145228892564774	; std	: 0.009510409086942673	; shrinking
mean	: 0.06472579389810562	; std	: 0.004216764587908983	; baunded
mean	: 0.04131732136011124	; std	: 0.035729166120290756	; non
mean	: 0.08651028573513031	; std	: 0.02441198192536831	; inflating
mean	: 0.04450470209121704	; std	: 0.02903752215206623	; shrinking
mean	: 0.1075766533613205	; std	: 0.004356891382485628	; baunded
mean	: 0.05920020863413811	; std	: 0.04342382028698921	; non
mean	: 0.08651028573513031	; std	: 0.02441198192536831	; inflating
mean	: 0.04450470209121704	; std	: 0.02903752215206623	; shrinking
mean	: 0.1075766533613205	; std	: 0.004356891382485628	; baunded
mean	: 0.05920020863413811	; std	: 0.04342382028698921	; non
mean	: 0.0464620441198349	; std	: 0.020437506958842278	; inflating
mean	: 0.03710758313536644	; std	: 0.010600447654724121	; shrinking
mean	: 0.06117932125926018	; std	: 0.0042589097283780575	; baunded
mean	: 0.040623739361763	; std	: 0.0361618809401989	; non
mean	: 0.0464620441198349	; std	: 0.020437506958842278	; inflating
mean	: 0.03710758313536644	; std	: 0.010600447654724121	; shrinking
mean	: 0.06117932125926018	; std	: 0.0042589097283780575	; baunded
mean	: 0.040623739361763	; std	: 0.0361618809401989	; non
mean	: 0.04737909138202667	; std	: 0.021198896691203117	; inflating
mean	: 0.03699575737118721	; std	: 0.010209652595221996	; shrinking
mean	: 0.06242892146110535	; std	: 0.004376991186290979	; baunded
mean	: 0.041103579103946686	; std	: 0.03611931949853897	; non
mean	: 0.12568308413028717	; std	: 0.022077228873968124	; inflating
mean	: 0.08978801965713501	; std	: 0.025396380573511124	; shrinking
mean	: 0.14586958289146423	; std	: 0.005631560459733009	; baunded
mean	: 0.09930963069200516	; std	: 0.04533242806792259	; non
mean	: 0.1296076625585556	; std	: 0.021779274567961693	; inflating
mean	: 0.09425254166126251	; std	: 0.024969806894659996	; shrinking
mean	: 0.14954987168312073	; std	: 0.005707039963454008	; baunded
mean	: 0.10342457890510559	; std	: 0.045493707060813904	; non
mean	: 0.03748912736773491	; std	: 0.016372384503483772	; inflating
mean	: 0.04329247772693634	; std	: 0.019989144057035446	; shrinking
mean	: 0.04443303868174553	; std	: 0.0045218514278531075	; baunded
mean	: 0.04796323925256729	; std	: 0.03134041279554367	; non
mean	: 0.0464620441198349	; std	: 0.020437506958842278	; inflating
mean	: 0.03710758313536644	; std	: 0.010600447654724121	; shrinking
mean	: 0.06117932125926018	; std	: 0.0042589097283780575	; baunded
mean	: 0.040623739361763	; std	: 0.0361618809401989	; non
mean	: 0.03966480866074562	; std	: 0.01696946658194065	; inflating
mean	: 0.042797744274139404	; std	: 0.019927121698856354	; shrinking
mean	: 0.04625008627772331	; std	: 0.004612479824572802	; baunded
mean	: 0.047852203249931335	; std	: 0.03212412819266319	; non
mean	: 0.04774696007370949	; std	: 0.02108389511704445	; inflating
mean	: 0.036838870495557785	; std	: 0.010374109260737896	; shrinking
mean	: 0.06237673759460449	; std	: 0.0043860264122486115	; baunded
mean	: 0.041187677532434464	; std	: 0.03613113611936569	; non
mean	: 0.08535656332969666	; std	: 0.024351412430405617	; inflating
mean	: 0.04264908283948898	; std	: 0.028986377641558647	; shrinking
mean	: 0.1060536727309227	; std	: 0.004321008920669556	; baunded
mean	: 0.05839606001973152	; std	: 0.04259215667843819	; non
mean	: 0.06468626111745834	; std	: 0.022938482463359833	; inflating
mean	: 0.1029064804315567	; std	: 0.025088652968406677	; shrinking
mean	: 0.03955284506082535	; std	: 0.005819522775709629	; baunded
mean	: 0.0888625904917717	; std	: 0.048011112958192825	; non
mean	: 0.06708939373493195	; std	: 0.023248519748449326	; inflating
mean	: 0.1060388833284378	; std	: 0.025321299210190773	; shrinking
mean	: 0.041811779141426086	; std	: 0.005872698035091162	; baunded
mean	: 0.09124832600355148	; std	: 0.04938308522105217	; non
mean	: 0.04774696007370949	; std	: 0.02108389511704445	; inflating
mean	: 0.036838870495557785	; std	: 0.010374109260737896	; shrinking
mean	: 0.06237673759460449	; std	: 0.0043860264122486115	; baunded
mean	: 0.041187677532434464	; std	: 0.03613113611936569	; non
mean	: 0.04590114578604698	; std	: 0.019303344190120697	; inflating
mean	: 0.03810206055641174	; std	: 0.012405182234942913	; shrinking
mean	: 0.058574825525283813	; std	: 0.004170973785221577	; baunded
mean	: 0.04203919321298599	; std	: 0.03529518470168114	; non
mean	: 0.043812960386276245	; std	: 0.020009323954582214	; inflating
mean	: 0.03846593201160431	; std	: 0.012799966149032116	; shrinking
mean	: 0.057307612150907516	; std	: 0.004426086321473122	; baunded
mean	: 0.04227861762046814	; std	: 0.03501713275909424	; non
mean	: 0.04590114578604698	; std	: 0.019303344190120697	; inflating
mean	: 0.03810206055641174	; std	: 0.012405182234942913	; shrinking
mean	: 0.058574825525283813	; std	: 0.004170973785221577	; baunded
mean	: 0.04203919321298599	; std	: 0.03529518470168114	; non
mean	: 0.040861498564481735	; std	: 0.01879921928048134	; inflating
mean	: 0.041188545525074005	; std	: 0.01627623289823532	; shrinking
mean	: 0.051964957267045975	; std	: 0.004567314404994249	; baunded
mean	: 0.04535546526312828	; std	: 0.03334903344511986	; non
mean	: 0.052232250571250916	; std	: 0.022267691791057587	; inflating
mean	: 0.09070809185504913	; std	: 0.02614370733499527	; shrinking
mean	: 0.024776477366685867	; std	: 0.005333594512194395	; baunded
mean	: 0.0793435275554657	; std	: 0.044227439910173416	; non
mean	: 0.06708939373493195	; std	: 0.023248519748449326	; inflating
mean	: 0.1060388833284378	; std	: 0.025321299210190773	; shrinking
mean	: 0.041811779141426086	; std	: 0.005872698035091162	; baunded
mean	: 0.09124832600355148	; std	: 0.04938308522105217	; non
mean	: 0.08651028573513031	; std	: 0.02441198192536831	; inflating
mean	: 0.04450470209121704	; std	: 0.02903752215206623	; shrinking
mean	: 0.1075766533613205	; std	: 0.004356891382485628	; baunded
mean	: 0.05920020863413811	; std	: 0.04342382028698921	; non
mean	: 0.03966480866074562	; std	: 0.01696946658194065	; inflating
mean	: 0.042797744274139404	; std	: 0.019927121698856354	; shrinking
mean	: 0.04625008627772331	; std	: 0.004612479824572802	; baunded
mean	: 0.047852203249931335	; std	: 0.03212412819266319	; non
mean	: 0.047923944890499115	; std	: 0.020350221544504166	; inflating
mean	: 0.0372193343937397	; std	: 0.011347808875143528	; shrinking
mean	: 0.06118057668209076	; std	: 0.004308674484491348	; baunded
mean	: 0.041850410401821136	; std	: 0.035804614424705505	; non
mean	: 0.08869431912899017	; std	: 0.0244929026812315	; inflating
mean	: 0.04703935980796814	; std	: 0.029179992154240608	; shrinking
mean	: 0.10998819768428802	; std	: 0.004435316659510136	; baunded
mean	: 0.06086874008178711	; std	: 0.04424140974879265	; non
mean	: 0.08620160818099976	; std	: 0.024347923696041107	; inflating
mean	: 0.04304531216621399	; std	: 0.029299993067979813	; shrinking
mean	: 0.1068308874964714	; std	: 0.004410423804074526	; baunded
mean	: 0.05885065346956253	; std	: 0.04299749806523323	; non
mean	: 0.049573417752981186	; std	: 0.02101554162800312	; inflating
mean	: 0.036145228892564774	; std	: 0.009510409086942673	; shrinking
mean	: 0.06472579389810562	; std	: 0.004216764587908983	; baunded
mean	: 0.04131732136011124	; std	: 0.035729166120290756	; non
mean	: 0.09108300507068634	; std	: 0.024412963539361954	; inflating
mean	: 0.04986540228128433	; std	: 0.029251597821712494	; shrinking
mean	: 0.11251175403594971	; std	: 0.00451997946947813	; baunded
mean	: 0.06305865943431854	; std	: 0.04471360146999359	; non
mean	: 0.06320321559906006	; std	: 0.021726299077272415	; inflating
mean	: 0.09960244596004486	; std	: 0.026457764208316803	; shrinking
mean	: 0.03486661985516548	; std	: 0.005529433023184538	; baunded
mean	: 0.08729740977287292	; std	: 0.04649019613862038	; non
mean	: 0.052232250571250916	; std	: 0.022267691791057587	; inflating
mean	: 0.09070809185504913	; std	: 0.02614370733499527	; shrinking
mean	: 0.024776477366685867	; std	: 0.005333594512194395	; baunded
mean	: 0.0793435275554657	; std	: 0.044227439910173416	; non
mean	: 0.08925554156303406	; std	: 0.024662643671035767	; inflating
mean	: 0.04714782163500786	; std	: 0.029155569151043892	; shrinking
mean	: 0.11049770563840866	; std	: 0.004413204733282328	; baunded
mean	: 0.06116889417171478	; std	: 0.04424866661429405	; non
mean	: 0.09567627310752869	; std	: 0.024308694526553154	; inflating
mean	: 0.05492071062326431	; std	: 0.029090572148561478	; shrinking
mean	: 0.11715011298656464	; std	: 0.004701121244579554	; baunded
mean	: 0.06757697463035583	; std	: 0.04497629031538963	; non
mean	: 0.06708939373493195	; std	: 0.023248519748449326	; inflating
mean	: 0.1060388833284378	; std	: 0.025321299210190773	; shrinking
mean	: 0.041811779141426086	; std	: 0.005872698035091162	; baunded
mean	: 0.09124832600355148	; std	: 0.04938308522105217	; non
mean	: 0.0464620441198349	; std	: 0.020437506958842278	; inflating
mean	: 0.03710758313536644	; std	: 0.010600447654724121	; shrinking
mean	: 0.06117932125926018	; std	: 0.0042589097283780575	; baunded
mean	: 0.040623739361763	; std	: 0.0361618809401989	; non
mean	: 0.06594447791576385	; std	: 0.02239525504410267	; inflating
mean	: 0.034834906458854675	; std	: 0.01651538722217083	; shrinking
mean	: 0.08357998728752136	; std	: 0.003998918924480677	; baunded
mean	: 0.04868324473500252	; std	: 0.03463374450802803	; non
mean	: 0.08884057402610779	; std	: 0.02448304183781147	; inflating
mean	: 0.0473824180662632	; std	: 0.029141215607523918	; shrinking
mean	: 0.11019518226385117	; std	: 0.004453705158084631	; baunded
mean	: 0.06108209118247032	; std	: 0.04427209869027138	; non
mean	: 0.09567627310752869	; std	: 0.024308694526553154	; inflating
mean	: 0.05492071062326431	; std	: 0.029090572148561478	; shrinking
mean	: 0.11715011298656464	; std	: 0.004701121244579554	; baunded
mean	: 0.06757697463035583	; std	: 0.04497629031538963	; non
mean	: 0.0916457325220108	; std	: 0.024667367339134216	; inflating
mean	: 0.0493663027882576	; std	: 0.029404517263174057	; shrinking
mean	: 0.11293250322341919	; std	: 0.004538954701274633	; baunded
mean	: 0.06312216073274612	; std	: 0.04483085498213768	; non
mean	: 0.09264878928661346	; std	: 0.024378757923841476	; inflating
mean	: 0.051744624972343445	; std	: 0.02917861007153988	; shrinking
mean	: 0.11414872854948044	; std	: 0.004584216978400946	; baunded
mean	: 0.06464622169733047	; std	: 0.044823113828897476	; non
mean	: 0.040861498564481735	; std	: 0.01879921928048134	; inflating
mean	: 0.041188545525074005	; std	: 0.01627623289823532	; shrinking
mean	: 0.051964957267045975	; std	: 0.004567314404994249	; baunded
mean	: 0.04535546526312828	; std	: 0.03334903344511986	; non
mean	: 0.06590089201927185	; std	: 0.02276119589805603	; inflating
mean	: 0.034730445593595505	; std	: 0.016414808109402657	; shrinking
mean	: 0.08376755565404892	; std	: 0.004083443433046341	; baunded
mean	: 0.04855083301663399	; std	: 0.03487463295459747	; non
mean	: 0.07764405012130737	; std	: 0.023975634947419167	; inflating
mean	: 0.036847956478595734	; std	: 0.02585279941558838	; shrinking
mean	: 0.0973404049873352	; std	: 0.004182907287031412	; baunded
mean	: 0.054256923496723175	; std	: 0.03863184526562691	; non
mean	: 0.04774696007370949	; std	: 0.02108389511704445	; inflating
mean	: 0.036838870495557785	; std	: 0.010374109260737896	; shrinking
mean	: 0.06237673759460449	; std	: 0.0043860264122486115	; baunded
mean	: 0.041187677532434464	; std	: 0.03613113611936569	; non
mean	: 0.07945263385772705	; std	: 0.024015702307224274	; inflating
mean	: 0.0376453697681427	; std	: 0.02639366313815117	; shrinking
mean	: 0.09902556240558624	; std	: 0.0041712382808327675	; baunded
mean	: 0.05531420186161995	; std	: 0.03903026133775711	; non
mean	: 0.047439686954021454	; std	: 0.020594298839569092	; inflating
mean	: 0.03717471659183502	; std	: 0.011317288503050804	; shrinking
mean	: 0.06098008528351784	; std	: 0.004389627370983362	; baunded
mean	: 0.04171869158744812	; std	: 0.03585047647356987	; non
mean	: 0.09108300507068634	; std	: 0.024412963539361954	; inflating
mean	: 0.04986540228128433	; std	: 0.029251597821712494	; shrinking
mean	: 0.11251175403594971	; std	: 0.00451997946947813	; baunded
mean	: 0.06305865943431854	; std	: 0.04471360146999359	; non
> end program
