output_dir	:stem_log/sim_n_states_estimation/2020-12-30-18-26-33(177240)
samples	:{'inflating': 1042, 'shrinking': 1022, 'baunded': 1362, 'non': 1036}
frame_size	:100
segment_size	:2
> slice samples.
n_sumples	:320
> shuffle
samples	: {'inflating': 320, 'shrinking': 320, 'baunded': 320, 'non': 320}
Model: "LSTM"
_________________________________________________________________
Layer (type)                 Output Shape              Param #   
=================================================================
lstm (LSTM)                  multiple                  67072     
=================================================================
Total params: 67,072
Trainable params: 67,072
Non-trainable params: 0
_________________________________________________________________
Model: "model"
_________________________________________________________________
Layer (type)                 Output Shape              Param #   
=================================================================
input_1 (InputLayer)         [(None, 100, 2)]          0         
_________________________________________________________________
LSTM (Model)                 (None, 128)               67072     
_________________________________________________________________
tf.math.l2_normalize (TFOpLa (None, 128)               0         
=================================================================
Total params: 67,072
Trainable params: 67,072
Non-trainable params: 0
_________________________________________________________________
span	: non
diff_norm	: 0.0
> same state
diff_norm	: 0.0
> same state
diff_norm	: 0.4272864758968353
> detect state change
is_prev_state_unknown	: False
diff_norm	: 0.45661553740501404
> detect state change
is_prev_state_unknown	: True
> ok
diff_norm	: 0.45661553740501404
> detect state change
is_prev_state_unknown	: True
> ok
diff_norm	: 0.0
> same state
diff_norm	: 0.11451336741447449
> same state
diff_norm	: 0.0
> same state
diff_norm	: 0.11451336741447449
> same state
diff_norm	: 0.03158267214894295
> same state
span	: inflating
diff_norm	: 0.3946179449558258
> same state
diff_norm	: 0.4508519768714905
> detect state change
is_prev_state_unknown	: True
> ok
diff_norm	: 0.0
> same state
diff_norm	: 0.4508519768714905
> detect state change
is_prev_state_unknown	: True
> ok
diff_norm	: 0.0
> same state
diff_norm	: 0.0
> same state
diff_norm	: 0.009337862953543663
> same state
diff_norm	: 0.4435313642024994
> detect state change
is_prev_state_unknown	: True
> ok
diff_norm	: 0.4435313642024994
> detect state change
is_prev_state_unknown	: True
> ok
diff_norm	: 0.038350772112607956
> same state
span	: shrinking
diff_norm	: 0.7829775214195251
> detect state change
is_prev_state_unknown	: True
> ok
diff_norm	: 0.11855733394622803
> same state
diff_norm	: 0.10319653153419495
> same state
diff_norm	: 0.0
> same state
diff_norm	: 0.045798204839229584
> same state
diff_norm	: 0.045798204839229584
> same state
diff_norm	: 0.0329543799161911
> same state
diff_norm	: 0.15712518990039825
> same state
diff_norm	: 0.06493385136127472
> same state
diff_norm	: 0.10157038271427155
> same state
span	: baunded
diff_norm	: 0.7104303240776062
> detect state change
is_prev_state_unknown	: True
> ok
diff_norm	: 0.0
> same state
diff_norm	: 0.026147205382585526
> same state
diff_norm	: 0.0
> same state
diff_norm	: 0.0
> same state
diff_norm	: 0.03496720269322395
> same state
diff_norm	: 0.011424397118389606
> same state
diff_norm	: 0.011424397118389606
> same state
diff_norm	: 0.03359571099281311
> same state
diff_norm	: 0.0290243960916996
> same state
