output_dir	:stem_log/sim_n_states_estimation/2020-12-30-18-50-15(178569)
samples	:{'inflating': 1042, 'shrinking': 1022, 'baunded': 1362, 'non': 1036}
frame_size	:100
segment_size	:2
> slice samples.
n_sumples	:320
> shuffle
samples	: {'inflating': 320, 'shrinking': 320, 'baunded': 320, 'non': 320}
Model: "LSTM"
_________________________________________________________________
Layer (type)                 Output Shape              Param #   
=================================================================
lstm (LSTM)                  multiple                  67072     
=================================================================
Total params: 67,072
Trainable params: 67,072
Non-trainable params: 0
_________________________________________________________________
Model: "model"
_________________________________________________________________
Layer (type)                 Output Shape              Param #   
=================================================================
input_1 (InputLayer)         [(None, 100, 2)]          0         
_________________________________________________________________
LSTM (Model)                 (None, 128)               67072     
_________________________________________________________________
tf.math.l2_normalize (TFOpLa (None, 128)               0         
=================================================================
Total params: 67,072
Trainable params: 67,072
Non-trainable params: 0
_________________________________________________________________
span	: non
diff_norm	: 0.0
> same state
diff_norm	: 0.0
> same state
diff_norm	: 0.16203297674655914
> same state
diff_norm	: 0.04012996330857277
> same state
diff_norm	: 0.13730190694332123
> same state
diff_norm	: 0.06699986755847931
> same state
diff_norm	: 0.06699986755847931
> same state
diff_norm	: 0.13480666279792786
> same state
diff_norm	: 0.14033812284469604
> same state
diff_norm	: 0.024410218000411987
> same state
span	: inflating
diff_norm	: 0.5485975742340088
> detect state change
is_prev_state_unknown	: False
diff_norm	: 0.27453747391700745
> same state
diff_norm	: 0.27263975143432617
> same state
diff_norm	: 0.0
> same state
diff_norm	: 0.0
> same state
diff_norm	: 0.0784199982881546
> same state
diff_norm	: 0.0
> same state
diff_norm	: 0.0784199982881546
> same state
diff_norm	: 0.2857629656791687
> same state
diff_norm	: 0.3247990906238556
> same state
span	: shrinking
diff_norm	: 0.5233267545700073
> detect state change
is_prev_state_unknown	: True
> train prev state
diff_norm	: 0.4111630320549011
> detect state change
is_prev_state_unknown	: True
> train prev state
diff_norm	: 0.0
> same state
diff_norm	: 0.4103602170944214
> detect state change
is_prev_state_unknown	: True
> train prev state
diff_norm	: 0.0
> same state
diff_norm	: 0.0
> same state
diff_norm	: 0.010733645409345627
> same state
diff_norm	: 0.011050824075937271
> same state
diff_norm	: 0.4111630320549011
> detect state change
is_prev_state_unknown	: True
> train prev state
diff_norm	: 0.4103602170944214
> detect state change
is_prev_state_unknown	: True
> train prev state
span	: baunded
diff_norm	: 0.6138166785240173
> detect state change
is_prev_state_unknown	: True
> train prev state
diff_norm	: 0.0
> same state
diff_norm	: 0.1374666690826416
> same state
diff_norm	: 0.1374666690826416
> same state
diff_norm	: 0.17565344274044037
> same state
diff_norm	: 0.17467112839221954
> same state
diff_norm	: 0.17467112839221954
> same state
diff_norm	: 0.17565344274044037
> same state
diff_norm	: 0.20834219455718994
> same state
diff_norm	: 0.20834219455718994
> same state
