output_dir	: stem_log/evaluate_each_state/2021-01-23-02-21-42(43317)
sys.argv	: ['tool/evaluate_each_state.py', '--pretrained-model', 'stem_log/pre_train/2021-01-06-17-57-19(37298)/model-epoch-10-batch-10', '--dicts', 'stem_log/pre_train/2021-01-06-17-57-19(37298)/test_sample_dict.pkl', 'stem_log/split_sample_dict/2021-01-23-00-25-17(40055)/sample_dict(baunded).pkl', '--n-samples', '64']
> load model
model_path	: stem_log/pre_train/2021-01-06-17-57-19(37298)/model-epoch-10-batch-10
Model: "model"
_________________________________________________________________
Layer (type)                 Output Shape              Param #   
=================================================================
input_1 (InputLayer)         [(None, 100, 2)]          0         
_________________________________________________________________
LSTM (Model)                 (None, 128)               67072     
_________________________________________________________________
tf.math.l2_normalize (TFOpLa (None, 128)               0         
=================================================================
Total params: 67,072
Trainable params: 67,072
Non-trainable params: 0
_________________________________________________________________
dicts	: ['stem_log/pre_train/2021-01-06-17-57-19(37298)/test_sample_dict.pkl', 'stem_log/split_sample_dict/2021-01-23-00-25-17(40055)/sample_dict(baunded).pkl']
> load dicts
sample_dict	: {'inflating': 320, 'shrinking': 320, 'baunded': 1362}
> shuffle
> slice
sample_dict	: {'inflating': 64, 'shrinking': 64, 'baunded': 64}
frame_sampling_rate	: 50
> dump sample dict
> embeding
anchor name	: inflating
mean	: 0.03183780610561371	; std	: 0.020701009780168533	; inflating
mean	: 0.047765329480171204	; std	: 0.013539680279791355	; shrinking
mean	: 0.07515352964401245	; std	: 0.010500551201403141	; baunded
mean	: 0.03183780610561371	; std	: 0.020701009780168533	; inflating
mean	: 0.047765329480171204	; std	: 0.013539680279791355	; shrinking
mean	: 0.07515352964401245	; std	: 0.010500551201403141	; baunded
mean	: 0.03183780610561371	; std	: 0.020701009780168533	; inflating
mean	: 0.047765329480171204	; std	: 0.013539680279791355	; shrinking
mean	: 0.07515352964401245	; std	: 0.010500551201403141	; baunded
mean	: 0.03183780610561371	; std	: 0.020701009780168533	; inflating
mean	: 0.047765329480171204	; std	: 0.013539680279791355	; shrinking
mean	: 0.07515352964401245	; std	: 0.010500551201403141	; baunded
mean	: 0.027363121509552002	; std	: 0.01393277570605278	; inflating
mean	: 0.04876388981938362	; std	: 0.018641987815499306	; shrinking
mean	: 0.06366164982318878	; std	: 0.009793232195079327	; baunded
mean	: 0.03183780610561371	; std	: 0.020701009780168533	; inflating
mean	: 0.047765329480171204	; std	: 0.013539680279791355	; shrinking
mean	: 0.07515352964401245	; std	: 0.010500551201403141	; baunded
mean	: 0.03171088546514511	; std	: 0.02163565531373024	; inflating
mean	: 0.07018781453371048	; std	: 0.02930566854774952	; shrinking
mean	: 0.03501118719577789	; std	: 0.006370181683450937	; baunded
mean	: 0.026663662865757942	; std	: 0.017041459679603577	; inflating
mean	: 0.060430143028497696	; std	: 0.028966201469302177	; shrinking
mean	: 0.038814444094896317	; std	: 0.007905865088105202	; baunded
mean	: 0.026663662865757942	; std	: 0.017041459679603577	; inflating
mean	: 0.060430143028497696	; std	: 0.028966201469302177	; shrinking
mean	: 0.038814444094896317	; std	: 0.007905865088105202	; baunded
mean	: 0.03183780610561371	; std	: 0.020701009780168533	; inflating
mean	: 0.047765329480171204	; std	: 0.013539680279791355	; shrinking
mean	: 0.07515352964401245	; std	: 0.010500551201403141	; baunded
mean	: 0.026663662865757942	; std	: 0.017041459679603577	; inflating
mean	: 0.060430143028497696	; std	: 0.028966201469302177	; shrinking
mean	: 0.038814444094896317	; std	: 0.007905865088105202	; baunded
mean	: 0.03183780610561371	; std	: 0.020701009780168533	; inflating
mean	: 0.047765329480171204	; std	: 0.013539680279791355	; shrinking
mean	: 0.07515352964401245	; std	: 0.010500551201403141	; baunded
mean	: 0.03171088546514511	; std	: 0.02163565531373024	; inflating
mean	: 0.07018781453371048	; std	: 0.02930566854774952	; shrinking
mean	: 0.03501118719577789	; std	: 0.006370181683450937	; baunded
mean	: 0.027363121509552002	; std	: 0.01393277570605278	; inflating
mean	: 0.04876388981938362	; std	: 0.018641987815499306	; shrinking
mean	: 0.06366164982318878	; std	: 0.009793232195079327	; baunded
mean	: 0.029378417879343033	; std	: 0.021263636648654938	; inflating
mean	: 0.0648062527179718	; std	: 0.0314536914229393	; shrinking
mean	: 0.0306751299649477	; std	: 0.007185433059930801	; baunded
mean	: 0.027363121509552002	; std	: 0.01393277570605278	; inflating
mean	: 0.04876388981938362	; std	: 0.018641987815499306	; shrinking
mean	: 0.06366164982318878	; std	: 0.009793232195079327	; baunded
mean	: 0.03171088546514511	; std	: 0.02163565531373024	; inflating
mean	: 0.07018781453371048	; std	: 0.02930566854774952	; shrinking
mean	: 0.03501118719577789	; std	: 0.006370181683450937	; baunded
mean	: 0.029378417879343033	; std	: 0.021263636648654938	; inflating
mean	: 0.0648062527179718	; std	: 0.0314536914229393	; shrinking
mean	: 0.0306751299649477	; std	: 0.007185433059930801	; baunded
mean	: 0.03183780610561371	; std	: 0.020701009780168533	; inflating
mean	: 0.047765329480171204	; std	: 0.013539680279791355	; shrinking
mean	: 0.07515352964401245	; std	: 0.010500551201403141	; baunded
mean	: 0.03290395438671112	; std	: 0.0228757094591856	; inflating
mean	: 0.07088978588581085	; std	: 0.030798951163887978	; shrinking
mean	: 0.03006068430840969	; std	: 0.0062524001114070415	; baunded
mean	: 0.044910114258527756	; std	: 0.02190292626619339	; inflating
mean	: 0.040397126227617264	; std	: 0.012790634296834469	; shrinking
mean	: 0.0856698751449585	; std	: 0.011386264115571976	; baunded
mean	: 0.03183780610561371	; std	: 0.020701009780168533	; inflating
mean	: 0.047765329480171204	; std	: 0.013539680279791355	; shrinking
mean	: 0.07515352964401245	; std	: 0.010500551201403141	; baunded
mean	: 0.03504783660173416	; std	: 0.012735238298773766	; inflating
mean	: 0.04051557183265686	; std	: 0.01974979229271412	; shrinking
mean	: 0.06612446159124374	; std	: 0.010728886350989342	; baunded
mean	: 0.030578162521123886	; std	: 0.008473377674818039	; inflating
mean	: 0.04712758958339691	; std	: 0.026527849957346916	; shrinking
mean	: 0.05204576998949051	; std	: 0.009310891851782799	; baunded
mean	: 0.03715512156486511	; std	: 0.021920939907431602	; inflating
mean	: 0.06893929839134216	; std	: 0.033391401171684265	; shrinking
mean	: 0.02682015672326088	; std	: 0.005959393456578255	; baunded
mean	: 0.02584340050816536	; std	: 0.013039497658610344	; inflating
mean	: 0.05653110891580582	; std	: 0.026304759085178375	; shrinking
mean	: 0.04615912586450577	; std	: 0.00848331581801176	; baunded
mean	: 0.040868472307920456	; std	: 0.024078190326690674	; inflating
mean	: 0.04189047962427139	; std	: 0.012264843098819256	; shrinking
mean	: 0.08603893220424652	; std	: 0.011218786239624023	; baunded
mean	: 0.03715512156486511	; std	: 0.021920939907431602	; inflating
mean	: 0.06893929839134216	; std	: 0.033391401171684265	; shrinking
mean	: 0.02682015672326088	; std	: 0.005959393456578255	; baunded
mean	: 0.025894751772284508	; std	: 0.011246725916862488	; inflating
mean	: 0.05235883593559265	; std	: 0.022721540182828903	; shrinking
mean	: 0.05473911017179489	; std	: 0.00912809930741787	; baunded
mean	: 0.027363121509552002	; std	: 0.01393277570605278	; inflating
mean	: 0.04876388981938362	; std	: 0.018641987815499306	; shrinking
mean	: 0.06366164982318878	; std	: 0.009793232195079327	; baunded
mean	: 0.044910114258527756	; std	: 0.02190292626619339	; inflating
mean	: 0.040397126227617264	; std	: 0.012790634296834469	; shrinking
mean	: 0.0856698751449585	; std	: 0.011386264115571976	; baunded
mean	: 0.029378417879343033	; std	: 0.021263636648654938	; inflating
mean	: 0.0648062527179718	; std	: 0.0314536914229393	; shrinking
mean	: 0.0306751299649477	; std	: 0.007185433059930801	; baunded
mean	: 0.03183780610561371	; std	: 0.020701009780168533	; inflating
mean	: 0.047765329480171204	; std	: 0.013539680279791355	; shrinking
mean	: 0.07515352964401245	; std	: 0.010500551201403141	; baunded
mean	: 0.03183780610561371	; std	: 0.020701009780168533	; inflating
mean	: 0.047765329480171204	; std	: 0.013539680279791355	; shrinking
mean	: 0.07515352964401245	; std	: 0.010500551201403141	; baunded
mean	: 0.052288249135017395	; std	: 0.02259017713367939	; inflating
mean	: 0.04121939092874527	; std	: 0.012824016623198986	; shrinking
mean	: 0.09275130927562714	; std	: 0.01136919017881155	; baunded
mean	: 0.03496798127889633	; std	: 0.022955307736992836	; inflating
mean	: 0.07366452366113663	; std	: 0.03021896816790104	; shrinking
mean	: 0.031313978135585785	; std	: 0.0060239750891923904	; baunded
mean	: 0.040868472307920456	; std	: 0.024078190326690674	; inflating
mean	: 0.04189047962427139	; std	: 0.012264843098819256	; shrinking
mean	: 0.08603893220424652	; std	: 0.011218786239624023	; baunded
mean	: 0.040868472307920456	; std	: 0.024078190326690674	; inflating
mean	: 0.04189047962427139	; std	: 0.012264843098819256	; shrinking
mean	: 0.08603893220424652	; std	: 0.011218786239624023	; baunded
mean	: 0.03171088546514511	; std	: 0.02163565531373024	; inflating
mean	: 0.07018781453371048	; std	: 0.02930566854774952	; shrinking
mean	: 0.03501118719577789	; std	: 0.006370181683450937	; baunded
mean	: 0.03171088546514511	; std	: 0.02163565531373024	; inflating
mean	: 0.07018781453371048	; std	: 0.02930566854774952	; shrinking
mean	: 0.03501118719577789	; std	: 0.006370181683450937	; baunded
mean	: 0.04973805695772171	; std	: 0.02429480105638504	; inflating
mean	: 0.08214111626148224	; std	: 0.03411488234996796	; shrinking
mean	: 0.01845177635550499	; std	: 0.007417313754558563	; baunded
mean	: 0.025894751772284508	; std	: 0.011246725916862488	; inflating
mean	: 0.05235883593559265	; std	: 0.022721540182828903	; shrinking
mean	: 0.05473911017179489	; std	: 0.00912809930741787	; baunded
mean	: 0.03715512156486511	; std	: 0.021920939907431602	; inflating
mean	: 0.06893929839134216	; std	: 0.033391401171684265	; shrinking
mean	: 0.02682015672326088	; std	: 0.005959393456578255	; baunded
mean	: 0.026295922696590424	; std	: 0.014859677292406559	; inflating
mean	: 0.055635713040828705	; std	: 0.029680823907256126	; shrinking
mean	: 0.039177656173706055	; std	: 0.008683341555297375	; baunded
mean	: 0.03504783660173416	; std	: 0.012735238298773766	; inflating
mean	: 0.04051557183265686	; std	: 0.01974979229271412	; shrinking
mean	: 0.06612446159124374	; std	: 0.010728886350989342	; baunded
mean	: 0.03103969804942608	; std	: 0.01635252870619297	; inflating
mean	: 0.05920138955116272	; std	: 0.03148509934544563	; shrinking
mean	: 0.03665073215961456	; std	: 0.0070678056217730045	; baunded
mean	: 0.028632935136556625	; std	: 0.011015455238521099	; inflating
mean	: 0.05122749134898186	; std	: 0.02952752076089382	; shrinking
mean	: 0.04446220397949219	; std	: 0.008792020380496979	; baunded
mean	: 0.04451647400856018	; std	: 0.024030335247516632	; inflating
mean	: 0.07758651673793793	; std	: 0.03396490961313248	; shrinking
mean	: 0.019341593608260155	; std	: 0.006583107635378838	; baunded
mean	: 0.027906998991966248	; std	: 0.011402790434658527	; inflating
mean	: 0.05590525642037392	; std	: 0.021465472877025604	; shrinking
mean	: 0.05624878406524658	; std	: 0.008912090212106705	; baunded
mean	: 0.031097374856472015	; std	: 0.02216479368507862	; inflating
mean	: 0.06734482198953629	; std	: 0.03156810626387596	; shrinking
mean	: 0.02884197235107422	; std	: 0.006971913855522871	; baunded
mean	: 0.03467395156621933	; std	: 0.016702765598893166	; inflating
mean	: 0.05832357704639435	; std	: 0.0338747501373291	; shrinking
mean	: 0.03267022594809532	; std	: 0.0079447440803051	; baunded
mean	: 0.03695477545261383	; std	: 0.02220097929239273	; inflating
mean	: 0.04192356392741203	; std	: 0.012770612724125385	; shrinking
mean	: 0.08116087317466736	; std	: 0.010976199992001057	; baunded
mean	: 0.031097374856472015	; std	: 0.02216479368507862	; inflating
mean	: 0.06734482198953629	; std	: 0.03156810626387596	; shrinking
mean	: 0.02884197235107422	; std	: 0.006971913855522871	; baunded
mean	: 0.040868472307920456	; std	: 0.024078190326690674	; inflating
mean	: 0.04189047962427139	; std	: 0.012264843098819256	; shrinking
mean	: 0.08603893220424652	; std	: 0.011218786239624023	; baunded
mean	: 0.03420695289969444	; std	: 0.022081375122070312	; inflating
mean	: 0.06713341921567917	; std	: 0.03331504389643669	; shrinking
mean	: 0.024663960561156273	; std	: 0.006846627686172724	; baunded
mean	: 0.03403274714946747	; std	: 0.02284776046872139	; inflating
mean	: 0.0724993571639061	; std	: 0.030691005289554596	; shrinking
mean	: 0.031090248376131058	; std	: 0.005846796557307243	; baunded
mean	: 0.028803156688809395	; std	: 0.020104875788092613	; inflating
mean	: 0.06275275349617004	; std	: 0.03167850151658058	; shrinking
mean	: 0.03138241916894913	; std	: 0.007553369738161564	; baunded
mean	: 0.02584340050816536	; std	: 0.013039497658610344	; inflating
mean	: 0.05653110891580582	; std	: 0.026304759085178375	; shrinking
mean	: 0.04615912586450577	; std	: 0.00848331581801176	; baunded
mean	: 0.040868472307920456	; std	: 0.024078190326690674	; inflating
mean	: 0.04189047962427139	; std	: 0.012264843098819256	; shrinking
mean	: 0.08603893220424652	; std	: 0.011218786239624023	; baunded
mean	: 0.029378417879343033	; std	: 0.021263636648654938	; inflating
mean	: 0.0648062527179718	; std	: 0.0314536914229393	; shrinking
mean	: 0.0306751299649477	; std	: 0.007185433059930801	; baunded
mean	: 0.03695477545261383	; std	: 0.02220097929239273	; inflating
mean	: 0.04192356392741203	; std	: 0.012770612724125385	; shrinking
mean	: 0.08116087317466736	; std	: 0.010976199992001057	; baunded
mean	: 0.029802117496728897	; std	: 0.01968209259212017	; inflating
mean	: 0.06697641313076019	; std	: 0.02863716520369053	; shrinking
mean	: 0.037584178149700165	; std	: 0.006738110911101103	; baunded
mean	: 0.025894751772284508	; std	: 0.011246725916862488	; inflating
mean	: 0.05235883593559265	; std	: 0.022721540182828903	; shrinking
mean	: 0.05473911017179489	; std	: 0.00912809930741787	; baunded
mean	: 0.028977815061807632	; std	: 0.01849888451397419	; inflating
mean	: 0.059715207666158676	; std	: 0.032232217490673065	; shrinking
mean	: 0.03198998421430588	; std	: 0.008010943420231342	; baunded
anchor name	: shrinking
mean	: 0.06403558701276779	; std	: 0.02037266083061695	; inflating
mean	: 0.03442217409610748	; std	: 0.023745927959680557	; shrinking
mean	: 0.10198476910591125	; std	: 0.011539725586771965	; baunded
mean	: 0.031889449805021286	; std	: 0.009382747113704681	; inflating
mean	: 0.04619104042649269	; std	: 0.031784847378730774	; shrinking
mean	: 0.04152682423591614	; std	: 0.011367395520210266	; baunded
mean	: 0.07651489973068237	; std	: 0.020967094227671623	; inflating
mean	: 0.04011733829975128	; std	: 0.0277774166315794	; shrinking
mean	: 0.11389026045799255	; std	: 0.011540841311216354	; baunded
mean	: 0.06403558701276779	; std	: 0.02037266083061695	; inflating
mean	: 0.03442217409610748	; std	: 0.023745927959680557	; shrinking
mean	: 0.10198476910591125	; std	: 0.011539725586771965	; baunded
mean	: 0.05187263339757919	; std	: 0.017756571993231773	; inflating
mean	: 0.03186187148094177	; std	: 0.017425142228603363	; shrinking
mean	: 0.08669725060462952	; std	: 0.011581107042729855	; baunded
mean	: 0.03222869709134102	; std	: 0.009091274812817574	; inflating
mean	: 0.04552740976214409	; std	: 0.0318012535572052	; shrinking
mean	: 0.042279202491045	; std	: 0.011296376585960388	; baunded
mean	: 0.06403558701276779	; std	: 0.02037266083061695	; inflating
mean	: 0.03442217409610748	; std	: 0.023745927959680557	; shrinking
mean	: 0.10198476910591125	; std	: 0.011539725586771965	; baunded
mean	: 0.04238082095980644	; std	: 0.015047572553157806	; inflating
mean	: 0.032577332109212875	; std	: 0.016902489587664604	; shrinking
mean	: 0.07530694454908371	; std	: 0.011649902909994125	; baunded
mean	: 0.08668403327465057	; std	: 0.02202603779733181	; inflating
mean	: 0.04759136214852333	; std	: 0.033230166882276535	; shrinking
mean	: 0.12585300207138062	; std	: 0.011562398634850979	; baunded
mean	: 0.06403558701276779	; std	: 0.02037266083061695	; inflating
mean	: 0.03442217409610748	; std	: 0.023745927959680557	; shrinking
mean	: 0.10198476910591125	; std	: 0.011539725586771965	; baunded
mean	: 0.05187263339757919	; std	: 0.017756571993231773	; inflating
mean	: 0.03186187148094177	; std	: 0.017425142228603363	; shrinking
mean	: 0.08669725060462952	; std	: 0.011581107042729855	; baunded
mean	: 0.05187263339757919	; std	: 0.017756571993231773	; inflating
mean	: 0.03186187148094177	; std	: 0.017425142228603363	; shrinking
mean	: 0.08669725060462952	; std	: 0.011581107042729855	; baunded
mean	: 0.06403558701276779	; std	: 0.02037266083061695	; inflating
mean	: 0.03442217409610748	; std	: 0.023745927959680557	; shrinking
mean	: 0.10198476910591125	; std	: 0.011539725586771965	; baunded
mean	: 0.08323459327220917	; std	: 0.02171122282743454	; inflating
mean	: 0.044830571860075	; std	: 0.03204915300011635	; shrinking
mean	: 0.12208762019872665	; std	: 0.011527900584042072	; baunded
mean	: 0.03222869709134102	; std	: 0.009091274812817574	; inflating
mean	: 0.04552740976214409	; std	: 0.0318012535572052	; shrinking
mean	: 0.042279202491045	; std	: 0.011296376585960388	; baunded
mean	: 0.03222869709134102	; std	: 0.009091274812817574	; inflating
mean	: 0.04552740976214409	; std	: 0.0318012535572052	; shrinking
mean	: 0.042279202491045	; std	: 0.011296376585960388	; baunded
mean	: 0.08668403327465057	; std	: 0.02202603779733181	; inflating
mean	: 0.04759136214852333	; std	: 0.033230166882276535	; shrinking
mean	: 0.12585300207138062	; std	: 0.011562398634850979	; baunded
mean	: 0.09735532850027084	; std	: 0.02246134728193283	; inflating
mean	: 0.05709989368915558	; std	: 0.035379331558942795	; shrinking
mean	: 0.13682468235492706	; std	: 0.011549124494194984	; baunded
mean	: 0.07577135413885117	; std	: 0.02093394659459591	; inflating
mean	: 0.03980255126953125	; std	: 0.028953086584806442	; shrinking
mean	: 0.11387653648853302	; std	: 0.011472286656498909	; baunded
mean	: 0.06546804308891296	; std	: 0.020975807681679726	; inflating
mean	: 0.03514190390706062	; std	: 0.024503616616129875	; shrinking
mean	: 0.10405832529067993	; std	: 0.011627232655882835	; baunded
mean	: 0.08966823667287827	; std	: 0.021642254665493965	; inflating
mean	: 0.04947853833436966	; std	: 0.03255598992109299	; shrinking
mean	: 0.127571702003479	; std	: 0.011535591445863247	; baunded
mean	: 0.07577135413885117	; std	: 0.02093394659459591	; inflating
mean	: 0.03980255126953125	; std	: 0.028953086584806442	; shrinking
mean	: 0.11387653648853302	; std	: 0.011472286656498909	; baunded
mean	: 0.04238082095980644	; std	: 0.015047572553157806	; inflating
mean	: 0.032577332109212875	; std	: 0.016902489587664604	; shrinking
mean	: 0.07530694454908371	; std	: 0.011649902909994125	; baunded
mean	: 0.08323459327220917	; std	: 0.02171122282743454	; inflating
mean	: 0.044830571860075	; std	: 0.03204915300011635	; shrinking
mean	: 0.12208762019872665	; std	: 0.011527900584042072	; baunded
mean	: 0.03742590919137001	; std	: 0.007327997125685215	; inflating
mean	: 0.03971114754676819	; std	: 0.025123827159404755	; shrinking
mean	: 0.05603431537747383	; std	: 0.011263929307460785	; baunded
mean	: 0.09735532850027084	; std	: 0.02246134728193283	; inflating
mean	: 0.05709989368915558	; std	: 0.035379331558942795	; shrinking
mean	: 0.13682468235492706	; std	: 0.011549124494194984	; baunded
mean	: 0.05187263339757919	; std	: 0.017756571993231773	; inflating
mean	: 0.03186187148094177	; std	: 0.017425142228603363	; shrinking
mean	: 0.08669725060462952	; std	: 0.011581107042729855	; baunded
mean	: 0.07782688736915588	; std	: 0.02148107811808586	; inflating
mean	: 0.04124807193875313	; std	: 0.0300173070281744	; shrinking
mean	: 0.11659117043018341	; std	: 0.011542137712240219	; baunded
mean	: 0.037546075880527496	; std	: 0.01568610966205597	; inflating
mean	: 0.05716588720679283	; std	: 0.035155199468135834	; shrinking
mean	: 0.030113350600004196	; std	: 0.009702738374471664	; baunded
mean	: 0.070046566426754	; std	: 0.01989750936627388	; inflating
mean	: 0.03682819381356239	; std	: 0.024251414462924004	; shrinking
mean	: 0.1062011867761612	; std	: 0.011467469856142998	; baunded
mean	: 0.037546075880527496	; std	: 0.01568610966205597	; inflating
mean	: 0.05716588720679283	; std	: 0.035155199468135834	; shrinking
mean	: 0.030113350600004196	; std	: 0.009702738374471664	; baunded
mean	: 0.03539039194583893	; std	: 0.011588402092456818	; inflating
mean	: 0.04975532367825508	; std	: 0.03387013450264931	; shrinking
mean	: 0.037195198237895966	; std	: 0.010903642512857914	; baunded
mean	: 0.08668403327465057	; std	: 0.02202603779733181	; inflating
mean	: 0.04759136214852333	; std	: 0.033230166882276535	; shrinking
mean	: 0.12585300207138062	; std	: 0.011562398634850979	; baunded
mean	: 0.09735532850027084	; std	: 0.02246134728193283	; inflating
mean	: 0.05709989368915558	; std	: 0.035379331558942795	; shrinking
mean	: 0.13682468235492706	; std	: 0.011549124494194984	; baunded
mean	: 0.03742590919137001	; std	: 0.007327997125685215	; inflating
mean	: 0.03971114754676819	; std	: 0.025123827159404755	; shrinking
mean	: 0.05603431537747383	; std	: 0.011263929307460785	; baunded
mean	: 0.046840351074934006	; std	: 0.01685769483447075	; inflating
mean	: 0.03200501576066017	; std	: 0.016450224444270134	; shrinking
mean	: 0.08120987564325333	; std	: 0.011641118675470352	; baunded
mean	: 0.03247363865375519	; std	: 0.010112755000591278	; inflating
mean	: 0.04694971442222595	; std	: 0.03258686512708664	; shrinking
mean	: 0.0402863547205925	; std	: 0.011095651425421238	; baunded
mean	: 0.06546804308891296	; std	: 0.020975807681679726	; inflating
mean	: 0.03514190390706062	; std	: 0.024503616616129875	; shrinking
mean	: 0.10405832529067993	; std	: 0.011627232655882835	; baunded
mean	: 0.09735532850027084	; std	: 0.02246134728193283	; inflating
mean	: 0.05709989368915558	; std	: 0.035379331558942795	; shrinking
mean	: 0.13682468235492706	; std	: 0.011549124494194984	; baunded
mean	: 0.037546075880527496	; std	: 0.01568610966205597	; inflating
mean	: 0.05716588720679283	; std	: 0.035155199468135834	; shrinking
mean	: 0.030113350600004196	; std	: 0.009702738374471664	; baunded
mean	: 0.030647749081254005	; std	: 0.00813718605786562	; inflating
mean	: 0.04391828551888466	; std	: 0.029088253155350685	; shrinking
mean	: 0.045518312603235245	; std	: 0.011030258610844612	; baunded
mean	: 0.07577135413885117	; std	: 0.02093394659459591	; inflating
mean	: 0.03980255126953125	; std	: 0.028953086584806442	; shrinking
mean	: 0.11387653648853302	; std	: 0.011472286656498909	; baunded
mean	: 0.06546804308891296	; std	: 0.020975807681679726	; inflating
mean	: 0.03514190390706062	; std	: 0.024503616616129875	; shrinking
mean	: 0.10405832529067993	; std	: 0.011627232655882835	; baunded
mean	: 0.04151473194360733	; std	: 0.013202407397329807	; inflating
mean	: 0.03401682525873184	; std	: 0.01826997846364975	; shrinking
mean	: 0.07093120366334915	; std	: 0.011729194782674313	; baunded
mean	: 0.03539039194583893	; std	: 0.011588402092456818	; inflating
mean	: 0.04975532367825508	; std	: 0.03387013450264931	; shrinking
mean	: 0.037195198237895966	; std	: 0.010903642512857914	; baunded
mean	: 0.037432342767715454	; std	: 0.008606878109276295	; inflating
mean	: 0.04576427862048149	; std	: 0.031769752502441406	; shrinking
mean	: 0.04426160454750061	; std	: 0.01100429892539978	; baunded
mean	: 0.036932311952114105	; std	: 0.008359633386135101	; inflating
mean	: 0.04517793655395508	; std	: 0.031225111335515976	; shrinking
mean	: 0.04534129798412323	; std	: 0.01084735058248043	; baunded
mean	: 0.05602984130382538	; std	: 0.01933799311518669	; inflating
mean	: 0.0325770378112793	; std	: 0.018752533942461014	; shrinking
mean	: 0.09266252815723419	; std	: 0.011647328734397888	; baunded
mean	: 0.037432342767715454	; std	: 0.008606878109276295	; inflating
mean	: 0.04576427862048149	; std	: 0.031769752502441406	; shrinking
mean	: 0.04426160454750061	; std	: 0.01100429892539978	; baunded
mean	: 0.037432342767715454	; std	: 0.008606878109276295	; inflating
mean	: 0.04576427862048149	; std	: 0.031769752502441406	; shrinking
mean	: 0.04426160454750061	; std	: 0.01100429892539978	; baunded
mean	: 0.03397834673523903	; std	: 0.010959968902170658	; inflating
mean	: 0.03691821172833443	; std	: 0.020292824134230614	; shrinking
mean	: 0.06289182603359222	; std	: 0.011839230544865131	; baunded
mean	: 0.04151473194360733	; std	: 0.013202407397329807	; inflating
mean	: 0.03401682525873184	; std	: 0.01826997846364975	; shrinking
mean	: 0.07093120366334915	; std	: 0.011729194782674313	; baunded
mean	: 0.03991659730672836	; std	: 0.014167504385113716	; inflating
mean	: 0.03331867605447769	; std	: 0.017705101519823074	; shrinking
mean	: 0.07186491042375565	; std	: 0.011710483580827713	; baunded
mean	: 0.03065158613026142	; std	: 0.007341347634792328	; inflating
mean	: 0.04145662486553192	; std	: 0.025246672332286835	; shrinking
mean	: 0.05256633087992668	; std	: 0.011695687659084797	; baunded
mean	: 0.04151473194360733	; std	: 0.013202407397329807	; inflating
mean	: 0.03401682525873184	; std	: 0.01826997846364975	; shrinking
mean	: 0.07093120366334915	; std	: 0.011729194782674313	; baunded
mean	: 0.04238082095980644	; std	: 0.015047572553157806	; inflating
mean	: 0.032577332109212875	; std	: 0.016902489587664604	; shrinking
mean	: 0.07530694454908371	; std	: 0.011649902909994125	; baunded
mean	: 0.09103061258792877	; std	: 0.022128690034151077	; inflating
mean	: 0.05132025107741356	; std	: 0.03418328985571861	; shrinking
mean	: 0.13024047017097473	; std	: 0.011536912061274052	; baunded
mean	: 0.070046566426754	; std	: 0.01989750936627388	; inflating
mean	: 0.03682819381356239	; std	: 0.024251414462924004	; shrinking
mean	: 0.1062011867761612	; std	: 0.011467469856142998	; baunded
mean	: 0.03984127193689346	; std	: 0.014454207383096218	; inflating
mean	: 0.03371678665280342	; std	: 0.017811652272939682	; shrinking
mean	: 0.07182568311691284	; std	: 0.011833452619612217	; baunded
mean	: 0.03911827504634857	; std	: 0.0070242490619421005	; inflating
mean	: 0.04345206916332245	; std	: 0.028211116790771484	; shrinking
mean	: 0.05116642266511917	; std	: 0.01110630203038454	; baunded
mean	: 0.07782688736915588	; std	: 0.02148107811808586	; inflating
mean	: 0.04124807193875313	; std	: 0.0300173070281744	; shrinking
mean	: 0.11659117043018341	; std	: 0.011542137712240219	; baunded
mean	: 0.037432342767715454	; std	: 0.008606878109276295	; inflating
mean	: 0.04576427862048149	; std	: 0.031769752502441406	; shrinking
mean	: 0.04426160454750061	; std	: 0.01100429892539978	; baunded
mean	: 0.05187263339757919	; std	: 0.017756571993231773	; inflating
mean	: 0.03186187148094177	; std	: 0.017425142228603363	; shrinking
mean	: 0.08669725060462952	; std	: 0.011581107042729855	; baunded
mean	: 0.03384452313184738	; std	: 0.011805171146988869	; inflating
mean	: 0.049876678735017776	; std	: 0.03376113250851631	; shrinking
mean	: 0.03683708608150482	; std	: 0.010940395295619965	; baunded
anchor name	: baunded
mean	: 0.04820439964532852	; std	: 0.023390088230371475	; inflating
mean	: 0.07908573001623154	; std	: 0.03380892798304558	; shrinking
mean	: 0.01454547606408596	; std	: 0.007108856923878193	; baunded
mean	: 0.04678690433502197	; std	: 0.024254154413938522	; inflating
mean	: 0.07967329025268555	; std	: 0.03383202478289604	; shrinking
mean	: 0.01723562739789486	; std	: 0.007204284891486168	; baunded
mean	: 0.05113869160413742	; std	: 0.022099293768405914	; inflating
mean	: 0.07821226119995117	; std	: 0.0344867929816246	; shrinking
mean	: 0.017574043944478035	; std	: 0.0073954034596681595	; baunded
mean	: 0.04472281411290169	; std	: 0.017991837114095688	; inflating
mean	: 0.07018221169710159	; std	: 0.03216368332505226	; shrinking
mean	: 0.023521950468420982	; std	: 0.010208643972873688	; baunded
mean	: 0.05231548845767975	; std	: 0.020514871925115585	; inflating
mean	: 0.07734405994415283	; std	: 0.03418673202395439	; shrinking
mean	: 0.01867903769016266	; std	: 0.0075723035261034966	; baunded
mean	: 0.05268942564725876	; std	: 0.023482872173190117	; inflating
mean	: 0.08624729514122009	; std	: 0.03259565681219101	; shrinking
mean	: 0.018422145396471024	; std	: 0.007177113089710474	; baunded
mean	: 0.04439302533864975	; std	: 0.010797994211316109	; inflating
mean	: 0.058261673897504807	; std	: 0.030673498287796974	; shrinking
mean	: 0.036076635122299194	; std	: 0.013509759679436684	; baunded
mean	: 0.059108614921569824	; std	: 0.02410619519650936	; inflating
mean	: 0.0900622308254242	; std	: 0.03400484472513199	; shrinking
mean	: 0.01624682918190956	; std	: 0.009488333016633987	; baunded
mean	: 0.04694759100675583	; std	: 0.01780848577618599	; inflating
mean	: 0.07093292474746704	; std	: 0.03264880180358887	; shrinking
mean	: 0.022963693365454674	; std	: 0.010311271995306015	; baunded
mean	: 0.04048699885606766	; std	: 0.009761151857674122	; inflating
mean	: 0.057068560272455215	; std	: 0.028928061947226524	; shrinking
mean	: 0.03863479197025299	; std	: 0.013631406240165234	; baunded
mean	: 0.04648341238498688	; std	: 0.021724024787545204	; inflating
mean	: 0.07572402060031891	; std	: 0.03387590870261192	; shrinking
mean	: 0.01591177098453045	; std	: 0.007772499695420265	; baunded
mean	: 0.0517323836684227	; std	: 0.021737148985266685	; inflating
mean	: 0.07849569618701935	; std	: 0.0343405157327652	; shrinking
mean	: 0.01668066903948784	; std	: 0.007408878766000271	; baunded
mean	: 0.06549658626317978	; std	: 0.024744665250182152	; inflating
mean	: 0.09874149411916733	; std	: 0.03337734192609787	; shrinking
mean	: 0.02081822231411934	; std	: 0.012662774883210659	; baunded
mean	: 0.06819076836109161	; std	: 0.024679359048604965	; inflating
mean	: 0.10176126658916473	; std	: 0.03336598351597786	; shrinking
mean	: 0.02308117225766182	; std	: 0.012774111703038216	; baunded
mean	: 0.06121053174138069	; std	: 0.024404266849160194	; inflating
mean	: 0.09252046048641205	; std	: 0.033752474933862686	; shrinking
mean	: 0.019365468993782997	; std	: 0.010916180908679962	; baunded
mean	: 0.04420268535614014	; std	: 0.015196711756289005	; inflating
mean	: 0.06489690393209457	; std	: 0.0324576236307621	; shrinking
mean	: 0.027404624968767166	; std	: 0.012249569408595562	; baunded
mean	: 0.05770470201969147	; std	: 0.024303242564201355	; inflating
mean	: 0.08888950943946838	; std	: 0.033889926970005035	; shrinking
mean	: 0.017404967918992043	; std	: 0.009775030426681042	; baunded
mean	: 0.04713589325547218	; std	: 0.016459401696920395	; inflating
mean	: 0.06912877410650253	; std	: 0.03246595337986946	; shrinking
mean	: 0.02540481463074684	; std	: 0.011210482567548752	; baunded
mean	: 0.048079438507556915	; std	: 0.022522039711475372	; inflating
mean	: 0.07763244211673737	; std	: 0.03413201496005058	; shrinking
mean	: 0.014725171029567719	; std	: 0.007303411141037941	; baunded
mean	: 0.054665010422468185	; std	: 0.024890674278140068	; inflating
mean	: 0.08926837146282196	; std	: 0.03341569006443024	; shrinking
mean	: 0.01819746568799019	; std	: 0.009992328472435474	; baunded
mean	: 0.05213388800621033	; std	: 0.020931437611579895	; inflating
mean	: 0.07850079238414764	; std	: 0.03374958038330078	; shrinking
mean	: 0.017401713877916336	; std	: 0.0072404853999614716	; baunded
mean	: 0.05591105669736862	; std	: 0.024200940504670143	; inflating
mean	: 0.08702114969491959	; std	: 0.034043263643980026	; shrinking
mean	: 0.01675664633512497	; std	: 0.009060676209628582	; baunded
mean	: 0.052278608083724976	; std	: 0.02372119203209877	; inflating
mean	: 0.08672921359539032	; std	: 0.032420143485069275	; shrinking
mean	: 0.019315017387270927	; std	: 0.007523294072598219	; baunded
mean	: 0.06171581521630287	; std	: 0.023161975666880608	; inflating
mean	: 0.09009891748428345	; std	: 0.034110188484191895	; shrinking
mean	: 0.018704760819673538	; std	: 0.008515491150319576	; baunded
mean	: 0.0639093741774559	; std	: 0.023048685863614082	; inflating
mean	: 0.09187665581703186	; std	: 0.034058887511491776	; shrinking
mean	: 0.020283326506614685	; std	: 0.008684228174388409	; baunded
mean	: 0.03936301916837692	; std	: 0.015667498111724854	; inflating
mean	: 0.06075696647167206	; std	: 0.03312757983803749	; shrinking
mean	: 0.026991616934537888	; std	: 0.01191021129488945	; baunded
mean	: 0.04900311678647995	; std	: 0.021920543164014816	; inflating
mean	: 0.07702196389436722	; std	: 0.03428174927830696	; shrinking
mean	: 0.015505099669098854	; std	: 0.007518225349485874	; baunded
mean	: 0.06421905755996704	; std	: 0.023962492123246193	; inflating
mean	: 0.09569549560546875	; std	: 0.03355415165424347	; shrinking
mean	: 0.019229533150792122	; std	: 0.009756016544997692	; baunded
mean	: 0.04542314633727074	; std	: 0.02295893430709839	; inflating
mean	: 0.07758096605539322	; std	: 0.033399228006601334	; shrinking
mean	: 0.016024112701416016	; std	: 0.007198304869234562	; baunded
mean	: 0.054892685264348984	; std	: 0.024647003039717674	; inflating
mean	: 0.0901583880186081	; std	: 0.03270658105611801	; shrinking
mean	: 0.01906905323266983	; std	: 0.009467420168220997	; baunded
mean	: 0.058797068893909454	; std	: 0.02439277432858944	; inflating
mean	: 0.0912209153175354	; std	: 0.03365856409072876	; shrinking
mean	: 0.01595120318233967	; std	: 0.009842938743531704	; baunded
mean	: 0.05740732327103615	; std	: 0.024392204359173775	; inflating
mean	: 0.08940133452415466	; std	: 0.03384944051504135	; shrinking
mean	: 0.015626579523086548	; std	: 0.009594880044460297	; baunded
mean	: 0.05366521328687668	; std	: 0.022546201944351196	; inflating
mean	: 0.08227209746837616	; std	: 0.03407571092247963	; shrinking
mean	: 0.015206790529191494	; std	: 0.006797748617827892	; baunded
mean	: 0.04433409124612808	; std	: 0.014544139616191387	; inflating
mean	: 0.06277897953987122	; std	: 0.03242690861225128	; shrinking
mean	: 0.028550829738378525	; std	: 0.01239779219031334	; baunded
mean	: 0.06222674995660782	; std	: 0.024703307077288628	; inflating
mean	: 0.09564796090126038	; std	: 0.03345123305916786	; shrinking
mean	: 0.018544519320130348	; std	: 0.011771230958402157	; baunded
mean	: 0.04780568182468414	; std	: 0.022899476811289787	; inflating
mean	: 0.0774797797203064	; std	: 0.03425319865345955	; shrinking
mean	: 0.01507341954857111	; std	: 0.007305283565074205	; baunded
mean	: 0.04274328052997589	; std	: 0.022692492231726646	; inflating
mean	: 0.07571637630462646	; std	: 0.0328214205801487	; shrinking
mean	: 0.018586311489343643	; std	: 0.007317858748137951	; baunded
mean	: 0.0472235307097435	; std	: 0.020781653001904488	; inflating
mean	: 0.07453091442584991	; std	: 0.0336032398045063	; shrinking
mean	: 0.017186205834150314	; std	: 0.0082020228728652	; baunded
mean	: 0.04662397503852844	; std	: 0.02180035226047039	; inflating
mean	: 0.07421388477087021	; std	: 0.03453028202056885	; shrinking
mean	: 0.017090605571866035	; std	: 0.007633409462869167	; baunded
mean	: 0.04897007346153259	; std	: 0.021862590685486794	; inflating
mean	: 0.07591694593429565	; std	: 0.03441578149795532	; shrinking
mean	: 0.017199639230966568	; std	: 0.007546812761574984	; baunded
mean	: 0.06576096266508102	; std	: 0.02462739497423172	; inflating
mean	: 0.09919975697994232	; std	: 0.033362455666065216	; shrinking
mean	: 0.020995527505874634	; std	: 0.012212899513542652	; baunded
mean	: 0.0617004819214344	; std	: 0.023935342207551003	; inflating
mean	: 0.0931834727525711	; std	: 0.03377942368388176	; shrinking
mean	: 0.01737033575773239	; std	: 0.0092230923473835	; baunded
mean	: 0.058489393442869186	; std	: 0.024937355890870094	; inflating
mean	: 0.09307972341775894	; std	: 0.03334624320268631	; shrinking
mean	: 0.01893288642168045	; std	: 0.011402435600757599	; baunded
mean	: 0.06203825771808624	; std	: 0.024757256731390953	; inflating
mean	: 0.09493669867515564	; std	: 0.03356786072254181	; shrinking
mean	: 0.019568968564271927	; std	: 0.011973167769610882	; baunded
mean	: 0.06019977107644081	; std	: 0.024606898427009583	; inflating
mean	: 0.09416983276605606	; std	: 0.03330664336681366	; shrinking
mean	: 0.018086906522512436	; std	: 0.010766593739390373	; baunded
mean	: 0.04727037250995636	; std	: 0.022668708115816116	; inflating
mean	: 0.07892841100692749	; std	: 0.03350582718849182	; shrinking
mean	: 0.01583242416381836	; std	: 0.007023816928267479	; baunded
mean	: 0.05221281945705414	; std	: 0.023042049258947372	; inflating
mean	: 0.08165737986564636	; std	: 0.034384407103061676	; shrinking
mean	: 0.014989344403147697	; std	: 0.007214146666228771	; baunded
mean	: 0.04977502301335335	; std	: 0.023950954899191856	; inflating
mean	: 0.08153685927391052	; std	: 0.03402157127857208	; shrinking
mean	: 0.01461544819176197	; std	: 0.007365986704826355	; baunded
mean	: 0.0694563239812851	; std	: 0.02486249804496765	; inflating
mean	: 0.10350367426872253	; std	: 0.03297083079814911	; shrinking
mean	: 0.025662073865532875	; std	: 0.013458332978188992	; baunded
mean	: 0.061589304357767105	; std	: 0.024935903027653694	; inflating
mean	: 0.09613107889890671	; std	: 0.03317069634795189	; shrinking
mean	: 0.020409388467669487	; std	: 0.012265863828361034	; baunded
mean	: 0.04471344128251076	; std	: 0.023832790553569794	; inflating
mean	: 0.07846604287624359	; std	: 0.03345204517245293	; shrinking
mean	: 0.0165189690887928	; std	: 0.0070006269961595535	; baunded
mean	: 0.04693169146776199	; std	: 0.02133549004793167	; inflating
mean	: 0.07573674619197845	; std	: 0.033410534262657166	; shrinking
mean	: 0.01678232103586197	; std	: 0.007853705435991287	; baunded
mean	: 0.062170810997486115	; std	: 0.023615146055817604	; inflating
mean	: 0.09126362204551697	; std	: 0.03408530727028847	; shrinking
mean	: 0.019598979502916336	; std	: 0.009550158865749836	; baunded
mean	: 0.062108203768730164	; std	: 0.024579476565122604	; inflating
mean	: 0.09432865679264069	; std	: 0.033744536340236664	; shrinking
mean	: 0.018344778567552567	; std	: 0.011469881981611252	; baunded
mean	: 0.04441719129681587	; std	: 0.021001702174544334	; inflating
mean	: 0.0736393928527832	; std	: 0.03363532945513725	; shrinking
mean	: 0.017731323838233948	; std	: 0.008381558582186699	; baunded
mean	: 0.04014118015766144	; std	: 0.017872314900159836	; inflating
mean	: 0.06423284113407135	; std	: 0.033867400139570236	; shrinking
mean	: 0.023183327168226242	; std	: 0.010679112747311592	; baunded
mean	: 0.07014641910791397	; std	: 0.024743935093283653	; inflating
mean	: 0.10322824120521545	; std	: 0.0334288626909256	; shrinking
mean	: 0.024953339248895645	; std	: 0.013343573547899723	; baunded
mean	: 0.05503133684396744	; std	: 0.024257872253656387	; inflating
mean	: 0.08848513662815094	; std	: 0.03358921781182289	; shrinking
mean	: 0.015555471181869507	; std	: 0.008406889624893665	; baunded
mean	: 0.06019328534603119	; std	: 0.024934429675340652	; inflating
mean	: 0.09457118809223175	; std	: 0.033370256423950195	; shrinking
mean	: 0.019971925765275955	; std	: 0.011936163529753685	; baunded
mean	: 0.04201125353574753	; std	: 0.021549701690673828	; inflating
mean	: 0.07258883118629456	; std	: 0.033367495983839035	; shrinking
mean	: 0.018265174701809883	; std	: 0.008191097527742386	; baunded
mean	: 0.04087238013744354	; std	: 0.017946144565939903	; inflating
mean	: 0.06558475643396378	; std	: 0.0337308794260025	; shrinking
mean	: 0.022840265184640884	; std	: 0.010732774622738361	; baunded
mean	: 0.052687838673591614	; std	: 0.024273518472909927	; inflating
mean	: 0.0870574414730072	; std	: 0.03318861871957779	; shrinking
mean	: 0.016566306352615356	; std	: 0.00810814369469881	; baunded
mean	: 0.05817888677120209	; std	: 0.024769257754087448	; inflating
mean	: 0.09291361272335052	; std	: 0.0332636795938015	; shrinking
mean	: 0.01813957467675209	; std	: 0.010710151866078377	; baunded
mean	: 0.04776711016893387	; std	: 0.023629281669855118	; inflating
mean	: 0.07945741713047028	; std	: 0.03378520533442497	; shrinking
mean	: 0.014644519425928593	; std	: 0.007127571385353804	; baunded
> end program
