output_dir	: stem_log/evaluate_each_state/2021-01-21-02-30-46(15747)
sys.argv	: ['tool/evaluate_each_state.py', '--pretrained-model', 'stem_log/pre_train/2021-01-20-22-56-11(7299)/model-epoch-10-batch-10', '--dicts', 'stem_log/pre_train/2021-01-20-22-56-11(7299)/test_sample_dict.pkl', '--n-samples', '64']
> load model
model_path	: stem_log/pre_train/2021-01-20-22-56-11(7299)/model-epoch-10-batch-10
Model: "model"
_________________________________________________________________
Layer (type)                 Output Shape              Param #   
=================================================================
input_1 (InputLayer)         [(None, 100, 2)]          0         
_________________________________________________________________
LSTM (Model)                 (None, 128)               67072     
_________________________________________________________________
tf.math.l2_normalize (TFOpLa (None, 128)               0         
=================================================================
Total params: 67,072
Trainable params: 67,072
Non-trainable params: 0
_________________________________________________________________
dicts	: ['stem_log/pre_train/2021-01-20-22-56-11(7299)/test_sample_dict.pkl']
> load dicts
sample_dict	: {'inflating': 320, 'shrinking': 320, 'baunded': 320}
> shuffle
> slice
sample_dict	: {'inflating': 64, 'shrinking': 64, 'baunded': 64}
frame_sampling_rate	: 50
> dump sample dict
> embeding
anchor name	: inflating
mean	: 0.0340096689760685	; std	: 0.01310994103550911	; inflating
mean	: 0.060311902314424515	; std	: 0.011683456599712372	; shrinking
mean	: 0.06765609979629517	; std	: 0.008560914546251297	; baunded
mean	: 0.032941482961177826	; std	: 0.017888912931084633	; inflating
mean	: 0.08707626163959503	; std	: 0.011908226646482944	; shrinking
mean	: 0.0698523074388504	; std	: 0.0076509504579007626	; baunded
mean	: 0.0340096689760685	; std	: 0.01310994103550911	; inflating
mean	: 0.060311902314424515	; std	: 0.011683456599712372	; shrinking
mean	: 0.06765609979629517	; std	: 0.008560914546251297	; baunded
mean	: 0.028541678562760353	; std	: 0.01701437123119831	; inflating
mean	: 0.08159749209880829	; std	: 0.014790722168982029	; shrinking
mean	: 0.05466773733496666	; std	: 0.008136088028550148	; baunded
mean	: 0.037247225642204285	; std	: 0.013999005779623985	; inflating
mean	: 0.056861765682697296	; std	: 0.01909392885863781	; shrinking
mean	: 0.04451017081737518	; std	: 0.008205079473555088	; baunded
mean	: 0.028541678562760353	; std	: 0.01701437123119831	; inflating
mean	: 0.08159749209880829	; std	: 0.014790722168982029	; shrinking
mean	: 0.05466773733496666	; std	: 0.008136088028550148	; baunded
mean	: 0.032941482961177826	; std	: 0.017888912931084633	; inflating
mean	: 0.08707626163959503	; std	: 0.011908226646482944	; shrinking
mean	: 0.0698523074388504	; std	: 0.0076509504579007626	; baunded
mean	: 0.03537166863679886	; std	: 0.020523615181446075	; inflating
mean	: 0.0928187370300293	; std	: 0.01625554822385311	; shrinking
mean	: 0.05407360941171646	; std	: 0.00677856570109725	; baunded
mean	: 0.032941482961177826	; std	: 0.017888912931084633	; inflating
mean	: 0.08707626163959503	; std	: 0.011908226646482944	; shrinking
mean	: 0.0698523074388504	; std	: 0.0076509504579007626	; baunded
mean	: 0.039523281157016754	; std	: 0.02268311381340027	; inflating
mean	: 0.09471617639064789	; std	: 0.019323837012052536	; shrinking
mean	: 0.04102020338177681	; std	: 0.006329743191599846	; baunded
mean	: 0.03011731058359146	; std	: 0.01275380328297615	; inflating
mean	: 0.07177640497684479	; std	: 0.012336045503616333	; shrinking
mean	: 0.06451530754566193	; std	: 0.008465186692774296	; baunded
mean	: 0.0587792731821537	; std	: 0.022964617237448692	; inflating
mean	: 0.043219029903411865	; std	: 0.014880556613206863	; shrinking
mean	: 0.09416013956069946	; std	: 0.007953793741762638	; baunded
mean	: 0.028541678562760353	; std	: 0.01701437123119831	; inflating
mean	: 0.08159749209880829	; std	: 0.014790722168982029	; shrinking
mean	: 0.05466773733496666	; std	: 0.008136088028550148	; baunded
mean	: 0.0587792731821537	; std	: 0.022964617237448692	; inflating
mean	: 0.043219029903411865	; std	: 0.014880556613206863	; shrinking
mean	: 0.09416013956069946	; std	: 0.007953793741762638	; baunded
mean	: 0.039523281157016754	; std	: 0.02268311381340027	; inflating
mean	: 0.09471617639064789	; std	: 0.019323837012052536	; shrinking
mean	: 0.04102020338177681	; std	: 0.006329743191599846	; baunded
mean	: 0.039523281157016754	; std	: 0.02268311381340027	; inflating
mean	: 0.09471617639064789	; std	: 0.019323837012052536	; shrinking
mean	: 0.04102020338177681	; std	: 0.006329743191599846	; baunded
mean	: 0.038185931742191315	; std	: 0.014608759433031082	; inflating
mean	: 0.060336750000715256	; std	: 0.020289747044444084	; shrinking
mean	: 0.039911553263664246	; std	: 0.007902606390416622	; baunded
mean	: 0.03432668745517731	; std	: 0.014983962289988995	; inflating
mean	: 0.06750719994306564	; std	: 0.020569371059536934	; shrinking
mean	: 0.03490617126226425	; std	: 0.00815556850284338	; baunded
mean	: 0.047603413462638855	; std	: 0.01629463955760002	; inflating
mean	: 0.04347430169582367	; std	: 0.01298283040523529	; shrinking
mean	: 0.06753776967525482	; std	: 0.007833876647055149	; baunded
mean	: 0.02916543371975422	; std	: 0.013169254176318645	; inflating
mean	: 0.06996429711580276	; std	: 0.01731506548821926	; shrinking
mean	: 0.044471338391304016	; std	: 0.008586335927248001	; baunded
mean	: 0.047603413462638855	; std	: 0.01629463955760002	; inflating
mean	: 0.04347430169582367	; std	: 0.01298283040523529	; shrinking
mean	: 0.06753776967525482	; std	: 0.007833876647055149	; baunded
mean	: 0.038185931742191315	; std	: 0.014608759433031082	; inflating
mean	: 0.060336750000715256	; std	: 0.020289747044444084	; shrinking
mean	: 0.039911553263664246	; std	: 0.007902606390416622	; baunded
mean	: 0.03332842141389847	; std	: 0.020212002098560333	; inflating
mean	: 0.08725924044847488	; std	: 0.0194418765604496	; shrinking
mean	: 0.03714049980044365	; std	: 0.007128297816962004	; baunded
mean	: 0.032457295805215836	; std	: 0.018968239426612854	; inflating
mean	: 0.08277257531881332	; std	: 0.019973687827587128	; shrinking
mean	: 0.03290867060422897	; std	: 0.007789046037942171	; baunded
mean	: 0.0587792731821537	; std	: 0.022964617237448692	; inflating
mean	: 0.043219029903411865	; std	: 0.014880556613206863	; shrinking
mean	: 0.09416013956069946	; std	: 0.007953793741762638	; baunded
mean	: 0.0379980131983757	; std	: 0.021955670788884163	; inflating
mean	: 0.09606068581342697	; std	: 0.017487062141299248	; shrinking
mean	: 0.04917512834072113	; std	: 0.006456828210502863	; baunded
mean	: 0.0587792731821537	; std	: 0.022964617237448692	; inflating
mean	: 0.043219029903411865	; std	: 0.014880556613206863	; shrinking
mean	: 0.09416013956069946	; std	: 0.007953793741762638	; baunded
mean	: 0.0340096689760685	; std	: 0.01310994103550911	; inflating
mean	: 0.060311902314424515	; std	: 0.011683456599712372	; shrinking
mean	: 0.06765609979629517	; std	: 0.008560914546251297	; baunded
mean	: 0.03219899907708168	; std	: 0.01726864092051983	; inflating
mean	: 0.08615647256374359	; std	: 0.012915496714413166	; shrinking
mean	: 0.06337715685367584	; std	: 0.007907035760581493	; baunded
mean	: 0.029989689588546753	; std	: 0.02031312696635723	; inflating
mean	: 0.08857320994138718	; std	: 0.016629351302981377	; shrinking
mean	: 0.04946234077215195	; std	: 0.007140633184462786	; baunded
mean	: 0.03013286180794239	; std	: 0.018622824922204018	; inflating
mean	: 0.08698103576898575	; std	: 0.013050775974988937	; shrinking
mean	: 0.06366918236017227	; std	: 0.007695639040321112	; baunded
mean	: 0.027212971821427345	; std	: 0.01688840612769127	; inflating
mean	: 0.08125212788581848	; std	: 0.014059427194297314	; shrinking
mean	: 0.058177076280117035	; std	: 0.007979880087077618	; baunded
mean	: 0.032457295805215836	; std	: 0.018968239426612854	; inflating
mean	: 0.08277257531881332	; std	: 0.019973687827587128	; shrinking
mean	: 0.03290867060422897	; std	: 0.007789046037942171	; baunded
mean	: 0.03257425129413605	; std	: 0.01561348233371973	; inflating
mean	: 0.07074230164289474	; std	: 0.020424935966730118	; shrinking
mean	: 0.03387899696826935	; std	: 0.008389240130782127	; baunded
mean	: 0.034432828426361084	; std	: 0.012809943407773972	; inflating
mean	: 0.057303689420223236	; std	: 0.01316296961158514	; shrinking
mean	: 0.06142967939376831	; std	: 0.008632740937173367	; baunded
mean	: 0.03559006378054619	; std	: 0.02155950292944908	; inflating
mean	: 0.09510466456413269	; std	: 0.016349004581570625	; shrinking
mean	: 0.0534411184489727	; std	: 0.006645663641393185	; baunded
mean	: 0.030714962631464005	; std	: 0.020485373213887215	; inflating
mean	: 0.08972881734371185	; std	: 0.01660124771296978	; shrinking
mean	: 0.04871966689825058	; std	: 0.007061723619699478	; baunded
mean	: 0.03307833522558212	; std	: 0.016461165621876717	; inflating
mean	: 0.08367911726236343	; std	: 0.011502145789563656	; shrinking
mean	: 0.07035724818706512	; std	: 0.008049543015658855	; baunded
mean	: 0.07183744758367538	; std	: 0.02134379744529724	; inflating
mean	: 0.05536831170320511	; std	: 0.018411828204989433	; shrinking
mean	: 0.11065473407506943	; std	: 0.007684444542974234	; baunded
mean	: 0.03038184344768524	; std	: 0.017353538423776627	; inflating
mean	: 0.08453331887722015	; std	: 0.012584325857460499	; shrinking
mean	: 0.0660218819975853	; std	: 0.007847811095416546	; baunded
mean	: 0.03537166863679886	; std	: 0.020523615181446075	; inflating
mean	: 0.0928187370300293	; std	: 0.01625554822385311	; shrinking
mean	: 0.05407360941171646	; std	: 0.00677856570109725	; baunded
mean	: 0.03403191268444061	; std	: 0.012894808314740658	; inflating
mean	: 0.06309941411018372	; std	: 0.01141058187931776	; shrinking
mean	: 0.06885433942079544	; std	: 0.008616499602794647	; baunded
mean	: 0.0587792731821537	; std	: 0.022964617237448692	; inflating
mean	: 0.043219029903411865	; std	: 0.014880556613206863	; shrinking
mean	: 0.09416013956069946	; std	: 0.007953793741762638	; baunded
mean	: 0.02849268540740013	; std	: 0.0134414192289114	; inflating
mean	: 0.0764414370059967	; std	: 0.01379675418138504	; shrinking
mean	: 0.059617236256599426	; std	: 0.008028164505958557	; baunded
mean	: 0.028541678562760353	; std	: 0.01701437123119831	; inflating
mean	: 0.08159749209880829	; std	: 0.014790722168982029	; shrinking
mean	: 0.05466773733496666	; std	: 0.008136088028550148	; baunded
mean	: 0.028761954978108406	; std	: 0.018574193120002747	; inflating
mean	: 0.08529298007488251	; std	: 0.016797397285699844	; shrinking
mean	: 0.046925272792577744	; std	: 0.007446833420544863	; baunded
mean	: 0.03456515073776245	; std	: 0.015574569813907146	; inflating
mean	: 0.07045500725507736	; std	: 0.020946457982063293	; shrinking
mean	: 0.03261096775531769	; std	: 0.008060134015977383	; baunded
mean	: 0.03013286180794239	; std	: 0.018622824922204018	; inflating
mean	: 0.08698103576898575	; std	: 0.013050775974988937	; shrinking
mean	: 0.06366918236017227	; std	: 0.007695639040321112	; baunded
mean	: 0.028761954978108406	; std	: 0.018574193120002747	; inflating
mean	: 0.08529298007488251	; std	: 0.016797397285699844	; shrinking
mean	: 0.046925272792577744	; std	: 0.007446833420544863	; baunded
mean	: 0.028742631897330284	; std	: 0.01892152614891529	; inflating
mean	: 0.0867408737540245	; std	: 0.01469104178249836	; shrinking
mean	: 0.056396063417196274	; std	: 0.007539684884250164	; baunded
mean	: 0.027212971821427345	; std	: 0.01688840612769127	; inflating
mean	: 0.08125212788581848	; std	: 0.014059427194297314	; shrinking
mean	: 0.058177076280117035	; std	: 0.007979880087077618	; baunded
mean	: 0.034432828426361084	; std	: 0.012809943407773972	; inflating
mean	: 0.057303689420223236	; std	: 0.01316296961158514	; shrinking
mean	: 0.06142967939376831	; std	: 0.008632740937173367	; baunded
mean	: 0.0287321750074625	; std	: 0.01858661137521267	; inflating
mean	: 0.0835554301738739	; std	: 0.017763976007699966	; shrinking
mean	: 0.04256806522607803	; std	: 0.007684571668505669	; baunded
mean	: 0.032457295805215836	; std	: 0.018968239426612854	; inflating
mean	: 0.08277257531881332	; std	: 0.019973687827587128	; shrinking
mean	: 0.03290867060422897	; std	: 0.007789046037942171	; baunded
mean	: 0.029989689588546753	; std	: 0.02031312696635723	; inflating
mean	: 0.08857320994138718	; std	: 0.016629351302981377	; shrinking
mean	: 0.04946234077215195	; std	: 0.007140633184462786	; baunded
mean	: 0.0434999093413353	; std	: 0.014630988240242004	; inflating
mean	: 0.06083517521619797	; std	: 0.010069598443806171	; shrinking
mean	: 0.08070378005504608	; std	: 0.008681926876306534	; baunded
mean	: 0.032418735325336456	; std	: 0.01782098039984703	; inflating
mean	: 0.08675234019756317	; std	: 0.01228154357522726	; shrinking
mean	: 0.06844832003116608	; std	: 0.0077115134336054325	; baunded
mean	: 0.039523281157016754	; std	: 0.02268311381340027	; inflating
mean	: 0.09471617639064789	; std	: 0.019323837012052536	; shrinking
mean	: 0.04102020338177681	; std	: 0.006329743191599846	; baunded
mean	: 0.037247225642204285	; std	: 0.013999005779623985	; inflating
mean	: 0.056861765682697296	; std	: 0.01909392885863781	; shrinking
mean	: 0.04451017081737518	; std	: 0.008205079473555088	; baunded
mean	: 0.030714962631464005	; std	: 0.020485373213887215	; inflating
mean	: 0.08972881734371185	; std	: 0.01660124771296978	; shrinking
mean	: 0.04871966689825058	; std	: 0.007061723619699478	; baunded
mean	: 0.03013286180794239	; std	: 0.018622824922204018	; inflating
mean	: 0.08698103576898575	; std	: 0.013050775974988937	; shrinking
mean	: 0.06366918236017227	; std	: 0.007695639040321112	; baunded
mean	: 0.02849268540740013	; std	: 0.0134414192289114	; inflating
mean	: 0.0764414370059967	; std	: 0.01379675418138504	; shrinking
mean	: 0.059617236256599426	; std	: 0.008028164505958557	; baunded
mean	: 0.03257425129413605	; std	: 0.01561348233371973	; inflating
mean	: 0.07074230164289474	; std	: 0.020424935966730118	; shrinking
mean	: 0.03387899696826935	; std	: 0.008389240130782127	; baunded
mean	: 0.030423540621995926	; std	: 0.017958471551537514	; inflating
mean	: 0.08219864219427109	; std	: 0.01851760596036911	; shrinking
mean	: 0.03892076760530472	; std	: 0.00793718546628952	; baunded
anchor name	: shrinking
mean	: 0.06715630739927292	; std	: 0.016948239877820015	; inflating
mean	: 0.0339883454144001	; std	: 0.015395292080938816	; shrinking
mean	: 0.08275426924228668	; std	: 0.0066085029393434525	; baunded
mean	: 0.063504159450531	; std	: 0.012551728636026382	; inflating
mean	: 0.04492446035146713	; std	: 0.02490268461406231	; shrinking
mean	: 0.05699557065963745	; std	: 0.007236388977617025	; baunded
mean	: 0.06715630739927292	; std	: 0.016948239877820015	; inflating
mean	: 0.0339883454144001	; std	: 0.015395292080938816	; shrinking
mean	: 0.08275426924228668	; std	: 0.0066085029393434525	; baunded
mean	: 0.07133843004703522	; std	: 0.01960154063999653	; inflating
mean	: 0.031891826540231705	; std	: 0.01761060394346714	; shrinking
mean	: 0.09696079790592194	; std	: 0.007598545402288437	; baunded
mean	: 0.06715630739927292	; std	: 0.016948239877820015	; inflating
mean	: 0.0339883454144001	; std	: 0.015395292080938816	; shrinking
mean	: 0.08275426924228668	; std	: 0.0066085029393434525	; baunded
mean	: 0.063504159450531	; std	: 0.012551728636026382	; inflating
mean	: 0.04492446035146713	; std	: 0.02490268461406231	; shrinking
mean	: 0.05699557065963745	; std	: 0.007236388977617025	; baunded
mean	: 0.0948202908039093	; std	: 0.022364823147654533	; inflating
mean	: 0.04563421383500099	; std	: 0.028849652037024498	; shrinking
mean	: 0.12507027387619019	; std	: 0.007649707142263651	; baunded
mean	: 0.07133843004703522	; std	: 0.01960154063999653	; inflating
mean	: 0.031891826540231705	; std	: 0.01761060394346714	; shrinking
mean	: 0.09696079790592194	; std	: 0.007598545402288437	; baunded
mean	: 0.08658654242753983	; std	: 0.02208811789751053	; inflating
mean	: 0.04358547180891037	; std	: 0.024604730308055878	; shrinking
mean	: 0.11819416284561157	; std	: 0.00736539252102375	; baunded
mean	: 0.0948202908039093	; std	: 0.022364823147654533	; inflating
mean	: 0.04563421383500099	; std	: 0.028849652037024498	; shrinking
mean	: 0.12507027387619019	; std	: 0.007649707142263651	; baunded
mean	: 0.063504159450531	; std	: 0.012551728636026382	; inflating
mean	: 0.04492446035146713	; std	: 0.02490268461406231	; shrinking
mean	: 0.05699557065963745	; std	: 0.007236388977617025	; baunded
mean	: 0.08067525178194046	; std	: 0.020267076790332794	; inflating
mean	: 0.03136703372001648	; std	: 0.018443763256072998	; shrinking
mean	: 0.10130392014980316	; std	: 0.007156334817409515	; baunded
mean	: 0.0948202908039093	; std	: 0.022364823147654533	; inflating
mean	: 0.04563421383500099	; std	: 0.028849652037024498	; shrinking
mean	: 0.12507027387619019	; std	: 0.007649707142263651	; baunded
mean	: 0.08067525178194046	; std	: 0.020267076790332794	; inflating
mean	: 0.03136703372001648	; std	: 0.018443763256072998	; shrinking
mean	: 0.10130392014980316	; std	: 0.007156334817409515	; baunded
mean	: 0.09098023176193237	; std	: 0.022429121658205986	; inflating
mean	: 0.041101209819316864	; std	: 0.027581973001360893	; shrinking
mean	: 0.12043192237615585	; std	: 0.007566531654447317	; baunded
mean	: 0.08067525178194046	; std	: 0.020267076790332794	; inflating
mean	: 0.03136703372001648	; std	: 0.018443763256072998	; shrinking
mean	: 0.10130392014980316	; std	: 0.007156334817409515	; baunded
mean	: 0.07271749526262283	; std	: 0.017215529456734657	; inflating
mean	: 0.031036682426929474	; std	: 0.01408478431403637	; shrinking
mean	: 0.08736786246299744	; std	: 0.007378496695309877	; baunded
mean	: 0.07659677416086197	; std	: 0.012065962888300419	; inflating
mean	: 0.06313299387693405	; std	: 0.027519095689058304	; shrinking
mean	: 0.05323565751314163	; std	: 0.005577731411904097	; baunded
mean	: 0.0948202908039093	; std	: 0.022364823147654533	; inflating
mean	: 0.04563421383500099	; std	: 0.028849652037024498	; shrinking
mean	: 0.12507027387619019	; std	: 0.007649707142263651	; baunded
mean	: 0.09098023176193237	; std	: 0.022429121658205986	; inflating
mean	: 0.041101209819316864	; std	: 0.027581973001360893	; shrinking
mean	: 0.12043192237615585	; std	: 0.007566531654447317	; baunded
mean	: 0.063504159450531	; std	: 0.012551728636026382	; inflating
mean	: 0.04492446035146713	; std	: 0.02490268461406231	; shrinking
mean	: 0.05699557065963745	; std	: 0.007236388977617025	; baunded
mean	: 0.06715630739927292	; std	: 0.016948239877820015	; inflating
mean	: 0.0339883454144001	; std	: 0.015395292080938816	; shrinking
mean	: 0.08275426924228668	; std	: 0.0066085029393434525	; baunded
mean	: 0.07259684801101685	; std	: 0.019835814833641052	; inflating
mean	: 0.03097665309906006	; std	: 0.016707517206668854	; shrinking
mean	: 0.09346111118793488	; std	: 0.007076443172991276	; baunded
mean	: 0.08190098404884338	; std	: 0.02111930213868618	; inflating
mean	: 0.03299807012081146	; std	: 0.0212269127368927	; shrinking
mean	: 0.10710953176021576	; std	: 0.007277932018041611	; baunded
mean	: 0.08446242660284042	; std	: 0.02238539420068264	; inflating
mean	: 0.03726402670145035	; std	: 0.02499174326658249	; shrinking
mean	: 0.11396370083093643	; std	: 0.0073997024446725845	; baunded
mean	: 0.07271749526262283	; std	: 0.017215529456734657	; inflating
mean	: 0.031036682426929474	; std	: 0.01408478431403637	; shrinking
mean	: 0.08736786246299744	; std	: 0.007378496695309877	; baunded
mean	: 0.07259684801101685	; std	: 0.019835814833641052	; inflating
mean	: 0.03097665309906006	; std	: 0.016707517206668854	; shrinking
mean	: 0.09346111118793488	; std	: 0.007076443172991276	; baunded
mean	: 0.07271749526262283	; std	: 0.017215529456734657	; inflating
mean	: 0.031036682426929474	; std	: 0.01408478431403637	; shrinking
mean	: 0.08736786246299744	; std	: 0.007378496695309877	; baunded
mean	: 0.04909544810652733	; std	: 0.012208277359604836	; inflating
mean	: 0.04335983470082283	; std	: 0.01545713096857071	; shrinking
mean	: 0.06610538065433502	; std	: 0.008775548078119755	; baunded
mean	: 0.07983236759901047	; std	: 0.01853921450674534	; inflating
mean	: 0.033586952835321426	; std	: 0.013918127864599228	; shrinking
mean	: 0.09432739019393921	; std	: 0.007119585759937763	; baunded
mean	: 0.09098023176193237	; std	: 0.022429121658205986	; inflating
mean	: 0.041101209819316864	; std	: 0.027581973001360893	; shrinking
mean	: 0.12043192237615585	; std	: 0.007566531654447317	; baunded
mean	: 0.08190098404884338	; std	: 0.02111930213868618	; inflating
mean	: 0.03299807012081146	; std	: 0.0212269127368927	; shrinking
mean	: 0.10710953176021576	; std	: 0.007277932018041611	; baunded
mean	: 0.07343770563602448	; std	: 0.017953110858798027	; inflating
mean	: 0.03167220577597618	; std	: 0.014147311449050903	; shrinking
mean	: 0.08725075423717499	; std	: 0.0069741192273795605	; baunded
mean	: 0.07276296615600586	; std	: 0.014449801295995712	; inflating
mean	: 0.039899520576000214	; std	: 0.017683884128928185	; shrinking
mean	: 0.07245861738920212	; std	: 0.006252985913306475	; baunded
mean	: 0.07133843004703522	; std	: 0.01960154063999653	; inflating
mean	: 0.031891826540231705	; std	: 0.01761060394346714	; shrinking
mean	: 0.09696079790592194	; std	: 0.007598545402288437	; baunded
mean	: 0.06044934689998627	; std	: 0.012624764814972878	; inflating
mean	: 0.043160416185855865	; std	: 0.019746454432606697	; shrinking
mean	: 0.061273835599422455	; std	: 0.006205237936228514	; baunded
mean	: 0.07259684801101685	; std	: 0.019835814833641052	; inflating
mean	: 0.03097665309906006	; std	: 0.016707517206668854	; shrinking
mean	: 0.09346111118793488	; std	: 0.007076443172991276	; baunded
mean	: 0.07562974840402603	; std	: 0.014965991489589214	; inflating
mean	: 0.037768151611089706	; std	: 0.014874245971441269	; shrinking
mean	: 0.08067174255847931	; std	: 0.006198463961482048	; baunded
mean	: 0.08379993587732315	; std	: 0.02228560857474804	; inflating
mean	: 0.0357675701379776	; std	: 0.023968936875462532	; shrinking
mean	: 0.11177398264408112	; std	: 0.007360606919974089	; baunded
mean	: 0.0736067146062851	; std	: 0.012398168444633484	; inflating
mean	: 0.06484929472208023	; std	: 0.028404979035258293	; shrinking
mean	: 0.0478658601641655	; std	: 0.005322213750332594	; baunded
mean	: 0.0948202908039093	; std	: 0.022364823147654533	; inflating
mean	: 0.04563421383500099	; std	: 0.028849652037024498	; shrinking
mean	: 0.12507027387619019	; std	: 0.007649707142263651	; baunded
mean	: 0.04909544810652733	; std	: 0.012208277359604836	; inflating
mean	: 0.04335983470082283	; std	: 0.01545713096857071	; shrinking
mean	: 0.06610538065433502	; std	: 0.008775548078119755	; baunded
mean	: 0.08770832419395447	; std	: 0.02216513641178608	; inflating
mean	: 0.03749460726976395	; std	: 0.025592710822820663	; shrinking
mean	: 0.11625596880912781	; std	: 0.007505680900067091	; baunded
mean	: 0.08743960410356522	; std	: 0.022641947492957115	; inflating
mean	: 0.03885599225759506	; std	: 0.02653859369456768	; shrinking
mean	: 0.11728762090206146	; std	: 0.007506895810365677	; baunded
mean	: 0.057223401963710785	; std	: 0.014662633650004864	; inflating
mean	: 0.039231184870004654	; std	: 0.017805416136980057	; shrinking
mean	: 0.06367745995521545	; std	: 0.006829694379121065	; baunded
mean	: 0.08687442541122437	; std	: 0.02272806316614151	; inflating
mean	: 0.04009269177913666	; std	: 0.026516778394579887	; shrinking
mean	: 0.11782528460025787	; std	: 0.007478740531951189	; baunded
mean	: 0.088682159781456	; std	: 0.022100389003753662	; inflating
mean	: 0.03996381163597107	; std	: 0.02605636790394783	; shrinking
mean	: 0.11857300996780396	; std	: 0.0075446730479598045	; baunded
mean	: 0.063504159450531	; std	: 0.012551728636026382	; inflating
mean	: 0.04492446035146713	; std	: 0.02490268461406231	; shrinking
mean	: 0.05699557065963745	; std	: 0.007236388977617025	; baunded
mean	: 0.063504159450531	; std	: 0.012551728636026382	; inflating
mean	: 0.04492446035146713	; std	: 0.02490268461406231	; shrinking
mean	: 0.05699557065963745	; std	: 0.007236388977617025	; baunded
mean	: 0.09653902053833008	; std	: 0.022277051582932472	; inflating
mean	: 0.04750187695026398	; std	: 0.02866346947848797	; shrinking
mean	: 0.12680521607398987	; std	: 0.007686023134738207	; baunded
mean	: 0.063504159450531	; std	: 0.012551728636026382	; inflating
mean	: 0.04492446035146713	; std	: 0.02490268461406231	; shrinking
mean	: 0.05699557065963745	; std	: 0.007236388977617025	; baunded
mean	: 0.05314170941710472	; std	: 0.013733130879700184	; inflating
mean	: 0.04700544476509094	; std	: 0.021411078050732613	; shrinking
mean	: 0.0514940544962883	; std	: 0.006818405818194151	; baunded
mean	: 0.08067525178194046	; std	: 0.020267076790332794	; inflating
mean	: 0.03136703372001648	; std	: 0.018443763256072998	; shrinking
mean	: 0.10130392014980316	; std	: 0.007156334817409515	; baunded
mean	: 0.063504159450531	; std	: 0.012551728636026382	; inflating
mean	: 0.04492446035146713	; std	: 0.02490268461406231	; shrinking
mean	: 0.05699557065963745	; std	: 0.007236388977617025	; baunded
mean	: 0.057223401963710785	; std	: 0.014662633650004864	; inflating
mean	: 0.039231184870004654	; std	: 0.017805416136980057	; shrinking
mean	: 0.06367745995521545	; std	: 0.006829694379121065	; baunded
mean	: 0.1101139709353447	; std	: 0.012450278736650944	; inflating
mean	: 0.06809642165899277	; std	: 0.012037159875035286	; shrinking
mean	: 0.1118130087852478	; std	: 0.007427563425153494	; baunded
mean	: 0.08446242660284042	; std	: 0.02238539420068264	; inflating
mean	: 0.03726402670145035	; std	: 0.02499174326658249	; shrinking
mean	: 0.11396370083093643	; std	: 0.0073997024446725845	; baunded
mean	: 0.04909544810652733	; std	: 0.012208277359604836	; inflating
mean	: 0.04335983470082283	; std	: 0.01545713096857071	; shrinking
mean	: 0.06610538065433502	; std	: 0.008775548078119755	; baunded
mean	: 0.07271749526262283	; std	: 0.017215529456734657	; inflating
mean	: 0.031036682426929474	; std	: 0.01408478431403637	; shrinking
mean	: 0.08736786246299744	; std	: 0.007378496695309877	; baunded
mean	: 0.07133843004703522	; std	: 0.01960154063999653	; inflating
mean	: 0.031891826540231705	; std	: 0.01761060394346714	; shrinking
mean	: 0.09696079790592194	; std	: 0.007598545402288437	; baunded
mean	: 0.07133843004703522	; std	: 0.01960154063999653	; inflating
mean	: 0.031891826540231705	; std	: 0.01761060394346714	; shrinking
mean	: 0.09696079790592194	; std	: 0.007598545402288437	; baunded
mean	: 0.09034973382949829	; std	: 0.022051384672522545	; inflating
mean	: 0.04231919348239899	; std	: 0.026145897805690765	; shrinking
mean	: 0.1208513081073761	; std	: 0.007588509004563093	; baunded
mean	: 0.046101853251457214	; std	: 0.01289150957018137	; inflating
mean	: 0.05637529492378235	; std	: 0.0233792494982481	; shrinking
mean	: 0.04003428295254707	; std	: 0.0074168117716908455	; baunded
mean	: 0.0736067146062851	; std	: 0.012398168444633484	; inflating
mean	: 0.06484929472208023	; std	: 0.028404979035258293	; shrinking
mean	: 0.0478658601641655	; std	: 0.005322213750332594	; baunded
anchor name	: baunded
mean	: 0.05448643118143082	; std	: 0.01787297986447811	; inflating
mean	: 0.0873587504029274	; std	: 0.025458211079239845	; shrinking
mean	: 0.015156363137066364	; std	: 0.0058580124750733376	; baunded
mean	: 0.05160277336835861	; std	: 0.01757977157831192	; inflating
mean	: 0.0857105404138565	; std	: 0.02478073351085186	; shrinking
mean	: 0.014021677896380424	; std	: 0.007754163816571236	; baunded
mean	: 0.05160277336835861	; std	: 0.01757977157831192	; inflating
mean	: 0.0857105404138565	; std	: 0.02478073351085186	; shrinking
mean	: 0.014021677896380424	; std	: 0.007754163816571236	; baunded
mean	: 0.049425430595874786	; std	: 0.018589895218610764	; inflating
mean	: 0.08754000067710876	; std	: 0.024436185136437416	; shrinking
mean	: 0.015374507755041122	; std	: 0.006810956168919802	; baunded
mean	: 0.05160277336835861	; std	: 0.01757977157831192	; inflating
mean	: 0.0857105404138565	; std	: 0.02478073351085186	; shrinking
mean	: 0.014021677896380424	; std	: 0.007754163816571236	; baunded
mean	: 0.063053660094738	; std	: 0.018323808908462524	; inflating
mean	: 0.09695172309875488	; std	: 0.02565031126141548	; shrinking
mean	: 0.01706591248512268	; std	: 0.007049016188830137	; baunded
mean	: 0.063053660094738	; std	: 0.018323808908462524	; inflating
mean	: 0.09695172309875488	; std	: 0.02565031126141548	; shrinking
mean	: 0.01706591248512268	; std	: 0.007049016188830137	; baunded
mean	: 0.05753905326128006	; std	: 0.01732027530670166	; inflating
mean	: 0.08934598416090012	; std	: 0.025194989517331123	; shrinking
mean	: 0.01509521808475256	; std	: 0.0076609342359006405	; baunded
mean	: 0.05467548966407776	; std	: 0.018786447122693062	; inflating
mean	: 0.093109130859375	; std	: 0.02457634173333645	; shrinking
mean	: 0.01489289291203022	; std	: 0.007407178170979023	; baunded
mean	: 0.05160277336835861	; std	: 0.01757977157831192	; inflating
mean	: 0.0857105404138565	; std	: 0.02478073351085186	; shrinking
mean	: 0.014021677896380424	; std	: 0.007754163816571236	; baunded
mean	: 0.05586910992860794	; std	: 0.018404465168714523	; inflating
mean	: 0.0933029055595398	; std	: 0.02433709241449833	; shrinking
mean	: 0.019266292452812195	; std	: 0.00847570039331913	; baunded
mean	: 0.05954977124929428	; std	: 0.01792133040726185	; inflating
mean	: 0.0948147177696228	; std	: 0.024574004113674164	; shrinking
mean	: 0.01811261847615242	; std	: 0.008256552740931511	; baunded
mean	: 0.05448643118143082	; std	: 0.01787297986447811	; inflating
mean	: 0.0873587504029274	; std	: 0.025458211079239845	; shrinking
mean	: 0.015156363137066364	; std	: 0.0058580124750733376	; baunded
mean	: 0.05160277336835861	; std	: 0.01757977157831192	; inflating
mean	: 0.0857105404138565	; std	: 0.02478073351085186	; shrinking
mean	: 0.014021677896380424	; std	: 0.007754163816571236	; baunded
mean	: 0.049425430595874786	; std	: 0.018589895218610764	; inflating
mean	: 0.08754000067710876	; std	: 0.024436185136437416	; shrinking
mean	: 0.015374507755041122	; std	: 0.006810956168919802	; baunded
mean	: 0.05467548966407776	; std	: 0.018786447122693062	; inflating
mean	: 0.093109130859375	; std	: 0.02457634173333645	; shrinking
mean	: 0.01489289291203022	; std	: 0.007407178170979023	; baunded
mean	: 0.05586910992860794	; std	: 0.018404465168714523	; inflating
mean	: 0.0933029055595398	; std	: 0.02433709241449833	; shrinking
mean	: 0.019266292452812195	; std	: 0.00847570039331913	; baunded
mean	: 0.05090131238102913	; std	: 0.016350476071238518	; inflating
mean	: 0.07855086028575897	; std	: 0.025588970631361008	; shrinking
mean	: 0.01946769654750824	; std	: 0.007206091191619635	; baunded
mean	: 0.048439837992191315	; std	: 0.015659265220165253	; inflating
mean	: 0.07804270088672638	; std	: 0.024083245545625687	; shrinking
mean	: 0.024213096126914024	; std	: 0.009583739563822746	; baunded
mean	: 0.05798840522766113	; std	: 0.01862524449825287	; inflating
mean	: 0.0944182351231575	; std	: 0.02504323236644268	; shrinking
mean	: 0.015477403067052364	; std	: 0.007690852507948875	; baunded
mean	: 0.05467548966407776	; std	: 0.018786447122693062	; inflating
mean	: 0.093109130859375	; std	: 0.02457634173333645	; shrinking
mean	: 0.01489289291203022	; std	: 0.007407178170979023	; baunded
mean	: 0.05090131238102913	; std	: 0.016350476071238518	; inflating
mean	: 0.07855086028575897	; std	: 0.025588970631361008	; shrinking
mean	: 0.01946769654750824	; std	: 0.007206091191619635	; baunded
mean	: 0.057919442653656006	; std	: 0.01705697365105152	; inflating
mean	: 0.08815887570381165	; std	: 0.025136534124612808	; shrinking
mean	: 0.01620958186686039	; std	: 0.006954671815037727	; baunded
mean	: 0.05798840522766113	; std	: 0.01862524449825287	; inflating
mean	: 0.0944182351231575	; std	: 0.02504323236644268	; shrinking
mean	: 0.015477403067052364	; std	: 0.007690852507948875	; baunded
mean	: 0.05171172693371773	; std	: 0.016386598348617554	; inflating
mean	: 0.07892677187919617	; std	: 0.02552717737853527	; shrinking
mean	: 0.017105327919125557	; std	: 0.008081399835646152	; baunded
mean	: 0.05448643118143082	; std	: 0.01787297986447811	; inflating
mean	: 0.0873587504029274	; std	: 0.025458211079239845	; shrinking
mean	: 0.015156363137066364	; std	: 0.0058580124750733376	; baunded
mean	: 0.05753905326128006	; std	: 0.01732027530670166	; inflating
mean	: 0.08934598416090012	; std	: 0.025194989517331123	; shrinking
mean	: 0.01509521808475256	; std	: 0.0076609342359006405	; baunded
mean	: 0.07343112677335739	; std	: 0.016950365155935287	; inflating
mean	: 0.09747156500816345	; std	: 0.027691256254911423	; shrinking
mean	: 0.0265523549169302	; std	: 0.007944785058498383	; baunded
mean	: 0.0760195404291153	; std	: 0.018024882301688194	; inflating
mean	: 0.10393193364143372	; std	: 0.02742200903594494	; shrinking
mean	: 0.025733985006809235	; std	: 0.007624146528542042	; baunded
mean	: 0.05171172693371773	; std	: 0.016386598348617554	; inflating
mean	: 0.07892677187919617	; std	: 0.02552717737853527	; shrinking
mean	: 0.017105327919125557	; std	: 0.008081399835646152	; baunded
mean	: 0.05171172693371773	; std	: 0.016386598348617554	; inflating
mean	: 0.07892677187919617	; std	: 0.02552717737853527	; shrinking
mean	: 0.017105327919125557	; std	: 0.008081399835646152	; baunded
mean	: 0.05753905326128006	; std	: 0.01732027530670166	; inflating
mean	: 0.08934598416090012	; std	: 0.025194989517331123	; shrinking
mean	: 0.01509521808475256	; std	: 0.0076609342359006405	; baunded
mean	: 0.06849945336580276	; std	: 0.01873858831822872	; inflating
mean	: 0.1037706583738327	; std	: 0.02523816004395485	; shrinking
mean	: 0.02631150186061859	; std	: 0.009092090651392937	; baunded
mean	: 0.07343112677335739	; std	: 0.016950365155935287	; inflating
mean	: 0.09747156500816345	; std	: 0.027691256254911423	; shrinking
mean	: 0.0265523549169302	; std	: 0.007944785058498383	; baunded
mean	: 0.05497336387634277	; std	: 0.01781490072607994	; inflating
mean	: 0.08947433531284332	; std	: 0.024893781170248985	; shrinking
mean	: 0.013756101951003075	; std	: 0.0072310003452003	; baunded
mean	: 0.047646503895521164	; std	: 0.017872048541903496	; inflating
mean	: 0.08388808369636536	; std	: 0.02442012168467045	; shrinking
mean	: 0.018798645585775375	; std	: 0.006726584397256374	; baunded
mean	: 0.06901946663856506	; std	: 0.016436319798231125	; inflating
mean	: 0.09278076887130737	; std	: 0.027300598099827766	; shrinking
mean	: 0.02655116468667984	; std	: 0.007096759509295225	; baunded
mean	: 0.05753905326128006	; std	: 0.01732027530670166	; inflating
mean	: 0.08934598416090012	; std	: 0.025194989517331123	; shrinking
mean	: 0.01509521808475256	; std	: 0.0076609342359006405	; baunded
mean	: 0.05467548966407776	; std	: 0.018786447122693062	; inflating
mean	: 0.093109130859375	; std	: 0.02457634173333645	; shrinking
mean	: 0.01489289291203022	; std	: 0.007407178170979023	; baunded
mean	: 0.05171172693371773	; std	: 0.016386598348617554	; inflating
mean	: 0.07892677187919617	; std	: 0.02552717737853527	; shrinking
mean	: 0.017105327919125557	; std	: 0.008081399835646152	; baunded
mean	: 0.048439837992191315	; std	: 0.015659265220165253	; inflating
mean	: 0.07804270088672638	; std	: 0.024083245545625687	; shrinking
mean	: 0.024213096126914024	; std	: 0.009583739563822746	; baunded
mean	: 0.05954977124929428	; std	: 0.01792133040726185	; inflating
mean	: 0.0948147177696228	; std	: 0.024574004113674164	; shrinking
mean	: 0.01811261847615242	; std	: 0.008256552740931511	; baunded
mean	: 0.053051404654979706	; std	: 0.01908595860004425	; inflating
mean	: 0.09254350513219833	; std	: 0.02432292327284813	; shrinking
mean	: 0.017736108973622322	; std	: 0.007418280933052301	; baunded
mean	: 0.04654846712946892	; std	: 0.016118157655000687	; inflating
mean	: 0.077614426612854	; std	: 0.024241942912340164	; shrinking
mean	: 0.02191675826907158	; std	: 0.009188717231154442	; baunded
mean	: 0.05798840522766113	; std	: 0.01862524449825287	; inflating
mean	: 0.0944182351231575	; std	: 0.02504323236644268	; shrinking
mean	: 0.015477403067052364	; std	: 0.007690852507948875	; baunded
mean	: 0.057919442653656006	; std	: 0.01705697365105152	; inflating
mean	: 0.08815887570381165	; std	: 0.025136534124612808	; shrinking
mean	: 0.01620958186686039	; std	: 0.006954671815037727	; baunded
mean	: 0.0760195404291153	; std	: 0.018024882301688194	; inflating
mean	: 0.10393193364143372	; std	: 0.02742200903594494	; shrinking
mean	: 0.025733985006809235	; std	: 0.007624146528542042	; baunded
mean	: 0.04896767809987068	; std	: 0.01750117912888527	; inflating
mean	: 0.08312839269638062	; std	: 0.0247446708381176	; shrinking
mean	: 0.016263121739029884	; std	: 0.0075332242995500565	; baunded
mean	: 0.07343112677335739	; std	: 0.016950365155935287	; inflating
mean	: 0.09747156500816345	; std	: 0.027691256254911423	; shrinking
mean	: 0.0265523549169302	; std	: 0.007944785058498383	; baunded
mean	: 0.052585773169994354	; std	: 0.017787152901291847	; inflating
mean	: 0.08845525234937668	; std	: 0.02436637505888939	; shrinking
mean	: 0.014804042875766754	; std	: 0.007770724128931761	; baunded
mean	: 0.0552469938993454	; std	: 0.017263256013393402	; inflating
mean	: 0.08719643950462341	; std	: 0.0250580832362175	; shrinking
mean	: 0.01492307335138321	; std	: 0.007579694036394358	; baunded
mean	: 0.05027032643556595	; std	: 0.0162357110530138	; inflating
mean	: 0.07948759198188782	; std	: 0.02512776292860508	; shrinking
mean	: 0.02040625736117363	; std	: 0.008316529914736748	; baunded
mean	: 0.06312292814254761	; std	: 0.018804019317030907	; inflating
mean	: 0.09919549524784088	; std	: 0.025262068957090378	; shrinking
mean	: 0.019702818244695663	; std	: 0.008194126188755035	; baunded
mean	: 0.061220407485961914	; std	: 0.01774328015744686	; inflating
mean	: 0.09419958293437958	; std	: 0.02532278001308441	; shrinking
mean	: 0.016445636749267578	; std	: 0.00672830268740654	; baunded
mean	: 0.059568241238594055	; std	: 0.01818077825009823	; inflating
mean	: 0.09421093761920929	; std	: 0.025242095813155174	; shrinking
mean	: 0.014718852005898952	; std	: 0.006828872486948967	; baunded
mean	: 0.0760195404291153	; std	: 0.018024882301688194	; inflating
mean	: 0.10393193364143372	; std	: 0.02742200903594494	; shrinking
mean	: 0.025733985006809235	; std	: 0.007624146528542042	; baunded
mean	: 0.05954977124929428	; std	: 0.01792133040726185	; inflating
mean	: 0.0948147177696228	; std	: 0.024574004113674164	; shrinking
mean	: 0.01811261847615242	; std	: 0.008256552740931511	; baunded
mean	: 0.05753905326128006	; std	: 0.01732027530670166	; inflating
mean	: 0.08934598416090012	; std	: 0.025194989517331123	; shrinking
mean	: 0.01509521808475256	; std	: 0.0076609342359006405	; baunded
mean	: 0.04684853181242943	; std	: 0.017664240673184395	; inflating
mean	: 0.08245910704135895	; std	: 0.02437041513621807	; shrinking
mean	: 0.01720014214515686	; std	: 0.007680896669626236	; baunded
mean	: 0.059648528695106506	; std	: 0.01724604144692421	; inflating
mean	: 0.08856178820133209	; std	: 0.02623378112912178	; shrinking
mean	: 0.015235139057040215	; std	: 0.00543251633644104	; baunded
mean	: 0.06849945336580276	; std	: 0.01873858831822872	; inflating
mean	: 0.1037706583738327	; std	: 0.02523816004395485	; shrinking
mean	: 0.02631150186061859	; std	: 0.009092090651392937	; baunded
mean	: 0.062007658183574677	; std	: 0.018312424421310425	; inflating
mean	: 0.09691838920116425	; std	: 0.025193100795149803	; shrinking
mean	: 0.017255084589123726	; std	: 0.007953268475830555	; baunded
mean	: 0.059648528695106506	; std	: 0.01724604144692421	; inflating
mean	: 0.08856178820133209	; std	: 0.02623378112912178	; shrinking
mean	: 0.015235139057040215	; std	: 0.00543251633644104	; baunded
mean	: 0.052585773169994354	; std	: 0.017787152901291847	; inflating
mean	: 0.08845525234937668	; std	: 0.02436637505888939	; shrinking
mean	: 0.014804042875766754	; std	: 0.007770724128931761	; baunded
> end program
