output_dir	: stem_log/evaluate_unknown_state_estimation/2020-12-31-02-04-53(214369)
> load model
model_path	: stem_log/pre_train/2020-12-30-22-23-11(191646)/model-epoch-(10)-batch-(10)
Model: "model"
_________________________________________________________________
Layer (type)                 Output Shape              Param #   
=================================================================
input_1 (InputLayer)         [(None, 100, 2)]          0         
_________________________________________________________________
LSTM (Model)                 (None, 128)               67072     
_________________________________________________________________
tf.math.l2_normalize (TFOpLa (None, 128)               0         
=================================================================
Total params: 67,072
Trainable params: 67,072
Non-trainable params: 0
_________________________________________________________________
> load known_sample_dict
known_sample_dict_path	: stem_log/pre_train/2020-12-30-22-23-11(191646)/test_sample_dict.pkl
known_sample_dict	: {'inflating': 320, 'shrinking': 320, 'non': 320}
> load unknown_sample_dict
unknown_sample_dict_path	: stem_log/split_sample_dict/2020-12-30-21-53-44(190657)/sample_dict(baunded).pkl
unknown_sample_dict	: {'baunded': 1362}
> shuffle
> slice
known_sample_dict	: {'inflating': 32, 'shrinking': 32, 'non': 32}
unknown_sample_dict	: {'baunded': 32}
anchor_name	: baunded
frame_idx	: 0
comp_name	: baunded
distances	: [0.         0.005461   0.01058438 0.00720446 0.01051974 0.01369028
 0.01299751 0.00873191 0.01423437 0.00565079 0.00592602 0.00961719
 0.00698766 0.01075431 0.00670211 0.00660657 0.00605307 0.00886398
 0.00608037 0.00860339 0.00655237 0.01194844 0.00930529 0.01767575
 0.00402501 0.00468529 0.01182396 0.00911986 0.00855605 0.01810069
 0.00684522 0.00848163]
mean_distance	: 0.008824646472930908
comp_name	: inflating
distances	: [0.03663084 0.03663084 0.02142825 0.03663084 0.02647932 0.03663084
 0.01870115 0.02647932 0.02967751 0.02967751 0.01926042 0.02647932
 0.01545687 0.03663084 0.01971002 0.02142825 0.02142825 0.02647932
 0.01545687 0.02530181 0.02263948 0.02967751 0.02882282 0.02530181
 0.01815215 0.02530181 0.01870115 0.02149807 0.01541151 0.02031182
 0.01436977 0.01966084]
mean_distance	: 0.024576473981142044
comp_name	: shrinking
distances	: [0.04723218 0.04723218 0.02513007 0.02513007 0.02513007 0.04628964
 0.03988086 0.02513007 0.04628964 0.03988086 0.02513007 0.02650264
 0.04835549 0.02777965 0.04326238 0.04730351 0.04723218 0.03329227
 0.03765441 0.04628964 0.03058197 0.03545921 0.02650264 0.02577538
 0.02777965 0.0504394  0.04628964 0.04835549 0.02513007 0.03058197
 0.02513005 0.02648551]
mean_distance	: 0.0358949638903141
comp_name	: non
distances	: [0.04397212 0.04397212 0.04397212 0.04397212 0.04366106 0.06108353
 0.04366106 0.05946353 0.04397212 0.04381895 0.06108353 0.05930502
 0.04388275 0.03210934 0.02919927 0.04366106 0.04366106 0.05930502
 0.04388275 0.04366106 0.02869363 0.04388275 0.04449277 0.02153274
 0.04388275 0.02920229 0.05930502 0.04388275 0.04388275 0.04372693
 0.03340447 0.02998507]
mean_distance	: 0.04366167262196541
frame_idx	: 1
comp_name	: baunded
distances	: [0.005461   0.         0.00641308 0.00466335 0.00595663 0.00894565
 0.01658932 0.005942   0.00961795 0.00883252 0.00413903 0.01148791
 0.00571239 0.01366627 0.00893554 0.00530002 0.00274246 0.01188183
 0.00989314 0.00503307 0.00237909 0.00818653 0.01287526 0.02183292
 0.00607006 0.00392689 0.00748866 0.00478341 0.00426039 0.01364196
 0.00420876 0.01178276]
mean_distance	: 0.00789530761539936
comp_name	: inflating
distances	: [0.03294281 0.03294281 0.01741223 0.03294281 0.0297465  0.03294281
 0.01532948 0.0297465  0.02638916 0.02638916 0.01662525 0.0297465
 0.01621782 0.03294281 0.01979386 0.01741223 0.01741223 0.0297465
 0.01621782 0.02183031 0.01933577 0.02638916 0.03127231 0.02183031
 0.01592673 0.02183031 0.01532948 0.02459332 0.01541802 0.0217794
 0.01611068 0.01573704]
mean_distance	: 0.023133816197514534
comp_name	: shrinking
distances	: [0.04509497 0.04509497 0.02200397 0.02200397 0.02200397 0.04340936
 0.0373165  0.02200397 0.04340936 0.0373165  0.02200397 0.02259164
 0.04569798 0.02481483 0.04093294 0.04517424 0.04509497 0.03005104
 0.03400578 0.04340936 0.02680484 0.03162118 0.02259164 0.02230136
 0.02481483 0.0484679  0.04340936 0.04569798 0.02200397 0.02680484
 0.02200396 0.02384933]
mean_distance	: 0.03293141722679138
comp_name	: non
distances	: [0.04125123 0.04125123 0.04125123 0.04125123 0.04099941 0.05942742
 0.04099941 0.05777114 0.04125123 0.04111055 0.05942742 0.05759405
 0.04129277 0.02858675 0.02593656 0.04099941 0.04099941 0.05759405
 0.04129277 0.04099941 0.02564565 0.04129277 0.04165883 0.02433367
 0.04129277 0.02573802 0.05759405 0.04129277 0.04129277 0.04115036
 0.03749849 0.02656847]
mean_distance	: 0.04145766794681549
frame_idx	: 2
comp_name	: baunded
distances	: [0.01058438 0.00641308 0.         0.0080874  0.00174788 0.00409168
 0.02269652 0.00870082 0.00471447 0.01473189 0.00665748 0.01670562
 0.00994958 0.01878845 0.01478872 0.00991998 0.00762041 0.01773681
 0.01563791 0.00652389 0.00601162 0.00789858 0.01902107 0.02784194
 0.01058528 0.00935507 0.00422855 0.0044844  0.00442819 0.00810216
 0.00798694 0.01605355]
mean_distance	: 0.010377947241067886
comp_name	: inflating
distances	: [0.03034175 0.03034175 0.01413017 0.03034175 0.03500074 0.03034175
 0.01127198 0.03500074 0.02493299 0.02493299 0.01672873 0.03500074
 0.01983016 0.03034175 0.02318101 0.01413017 0.01413017 0.03500074
 0.01983016 0.01997855 0.01790051 0.02493299 0.03613402 0.01997855
 0.01430248 0.01997855 0.01127198 0.03007434 0.01835255 0.02647906
 0.02083289 0.01281112]
mean_distance	: 0.023369930684566498
comp_name	: shrinking
distances	: [0.04286634 0.04286634 0.02009957 0.02009957 0.02009957 0.04077738
 0.03497097 0.02009957 0.04077738 0.03497097 0.02009957 0.01886642
 0.04317508 0.02288703 0.03863833 0.04293956 0.04286634 0.02762148
 0.03083451 0.04077738 0.0235583  0.02822332 0.01886642 0.01993543
 0.02288703 0.04634874 0.04077738 0.04317508 0.02009957 0.0235583
 0.02009956 0.02244112]
mean_distance	: 0.03050948679447174
comp_name	: non
distances	: [0.03883335 0.03883335 0.03883335 0.03883335 0.03857306 0.05738308
 0.03857306 0.0557598  0.03883335 0.03870027 0.05738308 0.05559228
 0.03895066 0.02594299 0.02416154 0.03857306 0.03857306 0.05559228
 0.03895066 0.03857306 0.02426654 0.03895066 0.03915301 0.02744718
 0.03895066 0.02334463 0.05559228 0.03895066 0.03895066 0.03881897
 0.04252334 0.0243566 ]
mean_distance	: 0.039586059749126434
frame_idx	: 3
comp_name	: baunded
distances	: [0.00720446 0.00466335 0.0080874  0.         0.00736121 0.0095253
 0.01686667 0.0025122  0.00957626 0.00837438 0.00339989 0.01027196
 0.00227513 0.01310113 0.01008116 0.00242901 0.00273615 0.0118427
 0.01002298 0.00296337 0.0044024  0.0060573  0.01387114 0.0217811
 0.00854918 0.00688042 0.00772361 0.00608837 0.00410248 0.01442584
 0.00063393 0.01092534]
mean_distance	: 0.007772994693368673
comp_name	: inflating
distances	: [0.03158524 0.03158524 0.01611517 0.03158524 0.02867434 0.03158524
 0.01386902 0.02867434 0.02475069 0.02475069 0.01462406 0.02867434
 0.0146262  0.03158524 0.0179744  0.01611517 0.01611517 0.02867434
 0.0146262  0.02007987 0.01747239 0.02475069 0.02953807 0.02007987
 0.01399848 0.02007987 0.01386902 0.02367027 0.01364117 0.02040041
 0.0150568  0.01428015]
mean_distance	: 0.02165960520505905
comp_name	: shrinking
distances	: [0.04313468 0.04313468 0.02121238 0.02121238 0.02121238 0.0420544
 0.03544147 0.02121238 0.0420544  0.03544147 0.02121238 0.0225782
 0.0442505  0.02364724 0.03894821 0.04323545 0.04313468 0.02887187
 0.03309284 0.0420544  0.02627898 0.03096843 0.0225782  0.02171492
 0.02364724 0.04644088 0.0420544  0.0442505  0.02121238 0.02627898
 0.02121236 0.02253621]
mean_distance	: 0.03175968676805496
comp_name	: non
distances	: [0.03950476 0.03950476 0.03950476 0.03950476 0.03918071 0.05797947
 0.03918071 0.05598837 0.03950476 0.03935235 0.05797947 0.05576464
 0.03941692 0.02740276 0.0248059  0.03918071 0.03918071 0.05576464
 0.03941692 0.03918071 0.02436494 0.03941692 0.04001249 0.0252145
 0.03941692 0.02462951 0.05576464 0.03941692 0.03941692 0.03922972
 0.03810811 0.02546251]
mean_distance	: 0.03992977738380432
frame_idx	: 4
comp_name	: baunded
distances	: [0.01051974 0.00595663 0.00174788 0.00736121 0.         0.0035406
 0.02241618 0.00801998 0.00424527 0.01435539 0.00652158 0.01638568
 0.00937376 0.01870044 0.01454879 0.00927859 0.00705753 0.01747937
 0.01550902 0.00594582 0.00509296 0.007249   0.01873277 0.02762484
 0.01031003 0.00907816 0.00309119 0.00351281 0.00338587 0.00795031
 0.00722341 0.01622385]
mean_distance	: 0.009951207786798477
comp_name	: inflating
distances	: [0.02994691 0.02994691 0.01387484 0.02994691 0.03497952 0.02994691
 0.01171578 0.03497952 0.02455584 0.02455584 0.01655376 0.03497952
 0.01995191 0.02994691 0.02271438 0.01387484 0.01387484 0.03497952
 0.01995191 0.01973226 0.0177198  0.02455584 0.03589601 0.01973226
 0.01483494 0.01973226 0.01171578 0.02995018 0.01850111 0.02606201
 0.02084159 0.01258691]
mean_distance	: 0.023223046213388443
comp_name	: shrinking
distances	: [0.04290247 0.04290247 0.01954913 0.01954913 0.01954913 0.04078171
 0.03483407 0.01954913 0.04078171 0.03483407 0.01954913 0.01834946
 0.04323022 0.02232574 0.03858781 0.04298075 0.04290247 0.02722362
 0.03053066 0.04078171 0.02314628 0.02784641 0.01834946 0.01939413
 0.02232574 0.04641715 0.04078171 0.04323022 0.01954913 0.02314628
 0.01954912 0.02190113]
mean_distance	: 0.030229102820158005
comp_name	: non
distances	: [0.03875964 0.03875964 0.03875964 0.03875964 0.03849292 0.05767257
 0.03849292 0.05597693 0.03875964 0.03862465 0.05767257 0.05579364
 0.03887152 0.02548122 0.02363575 0.03849292 0.03849292 0.05579364
 0.03887152 0.03849292 0.02371087 0.03887152 0.03908147 0.02749514
 0.03887152 0.02285126 0.05579364 0.03887152 0.03887152 0.03873293
 0.04243999 0.02386838]
mean_distance	: 0.03950364142656326
frame_idx	: 5
comp_name	: baunded
distances	: [0.01369028 0.00894565 0.00409168 0.0095253  0.0035406  0.
 0.02505352 0.0094724  0.00148064 0.01717141 0.00917773 0.01840004
 0.01145927 0.02164229 0.01700537 0.01146318 0.00944121 0.01993152
 0.0183661  0.00757937 0.00804122 0.00706235 0.02150139 0.0304542
 0.01314705 0.01168734 0.00453068 0.00525647 0.00585988 0.00626943
 0.00953367 0.01904343]
mean_distance	: 0.011869520880281925
comp_name	: inflating
distances	: [0.02700918 0.02700918 0.01107185 0.02700918 0.03728902 0.02700918
 0.01096624 0.03728902 0.02221053 0.02221053 0.01561072 0.03728902
 0.02150692 0.02700918 0.02314033 0.01107185 0.01107185 0.03728902
 0.02150692 0.0174503  0.01582904 0.02221053 0.03745292 0.0174503
 0.01502085 0.0174503  0.01096624 0.03220672 0.0197226  0.02726904
 0.02284662 0.01011015]
mean_distance	: 0.022517353296279907
comp_name	: shrinking
distances	: [0.04045184 0.04045184 0.01723126 0.01723126 0.01723126 0.03796642
 0.03219736 0.01723126 0.03796642 0.03219736 0.01723126 0.01545205
 0.04052574 0.01995599 0.03604357 0.04053561 0.04045184 0.02446765
 0.02743292 0.03796642 0.0201562  0.02473159 0.01545205 0.01682493
 0.01995599 0.04406046 0.03796642 0.04052574 0.01723126 0.0201562
 0.01723125 0.01982715]
mean_distance	: 0.02763558179140091
comp_name	: non
distances	: [0.0360238  0.0360238  0.0360238  0.0360238  0.03578111 0.05554258
 0.03578111 0.05378601 0.0360238  0.03589535 0.05554258 0.05359155
 0.03620322 0.02263129 0.0211337  0.03578111 0.03578111 0.05359155
 0.03620322 0.03578111 0.02139097 0.03620322 0.0362872  0.03074708
 0.03620322 0.02013066 0.05359155 0.03620322 0.03620322 0.03607024
 0.04580733 0.02118918]
mean_distance	: 0.03728664666414261
frame_idx	: 6
comp_name	: baunded
distances	: [0.01299751 0.01658932 0.02269652 0.01686667 0.02241618 0.02505352
 0.         0.0172273  0.0255965  0.00917256 0.01720505 0.00892378
 0.01506529 0.0110068  0.00838991 0.01470897 0.01581488 0.00551385
 0.00782227 0.01854828 0.01790354 0.02093371 0.00431435 0.00625402
 0.01419392 0.01389432 0.02364457 0.02018388 0.01990373 0.03018802
 0.01668485 0.01204626]
mean_distance	: 0.015367509797215462
comp_name	: inflating
distances	: [0.04277339 0.04277339 0.03013553 0.04277339 0.01635404 0.04277339
 0.02926443 0.01635404 0.03460588 0.03460588 0.02394779 0.01635404
 0.01473138 0.04277339 0.01760986 0.03013553 0.03013553 0.01635404
 0.01473138 0.03142134 0.02864591 0.03460588 0.01930284 0.03142134
 0.02622892 0.03142134 0.02926443 0.0109536  0.01649334 0.01354147
 0.01069273 0.02825053]
mean_distance	: 0.02660718560218811
comp_name	: shrinking
distances	: [0.05199803 0.05199803 0.03201352 0.03201352 0.03201352 0.05168424
 0.04530424 0.03201352 0.05168424 0.04530424 0.03201352 0.03588941
 0.05346912 0.03431348 0.04837384 0.05208866 0.05199803 0.03961694
 0.04470964 0.05168424 0.03854082 0.04318731 0.03588941 0.0331835
 0.03431348 0.05487932 0.05168424 0.05346912 0.03201352 0.03854082
 0.03201351 0.03237042]
mean_distance	: 0.04219592362642288
comp_name	: non
distances	: [0.04914611 0.04914611 0.04914611 0.04914611 0.04890737 0.06492925
 0.04890737 0.06332284 0.04914611 0.04899513 0.06492925 0.06315976
 0.04897382 0.03893951 0.03506162 0.04890737 0.04890737 0.06315976
 0.04897382 0.04890737 0.03402998 0.04897382 0.04978798 0.02456676
 0.04897382 0.0360112  0.06315976 0.04897382 0.04897382 0.04880718
 0.02789406 0.03639099]
mean_distance	: 0.048351727426052094
frame_idx	: 7
comp_name	: baunded
distances	: [0.00873191 0.005942   0.00870082 0.0025122  0.00801998 0.0094724
 0.0172273  0.         0.00945546 0.00949748 0.00447401 0.00970577
 0.00274129 0.01426405 0.01028244 0.0029153  0.00350521 0.0119643
 0.01083237 0.00231908 0.00604367 0.00429222 0.01453025 0.02236976
 0.00975957 0.00742096 0.00872712 0.00642294 0.00503615 0.01492821
 0.00298292 0.0116939 ]
mean_distance	: 0.008336596190929413
comp_name	: inflating
distances	: [0.02957903 0.02957903 0.01440351 0.02957903 0.02841916 0.02957903
 0.01355322 0.02841916 0.02246536 0.02246536 0.01216944 0.02841916
 0.01354302 0.02957903 0.01611003 0.01440351 0.01440351 0.02841916
 0.01354302 0.01782934 0.01515814 0.02246536 0.02854055 0.01782934
 0.01321898 0.01782934 0.01355322 0.02334918 0.01225493 0.01911106
 0.01441471 0.01247742]
mean_distance	: 0.02020822837948799
comp_name	: shrinking
distances	: [0.04160132 0.04160132 0.01959413 0.01959413 0.01959413 0.04039568
 0.03369159 0.01959413 0.04039568 0.03369159 0.01959413 0.02163229
 0.04265614 0.0219834  0.03730739 0.04172045 0.04160132 0.0270471
 0.0313729  0.04039568 0.02477394 0.02939566 0.02163229 0.02015832
 0.0219834  0.04498032 0.04039568 0.04265614 0.01959413 0.02477394
 0.01959412 0.02075923]
mean_distance	: 0.030180053785443306
comp_name	: non
distances	: [0.03775302 0.03775302 0.03775302 0.03775302 0.03745799 0.05669998
 0.03745799 0.05468214 0.03775302 0.03760324 0.05669998 0.05445331
 0.03769563 0.02560382 0.02288573 0.03745799 0.03745799 0.05445331
 0.03769563 0.03745799 0.0223922  0.03769563 0.03827512 0.02744654
 0.03769563 0.02283695 0.05445331 0.03769563 0.03769563 0.03749449
 0.03977571 0.02360112]
mean_distance	: 0.03848705440759659
frame_idx	: 8
comp_name	: baunded
distances	: [0.01423437 0.00961795 0.00471447 0.00957626 0.00424527 0.00148064
 0.0255965  0.00945546 0.         0.01752118 0.0093183  0.01867744
 0.01152285 0.02179194 0.01767311 0.01161215 0.00986083 0.02040759
 0.01876653 0.00760167 0.00864458 0.0068346  0.0221552  0.03089312
 0.01394636 0.0124976  0.00453474 0.00608429 0.00611381 0.00612106
 0.00965898 0.01909559]
mean_distance	: 0.012195450253784657
comp_name	: inflating
distances	: [0.02668434 0.02668434 0.01052191 0.02668434 0.0374227  0.02668434
 0.00980188 0.0374227  0.02190464 0.02190464 0.01530294 0.0374227
 0.02144111 0.02668434 0.02327658 0.01052191 0.01052191 0.0374227
 0.02144111 0.01699181 0.01535898 0.02190464 0.03753228 0.01699181
 0.01415868 0.01699181 0.00980188 0.03243626 0.01957949 0.0275371
 0.02298198 0.00952563]
mean_distance	: 0.02223573438823223
comp_name	: shrinking
distances	: [0.04003268 0.04003268 0.01727734 0.01727734 0.01727734 0.03770269
 0.03179798 0.01727734 0.03770269 0.03179798 0.01727734 0.01552937
 0.04023662 0.01985535 0.03561309 0.04012277 0.04003268 0.0242813
 0.02722987 0.03770269 0.02008534 0.02458061 0.01552937 0.01688085
 0.01985535 0.04363357 0.03770269 0.04023662 0.01727734 0.02008534
 0.01727733 0.01973406]
mean_distance	: 0.02746673673391342
comp_name	: non
distances	: [0.03565399 0.03565399 0.03565399 0.03565399 0.03538989 0.055192
 0.03538989 0.05338771 0.03565399 0.0355211  0.055192   0.05318934
 0.03580633 0.02239236 0.02104987 0.03538989 0.03538989 0.05318934
 0.03580633 0.03538989 0.02130946 0.03580633 0.03594141 0.03097677
 0.03580633 0.01996126 0.05318934 0.03580633 0.03580633 0.03565575
 0.0461973  0.02104581]
mean_distance	: 0.03698275610804558
frame_idx	: 9
comp_name	: baunded
distances	: [0.00565079 0.00883252 0.01473189 0.00837438 0.01435539 0.01717141
 0.00917256 0.00949748 0.01752118 0.         0.00898321 0.00662979
 0.00690851 0.00717746 0.00568043 0.00666829 0.00793552 0.00544045
 0.00286061 0.01062128 0.00974738 0.01362304 0.00651276 0.01359214
 0.00820193 0.00781856 0.01507486 0.01261247 0.01158554 0.02184874
 0.00814778 0.00692902]
mean_distance	: 0.009684605523943901
comp_name	: inflating
distances	: [0.03811574 0.03811574 0.02362625 0.03811574 0.02225124 0.03811574
 0.02108762 0.02225124 0.03052253 0.03052253 0.01950691 0.02225124
 0.01307714 0.03811574 0.01778453 0.02362625 0.02362625 0.02225124
 0.01307714 0.02640439 0.02357255 0.03052253 0.02478277 0.02640439
 0.01928    0.02640439 0.02108762 0.01720762 0.01370035 0.01712357
 0.01107187 0.02170881]
mean_distance	: 0.02422848902642727
comp_name	: shrinking
distances	: [0.04800396 0.04800396 0.02718859 0.02718859 0.02718859 0.04753634
 0.04099674 0.02718859 0.04753634 0.04099674 0.02718859 0.02963926
 0.04945219 0.02959911 0.04417961 0.04808777 0.04800396 0.03505071
 0.03974617 0.04753634 0.03310916 0.03787014 0.02963926 0.02805969
 0.02959911 0.05103483 0.04753634 0.04945219 0.02718859 0.03310916
 0.02718858 0.02804944]
mean_distance	: 0.0375671461224556
comp_name	: non
distances	: [0.04498848 0.04498848 0.04498848 0.04498848 0.0446726  0.06176398
 0.0446726  0.0599401  0.04498848 0.04483078 0.06176398 0.05974666
 0.04481032 0.03396326 0.03072237 0.0446726  0.0446726  0.05974666
 0.04481032 0.0446726  0.02996978 0.04481032 0.04557672 0.02119643
 0.04481032 0.03105929 0.05974666 0.04481032 0.04481032 0.04463557
 0.03080622 0.03171239]
mean_distance	: 0.04451087862253189
frame_idx	: 10
comp_name	: baunded
distances	: [0.00592602 0.00413903 0.00665748 0.00339989 0.00652158 0.00917773
 0.01720505 0.00447401 0.0093183  0.00898321 0.         0.01081096
 0.00438054 0.01343126 0.01007515 0.00435654 0.00354722 0.0121278
 0.00989812 0.00336908 0.00456905 0.00682299 0.01402113 0.02206555
 0.0074878  0.00613432 0.00769249 0.00573569 0.00402538 0.01402536
 0.00343625 0.01012796]
mean_distance	: 0.007935715839266777
comp_name	: inflating
distances	: [0.0320852  0.0320852  0.01623482 0.0320852  0.02894652 0.0320852
 0.0132339  0.02894652 0.02532876 0.02532876 0.01508455 0.02894652
 0.01473866 0.0320852  0.01883689 0.01623482 0.01623482 0.02894652
 0.01473866 0.02049216 0.01784318 0.02532876 0.03017454 0.02049216
 0.01337078 0.02049216 0.0132339  0.02406874 0.01372935 0.0212261
 0.01529018 0.01439397]
mean_distance	: 0.021948207169771194
comp_name	: shrinking
distances	: [0.04371664 0.04371664 0.02146007 0.02146007 0.02146007 0.04258186
 0.03595102 0.02146007 0.04258186 0.03595102 0.02146007 0.022573
 0.04478872 0.02399243 0.03950862 0.04381482 0.04371664 0.02921811
 0.03337358 0.04258186 0.02640961 0.03116331 0.022573   0.02193399
 0.02399243 0.0470802  0.04258186 0.04478872 0.02146007 0.02640961
 0.02146006 0.02285637]
mean_distance	: 0.03212738782167435
comp_name	: non
distances	: [0.04009362 0.04009362 0.04009362 0.04009362 0.03977513 0.05825977
 0.03977513 0.05650185 0.04009362 0.03993955 0.05825977 0.0563232
 0.0400384  0.02777924 0.02528984 0.03977513 0.03977513 0.0563232
 0.0400384  0.03977513 0.02492395 0.0400384  0.04060941 0.02489061
 0.0400384  0.02500547 0.0563232  0.0400384  0.0400384  0.03984705
 0.03814896 0.02587128]
mean_distance	: 0.040433451533317566
frame_idx	: 11
comp_name	: baunded
distances	: [0.00961719 0.01148791 0.01670562 0.01027196 0.01638568 0.01840004
 0.00892378 0.00970577 0.01867744 0.00662979 0.01081096 0.
 0.00816487 0.01115129 0.00567872 0.00795061 0.0096501  0.00405279
 0.00608336 0.0113052  0.01272337 0.01297376 0.00812879 0.01407438
 0.01101687 0.00932574 0.01768106 0.01404218 0.01359057 0.02409599
 0.01035889 0.00900263]
mean_distance	: 0.01120835356414318
comp_name	: inflating
distances	: [0.03468847 0.03468847 0.02178358 0.03468847 0.01981441 0.03468847
 0.02185885 0.01981441 0.0264315  0.0264315  0.01540501 0.01981441
 0.00931413 0.03468847 0.01156343 0.02178358 0.02178358 0.01981441
 0.00931413 0.02288075 0.02003752 0.0264315  0.01990398 0.02288075
 0.01887917 0.02288075 0.02185885 0.01431309 0.00986267 0.01113895
 0.0076187  0.0198319 ]
mean_distance	: 0.021152745932340622
comp_name	: shrinking
distances	: [0.04499638 0.04499638 0.02456126 0.02456126 0.02456126 0.04452878
 0.03765807 0.02456126 0.04452878 0.03765807 0.02456126 0.02880333
 0.04650566 0.02673008 0.04099821 0.04512459 0.04499638 0.03184786
 0.03693379 0.04452878 0.03094947 0.03549902 0.02880333 0.02572996
 0.02673008 0.04813634 0.04452878 0.04650566 0.02456126 0.03094947
 0.02456125 0.02476142]
mean_distance	: 0.03485492616891861
comp_name	: non
distances	: [0.04169344 0.04169344 0.04169344 0.04169344 0.04143206 0.05914479
 0.04143206 0.05729988 0.04169344 0.0415381  0.05914479 0.05710608
 0.0415394  0.0310159  0.0273727  0.04143206 0.04143206 0.05710608
 0.0415394  0.04143206 0.0263798  0.0415394  0.04236815 0.02729135
 0.0415394  0.0281643  0.05710608 0.0415394  0.0415394  0.04132396
 0.03486775 0.0285911 ]
mean_distance	: 0.04189639538526535
frame_idx	: 12
comp_name	: baunded
distances	: [0.00698766 0.00571239 0.00994958 0.00227513 0.00937376 0.01145927
 0.01506529 0.00274129 0.01152285 0.00690851 0.00438054 0.00816487
 0.         0.01174341 0.00867925 0.00102645 0.00328643 0.00996507
 0.00842709 0.00425459 0.00610029 0.00697377 0.01240795 0.01996312
 0.00873751 0.00679873 0.00995662 0.00778009 0.00621063 0.01658212
 0.00251812 0.00954046]
mean_distance	: 0.007984152063727379
comp_name	: inflating
distances	: [0.03212745 0.03212745 0.01708011 0.03212745 0.02651789 0.03212745
 0.01515513 0.02651789 0.02485085 0.02485085 0.01414435 0.02651789
 0.01273193 0.03212745 0.01637691 0.01708011 0.01708011 0.02651789
 0.01273193 0.02031086 0.01754855 0.02485085 0.02733386 0.02031086
 0.0142456  0.02031086 0.01515513 0.02149027 0.01194555 0.0183996
 0.01296887 0.01514213]
mean_distance	: 0.021212628111243248
comp_name	: shrinking
distances	: [0.04327156 0.04327156 0.02189098 0.02189098 0.02189098 0.04239817
 0.03571443 0.02189098 0.04239817 0.03571443 0.02189098 0.02401714
 0.04452295 0.02425728 0.03914736 0.04337924 0.04327156 0.02944528
 0.03388324 0.04239817 0.02729797 0.03195585 0.02401714 0.02256201
 0.02425728 0.04652008 0.04239817 0.04452295 0.02189098 0.02729797
 0.02189097 0.02292661]
mean_distance	: 0.03231510892510414
comp_name	: non
distances	: [0.03975711 0.03975711 0.03975711 0.03975711 0.03944151 0.05798385
 0.03944151 0.05598176 0.03975711 0.03960305 0.05798385 0.05575833
 0.03963991 0.02810675 0.02526314 0.03944151 0.03944151 0.05575833
 0.03963991 0.03944151 0.02468219 0.03963991 0.0403091  0.02522516
 0.03963991 0.0253091  0.05575833 0.03963991 0.03963991 0.03944405
 0.03712347 0.02605162]
mean_distance	: 0.040130458772182465
frame_idx	: 13
comp_name	: baunded
distances	: [0.01075431 0.01366627 0.01878845 0.01310113 0.01870044 0.02164229
 0.0110068  0.01426405 0.02179194 0.00717746 0.01343126 0.01115129
 0.01174341 0.         0.01123079 0.01178264 0.01308175 0.00978392
 0.00685383 0.01519011 0.01479629 0.018379   0.01019262 0.01269958
 0.01432293 0.01353095 0.01899154 0.0180109  0.0162275  0.02546869
 0.01297054 0.00608323]
mean_distance	: 0.013650497421622276
comp_name	: inflating
distances	: [0.04322456 0.04322456 0.02826007 0.04322456 0.01940956 0.04322456
 0.02272417 0.01940956 0.03524259 0.03524259 0.02322725 0.01940956
 0.01278857 0.04322456 0.02222971 0.02826007 0.02826007 0.01940956
 0.01278857 0.0306774  0.02754146 0.03524259 0.02490203 0.0306774
 0.0195999  0.0306774  0.02272417 0.01575411 0.01417819 0.02038123
 0.01056423 0.02616449]
mean_distance	: 0.02662091702222824
comp_name	: shrinking
distances	: [0.05263449 0.05263449 0.03330727 0.03330727 0.03330727 0.05251326
 0.04618119 0.03330727 0.05251326 0.04618119 0.03330727 0.03549845
 0.05425628 0.03565706 0.04908293 0.05272111 0.05263449 0.04079352
 0.04534436 0.05251326 0.03888535 0.04353873 0.03549845 0.03407457
 0.03565706 0.05541758 0.05251326 0.05425628 0.03330727 0.03888535
 0.03330725 0.03407116]
mean_distance	: 0.0430346243083477
comp_name	: non
distances	: [0.04995558 0.04995558 0.04995558 0.04995558 0.04963848 0.06573615
 0.04963848 0.0638954  0.04995558 0.04980335 0.06573615 0.06369551
 0.04972719 0.03956281 0.03648949 0.04963848 0.04963848 0.06369551
 0.04972719 0.04963848 0.03575562 0.04972719 0.05055977 0.01754717
 0.04972719 0.03676383 0.06369551 0.04972719 0.04972719 0.0495465
 0.02653701 0.03741269]
mean_distance	: 0.04883643984794617
frame_idx	: 14
comp_name	: baunded
distances	: [0.00670211 0.00893554 0.01478872 0.01008116 0.01454879 0.01700537
 0.00838991 0.01028244 0.01767311 0.00568043 0.01007515 0.00567872
 0.00867925 0.01123079 0.         0.00818152 0.00829181 0.00391466
 0.00491603 0.0111616  0.01050589 0.01349942 0.00518667 0.01431408
 0.00733566 0.00578758 0.01622685 0.01218374 0.01238069 0.02237577
 0.00985827 0.00999419]
mean_distance	: 0.010183310136198997
comp_name	: inflating
distances	: [0.03614045 0.03614045 0.02258119 0.03614045 0.0226458  0.03614045
 0.02243227 0.0226458  0.02846333 0.02846333 0.01798466 0.0226458
 0.01296873 0.03614045 0.0153764  0.02258119 0.02258119 0.0226458
 0.01296873 0.02482866 0.02213928 0.02846333 0.02400428 0.02482866
 0.02055436 0.02482866 0.02243227 0.01706341 0.01340385 0.01485724
 0.0108285  0.02077272]
mean_distance	: 0.023334115743637085
comp_name	: shrinking
distances	: [0.04675227 0.04675227 0.02505349 0.02505349 0.02505349 0.04564748
 0.03942931 0.02505349 0.04564748 0.03942931 0.02505349 0.02811621
 0.04770454 0.0276666  0.04282646 0.04684038 0.04675227 0.03294493
 0.03766011 0.04564748 0.03111893 0.03586932 0.02811621 0.02595671
 0.0276666  0.04993485 0.04564748 0.04770454 0.02505349 0.03111893
 0.02505348 0.02601557]
mean_distance	: 0.03576064854860306
comp_name	: non
distances	: [0.04331873 0.04331873 0.04331873 0.04331873 0.04310521 0.06043949
 0.04310521 0.05885694 0.04331873 0.04317503 0.06043949 0.05869634
 0.04328059 0.03205949 0.02847245 0.04310521 0.04310521 0.05869634
 0.04328059 0.04310521 0.02770532 0.04328059 0.0438541  0.02515746
 0.04328059 0.02909171 0.05869634 0.04328059 0.04328059 0.04313255
 0.03357315 0.02960146]
mean_distance	: 0.04323284327983856
frame_idx	: 15
comp_name	: baunded
distances	: [0.00660657 0.00530002 0.00991998 0.00242901 0.00927859 0.01146318
 0.01470897 0.0029153  0.01161215 0.00666829 0.00435654 0.00795061
 0.00102645 0.01178264 0.00818152 0.         0.00294368 0.00964252
 0.00818626 0.00430302 0.00574697 0.00710901 0.01194413 0.01972554
 0.00820433 0.00615796 0.00995723 0.00755319 0.00611041 0.01663279
 0.00251486 0.00960081]
mean_distance	: 0.007829142734408379
comp_name	: inflating
distances	: [0.03217561 0.03217561 0.01721178 0.03217561 0.02648987 0.03217561
 0.01557081 0.02648987 0.02490005 0.02490005 0.01429008 0.02648987
 0.01289042 0.03217561 0.01625236 0.01721178 0.01721178 0.02648987
 0.01289042 0.02044228 0.01771091 0.02490005 0.02728465 0.02044228
 0.01472372 0.02044228 0.01557081 0.0213812  0.01216846 0.01820402
 0.01296012 0.01529661]
mean_distance	: 0.021302951499819756
comp_name	: shrinking
distances	: [0.04377501 0.04377501 0.0217884  0.0217884  0.0217884  0.04277559
 0.03605648 0.0217884  0.04277559 0.03605648 0.0217884  0.02390627
 0.04495632 0.02420263 0.03958367 0.04388529 0.04377501 0.02947617
 0.03394532 0.04277559 0.02724802 0.03194005 0.02390627 0.02245183
 0.02420263 0.0470666  0.04277559 0.04495632 0.0217884  0.02724802
 0.02178838 0.02286665]
mean_distance	: 0.03246565908193588
comp_name	: non
distances	: [0.04013961 0.04013961 0.04013961 0.04013961 0.039834   0.05856207
 0.039834   0.0565947  0.04013961 0.03998718 0.05856207 0.05637341
 0.04004405 0.02811107 0.02521056 0.039834   0.039834   0.05637341
 0.04004405 0.039834   0.02462753 0.04004405 0.04068387 0.02521828
 0.04004405 0.02528668 0.05637341 0.04004405 0.04004405 0.0398483
 0.03698466 0.02602306]
mean_distance	: 0.040467269718647
frame_idx	: 16
comp_name	: baunded
distances	: [0.00605307 0.00274246 0.00762041 0.00273615 0.00705753 0.00944121
 0.01581488 0.00350521 0.00986083 0.00793552 0.00354722 0.0096501
 0.00328643 0.01308175 0.00829181 0.00294368 0.         0.01075281
 0.00918491 0.00347796 0.00363746 0.00659632 0.01252078 0.02111075
 0.00703633 0.00448666 0.00828371 0.00528832 0.0043918  0.01468252
 0.00246984 0.01096911]
mean_distance	: 0.0074517978355288506
comp_name	: inflating
distances	: [0.03176458 0.03176458 0.01645362 0.03176458 0.02835485 0.03176458
 0.0150035  0.02835485 0.024845   0.024845   0.01467458 0.02835485
 0.0143966  0.03176458 0.01763217 0.01645362 0.01645362 0.02835485
 0.0143966  0.02031346 0.01770002 0.024845   0.02934221 0.02031346
 0.01494734 0.02031346 0.0150035  0.02316513 0.01350285 0.01982537
 0.01450473 0.01464089]
mean_distance	: 0.02174418978393078
comp_name	: shrinking
distances	: [0.04355719 0.04355719 0.02111741 0.02111741 0.02111741 0.04212796
 0.03583101 0.02111741 0.04212796 0.03583101 0.02111741 0.02253975
 0.04436642 0.02377616 0.03939444 0.04364964 0.04355719 0.02896104
 0.03313759 0.04212796 0.02623575 0.03099146 0.02253975 0.02158482
 0.02377616 0.04690102 0.04212796 0.04436642 0.02111741 0.02623575
 0.02111739 0.02264328]
mean_distance	: 0.03186771273612976
comp_name	: non
distances	: [0.0397833  0.0397833  0.0397833  0.0397833  0.03951926 0.0580946
 0.03951926 0.05629254 0.0397833  0.03963828 0.0580946  0.05609569
 0.03977635 0.02757212 0.02477588 0.03951926 0.03951926 0.05609569
 0.03977635 0.03951926 0.02435548 0.03977635 0.04024357 0.02536387
 0.03977635 0.02472134 0.05609569 0.03977635 0.03977635 0.03961461
 0.03784685 0.02549699]
mean_distance	: 0.04017402231693268
frame_idx	: 17
comp_name	: baunded
distances	: [0.00886398 0.01188183 0.01773681 0.0118427  0.01747937 0.01993152
 0.00551385 0.0119643  0.02040759 0.00544045 0.0121278  0.00405279
 0.00996507 0.00978392 0.00391466 0.00964252 0.01075281 0.
 0.00412478 0.01327505 0.0132701  0.01554727 0.00423271 0.01114852
 0.01024473 0.00925653 0.01883928 0.01518486 0.01490618 0.02532033
 0.01173048 0.00895807]
mean_distance	: 0.011479401960968971
comp_name	: inflating
distances	: [0.03792363 0.03792363 0.02475095 0.03792363 0.01912749 0.03792363
 0.0241466  0.01912749 0.02985653 0.02985653 0.01897963 0.01912749
 0.01155037 0.03792363 0.01457444 0.02475095 0.02475095 0.01912749
 0.01155037 0.02633869 0.02352956 0.02985653 0.02071998 0.02633869
 0.02142928 0.02633869 0.0241466  0.01354608 0.01262116 0.01270576
 0.00859669 0.02284345]
mean_distance	: 0.023434581235051155
comp_name	: shrinking
distances	: [0.04769467 0.04769467 0.02721446 0.02721446 0.02721446 0.0471674
 0.0406717  0.02721446 0.0471674  0.0406717  0.02721446 0.03093661
 0.04906945 0.02957126 0.0438862  0.04779401 0.04769467 0.0348246
 0.03980233 0.0471674  0.03357363 0.03823924 0.03093661 0.02831286
 0.02957126 0.05073528 0.0471674  0.04906945 0.02721446 0.03357363
 0.02721444 0.02770317]
mean_distance	: 0.037537429481744766
comp_name	: non
distances	: [0.04459278 0.04459278 0.04459278 0.04459278 0.04434494 0.06122114
 0.04434494 0.05953265 0.04459278 0.04444077 0.06122114 0.05936107
 0.04445316 0.03403873 0.03034345 0.04434494 0.04434494 0.05936107
 0.04445316 0.04434494 0.02940523 0.04445316 0.04521894 0.02496104
 0.04445316 0.03111582 0.05936107 0.04445316 0.04445316 0.0442764
 0.03170305 0.0315651 ]
mean_distance	: 0.0443291962146759
frame_idx	: 18
comp_name	: baunded
distances	: [0.00608037 0.00989314 0.01563791 0.01002298 0.01550902 0.0183661
 0.00782227 0.01083237 0.01876653 0.00286061 0.00989812 0.00608336
 0.00842709 0.00685383 0.00491603 0.00818626 0.00918491 0.00412478
 0.         0.01177183 0.01128233 0.01475106 0.00542899 0.01230124
 0.00881513 0.00818414 0.01662226 0.01383318 0.01299387 0.0232004
 0.00985159 0.00583474]
mean_distance	: 0.010260513983666897
comp_name	: inflating
distances	: [0.03888129 0.03888129 0.02449143 0.03888129 0.02058285 0.03888129
 0.02187198 0.02058285 0.03104285 0.03104285 0.01969353 0.02058285
 0.01187478 0.03888129 0.0175549  0.02449143 0.02449143 0.02058285
 0.01187478 0.02692897 0.02399658 0.03104285 0.02355524 0.02692897
 0.01944088 0.02692897 0.02187198 0.01559089 0.01278513 0.0163736
 0.00950682 0.02251664]
mean_distance	: 0.02414485439658165
comp_name	: shrinking
distances	: [0.0487164  0.0487164  0.02806757 0.02806757 0.02806757 0.04824774
 0.04175358 0.02806757 0.04824774 0.04175358 0.02806757 0.03082052
 0.0501425  0.03051383 0.04492784 0.04880502 0.0487164  0.03585543
 0.04060422 0.04824774 0.03405197 0.03880864 0.03082052 0.02898283
 0.03051383 0.05173611 0.04824774 0.0501425  0.02806757 0.03405197
 0.02806755 0.02883512]
mean_distance	: 0.038397908210754395
comp_name	: non
distances	: [0.0457207  0.0457207  0.0457207  0.0457207  0.04542934 0.06223102
 0.04542934 0.06052341 0.0457207  0.04556663 0.06223102 0.06035027
 0.04555929 0.03484922 0.03150806 0.04542934 0.04542934 0.06035027
 0.04555929 0.04542934 0.03072786 0.04555929 0.04632601 0.02155126
 0.04555929 0.03194037 0.06035027 0.04555929 0.04555929 0.04538419
 0.03029962 0.03254028]
mean_distance	: 0.04518236592411995
frame_idx	: 19
comp_name	: baunded
distances	: [0.00860339 0.00503307 0.00652389 0.00296337 0.00594582 0.00757937
 0.01854828 0.00231908 0.00760167 0.01062128 0.00336908 0.0113052
 0.00425459 0.01519011 0.0111616  0.00430302 0.00347796 0.01327505
 0.01177183 0.         0.00506851 0.00376023 0.01554738 0.02371813
 0.00946644 0.00720853 0.00696544 0.00488462 0.00325816 0.01302243
 0.00327703 0.01230483]
mean_distance	: 0.008197793737053871
comp_name	: inflating
distances	: [0.02936491 0.02936491 0.01361322 0.02936491 0.02995809 0.02936491
 0.01212848 0.02995809 0.02259672 0.02259672 0.01265617 0.02995809
 0.0147437  0.02936491 0.01770295 0.01361322 0.01361322 0.02995809
 0.0147437  0.01775083 0.01516171 0.02259672 0.03034845 0.01775083
 0.01256883 0.01775083 0.01212848 0.02494751 0.01332326 0.02088642
 0.01577996 0.01173742]
mean_distance	: 0.02054363489151001
comp_name	: shrinking
distances	: [0.0418487  0.0418487  0.01927392 0.01927392 0.01927392 0.04039922
 0.03380731 0.01927392 0.04039922 0.03380731 0.01927392 0.02058262
 0.04272743 0.02178983 0.03750512 0.04196234 0.0418487  0.02682293
 0.03091929 0.04039922 0.02407889 0.02875009 0.02058262 0.01965896
 0.02178983 0.0452942  0.04039922 0.04272743 0.01927392 0.02407889
 0.01927391 0.02073317]
mean_distance	: 0.02998995967209339
comp_name	: non
distances	: [0.03787853 0.03787853 0.03787853 0.03787853 0.03759154 0.05688749
 0.03759154 0.05498795 0.03787853 0.03773153 0.05688749 0.05477823
 0.03787183 0.02527138 0.02279132 0.03759154 0.03759154 0.05477823
 0.03787183 0.03759154 0.02245441 0.03787183 0.03836031 0.02737044
 0.03787183 0.02252741 0.05477823 0.03787183 0.03787183 0.0376782
 0.04050523 0.02336737]
mean_distance	: 0.03861676901578903
frame_idx	: 20
comp_name	: baunded
distances	: [0.00655237 0.00237909 0.00601162 0.0044024  0.00509296 0.00804122
 0.01790354 0.00604367 0.00864458 0.00974738 0.00456905 0.01272337
 0.00610029 0.01479629 0.01050589 0.00574697 0.00363746 0.0132701
 0.01128233 0.00506851 0.         0.00792104 0.01417413 0.02303383
 0.00657924 0.00560411 0.00597113 0.00389837 0.00310469 0.01242998
 0.0038963  0.01304435]
mean_distance	: 0.008193006739020348
comp_name	: inflating
distances	: [0.03250476 0.03250476 0.0169739  0.03250476 0.0312513  0.03250476
 0.01507465 0.0312513  0.02634206 0.02634206 0.01722102 0.0312513
 0.0178229  0.03250476 0.02057596 0.0169739  0.0169739  0.0312513
 0.0178229  0.02184314 0.01953796 0.02634206 0.03251693 0.02184314
 0.01649877 0.02184314 0.01507465 0.0260792  0.01694064 0.02286453
 0.01779319 0.01543875]
mean_distance	: 0.023570887744426727
comp_name	: shrinking
distances	: [0.04462102 0.04462102 0.02138172 0.02138172 0.02138172 0.04298692
 0.03679075 0.02138172 0.04298692 0.03679075 0.02138172 0.02150677
 0.04529209 0.02412125 0.04041811 0.04469563 0.04462102 0.02948482
 0.03337174 0.04298692 0.02606195 0.03088013 0.02150677 0.02163051
 0.02412125 0.04800788 0.04298692 0.04529209 0.02138172 0.02606195
 0.0213817  0.02331293]
mean_distance	: 0.03233844041824341
comp_name	: non
distances	: [0.04079702 0.04079702 0.04079702 0.04079702 0.04050916 0.0591852
 0.04050916 0.05743214 0.04079702 0.04065213 0.0591852  0.05724005
 0.0408126  0.02795791 0.02548438 0.04050916 0.04050916 0.05724005
 0.0408126  0.04050916 0.02524048 0.0408126  0.04119791 0.02452446
 0.0408126  0.0251388  0.05724005 0.0408126  0.0408126  0.040668
 0.03820939 0.02604201]
mean_distance	: 0.04106389731168747
frame_idx	: 21
comp_name	: baunded
distances	: [0.01194844 0.00818653 0.00789858 0.0060573  0.007249   0.00706235
 0.02093371 0.00429222 0.0068346  0.01362304 0.00682299 0.01297376
 0.00697377 0.018379   0.01349942 0.00710901 0.00659632 0.01554727
 0.01475106 0.00376023 0.00792104 0.         0.01818346 0.02630485
 0.01211524 0.00980131 0.0081867  0.00603275 0.00564388 0.01285139
 0.00644783 0.01537324]
mean_distance	: 0.010292509570717812
comp_name	: inflating
distances	: [0.02571234 0.02571234 0.01015083 0.02571234 0.03179597 0.02571234
 0.01175255 0.03179597 0.01906141 0.01906141 0.01005522 0.03179597
 0.01590101 0.02571234 0.01673375 0.01015083 0.01015083 0.03179597
 0.01590101 0.01424741 0.01186199 0.01906141 0.03098843 0.01424741
 0.01267077 0.01424741 0.01175255 0.02672489 0.01403745 0.02105429
 0.01750011 0.00828668]
mean_distance	: 0.01910453848540783
comp_name	: shrinking
distances	: [0.03879308 0.03879308 0.01609864 0.01609864 0.01609864 0.03712545
 0.03040668 0.01609864 0.03712545 0.03040668 0.01609864 0.01788113
 0.03957276 0.01850127 0.03426811 0.03892547 0.03879308 0.02330689
 0.02739946 0.03712545 0.02079498 0.02535918 0.01788113 0.01646189
 0.01850127 0.04236066 0.03712545 0.03957276 0.01609864 0.02079498
 0.01609863 0.01751303]
mean_distance	: 0.026796244084835052
comp_name	: non
distances	: [0.03450367 0.03450367 0.03450367 0.03450367 0.03422945 0.05442886
 0.03422945 0.05238671 0.03450367 0.03435966 0.05442886 0.05215345
 0.03453124 0.02172863 0.01932116 0.03422945 0.03422945 0.05215345
 0.03453124 0.03422945 0.01901945 0.03453124 0.03498031 0.03097278
 0.03453124 0.01903121 0.05215345 0.03453124 0.03453124 0.03432484
 0.04395749 0.01986034]
mean_distance	: 0.03581605106592178
frame_idx	: 22
comp_name	: baunded
distances	: [0.00930529 0.01287526 0.01902107 0.01387114 0.01873277 0.02150139
 0.00431435 0.01453025 0.0221552  0.00651276 0.01402113 0.00812879
 0.01240795 0.01019262 0.00518667 0.01194413 0.01252078 0.00423271
 0.00542899 0.01554738 0.01417413 0.01818346 0.         0.00980332
 0.01022024 0.01013982 0.02004019 0.01655421 0.01644938 0.02643396
 0.01358542 0.01078707]
mean_distance	: 0.012775057926774025
comp_name	: inflating
distances	: [0.04089857 0.04089857 0.0275618  0.04089857 0.020206   0.04089857
 0.02657031 0.020206   0.03312718 0.03312718 0.02260028 0.020206
 0.01509537 0.04089857 0.01802524 0.0275618  0.0275618  0.020206
 0.01509537 0.02967677 0.02696229 0.03312718 0.02293    0.02967677
 0.02437073 0.02967677 0.02657031 0.01481756 0.01632711 0.01550953
 0.0116989  0.02574257]
mean_distance	: 0.026210302487015724
comp_name	: shrinking
distances	: [0.05077046 0.05077046 0.02962471 0.02962471 0.02962471 0.05005519
 0.04380413 0.02962471 0.05005519 0.04380413 0.02962471 0.03270947
 0.0519672  0.03213613 0.04702461 0.05084731 0.05077046 0.03758535
 0.0424458  0.05005519 0.0358913  0.04065618 0.03270947 0.03062094
 0.03213613 0.05378441 0.05005519 0.0519672  0.02962471 0.0358913
 0.02962469 0.03041348]
mean_distance	: 0.04019686579704285
comp_name	: non
distances	: [0.04769339 0.04769339 0.04769339 0.04769339 0.04745438 0.06394207
 0.04745438 0.06239302 0.04769339 0.04754446 0.06394207 0.06223694
 0.04758305 0.03676749 0.03307156 0.04745438 0.04745438 0.06223694
 0.04758305 0.04745438 0.03220457 0.04758305 0.04826426 0.02296783
 0.04758305 0.03378955 0.06223694 0.04758305 0.04758305 0.04743619
 0.02902472 0.03427747]
mean_distance	: 0.0469866618514061
frame_idx	: 23
comp_name	: baunded
distances	: [0.01767575 0.02183292 0.02784194 0.0217811  0.02762484 0.0304542
 0.00625402 0.02236976 0.03089312 0.01359214 0.02206555 0.01407438
 0.01996312 0.01269958 0.01431408 0.01972554 0.02111075 0.01114852
 0.01230124 0.02371813 0.02303383 0.02630485 0.00980332 0.
 0.01932752 0.01952958 0.02857391 0.02565788 0.02501782 0.03526796
 0.02161964 0.01478742]
mean_distance	: 0.020011387765407562
comp_name	: inflating
distances	: [0.04839515 0.04839515 0.03570751 0.04839515 0.01328666 0.04839515
 0.0336409  0.01328666 0.04005935 0.04005935 0.02912775 0.01328666
 0.01801132 0.04839515 0.02213287 0.03570751 0.03570751 0.01328666
 0.01801132 0.03683702 0.03396465 0.04005935 0.01873127 0.03683702
 0.0301131  0.03683702 0.0336409  0.00955477 0.02025804 0.01690715
 0.01379678 0.0337521 ]
mean_distance	: 0.030143028125166893
comp_name	: shrinking
distances	: [0.0564564  0.0564564  0.03778276 0.03778276 0.03778276 0.05678281
 0.05030685 0.03778276 0.05678281 0.05030685 0.03778276 0.04172739
 0.05834977 0.0399316  0.05308867 0.05654196 0.0564564  0.04525894
 0.05047234 0.05678281 0.04441344 0.04904411 0.04172739 0.03903645
 0.0399316  0.05909241 0.05678281 0.05834977 0.03778276 0.04441344
 0.03778274 0.03790037]
mean_distance	: 0.04752728343009949
comp_name	: non
distances	: [0.05412917 0.05412917 0.05412917 0.05412917 0.05384504 0.06876753
 0.05384504 0.06712854 0.05412917 0.05397167 0.06876753 0.06696531
 0.0538457  0.0446317  0.04077455 0.05384504 0.05384504 0.06696531
 0.0538457  0.05384504 0.03966599 0.0538457  0.05483836 0.02376611
 0.0538457  0.04174016 0.06696531 0.0538457  0.0538457  0.05366707
 0.02319338 0.04211938]
mean_distance	: 0.05271478369832039
frame_idx	: 24
comp_name	: baunded
distances	: [0.00402501 0.00607006 0.01058528 0.00854918 0.01031003 0.01314705
 0.01419392 0.00975957 0.01394636 0.00820193 0.0074878  0.01101687
 0.00873751 0.01432293 0.00733566 0.00820433 0.00703633 0.01024473
 0.00881513 0.00946644 0.00657924 0.01211524 0.01022024 0.01932752
 0.         0.00426355 0.01196227 0.00813606 0.00884931 0.01771042
 0.00813683 0.01219817]
mean_distance	: 0.00971734244376421
comp_name	: inflating
distances	: [0.03528962 0.03528962 0.02079655 0.03528962 0.02886203 0.03528962
 0.02023479 0.02886203 0.02883563 0.02883563 0.01967519 0.02886203
 0.01810151 0.03528962 0.01954059 0.02079655 0.02079655 0.02886203
 0.01810151 0.02493995 0.02263584 0.02883563 0.03018723 0.02493995
 0.02057231 0.02493995 0.02023479 0.02353875 0.01785928 0.02061789
 0.01694986 0.01930304]
mean_distance	: 0.02509891241788864
comp_name	: shrinking
distances	: [0.04618542 0.04618542 0.02304089 0.02304089 0.02304089 0.04492013
 0.03855914 0.02304089 0.04492013 0.03855914 0.02304089 0.02428871
 0.0470907  0.02578185 0.04210153 0.04624753 0.04618542 0.03148573
 0.03583441 0.04492013 0.0285886  0.03352221 0.02428871 0.02369368
 0.02578185 0.04951558 0.04492013 0.0470907  0.02304089 0.0285886
 0.02304088 0.02460007]
mean_distance	: 0.03422318026423454
comp_name	: non
distances	: [0.0427244  0.0427244  0.0427244  0.0427244  0.04242925 0.06018168
 0.04242925 0.05865361 0.0427244  0.04257179 0.06018168 0.05850883
 0.04269069 0.030417   0.02743274 0.04242925 0.04242925 0.05850883
 0.04269069 0.04242925 0.02696488 0.04269069 0.04320664 0.02397238
 0.04269069 0.02746362 0.05850883 0.04269069 0.04269069 0.04255205
 0.03550345 0.02824371]
mean_distance	: 0.04264950007200241
frame_idx	: 25
comp_name	: baunded
distances	: [0.00468529 0.00392689 0.00935507 0.00688042 0.00907816 0.01168734
 0.01389432 0.00742096 0.0124976  0.00781856 0.00613432 0.00932574
 0.00679873 0.01353095 0.00578758 0.00615796 0.00448666 0.00925653
 0.00818414 0.00720853 0.00560411 0.00980131 0.01013982 0.01952958
 0.00426355 0.         0.01106801 0.00690306 0.00747546 0.01687413
 0.00653185 0.01140464]
mean_distance	: 0.008553477935492992
comp_name	: inflating
distances	: [0.03334313 0.03334313 0.01871852 0.03334313 0.02771956 0.03334313
 0.01833259 0.02771956 0.02641747 0.02641747 0.01660871 0.02771956
 0.01528747 0.03334313 0.01763475 0.01871852 0.01871852 0.02771956
 0.01528747 0.02233171 0.01983132 0.02641747 0.0288656  0.02233171
 0.01802481 0.02233171 0.01833259 0.02232171 0.01480923 0.01907885
 0.01454869 0.0170467 ]
mean_distance	: 0.023000234737992287
comp_name	: shrinking
distances	: [0.04535398 0.04535398 0.02195869 0.02195869 0.02195869 0.04369632
 0.03750642 0.02195869 0.04369632 0.03750642 0.02195869 0.02360919
 0.0459781  0.02479926 0.04117775 0.0454386  0.04535398 0.03015939
 0.0344529  0.04369632 0.02736746 0.0322267  0.02360919 0.02250743
 0.02479926 0.0487449  0.04369632 0.0459781  0.02195869 0.02736746
 0.02195867 0.02355061]
mean_distance	: 0.033166784793138504
comp_name	: non
distances	: [0.04150377 0.04150377 0.04150377 0.04150377 0.04128016 0.05957272
 0.04128016 0.05801575 0.04150377 0.04136373 0.05957272 0.05785567
 0.04155173 0.02895303 0.02585508 0.04128016 0.04128016 0.05785567
 0.04155173 0.04128016 0.02539466 0.04155173 0.04195238 0.02534301
 0.04155173 0.026006   0.05785567 0.04155173 0.04155173 0.04141
 0.03674118 0.02670544]
mean_distance	: 0.04167758673429489
frame_idx	: 26
comp_name	: baunded
distances	: [0.01182396 0.00748866 0.00422855 0.00772361 0.00309119 0.00453068
 0.02364457 0.00872712 0.00453474 0.01507486 0.00769249 0.01768106
 0.00995662 0.01899154 0.01622685 0.00995723 0.00828371 0.01883928
 0.01662226 0.00696544 0.00597113 0.0081867  0.02004019 0.02857391
 0.01196227 0.01106801 0.         0.00556418 0.00417878 0.00698145
 0.00759763 0.01696344]
mean_distance	: 0.010911628603935242
comp_name	: inflating
distances	: [0.03067403 0.03067403 0.01462844 0.03067403 0.03597542 0.03067403
 0.0111006  0.03597542 0.02556894 0.02556894 0.01781464 0.03597542
 0.02110341 0.03067403 0.02418041 0.01462844 0.01462844 0.03597542
 0.02110341 0.02068177 0.01875316 0.02556894 0.03707208 0.02068177
 0.01494354 0.02068177 0.0111006  0.0310679  0.0196818  0.027507
 0.02204094 0.01342852]
mean_distance	: 0.024087727069854736
comp_name	: shrinking
distances	: [0.04351405 0.04351405 0.02068336 0.02068336 0.02068336 0.04156794
 0.03555869 0.02068336 0.04156794 0.03555869 0.02068336 0.01894289
 0.04398092 0.02326387 0.03922966 0.04359053 0.04351405 0.02814132
 0.03130844 0.04156794 0.02397786 0.02855446 0.01894289 0.02045483
 0.02326387 0.04696847 0.04156794 0.04398092 0.02068336 0.02397786
 0.02068335 0.02298977]
mean_distance	: 0.031071355566382408
comp_name	: non
distances	: [0.03947605 0.03947605 0.03947605 0.03947605 0.03916846 0.05838964
 0.03916846 0.05655932 0.03947605 0.03933712 0.05838964 0.05635266
 0.03953998 0.02625383 0.0246791  0.03916846 0.03916846 0.05635266
 0.03953998 0.03916846 0.02478435 0.03953998 0.03979501 0.02687056
 0.03953998 0.02373595 0.05635266 0.03953998 0.03953998 0.03939206
 0.04244234 0.02481567]
mean_distance	: 0.04015515744686127
frame_idx	: 27
comp_name	: baunded
distances	: [0.00911986 0.00478341 0.0044844  0.00608837 0.00351281 0.00525647
 0.02018388 0.00642294 0.00608429 0.01261247 0.00573569 0.01404218
 0.00778009 0.0180109  0.01218374 0.00755319 0.00528832 0.01518486
 0.01383318 0.00488462 0.00389837 0.00603275 0.01655421 0.02565788
 0.00813606 0.00690306 0.00556418 0.         0.00312356 0.01073597
 0.00591788 0.01548777]
mean_distance	: 0.009095543064177036
comp_name	: inflating
distances	: [0.02913205 0.02913205 0.01370757 0.02913205 0.03331115 0.02913205
 0.01409659 0.03331115 0.02336797 0.02336797 0.01533613 0.03331115
 0.01883718 0.02913205 0.01994445 0.01370757 0.01370757 0.03331115
 0.01883718 0.01897541 0.01696213 0.02336797 0.03357829 0.01897541
 0.01624692 0.01897541 0.01409659 0.02801735 0.01751095 0.02326995
 0.01936763 0.01236895]
mean_distance	: 0.02236025035381317
comp_name	: shrinking
distances	: [0.04169789 0.04169789 0.01791956 0.01791956 0.01791956 0.03971294
 0.03355662 0.01791956 0.03971294 0.03355662 0.01791956 0.01793741
 0.0421425  0.02074872 0.03734802 0.04177834 0.04169789 0.02597235
 0.02972705 0.03971294 0.02239442 0.02722786 0.01793741 0.01806848
 0.02074872 0.04523346 0.03971294 0.0421425  0.01791956 0.02239442
 0.01791954 0.02008335]
mean_distance	: 0.029011892154812813
comp_name	: non
distances	: [0.03758517 0.03758517 0.03758517 0.03758517 0.03732099 0.05658852
 0.03732099 0.05485852 0.03758517 0.0374442  0.05658852 0.05467301
 0.03767075 0.02447177 0.0221286  0.03732099 0.03732099 0.05467301
 0.03767075 0.03732099 0.02200884 0.03767075 0.03795443 0.0280921
 0.03767075 0.02166692 0.05467301 0.03767075 0.03767075 0.03752983
 0.04180439 0.02259597]
mean_distance	: 0.03838459029793739
frame_idx	: 28
comp_name	: baunded
distances	: [0.00855605 0.00426039 0.00442819 0.00410248 0.00338587 0.00585988
 0.01990373 0.00503615 0.00611381 0.01158554 0.00402538 0.01359057
 0.00621063 0.0162275  0.01238069 0.00611041 0.0043918  0.01490618
 0.01299387 0.00325816 0.00310469 0.00564388 0.01644938 0.02501782
 0.00884931 0.00747546 0.00417878 0.00312356 0.         0.01068133
 0.00398597 0.0137803 ]
mean_distance	: 0.008425554260611534
comp_name	: inflating
distances	: [0.03034647 0.03034647 0.01439524 0.03034647 0.03226805 0.03034647
 0.01230604 0.03226805 0.02429744 0.02429744 0.01536508 0.03226805
 0.01763405 0.03034647 0.02039361 0.01439524 0.01439524 0.03226805
 0.01763405 0.01952422 0.01724489 0.02429744 0.03307423 0.01952422
 0.0142271  0.01952422 0.01230604 0.02722218 0.016349   0.02345005
 0.01834177 0.01282308]
mean_distance	: 0.022307075560092926
comp_name	: shrinking
distances	: [0.04289846 0.04289846 0.01977095 0.01977095 0.01977095 0.04124295
 0.03487452 0.01977095 0.04124295 0.03487452 0.01977095 0.01978857
 0.0436054  0.02240508 0.03857876 0.04298944 0.04289846 0.02757556
 0.03136191 0.04124295 0.02414575 0.02888615 0.01978857 0.01993625
 0.02240508 0.046357   0.04124295 0.0436054  0.01977095 0.02414575
 0.01977094 0.02166574]
mean_distance	: 0.030595412477850914
comp_name	: non
distances	: [0.03893249 0.03893249 0.03893249 0.03893249 0.03863288 0.05779916
 0.03863288 0.05597747 0.03893249 0.03878657 0.05779916 0.05577772
 0.03895393 0.0259242  0.02372335 0.03863288 0.03863288 0.05577772
 0.03895393 0.03863288 0.02355766 0.03895393 0.03934648 0.0263665
 0.03895393 0.02319889 0.05577772 0.03895393 0.03895393 0.0387857
 0.04050536 0.02415183]
mean_distance	: 0.03952518850564957
frame_idx	: 29
comp_name	: baunded
distances	: [0.01810069 0.01364196 0.00810216 0.01442584 0.00795031 0.00626943
 0.03018802 0.01492821 0.00612106 0.02184874 0.01402536 0.02409599
 0.01658212 0.02546869 0.02237577 0.01663279 0.01468252 0.02532033
 0.0232004  0.01302243 0.01242998 0.01285139 0.02643396 0.03526796
 0.01771042 0.01687413 0.00698145 0.01073597 0.01068133 0.
 0.01436227 0.02332995]
mean_distance	: 0.016395051032304764
comp_name	: inflating
distances	: [0.0294595  0.0294595  0.01448156 0.0294595  0.04245302 0.0294595
 0.01156398 0.04245302 0.0261495  0.0261495  0.02093692 0.04245302
 0.02670989 0.0294595  0.0292912  0.01448156 0.01448156 0.04245302
 0.02670989 0.02143774 0.02028326 0.0261495  0.04329917 0.02143774
 0.01758949 0.02143774 0.01156398 0.03758159 0.02493627 0.03338502
 0.02813607 0.01413583]
mean_distance	: 0.026544954627752304
comp_name	: shrinking
distances	: [0.0428241  0.0428241  0.0209273  0.0209273  0.0209273  0.04005133
 0.03491822 0.0209273  0.04005133 0.03491822 0.0209273  0.0165175
 0.04260472 0.02339287 0.0385869  0.04288164 0.0428241  0.02733048
 0.02925507 0.04005133 0.02209121 0.02618934 0.0165175  0.02003146
 0.02339287 0.04634504 0.04005133 0.04260472 0.0209273  0.02209121
 0.02092729 0.02385832]
mean_distance	: 0.0302717462182045
comp_name	: non
distances	: [0.03847391 0.03847391 0.03847391 0.03847391 0.0382141  0.05753211
 0.0382141  0.05582934 0.03847391 0.0383562  0.05753211 0.05563652
 0.03869649 0.02523649 0.02472403 0.0382141  0.0382141  0.05563652
 0.03869649 0.0382141  0.0253201  0.03869649 0.0386025  0.03151684
 0.03869649 0.02317391 0.05563652 0.03869649 0.03869649 0.03859407
 0.04828859 0.02436551]
mean_distance	: 0.039737507700920105
frame_idx	: 30
comp_name	: baunded
distances	: [0.00684522 0.00420876 0.00798694 0.00063393 0.00722341 0.00953367
 0.01668485 0.00298292 0.00965898 0.00814778 0.00343625 0.01035889
 0.00251812 0.01297054 0.00985827 0.00251486 0.00246984 0.01173048
 0.00985159 0.00327703 0.0038963  0.00644783 0.01358542 0.02161964
 0.00813683 0.00653185 0.00759763 0.00591788 0.00398597 0.01436227
 0.         0.01096023]
mean_distance	: 0.007685443386435509
comp_name	: inflating
distances	: [0.03193957 0.03193957 0.01647567 0.03193957 0.02876487 0.03193957
 0.01421261 0.02876487 0.0251556  0.0251556  0.0151025  0.02876487
 0.01492945 0.03193957 0.01826588 0.01647567 0.01647567 0.02876487
 0.01492945 0.02052223 0.01794025 0.0251556  0.02974792 0.02052223
 0.01444812 0.02052223 0.01421261 0.02373032 0.01401375 0.02056996
 0.01521169 0.0146709 ]
mean_distance	: 0.02197510190308094
comp_name	: shrinking
distances	: [0.04352618 0.04352618 0.02144146 0.02144146 0.02144146 0.04239484
 0.03583685 0.02144146 0.04239484 0.03583685 0.02144146 0.02268446
 0.04459611 0.02391794 0.03934892 0.04362283 0.04352618 0.02918231
 0.03338107 0.04239484 0.02649983 0.03121235 0.02268446 0.02192405
 0.02391794 0.04683255 0.04239484 0.04459611 0.02144146 0.02649983
 0.02144144 0.02283163]
mean_distance	: 0.0320516936480999
comp_name	: non
distances	: [0.03988929 0.03988929 0.03988929 0.03988929 0.03957    0.05830238
 0.03957    0.05634383 0.03988929 0.03973743 0.05830238 0.05612425
 0.03981122 0.02771014 0.02509993 0.03957    0.03957    0.05612425
 0.03981122 0.03957    0.02467066 0.03981122 0.04038506 0.02485244
 0.03981122 0.02492191 0.05612425 0.03981122 0.03981122 0.03962985
 0.03778877 0.02575873]
mean_distance	: 0.04025125131011009
frame_idx	: 31
comp_name	: baunded
distances	: [0.00848163 0.01178276 0.01605355 0.01092534 0.01622385 0.01904343
 0.01204626 0.0116939  0.01909559 0.00692902 0.01012796 0.00900263
 0.00954046 0.00608323 0.00999419 0.00960081 0.01096911 0.00895807
 0.00583474 0.01230483 0.01304435 0.01537324 0.01078707 0.01478742
 0.01219817 0.01140464 0.01696344 0.01548777 0.0137803  0.02332995
 0.01096023 0.        ]
mean_distance	: 0.01196274720132351
comp_name	: inflating
distances	: [0.03972646 0.03972646 0.02473089 0.03972646 0.02032788 0.03972646
 0.01960043 0.02032788 0.03178227 0.03178227 0.01977113 0.02032788
 0.01040412 0.03972646 0.01967094 0.02473089 0.02473089 0.02032788
 0.01040412 0.02711332 0.02397199 0.03178227 0.02429971 0.02711332
 0.01624596 0.02711332 0.01960043 0.01643061 0.01129541 0.01894256
 0.0093684  0.02261719]
mean_distance	: 0.024170195683836937
comp_name	: shrinking
distances	: [0.04949953 0.04949953 0.02980183 0.02980183 0.02980183 0.04939689
 0.04265463 0.02980183 0.04939689 0.04265463 0.02980183 0.03229175
 0.05122635 0.03206689 0.0457322  0.04960635 0.04949953 0.03716067
 0.04178834 0.04939689 0.03539279 0.04002758 0.03229175 0.03064618
 0.03206689 0.05246009 0.04939689 0.05122635 0.02980183 0.03539279
 0.02980181 0.03038405]
mean_distance	: 0.03968028724193573
comp_name	: non
distances	: [0.04667001 0.04667001 0.04667001 0.04667001 0.04633427 0.06298775
 0.04633427 0.06123149 0.04667001 0.04651193 0.06298775 0.06105833
 0.04645089 0.03598775 0.03304115 0.04633427 0.04633427 0.06105833
 0.04645089 0.04633427 0.0323248  0.04645089 0.04733236 0.02075909
 0.04645089 0.03323385 0.06105833 0.04645089 0.04645089 0.04623583
 0.0306218  0.03390104]
mean_distance	: 0.04606432095170021
