output_dir	: stem_log/evaluate_each_state/2021-01-22-19-04-14(37576)
sys.argv	: ['tool/evaluate_each_state.py', '--pretrained-model', 'stem_log/pre_train/2020-12-31-03-11-21(220195)/model-epoch-10-batch-10', '--dicts', 'stem_log/pre_train/2020-12-31-03-11-21(220195)/test_sample_dict.pkl', '--n-samples', '64']
> load model
model_path	: stem_log/pre_train/2020-12-31-03-11-21(220195)/model-epoch-10-batch-10
Model: "model"
_________________________________________________________________
Layer (type)                 Output Shape              Param #   
=================================================================
input_1 (InputLayer)         [(None, 100, 2)]          0         
_________________________________________________________________
LSTM (Model)                 (None, 128)               67072     
_________________________________________________________________
tf.math.l2_normalize (TFOpLa (None, 128)               0         
=================================================================
Total params: 67,072
Trainable params: 67,072
Non-trainable params: 0
_________________________________________________________________
dicts	: ['stem_log/pre_train/2020-12-31-03-11-21(220195)/test_sample_dict.pkl']
> load dicts
sample_dict	: {'inflating': 320, 'shrinking': 320, 'baunded': 320, 'non': 320}
> shuffle
> slice
sample_dict	: {'inflating': 64, 'shrinking': 64, 'baunded': 64, 'non': 64}
frame_sampling_rate	: 50
> dump sample dict
> plot frame 0 / 64
> plot frame 1 / 64
> plot frame 2 / 64
> plot frame 3 / 64
> plot frame 4 / 64
> plot frame 5 / 64
> plot frame 6 / 64
> plot frame 7 / 64
> plot frame 8 / 64
> plot frame 9 / 64
> plot frame 10 / 64
> plot frame 11 / 64
> plot frame 12 / 64
> plot frame 13 / 64
> plot frame 14 / 64
> plot frame 15 / 64
> plot frame 16 / 64
> plot frame 17 / 64
> plot frame 18 / 64
> plot frame 19 / 64
> plot frame 20 / 64
> plot frame 21 / 64
> plot frame 22 / 64
> plot frame 23 / 64
> plot frame 24 / 64
> plot frame 25 / 64
> plot frame 26 / 64
> plot frame 27 / 64
> plot frame 28 / 64
> plot frame 29 / 64
> plot frame 30 / 64
> plot frame 31 / 64
> plot frame 32 / 64
> plot frame 33 / 64
> plot frame 34 / 64
> plot frame 35 / 64
> plot frame 36 / 64
> plot frame 37 / 64
> plot frame 38 / 64
> plot frame 39 / 64
> plot frame 40 / 64
> plot frame 41 / 64
> plot frame 42 / 64
> plot frame 43 / 64
> plot frame 44 / 64
> plot frame 45 / 64
> plot frame 46 / 64
> plot frame 47 / 64
> plot frame 48 / 64
> plot frame 49 / 64
> plot frame 50 / 64
> plot frame 51 / 64
> plot frame 52 / 64
> plot frame 53 / 64
> plot frame 54 / 64
> plot frame 55 / 64
> plot frame 56 / 64
> plot frame 57 / 64
> plot frame 58 / 64
> plot frame 59 / 64
> plot frame 60 / 64
> plot frame 61 / 64
> plot frame 62 / 64
> plot frame 63 / 64
> embeding
anchor name	: inflating
mean	: 0.034241754561662674	; std	: 0.024481361731886864	; inflating
mean	: 0.08232596516609192	; std	: 0.023538004606962204	; shrinking
mean	: 0.06621094793081284	; std	: 0.017351802438497543	; baunded
mean	: 0.08254975080490112	; std	: 0.03610854595899582	; non
mean	: 0.034241754561662674	; std	: 0.024481361731886864	; inflating
mean	: 0.08232596516609192	; std	: 0.023538004606962204	; shrinking
mean	: 0.06621094793081284	; std	: 0.017351802438497543	; baunded
mean	: 0.08254975080490112	; std	: 0.03610854595899582	; non
mean	: 0.03887755051255226	; std	: 0.019764067605137825	; inflating
mean	: 0.061866309493780136	; std	: 0.02026970498263836	; shrinking
mean	: 0.08485961705446243	; std	: 0.017424091696739197	; baunded
mean	: 0.06672650575637817	; std	: 0.04591412842273712	; non
mean	: 0.06037299335002899	; std	: 0.027709417045116425	; inflating
mean	: 0.04620914161205292	; std	: 0.007570250425487757	; shrinking
mean	: 0.12286283075809479	; std	: 0.017054321244359016	; baunded
mean	: 0.06377071142196655	; std	: 0.052515577524900436	; non
mean	: 0.04092041775584221	; std	: 0.028082039207220078	; inflating
mean	: 0.0934564545750618	; std	: 0.026722338050603867	; shrinking
mean	: 0.04696081206202507	; std	: 0.016158901154994965	; baunded
mean	: 0.09075412154197693	; std	: 0.031822770833969116	; non
mean	: 0.034241754561662674	; std	: 0.024481361731886864	; inflating
mean	: 0.08232596516609192	; std	: 0.023538004606962204	; shrinking
mean	: 0.06621094793081284	; std	: 0.017351802438497543	; baunded
mean	: 0.08254975080490112	; std	: 0.03610854595899582	; non
mean	: 0.04092041775584221	; std	: 0.028082039207220078	; inflating
mean	: 0.0934564545750618	; std	: 0.026722338050603867	; shrinking
mean	: 0.04696081206202507	; std	: 0.016158901154994965	; baunded
mean	: 0.09075412154197693	; std	: 0.031822770833969116	; non
mean	: 0.0791487842798233	; std	: 0.03371388465166092	; inflating
mean	: 0.046819280833005905	; std	: 0.016146250069141388	; shrinking
mean	: 0.14465969800949097	; std	: 0.016456451267004013	; baunded
mean	: 0.06962883472442627	; std	: 0.05890152230858803	; non
mean	: 0.03458234295248985	; std	: 0.020334957167506218	; inflating
mean	: 0.06814264506101608	; std	: 0.02227582409977913	; shrinking
mean	: 0.0766611248254776	; std	: 0.01728382147848606	; baunded
mean	: 0.07130537927150726	; std	: 0.04201303422451019	; non
mean	: 0.03458234295248985	; std	: 0.020334957167506218	; inflating
mean	: 0.06814264506101608	; std	: 0.02227582409977913	; shrinking
mean	: 0.0766611248254776	; std	: 0.01728382147848606	; baunded
mean	: 0.07130537927150726	; std	: 0.04201303422451019	; non
mean	: 0.03458234295248985	; std	: 0.020334957167506218	; inflating
mean	: 0.06814264506101608	; std	: 0.02227582409977913	; shrinking
mean	: 0.0766611248254776	; std	: 0.01728382147848606	; baunded
mean	: 0.07130537927150726	; std	: 0.04201303422451019	; non
mean	: 0.04092041775584221	; std	: 0.028082039207220078	; inflating
mean	: 0.0934564545750618	; std	: 0.026722338050603867	; shrinking
mean	: 0.04696081206202507	; std	: 0.016158901154994965	; baunded
mean	: 0.09075412154197693	; std	: 0.031822770833969116	; non
mean	: 0.03887755051255226	; std	: 0.019764067605137825	; inflating
mean	: 0.061866309493780136	; std	: 0.02026970498263836	; shrinking
mean	: 0.08485961705446243	; std	: 0.017424091696739197	; baunded
mean	: 0.06672650575637817	; std	: 0.04591412842273712	; non
mean	: 0.034241754561662674	; std	: 0.024481361731886864	; inflating
mean	: 0.08232596516609192	; std	: 0.023538004606962204	; shrinking
mean	: 0.06621094793081284	; std	: 0.017351802438497543	; baunded
mean	: 0.08254975080490112	; std	: 0.03610854595899582	; non
mean	: 0.06037299335002899	; std	: 0.027709417045116425	; inflating
mean	: 0.04620914161205292	; std	: 0.007570250425487757	; shrinking
mean	: 0.12286283075809479	; std	: 0.017054321244359016	; baunded
mean	: 0.06377071142196655	; std	: 0.052515577524900436	; non
mean	: 0.034241754561662674	; std	: 0.024481361731886864	; inflating
mean	: 0.08232596516609192	; std	: 0.023538004606962204	; shrinking
mean	: 0.06621094793081284	; std	: 0.017351802438497543	; baunded
mean	: 0.08254975080490112	; std	: 0.03610854595899582	; non
mean	: 0.03458234295248985	; std	: 0.020334957167506218	; inflating
mean	: 0.06814264506101608	; std	: 0.02227582409977913	; shrinking
mean	: 0.0766611248254776	; std	: 0.01728382147848606	; baunded
mean	: 0.07130537927150726	; std	: 0.04201303422451019	; non
mean	: 0.03594207763671875	; std	: 0.023752860724925995	; inflating
mean	: 0.08348861336708069	; std	: 0.02439034730195999	; shrinking
mean	: 0.062118180096149445	; std	: 0.01726461946964264	; baunded
mean	: 0.08326034247875214	; std	: 0.035766083747148514	; non
mean	: 0.05597176402807236	; std	: 0.029668567702174187	; inflating
mean	: 0.1061231940984726	; std	: 0.02672751247882843	; shrinking
mean	: 0.04071000590920448	; std	: 0.010559813119471073	; baunded
mean	: 0.10097714513540268	; std	: 0.028974680230021477	; non
mean	: 0.0791487842798233	; std	: 0.03371388465166092	; inflating
mean	: 0.046819280833005905	; std	: 0.016146250069141388	; shrinking
mean	: 0.14465969800949097	; std	: 0.016456451267004013	; baunded
mean	: 0.06962883472442627	; std	: 0.05890152230858803	; non
mean	: 0.03806045651435852	; std	: 0.019779441878199577	; inflating
mean	: 0.0663403570652008	; std	: 0.022274751216173172	; shrinking
mean	: 0.07858456671237946	; std	: 0.01709846965968609	; baunded
mean	: 0.07009263336658478	; std	: 0.043688416481018066	; non
mean	: 0.052927710115909576	; std	: 0.025044536218047142	; inflating
mean	: 0.054852478206157684	; std	: 0.00815239455550909	; shrinking
mean	: 0.11636365950107574	; std	: 0.01768011972308159	; baunded
mean	: 0.0677693784236908	; std	: 0.0492575541138649	; non
mean	: 0.04039625823497772	; std	: 0.01946200430393219	; inflating
mean	: 0.07872849702835083	; std	: 0.020125485956668854	; shrinking
mean	: 0.0793989896774292	; std	: 0.017602529376745224	; baunded
mean	: 0.08088418841362	; std	: 0.038689352571964264	; non
mean	: 0.033869653940200806	; std	: 0.021014411002397537	; inflating
mean	: 0.07297450304031372	; std	: 0.021367134526371956	; shrinking
mean	: 0.07687754184007645	; std	: 0.017875229939818382	; baunded
mean	: 0.07528868317604065	; std	: 0.04066998139023781	; non
mean	: 0.034241754561662674	; std	: 0.024481361731886864	; inflating
mean	: 0.08232596516609192	; std	: 0.023538004606962204	; shrinking
mean	: 0.06621094793081284	; std	: 0.017351802438497543	; baunded
mean	: 0.08254975080490112	; std	: 0.03610854595899582	; non
mean	: 0.03887755051255226	; std	: 0.019764067605137825	; inflating
mean	: 0.061866309493780136	; std	: 0.02026970498263836	; shrinking
mean	: 0.08485961705446243	; std	: 0.017424091696739197	; baunded
mean	: 0.06672650575637817	; std	: 0.04591412842273712	; non
mean	: 0.036992669105529785	; std	: 0.02259082905948162	; inflating
mean	: 0.07899829745292664	; std	: 0.025081880390644073	; shrinking
mean	: 0.06421677768230438	; std	: 0.01721225492656231	; baunded
mean	: 0.07993090152740479	; std	: 0.03789861127734184	; non
mean	: 0.05597176402807236	; std	: 0.029668567702174187	; inflating
mean	: 0.1061231940984726	; std	: 0.02672751247882843	; shrinking
mean	: 0.04071000590920448	; std	: 0.010559813119471073	; baunded
mean	: 0.10097714513540268	; std	: 0.028974680230021477	; non
mean	: 0.034241754561662674	; std	: 0.024481361731886864	; inflating
mean	: 0.08232596516609192	; std	: 0.023538004606962204	; shrinking
mean	: 0.06621094793081284	; std	: 0.017351802438497543	; baunded
mean	: 0.08254975080490112	; std	: 0.03610854595899582	; non
mean	: 0.036992669105529785	; std	: 0.02259082905948162	; inflating
mean	: 0.07899829745292664	; std	: 0.025081880390644073	; shrinking
mean	: 0.06421677768230438	; std	: 0.01721225492656231	; baunded
mean	: 0.07993090152740479	; std	: 0.03789861127734184	; non
mean	: 0.05657009035348892	; std	: 0.026355110108852386	; inflating
mean	: 0.056478794664144516	; std	: 0.006020888686180115	; shrinking
mean	: 0.12038278579711914	; std	: 0.01771576702594757	; baunded
mean	: 0.06999360769987106	; std	: 0.04968782886862755	; non
mean	: 0.039167776703834534	; std	: 0.027396077290177345	; inflating
mean	: 0.09155536442995071	; std	: 0.025377528741955757	; shrinking
mean	: 0.05399157106876373	; std	: 0.016411300748586655	; baunded
mean	: 0.08955347537994385	; std	: 0.03205763176083565	; non
mean	: 0.034241754561662674	; std	: 0.024481361731886864	; inflating
mean	: 0.08232596516609192	; std	: 0.023538004606962204	; shrinking
mean	: 0.06621094793081284	; std	: 0.017351802438497543	; baunded
mean	: 0.08254975080490112	; std	: 0.03610854595899582	; non
mean	: 0.043505460023880005	; std	: 0.024271560832858086	; inflating
mean	: 0.0908351019024849	; std	: 0.024746621027588844	; shrinking
mean	: 0.05799555033445358	; std	: 0.015888191759586334	; baunded
mean	: 0.08956364542245865	; std	: 0.03248550742864609	; non
mean	: 0.039605576545000076	; std	: 0.022658824920654297	; inflating
mean	: 0.08759686350822449	; std	: 0.022318487986922264	; shrinking
mean	: 0.0672449991106987	; std	: 0.01632973924279213	; baunded
mean	: 0.0870918482542038	; std	: 0.03317039832472801	; non
mean	: 0.0791487842798233	; std	: 0.03371388465166092	; inflating
mean	: 0.046819280833005905	; std	: 0.016146250069141388	; shrinking
mean	: 0.14465969800949097	; std	: 0.016456451267004013	; baunded
mean	: 0.06962883472442627	; std	: 0.05890152230858803	; non
mean	: 0.04495948553085327	; std	: 0.020646627992391586	; inflating
mean	: 0.05455894023180008	; std	: 0.013613092713057995	; shrinking
mean	: 0.10248535871505737	; std	: 0.017352430149912834	; baunded
mean	: 0.06401929259300232	; std	: 0.048021506518125534	; non
mean	: 0.036992669105529785	; std	: 0.02259082905948162	; inflating
mean	: 0.07899829745292664	; std	: 0.025081880390644073	; shrinking
mean	: 0.06421677768230438	; std	: 0.01721225492656231	; baunded
mean	: 0.07993090152740479	; std	: 0.03789861127734184	; non
mean	: 0.03594207763671875	; std	: 0.023752860724925995	; inflating
mean	: 0.08348861336708069	; std	: 0.02439034730195999	; shrinking
mean	: 0.062118180096149445	; std	: 0.01726461946964264	; baunded
mean	: 0.08326034247875214	; std	: 0.035766083747148514	; non
mean	: 0.04410410299897194	; std	: 0.02041502855718136	; inflating
mean	: 0.05510244518518448	; std	: 0.014098946005105972	; shrinking
mean	: 0.10128256678581238	; std	: 0.0174567773938179	; baunded
mean	: 0.06407690048217773	; std	: 0.047992363572120667	; non
mean	: 0.06607123464345932	; std	: 0.03303355723619461	; inflating
mean	: 0.11758768558502197	; std	: 0.02716141752898693	; shrinking
mean	: 0.03068471886217594	; std	: 0.007445189170539379	; baunded
mean	: 0.10880985856056213	; std	: 0.030294273048639297	; non
mean	: 0.040016740560531616	; std	: 0.024323733523488045	; inflating
mean	: 0.08960242569446564	; std	: 0.023499885573983192	; shrinking
mean	: 0.06201030686497688	; std	: 0.0159833375364542	; baunded
mean	: 0.08839689195156097	; std	: 0.032354433089494705	; non
mean	: 0.061858609318733215	; std	: 0.02804916352033615	; inflating
mean	: 0.044471535831689835	; std	: 0.00799130741506815	; shrinking
mean	: 0.12439095228910446	; std	: 0.01694873906672001	; baunded
mean	: 0.0630728155374527	; std	: 0.0531897209584713	; non
mean	: 0.05657009035348892	; std	: 0.026355110108852386	; inflating
mean	: 0.056478794664144516	; std	: 0.006020888686180115	; shrinking
mean	: 0.12038278579711914	; std	: 0.01771576702594757	; baunded
mean	: 0.06999360769987106	; std	: 0.04968782886862755	; non
mean	: 0.03458234295248985	; std	: 0.020334957167506218	; inflating
mean	: 0.06814264506101608	; std	: 0.02227582409977913	; shrinking
mean	: 0.0766611248254776	; std	: 0.01728382147848606	; baunded
mean	: 0.07130537927150726	; std	: 0.04201303422451019	; non
mean	: 0.07467995584011078	; std	: 0.033392760902643204	; inflating
mean	: 0.12485678493976593	; std	: 0.027314597740769386	; shrinking
mean	: 0.02793552353978157	; std	: 0.008543970063328743	; baunded
mean	: 0.11415156722068787	; std	: 0.032507818192243576	; non
mean	: 0.04202859103679657	; std	: 0.027763240039348602	; inflating
mean	: 0.09435233473777771	; std	: 0.025269154459238052	; shrinking
mean	: 0.05228317156434059	; std	: 0.01574235036969185	; baunded
mean	: 0.09179773181676865	; std	: 0.03076869249343872	; non
mean	: 0.04453907534480095	; std	: 0.020320270210504532	; inflating
mean	: 0.05388327315449715	; std	: 0.015032241120934486	; shrinking
mean	: 0.0985577404499054	; std	: 0.01734527386724949	; baunded
mean	: 0.062403127551078796	; std	: 0.048896387219429016	; non
mean	: 0.03594207763671875	; std	: 0.023752860724925995	; inflating
mean	: 0.08348861336708069	; std	: 0.02439034730195999	; shrinking
mean	: 0.062118180096149445	; std	: 0.01726461946964264	; baunded
mean	: 0.08326034247875214	; std	: 0.035766083747148514	; non
mean	: 0.052927710115909576	; std	: 0.025044536218047142	; inflating
mean	: 0.054852478206157684	; std	: 0.00815239455550909	; shrinking
mean	: 0.11636365950107574	; std	: 0.01768011972308159	; baunded
mean	: 0.0677693784236908	; std	: 0.0492575541138649	; non
mean	: 0.039167776703834534	; std	: 0.027396077290177345	; inflating
mean	: 0.09155536442995071	; std	: 0.025377528741955757	; shrinking
mean	: 0.05399157106876373	; std	: 0.016411300748586655	; baunded
mean	: 0.08955347537994385	; std	: 0.03205763176083565	; non
mean	: 0.07343840599060059	; std	: 0.03229681774973869	; inflating
mean	: 0.04513617604970932	; std	: 0.013217940926551819	; shrinking
mean	: 0.13872185349464417	; std	: 0.016612429171800613	; baunded
mean	: 0.06708867847919464	; std	: 0.05697205662727356	; non
mean	: 0.039167776703834534	; std	: 0.027396077290177345	; inflating
mean	: 0.09155536442995071	; std	: 0.025377528741955757	; shrinking
mean	: 0.05399157106876373	; std	: 0.016411300748586655	; baunded
mean	: 0.08955347537994385	; std	: 0.03205763176083565	; non
mean	: 0.033869653940200806	; std	: 0.021014411002397537	; inflating
mean	: 0.07297450304031372	; std	: 0.021367134526371956	; shrinking
mean	: 0.07687754184007645	; std	: 0.017875229939818382	; baunded
mean	: 0.07528868317604065	; std	: 0.04066998139023781	; non
mean	: 0.07343840599060059	; std	: 0.03229681774973869	; inflating
mean	: 0.04513617604970932	; std	: 0.013217940926551819	; shrinking
mean	: 0.13872185349464417	; std	: 0.016612429171800613	; baunded
mean	: 0.06708867847919464	; std	: 0.05697205662727356	; non
mean	: 0.06607123464345932	; std	: 0.03303355723619461	; inflating
mean	: 0.11758768558502197	; std	: 0.02716141752898693	; shrinking
mean	: 0.03068471886217594	; std	: 0.007445189170539379	; baunded
mean	: 0.10880985856056213	; std	: 0.030294273048639297	; non
mean	: 0.05597176402807236	; std	: 0.029668567702174187	; inflating
mean	: 0.1061231940984726	; std	: 0.02672751247882843	; shrinking
mean	: 0.04071000590920448	; std	: 0.010559813119471073	; baunded
mean	: 0.10097714513540268	; std	: 0.028974680230021477	; non
mean	: 0.049736104905605316	; std	: 0.023398205637931824	; inflating
mean	: 0.0568038709461689	; std	: 0.009542949497699738	; shrinking
mean	: 0.11161421239376068	; std	: 0.01769229769706726	; baunded
mean	: 0.06800678372383118	; std	: 0.048125091940164566	; non
mean	: 0.04321273788809776	; std	: 0.028183206915855408	; inflating
mean	: 0.09580458700656891	; std	: 0.025436745956540108	; shrinking
mean	: 0.050961099565029144	; std	: 0.01533342432230711	; baunded
mean	: 0.09289809316396713	; std	: 0.03039822354912758	; non
mean	: 0.039851635694503784	; std	: 0.01970020867884159	; inflating
mean	: 0.06546463072299957	; std	: 0.020203465595841408	; shrinking
mean	: 0.08471493422985077	; std	: 0.017486033961176872	; baunded
mean	: 0.07005980610847473	; std	: 0.04461139068007469	; non
mean	: 0.03806045651435852	; std	: 0.019779441878199577	; inflating
mean	: 0.0663403570652008	; std	: 0.022274751216173172	; shrinking
mean	: 0.07858456671237946	; std	: 0.01709846965968609	; baunded
mean	: 0.07009263336658478	; std	: 0.043688416481018066	; non
mean	: 0.04321273788809776	; std	: 0.028183206915855408	; inflating
mean	: 0.09580458700656891	; std	: 0.025436745956540108	; shrinking
mean	: 0.050961099565029144	; std	: 0.01533342432230711	; baunded
mean	: 0.09289809316396713	; std	: 0.03039822354912758	; non
mean	: 0.033869653940200806	; std	: 0.021014411002397537	; inflating
mean	: 0.07297450304031372	; std	: 0.021367134526371956	; shrinking
mean	: 0.07687754184007645	; std	: 0.017875229939818382	; baunded
mean	: 0.07528868317604065	; std	: 0.04066998139023781	; non
mean	: 0.06607123464345932	; std	: 0.03303355723619461	; inflating
mean	: 0.11758768558502197	; std	: 0.02716141752898693	; shrinking
mean	: 0.03068471886217594	; std	: 0.007445189170539379	; baunded
mean	: 0.10880985856056213	; std	: 0.030294273048639297	; non
anchor name	: shrinking
mean	: 0.07825486361980438	; std	: 0.02381962537765503	; inflating
mean	: 0.028768664225935936	; std	: 0.017271291464567184	; shrinking
mean	: 0.13043853640556335	; std	: 0.015399850904941559	; baunded
mean	: 0.06002900004386902	; std	: 0.0558682382106781	; non
mean	: 0.07825486361980438	; std	: 0.02381962537765503	; inflating
mean	: 0.028768664225935936	; std	: 0.017271291464567184	; shrinking
mean	: 0.13043853640556335	; std	: 0.015399850904941559	; baunded
mean	: 0.06002900004386902	; std	: 0.0558682382106781	; non
mean	: 0.0993901789188385	; std	: 0.03113746829330921	; inflating
mean	: 0.04426666349172592	; std	: 0.028070954605937004	; shrinking
mean	: 0.15917521715164185	; std	: 0.015716593712568283	; baunded
mean	: 0.07344259321689606	; std	: 0.06613575667142868	; non
mean	: 0.07825486361980438	; std	: 0.02381962537765503	; inflating
mean	: 0.028768664225935936	; std	: 0.017271291464567184	; shrinking
mean	: 0.13043853640556335	; std	: 0.015399850904941559	; baunded
mean	: 0.06002900004386902	; std	: 0.0558682382106781	; non
mean	: 0.06113143265247345	; std	: 0.01809343509376049	; inflating
mean	: 0.03353960067033768	; std	: 0.017413413152098656	; shrinking
mean	: 0.10914183408021927	; std	: 0.01580943539738655	; baunded
mean	: 0.056920696049928665	; std	: 0.04946231096982956	; non
mean	: 0.06113143265247345	; std	: 0.01809343509376049	; inflating
mean	: 0.03353960067033768	; std	: 0.017413413152098656	; shrinking
mean	: 0.10914183408021927	; std	: 0.01580943539738655	; baunded
mean	: 0.056920696049928665	; std	: 0.04946231096982956	; non
mean	: 0.09944479912519455	; std	: 0.031091758981347084	; inflating
mean	: 0.043860990554094315	; std	: 0.02814522758126259	; shrinking
mean	: 0.15920820832252502	; std	: 0.015703490003943443	; baunded
mean	: 0.07300081849098206	; std	: 0.06647660583257675	; non
mean	: 0.06113143265247345	; std	: 0.01809343509376049	; inflating
mean	: 0.03353960067033768	; std	: 0.017413413152098656	; shrinking
mean	: 0.10914183408021927	; std	: 0.01580943539738655	; baunded
mean	: 0.056920696049928665	; std	: 0.04946231096982956	; non
mean	: 0.06113143265247345	; std	: 0.01809343509376049	; inflating
mean	: 0.03353960067033768	; std	: 0.017413413152098656	; shrinking
mean	: 0.10914183408021927	; std	: 0.01580943539738655	; baunded
mean	: 0.056920696049928665	; std	: 0.04946231096982956	; non
mean	: 0.0993901789188385	; std	: 0.03113746829330921	; inflating
mean	: 0.04426666349172592	; std	: 0.028070954605937004	; shrinking
mean	: 0.15917521715164185	; std	: 0.015716593712568283	; baunded
mean	: 0.07344259321689606	; std	: 0.06613575667142868	; non
mean	: 0.04714315012097359	; std	: 0.014234655536711216	; inflating
mean	: 0.058818262070417404	; std	: 0.028383444994688034	; shrinking
mean	: 0.07113198935985565	; std	: 0.015533879399299622	; baunded
mean	: 0.06698346138000488	; std	: 0.04187288507819176	; non
mean	: 0.09944479912519455	; std	: 0.031091758981347084	; inflating
mean	: 0.043860990554094315	; std	: 0.02814522758126259	; shrinking
mean	: 0.15920820832252502	; std	: 0.015703490003943443	; baunded
mean	: 0.07300081849098206	; std	: 0.06647660583257675	; non
mean	: 0.05042790621519089	; std	: 0.013220195658504963	; inflating
mean	: 0.04942462965846062	; std	: 0.02633799985051155	; shrinking
mean	: 0.08271543681621552	; std	: 0.01562357135117054	; baunded
mean	: 0.061130207031965256	; std	: 0.045769333839416504	; non
mean	: 0.06798864156007767	; std	: 0.01954685151576996	; inflating
mean	: 0.030252857133746147	; std	: 0.016885925084352493	; shrinking
mean	: 0.11611475795507431	; std	: 0.015496253035962582	; baunded
mean	: 0.05817683786153793	; std	: 0.05070861428976059	; non
mean	: 0.05374009162187576	; std	: 0.012242773547768593	; inflating
mean	: 0.05020739883184433	; std	: 0.02628764882683754	; shrinking
mean	: 0.0825132429599762	; std	: 0.01477415394037962	; baunded
mean	: 0.06320779025554657	; std	: 0.043697699904441833	; non
mean	: 0.0993901789188385	; std	: 0.03113746829330921	; inflating
mean	: 0.04426666349172592	; std	: 0.028070954605937004	; shrinking
mean	: 0.15917521715164185	; std	: 0.015716593712568283	; baunded
mean	: 0.07344259321689606	; std	: 0.06613575667142868	; non
mean	: 0.06798864156007767	; std	: 0.01954685151576996	; inflating
mean	: 0.030252857133746147	; std	: 0.016885925084352493	; shrinking
mean	: 0.11611475795507431	; std	: 0.015496253035962582	; baunded
mean	: 0.05817683786153793	; std	: 0.05070861428976059	; non
mean	: 0.08906826376914978	; std	: 0.025984162464737892	; inflating
mean	: 0.034775979816913605	; std	: 0.019989537075161934	; shrinking
mean	: 0.14338520169258118	; std	: 0.015424007549881935	; baunded
mean	: 0.06540694832801819	; std	: 0.06063982844352722	; non
mean	: 0.06798864156007767	; std	: 0.01954685151576996	; inflating
mean	: 0.030252857133746147	; std	: 0.016885925084352493	; shrinking
mean	: 0.11611475795507431	; std	: 0.015496253035962582	; baunded
mean	: 0.05817683786153793	; std	: 0.05070861428976059	; non
mean	: 0.06798864156007767	; std	: 0.01954685151576996	; inflating
mean	: 0.030252857133746147	; std	: 0.016885925084352493	; shrinking
mean	: 0.11611475795507431	; std	: 0.015496253035962582	; baunded
mean	: 0.05817683786153793	; std	: 0.05070861428976059	; non
mean	: 0.06113143265247345	; std	: 0.01809343509376049	; inflating
mean	: 0.03353960067033768	; std	: 0.017413413152098656	; shrinking
mean	: 0.10914183408021927	; std	: 0.01580943539738655	; baunded
mean	: 0.056920696049928665	; std	: 0.04946231096982956	; non
mean	: 0.0947788655757904	; std	: 0.026325648650527	; inflating
mean	: 0.041478000581264496	; std	: 0.021167566999793053	; shrinking
mean	: 0.1498664766550064	; std	: 0.01544121652841568	; baunded
mean	: 0.07141035050153732	; std	: 0.06099943444132805	; non
mean	: 0.0973535031080246	; std	: 0.03100254014134407	; inflating
mean	: 0.04201311990618706	; std	: 0.027094611898064613	; shrinking
mean	: 0.15704064071178436	; std	: 0.015704134479165077	; baunded
mean	: 0.07070840895175934	; std	: 0.06657500565052032	; non
mean	: 0.06113143265247345	; std	: 0.01809343509376049	; inflating
mean	: 0.03353960067033768	; std	: 0.017413413152098656	; shrinking
mean	: 0.10914183408021927	; std	: 0.01580943539738655	; baunded
mean	: 0.056920696049928665	; std	: 0.04946231096982956	; non
mean	: 0.08345560729503632	; std	: 0.02544994279742241	; inflating
mean	: 0.030449580401182175	; std	: 0.018937401473522186	; shrinking
mean	: 0.13724714517593384	; std	: 0.015423748642206192	; baunded
mean	: 0.0616016648709774	; std	: 0.05906832590699196	; non
mean	: 0.0947788655757904	; std	: 0.026325648650527	; inflating
mean	: 0.041478000581264496	; std	: 0.021167566999793053	; shrinking
mean	: 0.1498664766550064	; std	: 0.01544121652841568	; baunded
mean	: 0.07141035050153732	; std	: 0.06099943444132805	; non
mean	: 0.09218829870223999	; std	: 0.03003762476146221	; inflating
mean	: 0.0372311994433403	; std	: 0.02417772077023983	; shrinking
mean	: 0.15109960734844208	; std	: 0.015763603150844574	; baunded
mean	: 0.06537976861000061	; std	: 0.06603547185659409	; non
mean	: 0.05374009162187576	; std	: 0.012242773547768593	; inflating
mean	: 0.05020739883184433	; std	: 0.02628764882683754	; shrinking
mean	: 0.0825132429599762	; std	: 0.01477415394037962	; baunded
mean	: 0.06320779025554657	; std	: 0.043697699904441833	; non
mean	: 0.05159138888120651	; std	: 0.01205071434378624	; inflating
mean	: 0.04767459258437157	; std	: 0.02552104741334915	; shrinking
mean	: 0.08466387540102005	; std	: 0.015244932845234871	; baunded
mean	: 0.060473594814538956	; std	: 0.04543818160891533	; non
mean	: 0.09807215631008148	; std	: 0.026953531429171562	; inflating
mean	: 0.044860050082206726	; std	: 0.022068850696086884	; shrinking
mean	: 0.1540902554988861	; std	: 0.015540876425802708	; baunded
mean	: 0.07425627112388611	; std	: 0.06195197254419327	; non
mean	: 0.06798864156007767	; std	: 0.01954685151576996	; inflating
mean	: 0.030252857133746147	; std	: 0.016885925084352493	; shrinking
mean	: 0.11611475795507431	; std	: 0.015496253035962582	; baunded
mean	: 0.05817683786153793	; std	: 0.05070861428976059	; non
mean	: 0.08345560729503632	; std	: 0.02544994279742241	; inflating
mean	: 0.030449580401182175	; std	: 0.018937401473522186	; shrinking
mean	: 0.13724714517593384	; std	: 0.015423748642206192	; baunded
mean	: 0.0616016648709774	; std	: 0.05906832590699196	; non
mean	: 0.06798864156007767	; std	: 0.01954685151576996	; inflating
mean	: 0.030252857133746147	; std	: 0.016885925084352493	; shrinking
mean	: 0.11611475795507431	; std	: 0.015496253035962582	; baunded
mean	: 0.05817683786153793	; std	: 0.05070861428976059	; non
mean	: 0.09866476058959961	; std	: 0.0269006434828043	; inflating
mean	: 0.045673031359910965	; std	: 0.022119924426078796	; shrinking
mean	: 0.15459918975830078	; std	: 0.015522131696343422	; baunded
mean	: 0.07502064108848572	; std	: 0.06180468201637268	; non
mean	: 0.0633106380701065	; std	: 0.01538336556404829	; inflating
mean	: 0.03616040572524071	; std	: 0.018196990713477135	; shrinking
mean	: 0.10445882380008698	; std	: 0.015067888423800468	; baunded
mean	: 0.05879499018192291	; std	: 0.04744955524802208	; non
mean	: 0.08833706378936768	; std	: 0.02877543680369854	; inflating
mean	: 0.034409165382385254	; std	: 0.021477587521076202	; shrinking
mean	: 0.14583322405815125	; std	: 0.015632126480340958	; baunded
mean	: 0.06282047927379608	; std	: 0.0640261247754097	; non
mean	: 0.06632323563098907	; std	: 0.015485095791518688	; inflating
mean	: 0.03532176464796066	; std	: 0.01766776852309704	; shrinking
mean	: 0.10743996500968933	; std	: 0.014770259149372578	; baunded
mean	: 0.059817731380462646	; std	: 0.04723138362169266	; non
mean	: 0.08906826376914978	; std	: 0.025984162464737892	; inflating
mean	: 0.034775979816913605	; std	: 0.019989537075161934	; shrinking
mean	: 0.14338520169258118	; std	: 0.015424007549881935	; baunded
mean	: 0.06540694832801819	; std	: 0.06063982844352722	; non
mean	: 0.048248980194330215	; std	: 0.013257939368486404	; inflating
mean	: 0.04762139171361923	; std	: 0.025766611099243164	; shrinking
mean	: 0.08413982391357422	; std	: 0.01603521779179573	; baunded
mean	: 0.05874358117580414	; std	: 0.047286368906497955	; non
mean	: 0.09218829870223999	; std	: 0.03003762476146221	; inflating
mean	: 0.0372311994433403	; std	: 0.02417772077023983	; shrinking
mean	: 0.15109960734844208	; std	: 0.015763603150844574	; baunded
mean	: 0.06537976861000061	; std	: 0.06603547185659409	; non
mean	: 0.07768535614013672	; std	: 0.02265843003988266	; inflating
mean	: 0.02910447120666504	; std	: 0.016972852870821953	; shrinking
mean	: 0.12830877304077148	; std	: 0.015270458534359932	; baunded
mean	: 0.06043652445077896	; std	: 0.05451909080147743	; non
mean	: 0.048248980194330215	; std	: 0.013257939368486404	; inflating
mean	: 0.04762139171361923	; std	: 0.025766611099243164	; shrinking
mean	: 0.08413982391357422	; std	: 0.01603521779179573	; baunded
mean	: 0.05874358117580414	; std	: 0.047286368906497955	; non
mean	: 0.0946144312620163	; std	: 0.03051401674747467	; inflating
mean	: 0.03930383175611496	; std	: 0.02559022419154644	; shrinking
mean	: 0.1538359820842743	; std	: 0.015714408829808235	; baunded
mean	: 0.06760431826114655	; std	: 0.06648267060518265	; non
mean	: 0.07967420667409897	; std	: 0.023999447003006935	; inflating
mean	: 0.029556192457675934	; std	: 0.017610061913728714	; shrinking
mean	: 0.13236618041992188	; std	: 0.01543384324759245	; baunded
mean	: 0.06085935980081558	; std	: 0.05648626759648323	; non
mean	: 0.04647929221391678	; std	: 0.018890131264925003	; inflating
mean	: 0.07500286400318146	; std	: 0.029508652165532112	; shrinking
mean	: 0.05443906784057617	; std	: 0.015151338651776314	; baunded
mean	: 0.0782865583896637	; std	: 0.035640716552734375	; non
mean	: 0.07768535614013672	; std	: 0.02265843003988266	; inflating
mean	: 0.02910447120666504	; std	: 0.016972852870821953	; shrinking
mean	: 0.12830877304077148	; std	: 0.015270458534359932	; baunded
mean	: 0.06043652445077896	; std	: 0.05451909080147743	; non
mean	: 0.09866476058959961	; std	: 0.0269006434828043	; inflating
mean	: 0.045673031359910965	; std	: 0.022119924426078796	; shrinking
mean	: 0.15459918975830078	; std	: 0.015522131696343422	; baunded
mean	: 0.07502064108848572	; std	: 0.06180468201637268	; non
mean	: 0.0869695395231247	; std	: 0.028479937463998795	; inflating
mean	: 0.03432425484061241	; std	: 0.020613741129636765	; shrinking
mean	: 0.14424383640289307	; std	: 0.015662232413887978	; baunded
mean	: 0.06298962235450745	; std	: 0.06273181736469269	; non
mean	: 0.08261419087648392	; std	: 0.025084709748625755	; inflating
mean	: 0.0300595760345459	; std	: 0.01855248212814331	; shrinking
mean	: 0.13592402637004852	; std	: 0.01539324689656496	; baunded
mean	: 0.061347413808107376	; std	: 0.05838712304830551	; non
mean	: 0.07870220392942429	; std	: 0.023651577532291412	; inflating
mean	: 0.02916475385427475	; std	: 0.017485324293375015	; shrinking
mean	: 0.13098222017288208	; std	: 0.01545632816851139	; baunded
mean	: 0.060577861964702606	; std	: 0.055893674492836	; non
mean	: 0.09944479912519455	; std	: 0.031091758981347084	; inflating
mean	: 0.043860990554094315	; std	: 0.02814522758126259	; shrinking
mean	: 0.15920820832252502	; std	: 0.015703490003943443	; baunded
mean	: 0.07300081849098206	; std	: 0.06647660583257675	; non
mean	: 0.09944479912519455	; std	: 0.031091758981347084	; inflating
mean	: 0.043860990554094315	; std	: 0.02814522758126259	; shrinking
mean	: 0.15920820832252502	; std	: 0.015703490003943443	; baunded
mean	: 0.07300081849098206	; std	: 0.06647660583257675	; non
mean	: 0.08345560729503632	; std	: 0.02544994279742241	; inflating
mean	: 0.030449580401182175	; std	: 0.018937401473522186	; shrinking
mean	: 0.13724714517593384	; std	: 0.015423748642206192	; baunded
mean	: 0.0616016648709774	; std	: 0.05906832590699196	; non
mean	: 0.04916989058256149	; std	: 0.01293978001922369	; inflating
mean	: 0.047359295189380646	; std	: 0.02580621838569641	; shrinking
mean	: 0.08441980183124542	; std	: 0.015776166692376137	; baunded
mean	: 0.058976929634809494	; std	: 0.046977367252111435	; non
mean	: 0.04975050687789917	; std	: 0.013386687263846397	; inflating
mean	: 0.04919269680976868	; std	: 0.026225067675113678	; shrinking
mean	: 0.08278217166662216	; std	: 0.01580258086323738	; baunded
mean	: 0.06064050644636154	; std	: 0.04614415764808655	; non
mean	: 0.051940612494945526	; std	: 0.012835667468607426	; inflating
mean	: 0.04491009935736656	; std	: 0.0238626878708601	; shrinking
mean	: 0.08921156823635101	; std	: 0.015655523166060448	; baunded
mean	: 0.05851864069700241	; std	: 0.04714246839284897	; non
mean	: 0.07870220392942429	; std	: 0.023651577532291412	; inflating
mean	: 0.02916475385427475	; std	: 0.017485324293375015	; shrinking
mean	: 0.13098222017288208	; std	: 0.01545632816851139	; baunded
mean	: 0.060577861964702606	; std	: 0.055893674492836	; non
mean	: 0.10147672146558762	; std	: 0.031159982085227966	; inflating
mean	: 0.046833284199237823	; std	: 0.0281520988792181	; shrinking
mean	: 0.16122275590896606	; std	: 0.015686998143792152	; baunded
mean	: 0.07580035924911499	; std	: 0.06593725830316544	; non
mean	: 0.05374009162187576	; std	: 0.012242773547768593	; inflating
mean	: 0.05020739883184433	; std	: 0.02628764882683754	; shrinking
mean	: 0.0825132429599762	; std	: 0.01477415394037962	; baunded
mean	: 0.06320779025554657	; std	: 0.043697699904441833	; non
mean	: 0.09149669110774994	; std	: 0.029888523742556572	; inflating
mean	: 0.03715990483760834	; std	: 0.02371620014309883	; shrinking
mean	: 0.1501721441745758	; std	: 0.01571115292608738	; baunded
mean	: 0.06539304554462433	; std	: 0.06534096598625183	; non
mean	: 0.09945131838321686	; std	: 0.03106081299483776	; inflating
mean	: 0.04386887699365616	; std	: 0.028090480715036392	; shrinking
mean	: 0.1591738760471344	; std	: 0.015731317922472954	; baunded
mean	: 0.07306195795536041	; std	: 0.06641442328691483	; non
mean	: 0.08954638242721558	; std	: 0.027833521366119385	; inflating
mean	: 0.03458409011363983	; std	: 0.020796658471226692	; shrinking
mean	: 0.14642876386642456	; std	: 0.015858585014939308	; baunded
mean	: 0.06386531889438629	; std	: 0.06374673545360565	; non
mean	: 0.07583692669868469	; std	: 0.023768523707985878	; inflating
mean	: 0.029462754726409912	; std	: 0.01589948870241642	; shrinking
mean	: 0.128474622964859	; std	: 0.015489328652620316	; baunded
mean	: 0.05946563929319382	; std	: 0.05509965494275093	; non
mean	: 0.046554770320653915	; std	: 0.013412612490355968	; inflating
mean	: 0.0539359487593174	; std	: 0.02745659649372101	; shrinking
mean	: 0.07648076117038727	; std	: 0.015807246789336205	; baunded
mean	: 0.06310807913541794	; std	: 0.04428320750594139	; non
anchor name	: baunded
mean	: 0.07679340243339539	; std	: 0.030803071334958076	; inflating
mean	: 0.12383090704679489	; std	: 0.02861468493938446	; shrinking
mean	: 0.02137701027095318	; std	: 0.009226434864103794	; baunded
mean	: 0.11398807913064957	; std	: 0.03287579119205475	; non
mean	: 0.0856262594461441	; std	: 0.031831398606300354	; inflating
mean	: 0.1333460807800293	; std	: 0.02828999049961567	; shrinking
mean	: 0.019030895084142685	; std	: 0.015517896972596645	; baunded
mean	: 0.12072116881608963	; std	: 0.0360715426504612	; non
mean	: 0.08547830581665039	; std	: 0.03191005066037178	; inflating
mean	: 0.13351938128471375	; std	: 0.028285328298807144	; shrinking
mean	: 0.01930852048099041	; std	: 0.015481029637157917	; baunded
mean	: 0.1208677664399147	; std	: 0.03602226451039314	; non
mean	: 0.08547830581665039	; std	: 0.03191005066037178	; inflating
mean	: 0.13351938128471375	; std	: 0.028285328298807144	; shrinking
mean	: 0.01930852048099041	; std	: 0.015481029637157917	; baunded
mean	: 0.1208677664399147	; std	: 0.03602226451039314	; non
mean	: 0.07679340243339539	; std	: 0.030803071334958076	; inflating
mean	: 0.12383090704679489	; std	: 0.02861468493938446	; shrinking
mean	: 0.02137701027095318	; std	: 0.009226434864103794	; baunded
mean	: 0.11398807913064957	; std	: 0.03287579119205475	; non
mean	: 0.04905637353658676	; std	: 0.027544833719730377	; inflating
mean	: 0.09791809320449829	; std	: 0.027929669246077538	; shrinking
mean	: 0.03746632859110832	; std	: 0.017949316650629044	; baunded
mean	: 0.09459730982780457	; std	: 0.030606098473072052	; non
mean	: 0.10075429081916809	; std	: 0.03275907039642334	; inflating
mean	: 0.14860521256923676	; std	: 0.028114909306168556	; shrinking
mean	: 0.029213491827249527	; std	: 0.01924075372517109	; baunded
mean	: 0.1318449079990387	; std	: 0.04326143115758896	; non
mean	: 0.0856262594461441	; std	: 0.031831398606300354	; inflating
mean	: 0.1333460807800293	; std	: 0.02828999049961567	; shrinking
mean	: 0.019030895084142685	; std	: 0.015517896972596645	; baunded
mean	: 0.12072116881608963	; std	: 0.0360715426504612	; non
mean	: 0.07278259098529816	; std	: 0.031530000269412994	; inflating
mean	: 0.12145785242319107	; std	: 0.02844424545764923	; shrinking
mean	: 0.01928732357919216	; std	: 0.009661205112934113	; baunded
mean	: 0.11175934970378876	; std	: 0.032314129173755646	; non
mean	: 0.092223159968853	; std	: 0.032250095158815384	; inflating
mean	: 0.1393844038248062	; std	: 0.028107237070798874	; shrinking
mean	: 0.02286146581172943	; std	: 0.017258457839488983	; baunded
mean	: 0.12497442960739136	; std	: 0.039141569286584854	; non
mean	: 0.07679340243339539	; std	: 0.030803071334958076	; inflating
mean	: 0.12383090704679489	; std	: 0.02861468493938446	; shrinking
mean	: 0.02137701027095318	; std	: 0.009226434864103794	; baunded
mean	: 0.11398807913064957	; std	: 0.03287579119205475	; non
mean	: 0.10075429081916809	; std	: 0.03275907039642334	; inflating
mean	: 0.14860521256923676	; std	: 0.028114909306168556	; shrinking
mean	: 0.029213491827249527	; std	: 0.01924075372517109	; baunded
mean	: 0.1318449079990387	; std	: 0.04326143115758896	; non
mean	: 0.092223159968853	; std	: 0.032250095158815384	; inflating
mean	: 0.1393844038248062	; std	: 0.028107237070798874	; shrinking
mean	: 0.02286146581172943	; std	: 0.017258457839488983	; baunded
mean	: 0.12497442960739136	; std	: 0.039141569286584854	; non
mean	: 0.10075429081916809	; std	: 0.03275907039642334	; inflating
mean	: 0.14860521256923676	; std	: 0.028114909306168556	; shrinking
mean	: 0.029213491827249527	; std	: 0.01924075372517109	; baunded
mean	: 0.1318449079990387	; std	: 0.04326143115758896	; non
mean	: 0.06069269776344299	; std	: 0.03006652370095253	; inflating
mean	: 0.10992645472288132	; std	: 0.028443654999136925	; shrinking
mean	: 0.025477005168795586	; std	: 0.010527403093874454	; baunded
mean	: 0.10326716303825378	; std	: 0.030149754136800766	; non
mean	: 0.10075429081916809	; std	: 0.03275907039642334	; inflating
mean	: 0.14860521256923676	; std	: 0.028114909306168556	; shrinking
mean	: 0.029213491827249527	; std	: 0.01924075372517109	; baunded
mean	: 0.1318449079990387	; std	: 0.04326143115758896	; non
mean	: 0.08306693285703659	; std	: 0.0320245698094368	; inflating
mean	: 0.13106629252433777	; std	: 0.02845015563070774	; shrinking
mean	: 0.018585318699479103	; std	: 0.013587798923254013	; baunded
mean	: 0.11893288791179657	; std	: 0.03550700098276138	; non
mean	: 0.092223159968853	; std	: 0.032250095158815384	; inflating
mean	: 0.1393844038248062	; std	: 0.028107237070798874	; shrinking
mean	: 0.02286146581172943	; std	: 0.017258457839488983	; baunded
mean	: 0.12497442960739136	; std	: 0.039141569286584854	; non
mean	: 0.04905637353658676	; std	: 0.027544833719730377	; inflating
mean	: 0.09791809320449829	; std	: 0.027929669246077538	; shrinking
mean	: 0.03746632859110832	; std	: 0.017949316650629044	; baunded
mean	: 0.09459730982780457	; std	: 0.030606098473072052	; non
mean	: 0.05243430659174919	; std	: 0.02490113116800785	; inflating
mean	: 0.09579920768737793	; std	: 0.027816826477646828	; shrinking
mean	: 0.04328497499227524	; std	: 0.017764143645763397	; baunded
mean	: 0.09394308179616928	; std	: 0.03081415593624115	; non
mean	: 0.08046703785657883	; std	: 0.031509216874837875	; inflating
mean	: 0.12798207998275757	; std	: 0.02844928577542305	; shrinking
mean	: 0.01815403811633587	; std	: 0.012827596627175808	; baunded
mean	: 0.11673086881637573	; std	: 0.03428049385547638	; non
mean	: 0.08306693285703659	; std	: 0.0320245698094368	; inflating
mean	: 0.13106629252433777	; std	: 0.02845015563070774	; shrinking
mean	: 0.018585318699479103	; std	: 0.013587798923254013	; baunded
mean	: 0.11893288791179657	; std	: 0.03550700098276138	; non
mean	: 0.05470097064971924	; std	: 0.02442416362464428	; inflating
mean	: 0.09705543518066406	; std	: 0.027608593925833702	; shrinking
mean	: 0.04353737831115723	; std	: 0.0174771249294281	; baunded
mean	: 0.09515737742185593	; std	: 0.03025699220597744	; non
mean	: 0.07755793631076813	; std	: 0.03260759264230728	; inflating
mean	: 0.12676262855529785	; std	: 0.02800898626446724	; shrinking
mean	: 0.02212907187640667	; std	: 0.010621330700814724	; baunded
mean	: 0.11554683744907379	; std	: 0.033851053565740585	; non
mean	: 0.061509788036346436	; std	: 0.03036598116159439	; inflating
mean	: 0.11105749011039734	; std	: 0.028475698083639145	; shrinking
mean	: 0.024854600429534912	; std	: 0.010320904664695263	; baunded
mean	: 0.1040925607085228	; std	: 0.03029697947204113	; non
mean	: 0.10075429081916809	; std	: 0.03275907039642334	; inflating
mean	: 0.14860521256923676	; std	: 0.028114909306168556	; shrinking
mean	: 0.029213491827249527	; std	: 0.01924075372517109	; baunded
mean	: 0.1318449079990387	; std	: 0.04326143115758896	; non
mean	: 0.092223159968853	; std	: 0.032250095158815384	; inflating
mean	: 0.1393844038248062	; std	: 0.028107237070798874	; shrinking
mean	: 0.02286146581172943	; std	: 0.017258457839488983	; baunded
mean	: 0.12497442960739136	; std	: 0.039141569286584854	; non
mean	: 0.07315729558467865	; std	: 0.03180951625108719	; inflating
mean	: 0.12201136350631714	; std	: 0.02843666821718216	; shrinking
mean	: 0.01957589015364647	; std	: 0.009753499180078506	; baunded
mean	: 0.11214281618595123	; std	: 0.03253670409321785	; non
mean	: 0.09170180559158325	; std	: 0.032612208276987076	; inflating
mean	: 0.1395912915468216	; std	: 0.02812946029007435	; shrinking
mean	: 0.0241986196488142	; std	: 0.01549302414059639	; baunded
mean	: 0.12505313754081726	; std	: 0.03940769284963608	; non
mean	: 0.07315729558467865	; std	: 0.03180951625108719	; inflating
mean	: 0.12201136350631714	; std	: 0.02843666821718216	; shrinking
mean	: 0.01957589015364647	; std	: 0.009753499180078506	; baunded
mean	: 0.11214281618595123	; std	: 0.03253670409321785	; non
mean	: 0.08547830581665039	; std	: 0.03191005066037178	; inflating
mean	: 0.13351938128471375	; std	: 0.028285328298807144	; shrinking
mean	: 0.01930852048099041	; std	: 0.015481029637157917	; baunded
mean	: 0.1208677664399147	; std	: 0.03602226451039314	; non
mean	: 0.07755793631076813	; std	: 0.03260759264230728	; inflating
mean	: 0.12676262855529785	; std	: 0.02800898626446724	; shrinking
mean	: 0.02212907187640667	; std	: 0.010621330700814724	; baunded
mean	: 0.11554683744907379	; std	: 0.033851053565740585	; non
mean	: 0.08961446583271027	; std	: 0.03152160719037056	; inflating
mean	: 0.1361207365989685	; std	: 0.028118057176470757	; shrinking
mean	: 0.0232805497944355	; std	: 0.015511329285800457	; baunded
mean	: 0.12306013703346252	; std	: 0.03681395947933197	; non
mean	: 0.08547830581665039	; std	: 0.03191005066037178	; inflating
mean	: 0.13351938128471375	; std	: 0.028285328298807144	; shrinking
mean	: 0.01930852048099041	; std	: 0.015481029637157917	; baunded
mean	: 0.1208677664399147	; std	: 0.03602226451039314	; non
mean	: 0.06817816942930222	; std	: 0.03103615716099739	; inflating
mean	: 0.11700031906366348	; std	: 0.02846449986100197	; shrinking
mean	: 0.020999349653720856	; std	: 0.009130218997597694	; baunded
mean	: 0.10847678780555725	; std	: 0.03121471405029297	; non
mean	: 0.051326531916856766	; std	: 0.027520429342985153	; inflating
mean	: 0.09927438199520111	; std	: 0.028131632134318352	; shrinking
mean	: 0.03533142805099487	; std	: 0.016805263236165047	; baunded
mean	: 0.09566350281238556	; std	: 0.03029557131230831	; non
mean	: 0.06069269776344299	; std	: 0.03006652370095253	; inflating
mean	: 0.10992645472288132	; std	: 0.028443654999136925	; shrinking
mean	: 0.025477005168795586	; std	: 0.010527403093874454	; baunded
mean	: 0.10326716303825378	; std	: 0.030149754136800766	; non
mean	: 0.048848509788513184	; std	: 0.027147551998496056	; inflating
mean	: 0.09715622663497925	; std	: 0.02766987308859825	; shrinking
mean	: 0.03893989324569702	; std	: 0.018154820427298546	; baunded
mean	: 0.09410089999437332	; std	: 0.030450498685240746	; non
mean	: 0.053588129580020905	; std	: 0.027776477858424187	; inflating
mean	: 0.10122820734977722	; std	: 0.02824852243065834	; shrinking
mean	: 0.03346811234951019	; std	: 0.015446910634636879	; baunded
mean	: 0.09712739288806915	; std	: 0.029990067705512047	; non
mean	: 0.08359518647193909	; std	: 0.030471179634332657	; inflating
mean	: 0.1292957216501236	; std	: 0.028202086687088013	; shrinking
mean	: 0.023547939956188202	; std	: 0.012627423740923405	; baunded
mean	: 0.11823664605617523	; std	: 0.033879585564136505	; non
mean	: 0.08547830581665039	; std	: 0.03191005066037178	; inflating
mean	: 0.13351938128471375	; std	: 0.028285328298807144	; shrinking
mean	: 0.01930852048099041	; std	: 0.015481029637157917	; baunded
mean	: 0.1208677664399147	; std	: 0.03602226451039314	; non
mean	: 0.08046703785657883	; std	: 0.031509216874837875	; inflating
mean	: 0.12798207998275757	; std	: 0.02844928577542305	; shrinking
mean	: 0.01815403811633587	; std	: 0.012827596627175808	; baunded
mean	: 0.11673086881637573	; std	: 0.03428049385547638	; non
mean	: 0.07679340243339539	; std	: 0.030803071334958076	; inflating
mean	: 0.12383090704679489	; std	: 0.02861468493938446	; shrinking
mean	: 0.02137701027095318	; std	: 0.009226434864103794	; baunded
mean	: 0.11398807913064957	; std	: 0.03287579119205475	; non
mean	: 0.09199361503124237	; std	: 0.03171819821000099	; inflating
mean	: 0.13838975131511688	; std	: 0.02819923311471939	; shrinking
mean	: 0.022412285208702087	; std	: 0.01699414849281311	; baunded
mean	: 0.12455131858587265	; std	: 0.03826518356800079	; non
mean	: 0.09199361503124237	; std	: 0.03171819821000099	; inflating
mean	: 0.13838975131511688	; std	: 0.02819923311471939	; shrinking
mean	: 0.022412285208702087	; std	: 0.01699414849281311	; baunded
mean	: 0.12455131858587265	; std	: 0.03826518356800079	; non
mean	: 0.08961446583271027	; std	: 0.03152160719037056	; inflating
mean	: 0.1361207365989685	; std	: 0.028118057176470757	; shrinking
mean	: 0.0232805497944355	; std	: 0.015511329285800457	; baunded
mean	: 0.12306013703346252	; std	: 0.03681395947933197	; non
mean	: 0.06817816942930222	; std	: 0.03103615716099739	; inflating
mean	: 0.11700031906366348	; std	: 0.02846449986100197	; shrinking
mean	: 0.020999349653720856	; std	: 0.009130218997597694	; baunded
mean	: 0.10847678780555725	; std	: 0.03121471405029297	; non
mean	: 0.09170180559158325	; std	: 0.032612208276987076	; inflating
mean	: 0.1395912915468216	; std	: 0.02812946029007435	; shrinking
mean	: 0.0241986196488142	; std	: 0.01549302414059639	; baunded
mean	: 0.12505313754081726	; std	: 0.03940769284963608	; non
mean	: 0.06822255253791809	; std	: 0.03159860894083977	; inflating
mean	: 0.11846458911895752	; std	: 0.028244562447071075	; shrinking
mean	: 0.023843199014663696	; std	: 0.009403039701282978	; baunded
mean	: 0.10953712463378906	; std	: 0.031376760452985764	; non
mean	: 0.08046703785657883	; std	: 0.031509216874837875	; inflating
mean	: 0.12798207998275757	; std	: 0.02844928577542305	; shrinking
mean	: 0.01815403811633587	; std	: 0.012827596627175808	; baunded
mean	: 0.11673086881637573	; std	: 0.03428049385547638	; non
mean	: 0.092223159968853	; std	: 0.032250095158815384	; inflating
mean	: 0.1393844038248062	; std	: 0.028107237070798874	; shrinking
mean	: 0.02286146581172943	; std	: 0.017258457839488983	; baunded
mean	: 0.12497442960739136	; std	: 0.039141569286584854	; non
mean	: 0.048848509788513184	; std	: 0.027147551998496056	; inflating
mean	: 0.09715622663497925	; std	: 0.02766987308859825	; shrinking
mean	: 0.03893989324569702	; std	: 0.018154820427298546	; baunded
mean	: 0.09410089999437332	; std	: 0.030450498685240746	; non
mean	: 0.08715754002332687	; std	: 0.03178513050079346	; inflating
mean	: 0.1341569423675537	; std	: 0.02820824459195137	; shrinking
mean	: 0.019745834171772003	; std	: 0.015883956104516983	; baunded
mean	: 0.1212887316942215	; std	: 0.03655173256993294	; non
mean	: 0.04905637353658676	; std	: 0.027544833719730377	; inflating
mean	: 0.09791809320449829	; std	: 0.027929669246077538	; shrinking
mean	: 0.03746632859110832	; std	: 0.017949316650629044	; baunded
mean	: 0.09459730982780457	; std	: 0.030606098473072052	; non
mean	: 0.08711592853069305	; std	: 0.03201061859726906	; inflating
mean	: 0.135066956281662	; std	: 0.028246833011507988	; shrinking
mean	: 0.019779618829488754	; std	: 0.01608112081885338	; baunded
mean	: 0.12197220325469971	; std	: 0.03671392425894737	; non
mean	: 0.06309296190738678	; std	: 0.02910192683339119	; inflating
mean	: 0.11080963909626007	; std	: 0.02856132760643959	; shrinking
mean	: 0.029209721833467484	; std	: 0.011262187734246254	; baunded
mean	: 0.10458463430404663	; std	: 0.03011932596564293	; non
mean	: 0.048848509788513184	; std	: 0.027147551998496056	; inflating
mean	: 0.09715622663497925	; std	: 0.02766987308859825	; shrinking
mean	: 0.03893989324569702	; std	: 0.018154820427298546	; baunded
mean	: 0.09410089999437332	; std	: 0.030450498685240746	; non
mean	: 0.08711592853069305	; std	: 0.03201061859726906	; inflating
mean	: 0.135066956281662	; std	: 0.028246833011507988	; shrinking
mean	: 0.019779618829488754	; std	: 0.01608112081885338	; baunded
mean	: 0.12197220325469971	; std	: 0.03671392425894737	; non
mean	: 0.06822255253791809	; std	: 0.03159860894083977	; inflating
mean	: 0.11846458911895752	; std	: 0.028244562447071075	; shrinking
mean	: 0.023843199014663696	; std	: 0.009403039701282978	; baunded
mean	: 0.10953712463378906	; std	: 0.031376760452985764	; non
mean	: 0.08046703785657883	; std	: 0.031509216874837875	; inflating
mean	: 0.12798207998275757	; std	: 0.02844928577542305	; shrinking
mean	: 0.01815403811633587	; std	: 0.012827596627175808	; baunded
mean	: 0.11673086881637573	; std	: 0.03428049385547638	; non
mean	: 0.0856262594461441	; std	: 0.031831398606300354	; inflating
mean	: 0.1333460807800293	; std	: 0.02828999049961567	; shrinking
mean	: 0.019030895084142685	; std	: 0.015517896972596645	; baunded
mean	: 0.12072116881608963	; std	: 0.0360715426504612	; non
mean	: 0.09741877764463425	; std	: 0.03151427209377289	; inflating
mean	: 0.1427573263645172	; std	: 0.028084155172109604	; shrinking
mean	: 0.027596885338425636	; std	: 0.016924429684877396	; baunded
mean	: 0.12802696228027344	; std	: 0.04003618285059929	; non
mean	: 0.06822255253791809	; std	: 0.03159860894083977	; inflating
mean	: 0.11846458911895752	; std	: 0.028244562447071075	; shrinking
mean	: 0.023843199014663696	; std	: 0.009403039701282978	; baunded
mean	: 0.10953712463378906	; std	: 0.031376760452985764	; non
mean	: 0.05355171859264374	; std	: 0.02527538500726223	; inflating
mean	: 0.09759149700403214	; std	: 0.02780240587890148	; shrinking
mean	: 0.04183117672801018	; std	: 0.017383556813001633	; baunded
mean	: 0.09525572508573532	; std	: 0.030444063246250153	; non
anchor name	: non
mean	: 0.042323969304561615	; std	: 0.017525959759950638	; inflating
mean	: 0.05064654350280762	; std	: 0.020590197294950485	; shrinking
mean	: 0.08949795365333557	; std	: 0.01720280759036541	; baunded
mean	: 0.05685729905962944	; std	: 0.051214613020420074	; non
mean	: 0.042323969304561615	; std	: 0.017525959759950638	; inflating
mean	: 0.05064654350280762	; std	: 0.020590197294950485	; shrinking
mean	: 0.08949795365333557	; std	: 0.01720280759036541	; baunded
mean	: 0.05685729905962944	; std	: 0.051214613020420074	; non
mean	: 0.15144263207912445	; std	: 0.03263380378484726	; inflating
mean	: 0.1968814879655838	; std	: 0.026707449927926064	; shrinking
mean	: 0.08190050721168518	; std	: 0.018055275082588196	; baunded
mean	: 0.1680641919374466	; std	: 0.0699203610420227	; non
mean	: 0.044917553663253784	; std	: 0.01545026246458292	; inflating
mean	: 0.04721847549080849	; std	: 0.022615114226937294	; shrinking
mean	: 0.08815436065196991	; std	: 0.016500042751431465	; baunded
mean	: 0.05504333972930908	; std	: 0.051062505692243576	; non
mean	: 0.044917553663253784	; std	: 0.01545026246458292	; inflating
mean	: 0.04721847549080849	; std	: 0.022615114226937294	; shrinking
mean	: 0.08815436065196991	; std	: 0.016500042751431465	; baunded
mean	: 0.05504333972930908	; std	: 0.051062505692243576	; non
mean	: 0.09184294939041138	; std	: 0.03004853054881096	; inflating
mean	: 0.036941610276699066	; std	: 0.023027153685688972	; shrinking
mean	: 0.15098407864570618	; std	: 0.015665756538510323	; baunded
mean	: 0.06270409375429153	; std	: 0.06809429079294205	; non
mean	: 0.042323969304561615	; std	: 0.017525959759950638	; inflating
mean	: 0.05064654350280762	; std	: 0.020590197294950485	; shrinking
mean	: 0.08949795365333557	; std	: 0.01720280759036541	; baunded
mean	: 0.05685729905962944	; std	: 0.051214613020420074	; non
mean	: 0.042323969304561615	; std	: 0.017525959759950638	; inflating
mean	: 0.05064654350280762	; std	: 0.020590197294950485	; shrinking
mean	: 0.08949795365333557	; std	: 0.01720280759036541	; baunded
mean	: 0.05685729905962944	; std	: 0.051214613020420074	; non
mean	: 0.09184294939041138	; std	: 0.03004853054881096	; inflating
mean	: 0.036941610276699066	; std	: 0.023027153685688972	; shrinking
mean	: 0.15098407864570618	; std	: 0.015665756538510323	; baunded
mean	: 0.06270409375429153	; std	: 0.06809429079294205	; non
mean	: 0.09237100929021835	; std	: 0.030018435791134834	; inflating
mean	: 0.03731928765773773	; std	: 0.02298048883676529	; shrinking
mean	: 0.1516401320695877	; std	: 0.01569579727947712	; baunded
mean	: 0.06304119527339935	; std	: 0.06828573346138	; non
mean	: 0.0912579745054245	; std	: 0.029274554923176765	; inflating
mean	: 0.03634432703256607	; std	: 0.021956996992230415	; shrinking
mean	: 0.14978031814098358	; std	: 0.015638047829270363	; baunded
mean	: 0.06281815469264984	; std	: 0.06701119244098663	; non
mean	: 0.044917553663253784	; std	: 0.01545026246458292	; inflating
mean	: 0.04721847549080849	; std	: 0.022615114226937294	; shrinking
mean	: 0.08815436065196991	; std	: 0.016500042751431465	; baunded
mean	: 0.05504333972930908	; std	: 0.051062505692243576	; non
mean	: 0.09237100929021835	; std	: 0.030018435791134834	; inflating
mean	: 0.03731928765773773	; std	: 0.02298048883676529	; shrinking
mean	: 0.1516401320695877	; std	: 0.01569579727947712	; baunded
mean	: 0.06304119527339935	; std	: 0.06828573346138	; non
mean	: 0.09133552759885788	; std	: 0.02994324266910553	; inflating
mean	: 0.03651416674256325	; std	: 0.02276512421667576	; shrinking
mean	: 0.15055124461650848	; std	: 0.01570763997733593	; baunded
mean	: 0.062434662133455276	; std	: 0.06787977367639542	; non
mean	: 0.0912579745054245	; std	: 0.029274554923176765	; inflating
mean	: 0.03634432703256607	; std	: 0.021956996992230415	; shrinking
mean	: 0.14978031814098358	; std	: 0.015638047829270363	; baunded
mean	: 0.06281815469264984	; std	: 0.06701119244098663	; non
mean	: 0.09184294939041138	; std	: 0.03004853054881096	; inflating
mean	: 0.036941610276699066	; std	: 0.023027153685688972	; shrinking
mean	: 0.15098407864570618	; std	: 0.015665756538510323	; baunded
mean	: 0.06270409375429153	; std	: 0.06809429079294205	; non
mean	: 0.14013832807540894	; std	: 0.032329823821783066	; inflating
mean	: 0.184278205037117	; std	: 0.026578526943922043	; shrinking
mean	: 0.0713358074426651	; std	: 0.017711572349071503	; baunded
mean	: 0.15757793188095093	; std	: 0.06548719853162766	; non
mean	: 0.09217922389507294	; std	: 0.030339108780026436	; inflating
mean	: 0.03734835237264633	; std	: 0.023713894188404083	; shrinking
mean	: 0.15158051252365112	; std	: 0.015694105997681618	; baunded
mean	: 0.06354013085365295	; std	: 0.06789518147706985	; non
mean	: 0.13762898743152618	; std	: 0.03255699947476387	; inflating
mean	: 0.18252985179424286	; std	: 0.02667911723256111	; shrinking
mean	: 0.06879976391792297	; std	: 0.017656365409493446	; baunded
mean	: 0.15609410405158997	; std	: 0.06464089453220367	; non
mean	: 0.14013832807540894	; std	: 0.032329823821783066	; inflating
mean	: 0.184278205037117	; std	: 0.026578526943922043	; shrinking
mean	: 0.0713358074426651	; std	: 0.017711572349071503	; baunded
mean	: 0.15757793188095093	; std	: 0.06548719853162766	; non
mean	: 0.15144263207912445	; std	: 0.03263380378484726	; inflating
mean	: 0.1968814879655838	; std	: 0.026707449927926064	; shrinking
mean	: 0.08190050721168518	; std	: 0.018055275082588196	; baunded
mean	: 0.1680641919374466	; std	: 0.0699203610420227	; non
mean	: 0.10803663730621338	; std	: 0.02870633266866207	; inflating
mean	: 0.05766071006655693	; std	: 0.022420460358262062	; shrinking
mean	: 0.1655350625514984	; std	: 0.015431048348546028	; baunded
mean	: 0.08320119231939316	; std	: 0.06437836587429047	; non
mean	: 0.13863950967788696	; std	: 0.03264296054840088	; inflating
mean	: 0.1839386373758316	; std	: 0.02673880197107792	; shrinking
mean	: 0.06999377906322479	; std	: 0.01754043437540531	; baunded
mean	: 0.1572742462158203	; std	: 0.06507980823516846	; non
mean	: 0.10803766548633575	; std	: 0.02833591029047966	; inflating
mean	: 0.057945430278778076	; std	: 0.02186020091176033	; shrinking
mean	: 0.1652049422264099	; std	: 0.015418879687786102	; baunded
mean	: 0.08347094058990479	; std	: 0.06396736949682236	; non
mean	: 0.047236450016498566	; std	: 0.014900442212820053	; inflating
mean	: 0.0462232306599617	; std	: 0.023159680888056755	; shrinking
mean	: 0.0880509689450264	; std	: 0.016134345903992653	; baunded
mean	: 0.05575321614742279	; std	: 0.050086040049791336	; non
mean	: 0.046994104981422424	; std	: 0.016210107132792473	; inflating
mean	: 0.04435242339968681	; std	: 0.019820941612124443	; shrinking
mean	: 0.09404569119215012	; std	: 0.01646190695464611	; baunded
mean	: 0.05449223518371582	; std	: 0.05103810131549835	; non
mean	: 0.04702138155698776	; std	: 0.014837185852229595	; inflating
mean	: 0.0452708899974823	; std	: 0.021992655470967293	; shrinking
mean	: 0.09001031517982483	; std	: 0.016114406287670135	; baunded
mean	: 0.054797302931547165	; std	: 0.0505107119679451	; non
mean	: 0.042323969304561615	; std	: 0.017525959759950638	; inflating
mean	: 0.05064654350280762	; std	: 0.020590197294950485	; shrinking
mean	: 0.08949795365333557	; std	: 0.01720280759036541	; baunded
mean	: 0.05685729905962944	; std	: 0.051214613020420074	; non
mean	: 0.09237100929021835	; std	: 0.030018435791134834	; inflating
mean	: 0.03731928765773773	; std	: 0.02298048883676529	; shrinking
mean	: 0.1516401320695877	; std	: 0.01569579727947712	; baunded
mean	: 0.06304119527339935	; std	: 0.06828573346138	; non
mean	: 0.09202436357736588	; std	: 0.030433595180511475	; inflating
mean	: 0.037594400346279144	; std	: 0.02379220724105835	; shrinking
mean	: 0.1514981985092163	; std	: 0.01568245328962803	; baunded
mean	: 0.06405414640903473	; std	: 0.06743714958429337	; non
mean	: 0.09218928217887878	; std	: 0.030314933508634567	; inflating
mean	: 0.037511326372623444	; std	: 0.023492949083447456	; shrinking
mean	: 0.15155702829360962	; std	: 0.015666412189602852	; baunded
mean	: 0.06354722380638123	; std	: 0.06788744777441025	; non
mean	: 0.05060107260942459	; std	: 0.018616456538438797	; inflating
mean	: 0.04012486711144447	; std	: 0.01649148389697075	; shrinking
mean	: 0.10184940695762634	; std	: 0.016623439267277718	; baunded
mean	: 0.05431194230914116	; std	: 0.05127492919564247	; non
mean	: 0.15144263207912445	; std	: 0.03263380378484726	; inflating
mean	: 0.1968814879655838	; std	: 0.026707449927926064	; shrinking
mean	: 0.08190050721168518	; std	: 0.018055275082588196	; baunded
mean	: 0.1680641919374466	; std	: 0.0699203610420227	; non
mean	: 0.04358234629034996	; std	: 0.01583465375006199	; inflating
mean	: 0.048541706055402756	; std	: 0.021786514669656754	; shrinking
mean	: 0.08825191855430603	; std	: 0.01674540713429451	; baunded
mean	: 0.05610252171754837	; std	: 0.05033852159976959	; non
mean	: 0.04702138155698776	; std	: 0.014837185852229595	; inflating
mean	: 0.0452708899974823	; std	: 0.021992655470967293	; shrinking
mean	: 0.09001031517982483	; std	: 0.016114406287670135	; baunded
mean	: 0.054797302931547165	; std	: 0.0505107119679451	; non
mean	: 0.09237100929021835	; std	: 0.030018435791134834	; inflating
mean	: 0.03731928765773773	; std	: 0.02298048883676529	; shrinking
mean	: 0.1516401320695877	; std	: 0.01569579727947712	; baunded
mean	: 0.06304119527339935	; std	: 0.06828573346138	; non
mean	: 0.09125199913978577	; std	: 0.029826084151864052	; inflating
mean	: 0.03632046654820442	; std	: 0.022659484297037125	; shrinking
mean	: 0.15033584833145142	; std	: 0.01570872776210308	; baunded
mean	: 0.06238173693418503	; std	: 0.0677468553185463	; non
mean	: 0.04702138155698776	; std	: 0.014837185852229595	; inflating
mean	: 0.0452708899974823	; std	: 0.021992655470967293	; shrinking
mean	: 0.09001031517982483	; std	: 0.016114406287670135	; baunded
mean	: 0.054797302931547165	; std	: 0.0505107119679451	; non
mean	: 0.09217922389507294	; std	: 0.030339108780026436	; inflating
mean	: 0.03734835237264633	; std	: 0.023713894188404083	; shrinking
mean	: 0.15158051252365112	; std	: 0.015694105997681618	; baunded
mean	: 0.06354013085365295	; std	: 0.06789518147706985	; non
mean	: 0.048568736761808395	; std	: 0.014108238741755486	; inflating
mean	: 0.04747825860977173	; std	: 0.024179423227906227	; shrinking
mean	: 0.08615252375602722	; std	: 0.015626518055796623	; baunded
mean	: 0.057747066020965576	; std	: 0.04844536632299423	; non
mean	: 0.05053192377090454	; std	: 0.015995679423213005	; inflating
mean	: 0.041579198092222214	; std	: 0.020122064277529716	; shrinking
mean	: 0.09526237845420837	; std	: 0.01612631417810917	; baunded
mean	: 0.05432066693902016	; std	: 0.05074138566851616	; non
mean	: 0.04702138155698776	; std	: 0.014837185852229595	; inflating
mean	: 0.0452708899974823	; std	: 0.021992655470967293	; shrinking
mean	: 0.09001031517982483	; std	: 0.016114406287670135	; baunded
mean	: 0.054797302931547165	; std	: 0.0505107119679451	; non
mean	: 0.046994104981422424	; std	: 0.016210107132792473	; inflating
mean	: 0.04435242339968681	; std	: 0.019820941612124443	; shrinking
mean	: 0.09404569119215012	; std	: 0.01646190695464611	; baunded
mean	: 0.05449223518371582	; std	: 0.05103810131549835	; non
mean	: 0.04702138155698776	; std	: 0.014837185852229595	; inflating
mean	: 0.0452708899974823	; std	: 0.021992655470967293	; shrinking
mean	: 0.09001031517982483	; std	: 0.016114406287670135	; baunded
mean	: 0.054797302931547165	; std	: 0.0505107119679451	; non
mean	: 0.09027240425348282	; std	: 0.029237743467092514	; inflating
mean	: 0.0356421135365963	; std	: 0.02172204479575157	; shrinking
mean	: 0.14884015917778015	; std	: 0.015652569010853767	; baunded
mean	: 0.06222662329673767	; std	: 0.06668222695589066	; non
mean	: 0.042324140667915344	; std	: 0.01686696521937847	; inflating
mean	: 0.05063406750559807	; std	: 0.02173539251089096	; shrinking
mean	: 0.0871540978550911	; std	: 0.017044439911842346	; baunded
mean	: 0.05696702003479004	; std	: 0.05060678720474243	; non
mean	: 0.042323969304561615	; std	: 0.017525959759950638	; inflating
mean	: 0.05064654350280762	; std	: 0.020590197294950485	; shrinking
mean	: 0.08949795365333557	; std	: 0.01720280759036541	; baunded
mean	: 0.05685729905962944	; std	: 0.051214613020420074	; non
mean	: 0.09077818691730499	; std	: 0.02898617833852768	; inflating
mean	: 0.035854555666446686	; std	: 0.02166210487484932	; shrinking
mean	: 0.1489420235157013	; std	: 0.01560856495052576	; baunded
mean	: 0.06273087114095688	; std	: 0.0664399042725563	; non
mean	: 0.09184294939041138	; std	: 0.03004853054881096	; inflating
mean	: 0.036941610276699066	; std	: 0.023027153685688972	; shrinking
mean	: 0.15098407864570618	; std	: 0.015665756538510323	; baunded
mean	: 0.06270409375429153	; std	: 0.06809429079294205	; non
mean	: 0.045134253799915314	; std	: 0.015032822266221046	; inflating
mean	: 0.048119351267814636	; std	: 0.023454423993825912	; shrinking
mean	: 0.08647483587265015	; std	: 0.016239218413829803	; baunded
mean	: 0.05604693293571472	; std	: 0.0502740852534771	; non
mean	: 0.0467386469244957	; std	: 0.01686665415763855	; inflating
mean	: 0.04456190764904022	; std	: 0.01965130865573883	; shrinking
mean	: 0.0947360172867775	; std	: 0.016753757372498512	; baunded
mean	: 0.05434751883149147	; std	: 0.051748037338256836	; non
mean	: 0.09277389943599701	; std	: 0.030703667551279068	; inflating
mean	: 0.038301292806863785	; std	: 0.024250155314803123	; shrinking
mean	: 0.15261298418045044	; std	: 0.015715502202510834	; baunded
mean	: 0.06469429284334183	; std	: 0.06777924299240112	; non
mean	: 0.15144263207912445	; std	: 0.03263380378484726	; inflating
mean	: 0.1968814879655838	; std	: 0.026707449927926064	; shrinking
mean	: 0.08190050721168518	; std	: 0.018055275082588196	; baunded
mean	: 0.1680641919374466	; std	: 0.0699203610420227	; non
mean	: 0.09205365926027298	; std	: 0.03046223521232605	; inflating
mean	: 0.037613749504089355	; std	: 0.023803208023309708	; shrinking
mean	: 0.15158914029598236	; std	: 0.01569030061364174	; baunded
mean	: 0.06399010121822357	; std	: 0.06755062937736511	; non
mean	: 0.050245217978954315	; std	: 0.01512289047241211	; inflating
mean	: 0.04309220612049103	; std	: 0.0215188916772604	; shrinking
mean	: 0.0925857275724411	; std	: 0.01591857150197029	; baunded
mean	: 0.05514755845069885	; std	: 0.05016252025961876	; non
mean	: 0.09184294939041138	; std	: 0.03004853054881096	; inflating
mean	: 0.036941610276699066	; std	: 0.023027153685688972	; shrinking
mean	: 0.15098407864570618	; std	: 0.015665756538510323	; baunded
mean	: 0.06270409375429153	; std	: 0.06809429079294205	; non
mean	: 0.0467386469244957	; std	: 0.01686665415763855	; inflating
mean	: 0.04456190764904022	; std	: 0.01965130865573883	; shrinking
mean	: 0.0947360172867775	; std	: 0.016753757372498512	; baunded
mean	: 0.05434751883149147	; std	: 0.051748037338256836	; non
mean	: 0.09175684303045273	; std	: 0.029476651921868324	; inflating
mean	: 0.036746129393577576	; std	: 0.022240806370973587	; shrinking
mean	: 0.15049105882644653	; std	: 0.01566384918987751	; baunded
mean	: 0.06304828822612762	; std	: 0.06738009303808212	; non
mean	: 0.11032198369503021	; std	: 0.028827186673879623	; inflating
mean	: 0.0604112334549427	; std	: 0.02289109118282795	; shrinking
mean	: 0.1677260398864746	; std	: 0.015394902788102627	; baunded
mean	: 0.085828498005867	; std	: 0.06417220085859299	; non
mean	: 0.090386301279068	; std	: 0.02906131185591221	; inflating
mean	: 0.03562068194150925	; std	: 0.021627776324748993	; shrinking
mean	: 0.1487058699131012	; std	: 0.015623983927071095	; baunded
mean	: 0.062373917549848557	; std	: 0.06650424003601074	; non
mean	: 0.15021248161792755	; std	: 0.03223062679171562	; inflating
mean	: 0.19442465901374817	; std	: 0.026765597984194756	; shrinking
mean	: 0.07973692566156387	; std	: 0.018077144399285316	; baunded
mean	: 0.1673138439655304	; std	: 0.06638757139444351	; non
mean	: 0.042324140667915344	; std	: 0.01686696521937847	; inflating
mean	: 0.05063406750559807	; std	: 0.02173539251089096	; shrinking
mean	: 0.0871540978550911	; std	: 0.017044439911842346	; baunded
mean	: 0.05696702003479004	; std	: 0.05060678720474243	; non
mean	: 0.09277389943599701	; std	: 0.030703667551279068	; inflating
mean	: 0.038301292806863785	; std	: 0.024250155314803123	; shrinking
mean	: 0.15261298418045044	; std	: 0.015715502202510834	; baunded
mean	: 0.06469429284334183	; std	: 0.06777924299240112	; non
mean	: 0.04455431178212166	; std	: 0.016382042318582535	; inflating
mean	: 0.049757570028305054	; std	: 0.022139186039566994	; shrinking
mean	: 0.08811236917972565	; std	: 0.016801919788122177	; baunded
mean	: 0.05734146386384964	; std	: 0.050350069999694824	; non
> end program
